Time S R 
0 10 0 
0.07017905 9 0 
0.1991749 10 0 
0.3440629 9 0 
0.3637604 8 0 
0.3644392 9 0 
0.477587 10 0 
0.4863697 11 0 
0.5108868 12 0 
0.5175974 13 0 
0.5196724 14 0 
0.6215558 15 0 
0.6476801 14 0 
0.6891247 13 0 
0.6974679 14 0 
0.744802 15 0 
0.786123 16 0 
0.7919668 15 0 
0.7989531 16 0 
0.8229839 15 0 
0.8491305 14 0 
0.9389316 15 0 
1.106891 16 0 
1.114702 17 0 
1.141654 18 0 
1.184805 19 0 
1.188415 20 0 
1.24813 19 0 
1.292009 20 0 
1.296677 19 0 
1.3829 18 0 
1.392139 19 0 
1.39513 18 0 
1.400767 19 0 
1.431987 20 0 
1.432015 19 0 
1.464587 20 0 
1.465053 21 0 
1.535246 20 0 
1.556854 19 0 
1.602221 20 0 
1.6123 21 0 
1.64328 22 0 
1.648931 21 0 
1.687144 20 0 
1.690028 21 0 
1.742472 22 0 
1.855322 21 0 
1.858854 22 0 
1.901857 21 0 
1.97447 20 0 
2.096946 21 0 
2.117668 22 0 
2.142941 23 0 
2.16817 22 0 
2.179367 23 0 
2.182854 22 0 
2.197259 23 0 
2.219205 24 0 
2.230271 23 0 
2.285121 22 0 
2.302302 23 0 
2.309691 22 0 
2.322689 23 0 
2.356908 24 0 
2.478293 23 0 
2.509562 24 0 
2.516379 23 0 
2.595159 22 0 
2.602864 23 0 
2.640158 24 0 
2.654301 25 0 
2.679506 24 0 
2.705003 25 0 
2.802849 26 0 
2.82061 27 0 
2.860753 28 0 
2.861545 29 0 
2.876965 30 0 
2.895182 31 0 
2.896978 30 0 
2.897084 31 0 
2.909256 30 0 
3.000475 31 0 
3.001979 30 0 
3.014595 31 0 
3.028359 32 0 
3.043244 33 0 
3.049654 32 0 
3.084865 33 0 
3.088525 32 0 
3.093844 31 0 
3.108614 32 0 
3.109623 33 0 
3.13184 34 0 
3.153249 33 0 
3.158088 34 0 
3.165623 35 0 
3.205957 34 0 
3.208069 33 0 
3.219425 34 0 
3.236259 33 0 
3.273593 34 0 
3.281338 33 0 
3.299472 34 0 
3.313874 35 0 
3.324747 36 0 
3.325205 37 0 
3.33647 36 0 
3.348388 37 0 
3.379096 36 0 
3.383581 37 0 
3.386022 38 0 
3.419221 37 0 
3.459913 38 0 
3.499754 39 0 
3.513299 38 0 
3.539362 37 0 
3.589001 38 0 
3.590577 39 0 
3.618797 40 0 
3.621666 41 0 
3.625071 42 0 
3.625655 43 0 
3.630483 44 0 
3.6722 45 0 
3.677735 46 0 
3.703025 45 0 
3.712419 46 0 
3.746846 45 0 
3.748227 44 0 
3.748268 45 0 
3.749029 44 0 
3.757517 45 0 
3.785807 46 0 
3.811084 47 0 
3.814798 48 0 
3.828146 49 0 
3.828494 50 0 
3.841196 49 0 
3.852713 48 0 
3.860993 47 0 
3.871434 46 0 
3.872728 47 0 
3.89478 48 0 
3.94428 49 0 
3.955364 50 0 
3.959174 51 0 
3.996559 50 0 
4.007752 49 0 
4.015794 50 0 
4.017101 51 0 
4.024334 50 0 
4.032515 49 0 
4.033912 48 0 
4.107365 47 0 
4.133946 48 0 
4.145143 49 0 
4.174087 48 0 
4.174349 49 0 
4.176106 50 0 
4.185589 51 0 
4.190731 50 0 
4.2119 49 0 
4.215439 50 0 
4.233088 51 0 
4.236832 50 0 
4.258412 49 0 
4.2646 50 0 
4.268495 49 0 
4.302569 50 0 
4.312548 51 0 
4.322046 52 0 
4.323881 53 0 
4.326538 54 0 
4.346849 55 0 
4.353915 54 0 
4.355998 55 0 
4.356558 56 0 
4.360981 57 0 
4.373628 58 0 
4.37882 59 0 
4.38107 60 0 
4.390872 61 0 
4.423296 60 0 
4.424021 61 0 
4.445121 60 0 
4.446212 59 0 
4.46682 60 0 
4.47092 61 0 
4.474932 60 0 
4.506686 61 0 
4.508927 62 0 
4.51413 61 0 
4.52132 60 0 
4.540736 61 0 
4.543996 62 0 
4.556294 61 0 
4.565981 62 0 
4.577962 63 0 
4.582003 64 0 
4.588888 65 0 
4.59413 66 0 
4.597789 65 0 
4.598672 66 0 
4.598744 67 0 
4.600206 68 0 
4.621419 67 0 
4.626194 68 0 
4.63475 67 0 
4.64701 66 0 
4.654916 67 0 
4.655933 68 0 
4.657408 67 0 
4.667787 68 0 
4.679872 67 0 
4.692483 68 0 
4.693072 67 0 
4.708238 68 0 
4.720865 69 0 
4.729057 70 0 
4.750336 71 0 
4.752565 72 0 
4.75867 73 0 
4.783424 74 0 
4.801745 75 0 
4.802413 74 0 
4.811294 75 0 
4.837741 76 0 
4.839618 77 0 
4.849242 78 0 
4.850785 79 0 
4.855361 80 0 
4.863822 79 0 
4.865436 80 0 
4.876051 79 0 
4.883199 80 0 
4.885352 79 0 
4.893334 80 0 
4.912487 79 0 
4.915619 78 0 
4.915811 79 0 
4.9365 80 0 
4.941599 81 0 
4.941793 82 0 
4.950207 83 0 
4.960536 84 0 
4.960874 85 0 
4.962006 84 0 
4.965148 85 0 
4.980486 86 0 
4.980747 87 0 
4.982575 88 0 
4.986352 87 0 
4.989164 88 0 
4.989255 89 0 
4.989757 88 0 
5.010032 89 0 
5.021337 90 0 
5.028143 89 0 
5.028145 90 0 
5.0403 91 0 
5.04671 90 0 
5.055847 91 0 
5.058824 92 0 
5.059586 93 0 
5.060001 94 0 
5.063745 95 0 
5.0744 94 0 
5.074975 95 0 
5.075552 96 0 
5.09107 97 0 
5.103353 96 0 
5.106868 97 0 
5.107287 98 0 
5.108623 99 0 
5.114747 100 0 
5.125475 101 0 
5.12641 102 0 
5.130782 101 0 
5.130952 100 0 
5.132991 101 0 
5.133961 100 0 
5.137164 99 0 
5.137569 98 0 
5.138618 99 0 
5.139329 98 0 
5.140108 99 0 
5.152115 98 0 
5.176233 97 0 
5.187751 98 0 
5.202857 97 0 
5.203805 98 0 
5.207185 99 0 
5.207342 100 0 
5.208765 101 0 
5.220105 102 0 
5.224076 103 0 
5.231721 104 0 
5.234407 105 0 
5.249302 106 0 
5.266818 105 0 
5.286202 106 0 
5.297511 105 0 
5.298994 106 0 
5.317985 107 0 
5.327056 106 0 
5.332814 107 0 
5.336423 106 0 
5.339575 107 0 
5.342172 108 0 
5.343566 107 0 
5.352341 108 0 
5.355209 109 0 
5.355828 110 0 
5.355912 111 0 
5.373564 112 0 
5.375096 113 0 
5.375893 114 0 
5.379406 115 0 
5.381804 116 0 
5.385082 115 0 
5.388867 114 0 
5.391417 115 0 
5.394554 116 0 
5.41733 117 0 
5.420263 116 0 
5.424763 117 0 
5.425846 116 0 
5.435581 117 0 
5.437292 118 0 
5.438489 119 0 
5.447318 120 0 
5.457994 121 0 
5.4608 122 0 
5.471985 123 0 
5.474224 122 0 
5.477741 121 0 
5.480355 120 0 
5.494277 121 0 
5.494529 122 0 
5.498902 123 0 
5.512741 122 0 
5.519339 121 0 
5.532792 122 0 
5.539402 123 0 
5.540505 124 0 
5.549026 125 0 
5.55608 124 0 
5.556117 125 0 
5.560186 124 0 
5.576767 125 0 
5.606266 124 0 
5.61598 125 0 
5.617703 126 0 
5.635433 127 0 
5.635571 128 0 
5.639691 129 0 
5.640609 128 0 
5.643604 129 0 
5.652148 128 0 
5.662824 127 0 
5.669463 128 0 
5.673094 129 0 
5.673593 130 0 
5.680993 131 0 
5.688538 132 0 
5.691358 133 0 
5.697248 134 0 
5.698849 135 0 
5.699121 136 0 
5.70044 137 0 
5.703534 136 0 
5.709432 137 0 
5.710974 136 0 
5.711522 135 0 
5.713233 136 0 
5.716862 137 0 
5.720271 138 0 
5.723297 137 0 
5.726851 136 0 
5.728413 135 0 
5.731399 136 0 
5.740963 137 0 
5.743112 138 0 
5.747291 137 0 
5.750994 138 0 
5.75482 139 0 
5.75502 138 0 
5.757249 139 0 
5.759182 140 0 
5.767247 141 0 
5.77356 140 0 
5.776794 141 0 
5.789189 142 0 
5.8097 143 0 
5.817096 142 0 
5.835039 143 0 
5.837647 144 0 
5.839517 145 0 
5.840714 144 0 
5.849228 145 0 
5.858649 146 0 
5.87179 147 0 
5.871805 148 0 
5.884756 149 0 
5.897234 148 0 
5.898739 149 0 
5.900686 150 0 
5.90589 149 0 
5.906131 148 0 
5.908955 147 0 
5.912948 146 0 
5.914938 147 0 
5.920524 148 0 
5.922491 149 0 
5.926502 148 0 
5.935054 147 0 
5.940482 148 0 
5.941386 147 0 
5.948652 148 0 
5.948747 149 0 
5.948802 150 0 
5.965576 149 0 
5.969304 148 0 
5.971467 149 0 
5.976308 150 0 
5.977929 149 0 
5.979199 148 0 
5.98415 147 0 
5.99203 146 0 
5.993702 147 0 
5.994778 146 0 
5.994779 147 0 
5.997512 148 0 
5.998825 147 0 
5.999656 148 0 
5.999701 149 0 
6.000124 150 0 
6.012358 151 0 
6.012628 150 0 
6.016244 151 0 
6.016383 152 0 
6.021801 153 0 
6.022064 154 0 
6.026852 153 0 
6.032161 154 0 
6.036171 155 0 
6.036917 156 0 
6.039092 155 0 
6.049359 154 0 
6.055024 155 0 
6.055392 154 0 
6.061084 155 0 
6.062331 156 0 
6.065533 155 0 
6.066322 156 0 
6.076115 157 0 
6.077104 158 0 
6.080561 157 0 
6.093203 158 0 
6.093825 157 0 
6.096575 158 0 
6.101926 157 0 
6.112856 158 0 
6.115192 157 0 
6.12088 158 0 
6.126618 159 0 
6.130816 160 0 
6.134073 161 0 
6.137398 160 0 
6.138311 159 0 
6.138568 160 0 
6.144431 161 0 
6.159718 160 0 
6.161227 159 0 
6.164397 158 0 
6.168782 159 0 
6.169153 160 0 
6.169582 161 0 
6.169794 162 0 
6.176386 161 0 
6.1776 162 0 
6.186522 163 0 
6.189195 164 0 
6.191366 165 0 
6.195501 166 0 
6.195938 167 0 
6.209449 166 0 
6.214802 167 0 
6.22317 168 0 
6.229634 169 0 
6.231269 168 0 
6.233668 169 0 
6.235334 170 0 
6.237505 171 0 
6.243364 172 0 
6.243642 171 0 
6.246873 172 0 
6.247123 171 0 
6.256428 172 0 
6.262707 173 0 
6.264586 172 0 
6.265771 173 0 
6.270907 174 0 
6.27602 173 0 
6.277195 172 0 
6.277625 171 0 
6.287556 172 0 
6.289081 171 0 
6.299544 172 0 
6.299648 173 0 
6.306217 172 0 
6.308119 173 0 
6.30987 174 0 
6.310278 175 0 
6.311053 176 0 
6.312262 175 0 
6.315102 176 0 
6.326633 177 0 
6.343377 176 0 
6.346979 177 0 
6.348343 178 0 
6.348987 177 0 
6.352838 178 0 
6.353622 179 0 
6.353952 180 0 
6.356443 181 0 
6.358557 182 0 
6.371355 183 0 
6.376245 184 0 
6.376263 183 0 
6.376642 182 0 
6.376975 183 0 
6.381104 182 0 
6.381872 183 0 
6.382671 184 0 
6.392285 183 0 
6.393929 184 0 
6.399071 185 0 
6.401683 184 0 
6.402775 183 0 
6.403231 182 0 
6.409339 183 0 
6.411969 182 0 
6.413109 183 0 
6.41393 182 0 
6.417258 183 0 
6.418677 182 0 
6.420539 181 0 
6.423152 180 0 
6.42483 181 0 
6.427076 182 0 
6.429819 181 0 
6.430963 180 0 
6.432565 181 0 
6.433269 182 0 
6.434452 181 0 
6.434674 180 0 
6.435468 181 0 
6.441339 182 0 
6.443911 183 0 
6.444403 184 0 
6.445683 183 0 
6.44694 184 0 
6.450066 185 0 
6.450746 184 0 
6.459352 183 0 
6.467314 182 0 
6.467315 181 0 
6.469072 182 0 
6.469861 183 0 
6.475607 184 0 
6.476547 183 0 
6.482516 184 0 
6.483704 183 0 
6.484064 182 0 
6.48583 183 0 
6.488452 184 0 
6.491375 185 0 
6.500225 186 0 
6.502584 187 0 
6.504546 188 0 
6.505542 187 0 
6.511042 188 0 
6.512742 187 0 
6.51674 188 0 
6.521491 189 0 
6.527683 188 0 
6.534903 189 0 
6.539105 188 0 
6.540975 189 0 
6.542829 190 0 
6.544548 191 0 
6.544658 192 0 
6.551069 193 0 
6.561901 192 0 
6.563993 193 0 
6.565464 194 0 
6.570402 195 0 
6.570703 196 0 
6.570872 197 0 
6.572511 196 0 
6.573821 197 0 
6.582662 196 0 
6.583257 197 0 
6.602044 196 0 
6.605629 195 0 
6.608709 196 0 
6.609701 197 0 
6.611563 196 0 
6.614657 197 0 
6.61497 198 0 
6.615887 199 0 
6.616259 200 0 
6.617683 201 0 
6.619066 202 0 
6.619402 201 0 
6.620427 202 0 
6.621527 203 0 
6.623746 204 0 
6.625396 205 0 
6.628914 204 0 
6.630026 205 0 
6.630302 206 0 
6.632191 207 0 
6.63616 208 0 
6.639997 209 0 
6.640674 210 0 
6.641377 211 0 
6.645064 212 0 
6.646042 211 0 
6.651575 212 0 
6.656841 211 0 
6.663577 210 0 
6.663684 209 0 
6.664838 210 0 
6.667346 209 0 
6.667374 210 0 
6.670847 211 0 
6.673503 210 0 
6.673805 211 0 
6.673829 212 0 
6.674219 213 0 
6.674588 212 0 
6.675098 211 0 
6.686558 210 0 
6.688291 211 0 
6.690059 212 0 
6.693592 213 0 
6.700549 212 0 
6.705736 213 0 
6.712526 214 0 
6.713742 215 0 
6.719959 216 0 
6.722333 215 0 
6.723733 214 0 
6.727064 215 0 
6.727175 216 0 
6.729318 217 0 
6.734075 218 0 
6.737435 219 0 
6.743018 218 0 
6.743407 217 0 
6.747587 216 0 
6.749742 217 0 
6.751719 218 0 
6.756033 217 0 
6.757409 218 0 
6.760247 219 0 
6.761559 218 0 
6.762336 217 0 
6.763659 218 0 
6.772019 219 0 
6.772582 218 0 
6.773728 219 0 
6.785915 218 0 
6.788528 219 0 
6.789469 218 0 
6.793676 219 0 
6.795491 220 0 
6.796286 221 0 
6.800439 222 0 
6.802115 223 0 
6.803349 222 0 
6.808668 223 0 
6.811182 224 0 
6.81392 225 0 
6.817579 226 0 
6.820517 227 0 
6.820681 228 0 
6.821171 227 0 
6.8237 228 0 
6.825671 229 0 
6.826892 228 0 
6.829083 229 0 
6.835853 230 0 
6.841838 229 0 
6.843692 230 0 
6.845336 231 0 
6.847568 232 0 
6.852567 233 0 
6.85716 234 0 
6.859688 233 0 
6.86468 232 0 
6.865416 231 0 
6.869363 232 0 
6.86982 233 0 
6.869847 232 0 
6.873387 233 0 
6.87384 234 0 
6.876654 233 0 
6.879143 232 0 
6.888804 233 0 
6.890544 232 0 
6.893749 231 0 
6.894936 232 0 
6.901936 231 0 
6.904559 232 0 
6.909064 233 0 
6.909115 232 0 
6.909577 231 0 
6.910135 232 0 
6.915039 231 0 
6.918239 230 0 
6.918325 229 0 
6.919275 230 0 
6.923678 231 0 
6.924538 230 0 
6.925722 229 0 
6.926811 228 0 
6.929549 229 0 
6.931956 230 0 
6.933109 231 0 
6.935573 232 0 
6.938997 233 0 
6.943039 234 0 
6.949486 235 0 
6.960897 236 0 
6.963021 237 0 
6.96414 238 0 
6.966919 239 0 
6.96831 238 0 
6.977286 239 0 
6.981043 240 0 
6.988668 241 0 
6.988898 242 0 
6.991002 241 0 
6.99473 242 0 
6.998048 241 0 
7.008526 242 0 
7.010401 243 0 
7.010592 242 0 
7.011374 243 0 
7.011505 244 0 
7.012615 243 0 
7.016975 242 0 
7.018606 243 0 
7.019623 242 0 
7.031162 243 0 
7.0321 244 0 
7.033213 243 0 
7.033422 242 0 
7.034982 241 0 
7.035585 240 0 
7.0411 241 0 
7.051002 242 0 
7.051474 241 0 
7.052744 242 0 
7.060665 243 0 
7.061259 244 0 
7.061623 243 0 
7.062134 242 0 
7.066379 243 0 
7.066979 244 0 
7.069823 245 0 
7.072259 246 0 
7.07864 245 0 
7.082305 246 0 
7.082518 247 0 
7.091885 246 0 
7.096816 245 0 
7.097194 246 0 
7.097348 247 0 
7.098256 248 0 
7.105168 249 0 
7.10868 248 0 
7.108793 249 0 
7.11086 248 0 
7.112706 249 0 
7.11315 250 0 
7.113937 251 0 
7.116953 250 0 
7.118707 251 0 
7.121974 252 0 
7.125121 253 0 
7.128116 252 0 
7.132536 253 0 
7.135441 254 0 
7.135942 255 0 
7.136316 256 0 
7.140192 257 0 
7.140524 258 0 
7.141255 259 0 
7.145247 260 0 
7.14605 259 0 
7.149661 260 0 
7.154211 261 0 
7.163114 260 0 
7.163219 261 0 
7.166106 260 0 
7.166133 261 0 
7.172342 260 0 
7.176525 259 0 
7.184055 258 0 
7.185423 257 0 
7.186242 258 0 
7.190582 257 0 
7.196614 258 0 
7.20074 259 0 
7.203914 260 0 
7.20681 261 0 
7.209305 262 0 
7.210014 261 0 
7.212803 262 0 
7.213364 263 0 
7.213976 264 0 
7.219635 263 0 
7.219899 262 0 
7.222134 263 0 
7.223324 264 0 
7.224038 263 0 
7.224453 264 0 
7.228136 265 0 
7.232809 264 0 
7.233159 265 0 
7.233976 264 0 
7.238614 265 0 
7.239231 266 0 
7.240887 267 0 
7.242369 268 0 
7.244278 269 0 
7.244408 268 0 
7.244489 269 0 
7.247983 270 0 
7.250313 271 0 
7.260785 272 0 
7.262132 273 0 
7.263245 274 0 
7.263749 275 0 
7.267833 274 0 
7.268382 273 0 
7.268413 274 0 
7.272991 275 0 
7.274069 276 0 
7.279374 275 0 
7.281156 274 0 
7.282016 275 0 
7.283822 276 0 
7.28979 275 0 
7.290688 276 0 
7.294516 275 0 
7.29884 276 0 
7.305435 275 0 
7.307113 276 0 
7.313743 277 0 
7.315109 276 0 
7.316231 275 0 
7.316771 276 0 
7.31883 275 0 
7.319793 276 0 
7.320557 277 0 
7.32231 278 0 
7.322733 279 0 
7.323131 278 0 
7.324631 277 0 
7.324741 276 0 
7.328914 277 0 
7.329343 278 0 
7.332037 279 0 
7.338538 280 0 
7.34239 281 0 
7.343712 280 0 
7.345554 281 0 
7.354298 282 0 
7.356214 281 0 
7.35714 280 0 
7.36064 281 0 
7.36127 282 0 
7.363525 283 0 
7.367899 282 0 
7.368901 283 0 
7.369851 284 0 
7.370215 285 0 
7.374111 286 0 
7.377667 285 0 
7.378661 286 0 
7.38075 287 0 
7.385178 288 0 
7.389191 289 0 
7.389297 288 0 
7.389684 287 0 
7.392306 286 0 
7.392876 285 0 
7.398264 284 0 
7.402012 283 0 
7.407404 284 0 
7.408777 285 0 
7.409911 286 0 
7.410531 287 0 
7.414053 288 0 
7.415337 289 0 
7.416006 290 0 
7.417302 291 0 
7.418208 292 0 
7.42135 291 0 
7.422666 290 0 
7.424617 289 0 
7.425682 288 0 
7.427978 287 0 
7.429001 288 0 
7.42973 289 0 
7.441165 290 0 
7.444446 291 0 
7.446557 292 0 
7.44794 293 0 
7.448808 292 0 
7.450488 293 0 
7.452177 292 0 
7.455405 293 0 
7.456536 294 0 
7.458017 295 0 
7.45915 296 0 
7.460716 297 0 
7.461337 296 0 
7.461885 297 0 
7.462022 298 0 
7.464664 299 0 
7.466387 300 0 
7.46682 301 0 
7.468597 300 0 
7.472266 301 0 
7.473597 300 0 
7.47478 299 0 
7.477152 298 0 
7.479875 297 0 
7.490188 296 0 
7.491538 297 0 
7.49241 296 0 
7.493165 297 0 
7.494697 298 0 
7.497652 299 0 
7.499407 300 0 
7.500242 299 0 
7.500359 300 0 
7.500974 299 0 
7.501837 298 0 
7.50617 297 0 
7.50934 298 0 
7.509541 299 0 
7.509977 298 0 
7.512612 299 0 
7.512988 300 0 
7.514619 299 0 
7.515865 300 0 
7.517364 301 0 
7.51739 302 0 
7.518305 301 0 
7.520148 302 0 
7.524808 303 0 
7.528572 304 0 
7.529638 305 0 
7.530134 304 0 
7.532291 305 0 
7.532595 306 0 
7.533971 305 0 
7.535726 306 0 
7.540464 307 0 
7.546793 308 0 
7.556766 309 0 
7.558376 310 0 
7.560971 311 0 
7.561658 312 0 
7.563179 311 0 
7.568773 312 0 
7.569528 311 0 
7.573324 310 0 
7.576692 311 0 
7.578532 312 0 
7.582691 313 0 
7.585404 312 0 
7.586752 313 0 
7.593998 314 0 
7.595095 315 0 
7.602243 316 0 
7.604287 317 0 
7.606768 318 0 
7.610177 317 0 
7.614904 318 0 
7.61985 319 0 
7.620786 320 0 
7.621981 321 0 
7.633788 322 0 
7.634774 323 0 
7.635368 322 0 
7.640727 323 0 
7.641863 324 0 
7.645762 325 0 
7.646143 326 0 
7.646228 325 0 
7.647719 324 0 
7.648733 323 0 
7.649028 324 0 
7.649118 325 0 
7.650617 326 0 
7.650642 325 0 
7.651805 326 0 
7.65251 325 0 
7.660576 326 0 
7.660897 327 0 
7.66326 326 0 
7.666316 325 0 
7.668116 324 0 
7.669821 323 0 
7.672328 324 0 
7.674021 323 0 
7.674316 324 0 
7.680762 325 0 
7.681106 326 0 
7.68359 327 0 
7.68399 326 0 
7.684549 325 0 
7.6854 326 0 
7.68548 325 0 
7.687816 324 0 
7.688378 325 0 
7.689548 326 0 
7.69226 327 0 
7.693043 326 0 
7.694287 327 0 
7.697424 328 0 
7.699911 329 0 
7.703015 328 0 
7.704492 329 0 
7.704522 328 0 
7.708576 329 0 
7.710753 330 0 
7.712006 331 0 
7.712134 332 0 
7.716177 333 0 
7.719199 332 0 
7.721626 333 0 
7.723524 334 0 
7.723586 333 0 
7.726642 334 0 
7.728641 335 0 
7.729391 334 0 
7.733045 335 0 
7.733807 336 0 
7.735711 337 0 
7.736675 338 0 
7.738166 337 0 
7.738606 338 0 
7.738707 339 0 
7.746669 340 0 
7.747474 341 0 
7.752802 340 0 
7.753955 341 0 
7.757135 340 0 
7.758479 341 0 
7.759823 340 0 
7.76067 341 0 
7.766666 342 0 
7.768981 341 0 
7.769093 342 0 
7.770074 343 0 
7.771571 342 0 
7.773824 343 0 
7.774233 344 0 
7.775794 345 0 
7.783442 346 0 
7.786634 347 0 
7.788303 348 0 
7.792433 349 0 
7.792752 350 0 
7.797561 351 0 
7.799343 352 0 
7.801364 353 0 
7.803925 354 0 
7.806668 355 0 
7.809411 356 0 
7.811282 355 0 
7.811385 354 0 
7.812122 353 0 
7.81325 354 0 
7.814881 355 0 
7.817382 354 0 
7.81798 355 0 
7.818466 354 0 
7.819777 353 0 
7.820475 352 0 
7.821807 351 0 
7.822612 352 0 
7.822764 353 0 
7.823576 352 0 
7.824651 353 0 
7.825332 354 0 
7.825491 353 0 
7.827744 354 0 
7.827893 355 0 
7.833619 356 0 
7.836071 357 0 
7.836105 358 0 
7.841418 357 0 
7.841954 358 0 
7.842102 357 0 
7.844326 356 0 
7.844788 355 0 
7.845777 356 0 
7.846485 357 0 
7.849979 358 0 
7.854367 359 0 
7.855942 360 0 
7.858531 359 0 
7.860095 360 0 
7.869075 359 0 
7.869227 360 0 
7.86965 359 0 
7.869829 360 0 
7.870212 359 0 
7.871623 360 0 
7.871695 361 0 
7.87217 362 0 
7.876469 363 0 
7.880464 362 0 
7.881111 363 0 
7.882398 364 0 
7.883187 365 0 
7.883542 366 0 
7.884388 367 0 
7.884582 368 0 
7.889274 369 0 
7.889945 370 0 
7.890763 371 0 
7.89344 372 0 
7.893623 373 0 
7.895331 374 0 
7.896361 375 0 
7.89892 374 0 
7.904039 375 0 
7.905826 376 0 
7.908237 375 0 
7.911303 374 0 
7.911419 375 0 
7.912168 374 0 
7.914338 375 0 
7.916489 376 0 
7.918228 377 0 
7.920513 376 0 
7.920864 375 0 
7.924064 374 0 
7.926259 373 0 
7.928468 374 0 
7.932342 375 0 
7.935291 376 0 
7.938424 377 0 
7.939883 378 0 
7.940574 377 0 
7.943115 378 0 
7.943218 377 0 
7.943508 376 0 
7.943678 375 0 
7.944237 376 0 
7.947379 377 0 
7.948276 378 0 
7.949234 377 0 
7.951747 378 0 
7.953304 379 0 
7.955679 378 0 
7.956511 377 0 
7.957435 378 0 
7.958392 377 0 
7.958789 378 0 
7.960167 377 0 
7.960833 376 0 
7.968104 375 0 
7.970944 376 0 
7.971551 377 0 
7.973939 376 0 
7.97571 377 0 
7.978959 378 0 
7.9791 377 0 
7.982002 378 0 
7.983294 377 0 
7.984649 376 0 
7.986758 377 0 
7.988575 378 0 
7.988702 379 0 
7.989982 378 0 
7.990179 377 0 
7.99113 376 0 
7.991401 375 0 
7.993666 376 0 
7.995094 377 0 
7.99822 378 0 
7.99929 377 0 
7.999474 378 0 
8.004751 379 0 
8.005442 380 0 
8.006821 379 0 
8.007135 380 0 
8.007805 379 0 
8.008627 380 0 
8.011916 381 0 
8.012488 382 0 
8.013015 381 0 
8.01665 382 0 
8.020387 381 0 
8.021309 380 0 
8.022239 381 0 
8.02258 380 0 
8.02267 381 0 
8.022844 382 0 
8.029026 381 0 
8.032337 380 0 
8.034542 381 0 
8.03759 382 0 
8.038758 381 0 
8.038973 382 0 
8.040483 381 0 
8.041818 382 0 
8.043066 383 0 
8.044704 382 0 
8.045397 383 0 
8.045549 384 0 
8.046174 383 0 
8.047153 384 0 
8.048946 385 0 
8.052474 384 0 
8.053583 385 0 
8.054375 386 0 
8.060266 385 0 
8.061378 384 0 
8.063985 385 0 
8.065927 386 0 
8.066885 387 0 
8.069087 386 0 
8.071635 387 0 
8.07164 388 0 
8.075992 389 0 
8.07997 388 0 
8.080508 389 0 
8.083523 388 0 
8.08598 389 0 
8.088591 390 0 
8.088951 391 0 
8.090179 390 0 
8.090698 391 0 
8.091536 390 0 
8.093408 391 0 
8.093714 392 0 
8.094867 393 0 
8.095865 392 0 
8.101752 393 0 
8.103043 392 0 
8.103436 393 0 
8.103603 394 0 
8.110283 395 0 
8.110801 396 0 
8.111214 395 0 
8.112438 396 0 
8.114968 395 0 
8.115954 394 0 
8.116084 395 0 
8.117944 396 0 
8.11812 397 0 
8.121389 398 0 
8.122686 399 0 
8.122867 398 0 
8.124168 399 0 
8.124879 400 0 
8.128334 401 0 
8.131277 402 0 
8.136513 403 0 
8.137107 404 0 
8.138048 405 0 
8.14122 404 0 
8.14318 405 0 
8.144461 404 0 
8.145064 405 0 
8.145728 406 0 
8.146499 407 0 
8.146598 408 0 
8.147477 409 0 
8.147765 410 0 
8.147965 411 0 
8.148752 412 0 
8.150709 413 0 
8.152951 414 0 
8.153391 415 0 
8.155116 416 0 
8.155702 417 0 
8.159864 418 0 
8.1621 417 0 
8.162631 418 0 
8.163769 419 0 
8.164951 420 0 
8.168452 421 0 
8.169432 420 0 
8.170674 419 0 
8.172266 418 0 
8.172407 419 0 
8.174138 420 0 
8.174336 421 0 
8.178016 422 0 
8.178379 423 0 
8.17877 424 0 
8.179223 425 0 
8.180591 426 0 
8.180808 427 0 
8.181282 426 0 
8.182077 425 0 
8.182306 424 0 
8.183517 423 0 
8.18652 422 0 
8.188934 421 0 
8.190482 422 0 
8.195121 423 0 
8.196694 422 0 
8.197828 423 0 
8.198622 424 0 
8.201621 425 0 
8.20257 426 0 
8.203713 425 0 
8.206255 426 0 
8.206323 427 0 
8.207805 428 0 
8.20859 427 0 
8.209207 426 0 
8.211603 425 0 
8.213468 424 0 
8.213542 423 0 
8.214005 422 0 
8.21477 421 0 
8.215237 420 0 
8.218828 421 0 
8.218889 422 0 
8.219309 423 0 
8.220396 424 0 
8.220486 425 0 
8.221596 426 0 
8.225816 427 0 
8.227691 426 0 
8.229012 427 0 
8.230007 426 0 
8.230968 427 0 
8.234004 428 0 
8.235459 427 0 
8.237858 428 0 
8.238283 429 0 
8.240283 430 0 
8.241343 431 0 
8.241916 432 0 
8.243555 431 0 
8.245477 432 0 
8.246757 433 0 
8.248478 434 0 
8.249418 435 0 
8.250024 436 0 
8.250327 437 0 
8.250524 436 0 
8.251609 437 0 
8.252906 436 0 
8.255291 437 0 
8.260588 436 0 
8.262257 437 0 
8.265604 438 0 
8.265826 437 0 
8.266534 438 0 
8.269322 439 0 
8.270184 438 0 
8.271431 437 0 
8.273527 436 0 
8.273768 437 0 
8.274691 438 0 
8.277991 437 0 
8.278453 436 0 
8.282673 437 0 
8.283914 438 0 
8.284281 439 0 
8.286108 438 0 
8.286731 439 0 
8.287859 438 0 
8.287922 437 0 
8.288769 436 0 
8.292329 437 0 
8.293997 438 0 
8.300379 437 0 
8.300432 436 0 
8.300566 435 0 
8.30065 434 0 
8.304104 435 0 
8.307507 434 0 
8.307519 435 0 
8.309597 436 0 
8.309739 435 0 
8.310588 434 0 
8.31286 433 0 
8.316111 434 0 
8.31688 435 0 
8.319973 434 0 
8.324664 435 0 
8.324771 436 0 
8.325332 437 0 
8.327289 438 0 
8.328205 437 0 
8.329217 438 0 
8.329743 439 0 
8.33041 440 0 
8.330636 439 0 
8.331784 440 0 
8.333155 441 0 
8.333393 442 0 
8.338099 443 0 
8.338579 444 0 
8.339744 443 0 
8.340667 444 0 
8.3437 445 0 
8.343965 446 0 
8.344743 447 0 
8.34482 446 0 
8.3469 447 0 
8.349356 448 0 
8.350039 449 0 
8.352401 450 0 
8.353459 449 0 
8.353676 448 0 
8.354003 449 0 
8.354156 450 0 
8.354357 449 0 
8.354539 450 0 
8.355361 449 0 
8.356126 448 0 
8.356452 449 0 
8.361324 450 0 
8.362372 449 0 
8.36339 450 0 
8.364039 451 0 
8.364882 452 0 
8.366195 451 0 
8.366579 450 0 
8.366742 449 0 
8.367205 448 0 
8.367813 447 0 
8.368666 446 0 
8.369837 445 0 
8.374545 444 0 
8.375473 445 0 
8.375717 444 0 
8.376104 445 0 
8.376982 446 0 
8.377551 445 0 
8.378126 446 0 
8.378165 447 0 
8.379288 448 0 
8.379368 447 0 
8.383012 446 0 
8.388406 447 0 
8.393772 446 0 
8.393994 447 0 
8.395726 446 0 
8.39731 445 0 
8.398554 446 0 
8.40162 447 0 
8.403419 448 0 
8.404536 449 0 
8.404923 450 0 
8.408485 451 0 
8.410481 452 0 
8.412629 453 0 
8.415253 452 0 
8.415466 451 0 
8.417707 452 0 
8.419068 453 0 
8.419821 454 0 
8.421488 455 0 
8.422222 454 0 
8.422467 455 0 
8.425717 456 0 
8.42818 457 0 
8.4286 458 0 
8.430024 459 0 
8.430235 460 0 
8.43066 459 0 
8.434785 458 0 
8.435417 459 0 
8.437426 460 0 
8.437641 461 0 
8.438512 462 0 
8.439732 461 0 
8.439742 462 0 
8.440223 463 0 
8.442632 464 0 
8.444441 465 0 
8.445718 464 0 
8.446132 465 0 
8.449873 466 0 
8.455123 467 0 
8.456317 468 0 
8.457309 469 0 
8.460984 470 0 
8.462782 471 0 
8.46345 472 0 
8.463593 473 0 
8.46381 472 0 
8.464939 473 0 
8.468573 472 0 
8.468656 471 0 
8.468661 472 0 
8.468676 473 0 
8.469856 474 0 
8.470493 475 0 
8.470866 476 0 
8.471032 477 0 
8.471635 478 0 
8.472471 479 0 
8.47351 480 0 
8.47361 479 0 
8.473859 478 0 
8.474349 479 0 
8.474807 480 0 
8.476357 481 0 
8.476791 482 0 
8.477328 483 0 
8.479077 484 0 
8.481668 485 0 
8.482266 486 0 
8.483427 487 0 
8.483482 486 0 
8.487069 487 0 
8.48819 488 0 
8.489145 489 0 
8.490508 490 0 
8.491206 491 0 
8.49138 492 0 
8.492907 493 0 
8.494648 494 0 
8.49539 495 0 
8.49552 496 0 
8.497224 495 0 
8.497528 496 0 
8.499525 497 0 
8.499599 498 0 
8.499878 497 0 
8.502243 496 0 
8.503195 497 0 
8.503989 498 0 
8.505268 499 0 
8.505386 500 0 
8.507276 501 0 
8.507783 502 0 
8.513369 503 0 
8.513396 504 0 
8.515914 505 0 
8.518952 504 0 
8.519505 505 0 
8.523398 506 0 
8.524212 507 0 
8.524943 506 0 
8.525222 507 0 
8.52747 508 0 
8.528944 509 0 
8.53117 508 0 
8.53298 507 0 
8.533441 508 0 
8.533935 509 0 
8.534112 510 0 
8.534248 509 0 
8.53546 508 0 
8.535771 509 0 
8.535971 510 0 
8.537006 511 0 
8.5383 512 0 
8.538441 511 0 
8.539168 512 0 
8.540775 513 0 
8.540809 514 0 
8.543002 513 0 
8.543371 512 0 
8.549151 511 0 
8.550672 512 0 
8.55349 511 0 
8.555473 512 0 
8.556452 511 0 
8.556866 512 0 
8.557404 513 0 
8.557484 514 0 
8.558521 515 0 
8.559422 514 0 
8.559531 513 0 
8.56015 514 0 
8.560351 513 0 
8.560944 514 0 
8.561237 515 0 
8.561406 514 0 
8.563573 513 0 
8.56534 514 0 
8.565946 515 0 
8.566172 516 0 
8.567869 517 0 
8.568017 518 0 
8.569397 519 0 
8.571451 520 0 
8.572781 521 0 
8.575964 522 0 
8.57735 523 0 
8.579339 524 0 
8.581149 525 0 
8.583569 526 0 
8.583869 527 0 
8.584473 526 0 
8.585927 525 0 
8.586165 526 0 
8.58764 525 0 
8.588473 526 0 
8.589117 527 0 
8.589243 528 0 
8.59597 529 0 
8.596889 530 0 
8.599245 529 0 
8.605652 528 0 
8.606844 529 0 
8.60739 530 0 
8.610318 529 0 
8.611137 530 0 
8.611971 531 0 
8.612091 530 0 
8.612693 531 0 
8.615112 532 0 
8.615565 531 0 
8.618107 532 0 
8.620776 533 0 
8.621892 534 0 
8.625699 533 0 
8.625701 534 0 
8.626237 535 0 
8.627341 536 0 
8.628278 535 0 
8.629068 536 0 
8.629114 537 0 
8.629694 538 0 
8.630489 539 0 
8.631261 538 0 
8.631492 539 0 
8.633027 538 0 
8.633769 539 0 
8.633777 540 0 
8.634164 539 0 
8.635666 540 0 
8.636168 541 0 
8.636193 540 0 
8.637311 541 0 
8.64145 542 0 
8.64157 543 0 
8.642592 542 0 
8.643461 543 0 
8.644522 542 0 
8.645924 543 0 
8.646207 542 0 
8.648268 543 0 
8.651516 542 0 
8.651833 541 0 
8.651885 542 0 
8.652291 543 0 
8.652352 544 0 
8.653118 545 0 
8.653816 544 0 
8.654282 545 0 
8.654381 546 0 
8.654456 545 0 
8.655167 546 0 
8.656197 545 0 
8.659694 546 0 
8.6613 547 0 
8.663261 548 0 
8.663755 549 0 
8.66816 550 0 
8.668343 551 0 
8.672248 552 0 
8.673542 553 0 
8.673692 554 0 
8.676125 555 0 
8.677282 554 0 
8.679504 555 0 
8.682027 554 0 
8.683024 553 0 
8.683309 552 0 
8.683612 551 0 
8.687212 552 0 
8.687309 553 0 
8.687458 554 0 
8.689819 555 0 
8.690704 554 0 
8.691536 555 0 
8.694534 556 0 
8.694551 557 0 
8.700015 558 0 
8.70109 559 0 
8.701178 560 0 
8.702809 559 0 
8.703559 558 0 
8.704716 559 0 
8.705131 560 0 
8.705776 561 0 
8.706114 560 0 
8.707718 561 0 
8.707843 560 0 
8.708337 561 0 
8.708383 560 0 
8.708911 559 0 
8.709638 558 0 
8.712884 559 0 
8.714352 560 0 
8.716231 559 0 
8.718301 560 0 
8.718919 559 0 
8.722605 560 0 
8.72572 561 0 
8.726515 560 0 
8.727808 561 0 
8.72834 560 0 
8.729032 561 0 
8.729155 562 0 
8.729632 563 0 
8.73211 564 0 
8.732281 565 0 
8.732806 564 0 
8.733043 565 0 
8.734317 566 0 
8.735139 565 0 
8.735223 564 0 
8.735911 565 0 
8.736931 566 0 
8.737952 567 0 
8.738019 568 0 
8.739508 569 0 
8.741415 570 0 
8.741654 571 0 
8.742203 572 0 
8.742307 571 0 
8.743535 572 0 
8.745708 571 0 
8.74712 572 0 
8.747274 573 0 
8.750112 574 0 
8.751221 573 0 
8.752495 572 0 
8.754643 573 0 
8.755429 572 0 
8.75665 573 0 
8.757219 574 0 
8.758071 575 0 
8.758129 574 0 
8.758357 573 0 
8.758913 572 0 
8.759157 573 0 
8.76051 574 0 
8.761622 575 0 
8.762932 576 0 
8.764065 575 0 
8.765213 576 0 
8.766635 577 0 
8.770053 576 0 
8.770946 575 0 
8.771435 576 0 
8.771948 575 0 
8.773583 576 0 
8.773809 577 0 
8.774096 578 0 
8.774613 577 0 
8.774791 578 0 
8.775064 579 0 
8.77586 578 0 
8.776043 579 0 
8.779767 578 0 
8.783321 579 0 
8.785157 580 0 
8.78653 581 0 
8.790135 582 0 
8.790432 583 0 
8.790703 582 0 
8.791204 583 0 
8.791987 584 0 
8.793305 585 0 
8.794903 584 0 
8.795482 585 0 
8.796443 586 0 
8.797414 587 0 
8.797613 588 0 
8.798046 589 0 
8.798066 590 0 
8.798332 591 0 
8.798797 590 0 
8.800598 591 0 
8.802619 590 0 
8.8048 589 0 
8.805166 590 0 
8.80884 591 0 
8.810257 592 0 
8.81116 593 0 
8.812674 594 0 
8.813562 593 0 
8.814218 592 0 
8.815673 593 0 
8.81618 592 0 
8.816639 591 0 
8.816737 592 0 
8.81857 593 0 
8.820288 594 0 
8.820469 595 0 
8.821374 594 0 
8.82217 593 0 
8.822229 592 0 
8.826927 593 0 
8.827232 594 0 
8.82769 593 0 
8.82794 594 0 
8.828792 595 0 
8.831771 596 0 
8.833075 597 0 
8.834258 596 0 
8.835392 597 0 
8.836779 598 0 
8.837217 599 0 
8.839376 598 0 
8.840235 599 0 
8.840626 600 0 
8.841232 601 0 
8.841305 600 0 
8.841633 601 0 
8.847442 600 0 
8.850208 601 0 
8.850478 602 0 
8.852609 603 0 
8.853044 602 0 
8.853552 601 0 
8.854202 602 0 
8.85574 603 0 
8.855822 604 0 
8.855911 603 0 
8.857213 604 0 
8.857343 603 0 
8.857365 602 0 
8.858252 603 0 
8.859672 602 0 
8.860088 603 0 
8.860822 604 0 
8.86145 603 0 
8.862587 604 0 
8.862915 605 0 
8.863655 604 0 
8.864109 603 0 
8.864437 604 0 
8.865365 605 0 
8.865912 606 0 
8.866198 605 0 
8.866566 606 0 
8.866576 607 0 
8.867566 608 0 
8.868939 609 0 
8.868988 610 0 
8.870505 611 0 
8.870753 612 0 
8.870964 611 0 
8.873955 612 0 
8.874192 611 0 
8.87495 612 0 
8.87561 613 0 
8.875887 612 0 
8.877477 613 0 
8.878035 612 0 
8.87976 613 0 
8.88053 612 0 
8.880799 613 0 
8.881194 614 0 
8.881374 613 0 
8.882396 612 0 
8.882593 613 0 
8.88276 612 0 
8.884296 611 0 
8.884418 612 0 
8.885655 613 0 
8.885667 614 0 
8.88672 613 0 
8.887688 614 0 
8.889665 615 0 
8.889776 614 0 
8.889801 613 0 
8.893704 614 0 
8.893705 613 0 
8.894209 612 0 
8.89443 611 0 
8.89588 612 0 
8.899014 611 0 
8.900171 612 0 
8.902112 613 0 
8.903564 614 0 
8.904084 613 0 
8.906625 614 0 
8.90772 613 0 
8.907919 614 0 
8.913109 613 0 
8.914483 614 0 
8.915369 615 0 
8.917325 616 0 
8.919337 615 0 
8.919562 616 0 
8.919588 615 0 
8.92002 616 0 
8.920022 617 0 
8.921448 618 0 
8.923343 619 0 
8.923586 620 0 
8.924209 621 0 
8.926159 620 0 
8.929774 619 0 
8.9325 620 0 
8.933302 621 0 
8.934004 620 0 
8.934658 621 0 
8.934679 622 0 
8.936341 621 0 
8.936462 622 0 
8.936801 621 0 
8.938082 620 0 
8.941961 619 0 
8.94374 620 0 
8.944587 621 0 
8.946285 620 0 
8.94731 621 0 
8.947511 622 0 
8.947851 623 0 
8.94928 622 0 
8.950757 623 0 
8.953286 624 0 
8.953637 625 0 
8.955084 626 0 
8.955281 627 0 
8.956377 628 0 
8.956788 629 0 
8.957231 630 0 
8.957362 631 0 
8.957648 632 0 
8.96086 633 0 
8.960939 634 0 
8.962164 635 0 
8.963016 636 0 
8.965484 637 0 
8.966489 638 0 
8.968706 639 0 
8.968778 638 0 
8.969611 637 0 
8.97258 638 0 
8.972585 639 0 
8.973802 640 0 
8.974117 639 0 
8.97546 640 0 
8.975537 641 0 
8.976221 642 0 
8.976895 643 0 
8.978297 644 0 
8.9817 645 0 
8.9819 646 0 
8.981982 647 0 
8.982003 648 0 
8.984966 647 0 
8.986 648 0 
8.986872 649 0 
8.989659 650 0 
8.990439 649 0 
8.996408 650 0 
8.996486 651 0 
8.997509 652 0 
9.000744 651 0 
9.001285 652 0 
9.001585 651 0 
9.002588 652 0 
9.002698 651 0 
9.003035 652 0 
9.003083 653 0 
9.003621 654 0 
9.003663 653 0 
9.004469 654 0 
9.007565 653 0 
9.007653 654 0 
9.007757 655 0 
9.009714 656 0 
9.009962 657 0 
9.010333 658 0 
9.010967 659 0 
9.013449 660 0 
9.015704 661 0 
9.017626 660 0 
9.017976 659 0 
9.020079 660 0 
9.020469 661 0 
9.02055 660 0 
9.02189 661 0 
9.024759 662 0 
9.025186 663 0 
9.026195 662 0 
9.026757 661 0 
9.02699 662 0 
9.027709 663 0 
9.027965 662 0 
9.02831 663 0 
9.028601 664 0 
9.028775 663 0 
9.029038 662 0 
9.030354 663 0 
9.031497 662 0 
9.031937 661 0 
9.032113 660 0 
9.034257 661 0 
9.034842 662 0 
9.035886 661 0 
9.036047 662 0 
9.037665 663 0 
9.03792 662 0 
9.038093 663 0 
9.039694 664 0 
9.041226 663 0 
9.042414 664 0 
9.043609 665 0 
9.044182 664 0 
9.044603 665 0 
9.047389 664 0 
9.047405 665 0 
9.047561 666 0 
9.048218 665 0 
9.048232 664 0 
9.049398 663 0 
9.051414 664 0 
9.053122 665 0 
9.054077 666 0 
9.054077 665 0 
9.057698 666 0 
9.058823 667 0 
9.059261 668 0 
9.06035 669 0 
9.060493 670 0 
9.061755 671 0 
9.062179 670 0 
9.062998 671 0 
9.063429 672 0 
9.064075 673 0 
9.06599 674 0 
9.068131 673 0 
9.070061 674 0 
9.071601 675 0 
9.071739 676 0 
9.073618 675 0 
9.074906 674 0 
9.075291 675 0 
9.076314 676 0 
9.076484 677 0 
9.077028 678 0 
9.080076 679 0 
9.080151 678 0 
9.081535 677 0 
9.081566 676 0 
9.081895 677 0 
9.081949 678 0 
9.081952 677 0 
9.082294 678 0 
9.083361 679 0 
9.08402 680 0 
9.085509 681 0 
9.086047 680 0 
9.086962 681 0 
9.08737 680 0 
9.090235 681 0 
9.09051 682 0 
9.09088 683 0 
9.09185 684 0 
9.092664 685 0 
9.095802 684 0 
9.098409 685 0 
9.100185 684 0 
9.100193 685 0 
9.100206 686 0 
9.104852 687 0 
9.110669 688 0 
9.111198 689 0 
9.111337 688 0 
9.112702 689 0 
9.113538 690 0 
9.116735 691 0 
9.11819 692 0 
9.121163 693 0 
9.123237 692 0 
9.123433 693 0 
9.123872 694 0 
9.126521 695 0 
9.127144 696 0 
9.127253 695 0 
9.128574 696 0 
9.129333 697 0 
9.12989 698 0 
9.131969 699 0 
9.134288 700 0 
9.13462 699 0 
9.134815 700 0 
9.135237 701 0 
9.137504 700 0 
9.139527 701 0 
9.139574 702 0 
9.140438 701 0 
9.142286 702 0 
9.143041 703 0 
9.143141 702 0 
9.143725 703 0 
9.145027 704 0 
9.145461 703 0 
9.148311 704 0 
9.151493 705 0 
9.152618 706 0 
9.152872 705 0 
9.154497 706 0 
9.15608 707 0 
9.157113 706 0 
9.159637 707 0 
9.159723 706 0 
9.159858 707 0 
9.161426 708 0 
9.162785 707 0 
9.163008 708 0 
9.163303 709 0 
9.163951 708 0 
9.165804 707 0 
9.16636 708 0 
9.168219 707 0 
9.169138 708 0 
9.16957 709 0 
9.171475 710 0 
9.171724 709 0 
9.172847 710 0 
9.172871 711 0 
9.173658 712 0 
9.174283 711 0 
9.176508 712 0 
9.178056 713 0 
9.178769 714 0 
9.18108 715 0 
9.181646 716 0 
9.181975 717 0 
9.182618 716 0 
9.183437 715 0 
9.185695 716 0 
9.186069 717 0 
9.18725 718 0 
9.189019 719 0 
9.190371 720 0 
9.192221 721 0 
9.195792 722 0 
9.195794 723 0 
9.196176 724 0 
9.196441 723 0 
9.196748 722 0 
9.19781 723 0 
9.198032 722 0 
9.198308 723 0 
9.198318 724 0 
9.198487 725 0 
9.198525 724 0 
9.199802 723 0 
9.200462 724 0 
9.20047 725 0 
9.201204 724 0 
9.201897 723 0 
9.20237 722 0 
9.202496 721 0 
9.202903 722 0 
9.202915 721 0 
9.205013 722 0 
9.207343 723 0 
9.207532 724 0 
9.209154 723 0 
9.209184 724 0 
9.21127 725 0 
9.211737 726 0 
9.211977 727 0 
9.213172 728 0 
9.215775 729 0 
9.216731 728 0 
9.216812 729 0 
9.218315 728 0 
9.220703 729 0 
9.221108 728 0 
9.221396 729 0 
9.221493 730 0 
9.221634 731 0 
9.222425 730 0 
9.22257 729 0 
9.223616 730 0 
9.224294 731 0 
9.228287 732 0 
9.229773 733 0 
9.234559 732 0 
9.234741 733 0 
9.236215 734 0 
9.236742 733 0 
9.236824 734 0 
9.236929 733 0 
9.237258 732 0 
9.237477 733 0 
9.240155 732 0 
9.241083 733 0 
9.241558 734 0 
9.241695 733 0 
9.241827 732 0 
9.242392 733 0 
9.246498 734 0 
9.247793 733 0 
9.248986 732 0 
9.250579 733 0 
9.251385 734 0 
9.253376 733 0 
9.253782 734 0 
9.255084 735 0 
9.256112 734 0 
9.257255 735 0 
9.257325 734 0 
9.257861 735 0 
9.25789 736 0 
9.258368 737 0 
9.259801 736 0 
9.261869 737 0 
9.262338 738 0 
9.262653 737 0 
9.26387 738 0 
9.26696 737 0 
9.267842 736 0 
9.269748 737 0 
9.270116 738 0 
9.270488 739 0 
9.271109 740 0 
9.272886 741 0 
9.274451 740 0 
9.274623 741 0 
9.275278 740 0 
9.275541 739 0 
9.277228 740 0 
9.277445 739 0 
9.277626 738 0 
9.277875 737 0 
9.278311 738 0 
9.279541 739 0 
9.279874 740 0 
9.280015 741 0 
9.280208 740 0 
9.281554 741 0 
9.281706 742 0 
9.284189 743 0 
9.285924 744 0 
9.286692 745 0 
9.286742 746 0 
9.286832 747 0 
9.288229 748 0 
9.289491 747 0 
9.29216 748 0 
9.292945 747 0 
9.293106 748 0 
9.293456 747 0 
9.294832 748 0 
9.295893 749 0 
9.296834 750 0 
9.297868 751 0 
9.298534 750 0 
9.300046 749 0 
9.303331 750 0 
9.304516 749 0 
9.305057 748 0 
9.305518 749 0 
9.305733 750 0 
9.305735 751 0 
9.306348 752 0 
9.306449 753 0 
9.311447 754 0 
9.311828 753 0 
9.312972 754 0 
9.31328 755 0 
9.313759 754 0 
9.313916 755 0 
9.314603 754 0 
9.315163 755 0 
9.316133 754 0 
9.317652 755 0 
9.318272 756 0 
9.318459 755 0 
9.319083 756 0 
9.32333 757 0 
9.325224 756 0 
9.327675 757 0 
9.327762 758 0 
9.329075 759 0 
9.329962 760 0 
9.330163 761 0 
9.331576 762 0 
9.33206 761 0 
9.332244 760 0 
9.332511 759 0 
9.332667 760 0 
9.335457 761 0 
9.3362 760 0 
9.336592 759 0 
9.338163 760 0 
9.339311 761 0 
9.340318 762 0 
9.340988 761 0 
9.341247 762 0 
9.342101 763 0 
9.342557 762 0 
9.343286 763 0 
9.343887 764 0 
9.345738 765 0 
9.346309 764 0 
9.346434 763 0 
9.348775 764 0 
9.35411 763 0 
9.354566 764 0 
9.356576 765 0 
9.357521 766 0 
9.357743 765 0 
9.360978 766 0 
9.361042 767 0 
9.362002 768 0 
9.364008 769 0 
9.365056 770 0 
9.365062 769 0 
9.367291 770 0 
9.367578 771 0 
9.368706 772 0 
9.368797 773 0 
9.369532 774 0 
9.369609 773 0 
9.369813 772 0 
9.370133 773 0 
9.370523 774 0 
9.371552 775 0 
9.372189 776 0 
9.372221 777 0 
9.37241 778 0 
9.376171 777 0 
9.376598 776 0 
9.376981 777 0 
9.378869 776 0 
9.384132 777 0 
9.390434 778 0 
9.390765 779 0 
9.392156 780 0 
9.39352 781 0 
9.394223 782 0 
9.394768 783 0 
9.397556 784 0 
9.399803 785 0 
9.400986 786 0 
9.401092 785 0 
9.401335 784 0 
9.401432 785 0 
9.402469 786 0 
9.403371 787 0 
9.404847 788 0 
9.404911 789 0 
9.407296 788 0 
9.407725 787 0 
9.407797 788 0 
9.40849 789 0 
9.409456 788 0 
9.41226 789 0 
9.412601 788 0 
9.412775 787 0 
9.413545 786 0 
9.413726 787 0 
9.414553 788 0 
9.415695 787 0 
9.41695 788 0 
9.417128 789 0 
9.418777 790 0 
9.41898 789 0 
9.419131 790 0 
9.421894 791 0 
9.422252 790 0 
9.425274 789 0 
9.425908 788 0 
9.427302 787 0 
9.428258 788 0 
9.428359 789 0 
9.428578 788 0 
9.428613 789 0 
9.429332 790 0 
9.429593 791 0 
9.429979 792 0 
9.430737 793 0 
9.431099 794 0 
9.431757 795 0 
9.431911 796 0 
9.432049 797 0 
9.432148 798 0 
9.43307 799 0 
9.433263 800 0 
9.434393 801 0 
9.435583 802 0 
9.435808 803 0 
9.436658 804 0 
9.437262 803 0 
9.438612 804 0 
9.439629 803 0 
9.440631 804 0 
9.441602 803 0 
9.441656 804 0 
9.441696 805 0 
9.442347 804 0 
9.442897 803 0 
9.444035 804 0 
9.44559 805 0 
9.446549 806 0 
9.446737 805 0 
9.44709 806 0 
9.447513 805 0 
9.449467 806 0 
9.450422 805 0 
9.450681 804 0 
9.453346 805 0 
9.454504 804 0 
9.456285 805 0 
9.456567 806 0 
9.45668 807 0 
9.456737 808 0 
9.458191 809 0 
9.462344 808 0 
9.464229 809 0 
9.464812 808 0 
9.465126 809 0 
9.465568 810 0 
9.465583 811 0 
9.465863 812 0 
9.467457 813 0 
9.467881 812 0 
9.470559 813 0 
9.471718 814 0 
9.47228 815 0 
9.472684 814 0 
9.472747 813 0 
9.473833 812 0 
9.474034 811 0 
9.476473 812 0 
9.478986 813 0 
9.47955 812 0 
9.480161 813 0 
9.481163 814 0 
9.481294 815 0 
9.481465 814 0 
9.481596 815 0 
9.481776 816 0 
9.482485 815 0 
9.482529 814 0 
9.485671 815 0 
9.486741 814 0 
9.48693 813 0 
9.487187 814 0 
9.487272 813 0 
9.487833 814 0 
9.489901 813 0 
9.490269 814 0 
9.492047 813 0 
9.492679 814 0 
9.492701 815 0 
9.493056 814 0 
9.493358 815 0 
9.493871 816 0 
9.493896 817 0 
9.493943 816 0 
9.495609 817 0 
9.4957 818 0 
9.499239 819 0 
9.500714 820 0 
9.500866 821 0 
9.501253 822 0 
9.504167 821 0 
9.506816 822 0 
9.507089 823 0 
9.507957 822 0 
9.508595 823 0 
9.510702 822 0 
9.511675 821 0 
9.512135 820 0 
9.513081 819 0 
9.513863 820 0 
9.514267 821 0 
9.515786 820 0 
9.515996 819 0 
9.516714 820 0 
9.517173 819 0 
9.51769 820 0 
9.518087 821 0 
9.518188 820 0 
9.519155 819 0 
9.51918 820 0 
9.519962 819 0 
9.520155 820 0 
9.520359 819 0 
9.52239 818 0 
9.522506 819 0 
9.524652 820 0 
9.524997 819 0 
9.525737 820 0 
9.528423 821 0 
9.528685 822 0 
9.528987 821 0 
9.529142 820 0 
9.5306 819 0 
9.530982 820 0 
9.531027 821 0 
9.531063 822 0 
9.536759 821 0 
9.538238 822 0 
9.538706 821 0 
9.538825 822 0 
9.540334 823 0 
9.540583 822 0 
9.541331 823 0 
9.541622 824 0 
9.542053 825 0 
9.543054 826 0 
9.54324 827 0 
9.543454 828 0 
9.543928 829 0 
9.543971 828 0 
9.544413 829 0 
9.545089 830 0 
9.545267 829 0 
9.545783 828 0 
9.546068 827 0 
9.547201 828 0 
9.548009 829 0 
9.548807 830 0 
9.549257 831 0 
9.550226 832 0 
9.550688 833 0 
9.550723 834 0 
9.552068 835 0 
9.554091 836 0 
9.554601 837 0 
9.555053 838 0 
9.555779 839 0 
9.556162 838 0 
9.556705 839 0 
9.557036 840 0 
9.558185 841 0 
9.55869 840 0 
9.559239 839 0 
9.559401 840 0 
9.560353 841 0 
9.560558 840 0 
9.561255 841 0 
9.561385 842 0 
9.561964 843 0 
9.561995 844 0 
9.56276 845 0 
9.562889 846 0 
9.563043 847 0 
9.563513 848 0 
9.564659 847 0 
9.565883 848 0 
9.565913 849 0 
9.566206 848 0 
9.568293 849 0 
9.569539 850 0 
9.571603 851 0 
9.571622 850 0 
9.572091 851 0 
9.572245 852 0 
9.575761 851 0 
9.577583 852 0 
9.577734 851 0 
9.578499 852 0 
9.580824 853 0 
9.58152 852 0 
9.581551 853 0 
9.582855 852 0 
9.583207 853 0 
9.583956 854 0 
9.584303 855 0 
9.585117 856 0 
9.585684 857 0 
9.586197 858 0 
9.586948 859 0 
9.588743 858 0 
9.589426 857 0 
9.589496 858 0 
9.590265 859 0 
9.592022 860 0 
9.59257 861 0 
9.592661 862 0 
9.593319 863 0 
9.593348 862 0 
9.593355 863 0 
9.593541 862 0 
9.593786 863 0 
9.596819 864 0 
9.597453 865 0 
9.59798 864 0 
9.598168 863 0 
9.598538 864 0 
9.599376 863 0 
9.599572 864 0 
9.600337 865 0 
9.600729 866 0 
9.601325 865 0 
9.601849 866 0 
9.603191 865 0 
9.603583 866 0 
9.604386 867 0 
9.604391 868 0 
9.60461 869 0 
9.606699 870 0 
9.606946 869 0 
9.607892 868 0 
9.609008 869 0 
9.609584 870 0 
9.610016 869 0 
9.611112 870 0 
9.611956 871 0 
9.612541 872 0 
9.614073 873 0 
9.614394 874 0 
9.614455 873 0 
9.614846 874 0 
9.616006 873 0 
9.616188 874 0 
9.618467 873 0 
9.618643 872 0 
9.619861 871 0 
9.620152 870 0 
9.620406 871 0 
9.622946 870 0 
9.623472 871 0 
9.625602 872 0 
9.626789 873 0 
9.626849 874 0 
9.628135 875 0 
9.629585 876 0 
9.629836 877 0 
9.630138 876 0 
9.630295 877 0 
9.630907 878 0 
9.631369 877 0 
9.632669 878 0 
9.632993 879 0 
9.63308 880 0 
9.633215 881 0 
9.634852 882 0 
9.636786 883 0 
9.636859 882 0 
9.637881 883 0 
9.638393 884 0 
9.638761 883 0 
9.638946 884 0 
9.639675 883 0 
9.640936 884 0 
9.64172 885 0 
9.642108 886 0 
9.643179 887 0 
9.644248 886 0 
9.644594 885 0 
9.645416 886 0 
9.646768 887 0 
9.646848 888 0 
9.647507 889 0 
9.648505 890 0 
9.649902 891 0 
9.653925 892 0 
9.657024 891 0 
9.657349 890 0 
9.657843 891 0 
9.658721 890 0 
9.660758 891 0 
9.661592 890 0 
9.662289 889 0 
9.663063 890 0 
9.664656 891 0 
9.664848 892 0 
9.665135 891 0 
9.665279 892 0 
9.666765 893 0 
9.668333 894 0 
9.668344 895 0 
9.668431 896 0 
9.669303 895 0 
9.670349 896 0 
9.670709 897 0 
9.671592 898 0 
9.672331 897 0 
9.67281 898 0 
9.675362 899 0 
9.675531 900 0 
9.678181 901 0 
9.679208 900 0 
9.680856 899 0 
9.681567 898 0 
9.681893 897 0 
9.682366 896 0 
9.685662 895 0 
9.68617 896 0 
9.686794 897 0 
9.687069 898 0 
9.687587 899 0 
9.687831 900 0 
9.688112 901 0 
9.688278 900 0 
9.688437 901 0 
9.688833 900 0 
9.690809 899 0 
9.692571 898 0 
9.693466 899 0 
9.694383 898 0 
9.694596 899 0 
9.695705 900 0 
9.696038 901 0 
9.696829 902 0 
9.697207 901 0 
9.697707 902 0 
9.697711 903 0 
9.700295 904 0 
9.703289 905 0 
9.704112 906 0 
9.704858 905 0 
9.70674 906 0 
9.706788 907 0 
9.707708 908 0 
9.70907 909 0 
9.709562 910 0 
9.710264 909 0 
9.710382 910 0 
9.710706 911 0 
9.7109 912 0 
9.711267 911 0 
9.711318 912 0 
9.712542 911 0 
9.713844 912 0 
9.714077 913 0 
9.715452 912 0 
9.715945 913 0 
9.716177 914 0 
9.71758 915 0 
9.717944 914 0 
9.718784 915 0 
9.719169 914 0 
9.719223 915 0 
9.719899 916 0 
9.719914 917 0 
9.72155 916 0 
9.721969 915 0 
9.723256 916 0 
9.723612 915 0 
9.723831 916 0 
9.724129 915 0 
9.724683 916 0 
9.725214 917 0 
9.728209 916 0 
9.728249 917 0 
9.728441 918 0 
9.730674 919 0 
9.730743 920 0 
9.731401 919 0 
9.731902 920 0 
9.732359 921 0 
9.734163 922 0 
9.734191 921 0 
9.735258 922 0 
9.736196 923 0 
9.736405 922 0 
9.73735 923 0 
9.737438 922 0 
9.737464 923 0 
9.738191 924 0 
9.738474 923 0 
9.738629 924 0 
9.739351 925 0 
9.739815 926 0 
9.742321 927 0 
9.743328 928 0 
9.743582 929 0 
9.743591 928 0 
9.744521 929 0 
9.745574 930 0 
9.746034 929 0 
9.748146 928 0 
9.749403 929 0 
9.750037 930 0 
9.751065 931 0 
9.751706 930 0 
9.751952 929 0 
9.754075 930 0 
9.754751 931 0 
9.756726 932 0 
9.757535 931 0 
9.757671 932 0 
9.758102 931 0 
9.759185 930 0 
9.760404 929 0 
9.760645 930 0 
9.760965 931 0 
9.761281 930 0 
9.762054 929 0 
9.76261 928 0 
9.764117 929 0 
9.765094 928 0 
9.766179 929 0 
9.76736 930 0 
9.770321 931 0 
9.77155 932 0 
9.771717 933 0 
9.772459 932 0 
9.772609 933 0 
9.773215 934 0 
9.773809 935 0 
9.77416 936 0 
9.774857 937 0 
9.775037 936 0 
9.775592 937 0 
9.776233 938 0 
9.776579 939 0 
9.779578 940 0 
9.781502 941 0 
9.781557 942 0 
9.782281 941 0 
9.782955 942 0 
9.787602 943 0 
9.787903 942 0 
9.788089 941 0 
9.788314 942 0 
9.788401 943 0 
9.789021 942 0 
9.789347 943 0 
9.7897 944 0 
9.7902 943 0 
9.790369 944 0 
9.790914 945 0 
9.791013 946 0 
9.791737 947 0 
9.79198 948 0 
9.792223 949 0 
9.793009 950 0 
9.793231 951 0 
9.795275 952 0 
9.795446 953 0 
9.795469 954 0 
9.795611 955 0 
9.796342 956 0 
9.798421 957 0 
9.799262 956 0 
9.799807 955 0 
9.802708 954 0 
9.804163 955 0 
9.804429 956 0 
9.804477 955 0 
9.80488 956 0 
9.805806 957 0 
9.806846 956 0 
9.807234 955 0 
9.807357 956 0 
9.807827 957 0 
9.808243 958 0 
9.8088 959 0 
9.809804 960 0 
9.809937 959 0 
9.810289 960 0 
9.810514 959 0 
9.810638 960 0 
9.811407 961 0 
9.812187 960 0 
9.813856 961 0 
9.815493 962 0 
9.815655 963 0 
9.81664 964 0 
9.816936 965 0 
9.817046 966 0 
9.817078 967 0 
9.817706 968 0 
9.817923 969 0 
9.817957 968 0 
9.817977 969 0 
9.819572 970 0 
9.819787 969 0 
9.820187 970 0 
9.823031 969 0 
9.823379 968 0 
9.825147 967 0 
9.825744 968 0 
9.825922 969 0 
9.826592 968 0 
9.827478 969 0 
9.828401 970 0 
9.829158 969 0 
9.829183 968 0 
9.829416 969 0 
9.829899 970 0 
9.830562 971 0 
9.830581 972 0 
9.833929 973 0 
9.834696 972 0 
9.835727 973 0 
9.835955 974 0 
9.837055 973 0 
9.83737 974 0 
9.83743 973 0 
9.837999 974 0 
9.839076 975 0 
9.83967 974 0 
9.840122 975 0 
9.840253 974 0 
9.84127 975 0 
9.841948 974 0 
9.844033 975 0 
9.844102 976 0 
9.844749 977 0 
9.844836 978 0 
9.846065 979 0 
9.846922 980 0 
9.847556 979 0 
9.851 980 0 
9.85198 979 0 
9.852712 980 0 
9.852727 981 0 
9.853197 980 0 
9.854352 981 0 
9.854403 982 0 
9.855539 981 0 
9.856927 980 0 
9.856988 981 0 
9.858611 982 0 
9.86035 983 0 
9.860921 982 0 
9.861113 983 0 
9.862258 984 0 
9.863555 985 0 
9.864369 986 0 
9.864544 985 0 
9.864893 986 0 
9.866661 985 0 
9.866751 984 0 
9.86709 983 0 
9.867318 984 0 
9.869207 985 0 
9.869637 986 0 
9.870333 987 0 
9.87034 986 0 
9.872885 987 0 
9.873147 988 0 
9.873286 989 0 
9.873994 988 0 
9.874539 987 0 
9.87462 988 0 
9.875053 987 0 
9.875817 986 0 
9.875948 987 0 
9.878532 986 0 
9.879907 987 0 
9.879933 988 0 
9.880065 987 0 
9.880233 986 0 
9.881126 987 0 
9.88184 988 0 
9.882222 987 0 
9.882964 988 0 
9.883088 987 0 
9.884209 988 0 
9.884307 989 0 
9.885549 990 0 
9.885586 991 0 
9.886678 990 0 
9.887822 989 0 
9.889186 990 0 
9.890181 989 0 
9.891844 990 0 
9.892861 991 0 
9.893968 992 0 
9.894058 991 0 
9.894698 992 0 
9.895005 993 0 
9.895043 994 0 
9.896805 993 0 
9.897177 994 0 
9.897691 995 0 
9.898964 996 0 
9.899 997 0 
9.900435 996 0 
9.900657 995 0 
9.901184 996 0 
9.901777 995 0 
9.90229 994 0 
9.903241 995 0 
9.903292 996 0 
9.904023 997 0 
9.904098 998 0 
9.904434 997 0 
9.904663 996 0 
9.904696 995 0 
9.905971 994 0 
9.907242 995 0 
9.908038 996 0 
9.908543 997 0 
9.908705 998 0 
9.908713 997 0 
9.908836 998 0 
9.909123 999 0 
9.909249 1000 0 
9.910663 1001 0 
9.911863 1000 0 
9.91207 1001 0 
9.912171 1000 0 
9.912749 1001 0 
9.913059 1002 0 
9.914074 1003 0 
9.91601 1002 0 
9.916214 1003 0 
9.916741 1002 0 
9.918565 1003 0 
9.91877 1004 0 
9.918993 1005 0 
9.91941 1006 0 
9.919715 1007 0 
9.921353 1008 0 
9.922305 1009 0 
9.922997 1010 0 
9.923593 1011 0 
9.923635 1010 0 
9.923904 1011 0 
9.924365 1012 0 
9.925062 1013 0 
9.925439 1014 0 
9.925607 1015 0 
9.92653 1016 0 
9.926579 1015 0 
9.92818 1014 0 
9.929798 1015 0 
9.930088 1014 0 
9.930213 1015 0 
9.932453 1016 0 
9.934254 1017 0 
9.934304 1016 0 
9.935498 1015 0 
9.935726 1014 0 
9.935755 1015 0 
9.936342 1016 0 
9.938232 1015 0 
9.938581 1016 0 
9.939138 1015 0 
9.939141 1014 0 
9.939382 1015 0 
9.93958 1014 0 
9.940192 1015 0 
9.940302 1014 0 
9.941758 1015 0 
9.943358 1016 0 
9.943496 1017 0 
9.943514 1016 0 
9.944234 1017 0 
9.944495 1018 0 
9.945001 1017 0 
9.946298 1016 0 
9.948035 1017 0 
9.949867 1018 0 
9.949976 1019 0 
9.951623 1020 0 
9.952016 1019 0 
9.95265 1020 0 
9.953085 1021 0 
9.953687 1022 0 
9.95398 1023 0 
9.954507 1024 0 
9.954765 1025 0 
9.954879 1026 0 
9.954915 1025 0 
9.954965 1026 0 
9.955477 1027 0 
9.955838 1028 0 
9.956176 1029 0 
9.956579 1030 0 
9.956756 1029 0 
9.957094 1028 0 
9.95713 1029 0 
9.957731 1030 0 
9.958607 1031 0 
9.95867 1032 0 
9.960517 1031 0 
9.960799 1030 0 
9.961085 1029 0 
9.9616 1028 0 
9.963939 1029 0 
9.963987 1028 0 
9.965579 1027 0 
9.965969 1026 0 
9.967107 1027 0 
9.967175 1028 0 
9.969731 1029 0 
9.970016 1030 0 
9.970274 1031 0 
9.970925 1032 0 
9.971297 1033 0 
9.971349 1032 0 
9.972214 1031 0 
9.973613 1032 0 
9.974319 1033 0 
9.974411 1034 0 
9.975749 1035 0 
9.976022 1034 0 
9.976653 1035 0 
9.978101 1036 0 
9.978491 1037 0 
9.978611 1038 0 
9.979012 1039 0 
9.979299 1038 0 
9.980137 1039 0 
9.980511 1040 0 
9.980644 1041 0 
9.982364 1042 0 
9.982591 1043 0 
9.982707 1044 0 
9.984246 1043 0 
9.984435 1044 0 
9.984661 1045 0 
9.985217 1044 0 
9.985982 1043 0 
9.986286 1044 0 
9.986707 1043 0 
9.987085 1044 0 
9.987609 1045 0 
9.989724 1044 0 
9.989801 1043 0 
9.990076 1042 0 
9.990507 1041 0 
9.991743 1040 0 
9.992748 1041 0 
9.992927 1042 0 
9.993068 1043 0 
9.994015 1044 0 
9.995007 1043 0 
9.99726 1044 0 
9.998259 1045 0 
9.998736 1046 0 
10.00039 1047 0 
10.00078 1048 0 
10.0008 1047 0 
10.00195 1048 0 
10.00283 1049 0 
10.00294 1050 0 
10.00311 1051 0 
10.00523 1052 0 
10.00541 1053 0 
10.00545 1054 0 
10.00556 1055 0 
10.00592 1056 0 
10.00647 1055 0 
10.00848 1056 0 
10.00857 1055 0 
10.0087 1054 0 
10.00908 1053 0 
10.01001 1054 0 
10.01012 1055 0 
10.01056 1056 0 
10.01129 1057 0 
10.01188 1058 0 
10.0139 1057 0 
10.01401 1058 0 
10.01491 1059 0 
10.01537 1058 0 
10.01578 1057 0 
10.01618 1056 0 
10.01632 1055 0 
10.01778 1056 0 
10.01906 1057 0 
10.02114 1056 0 
10.0218 1057 0 
10.02206 1058 0 
10.0234 1057 0 
10.02383 1056 0 
10.02598 1055 0 
10.02629 1054 0 
10.02682 1053 0 
10.02697 1052 0 
10.02699 1051 0 
10.02739 1050 0 
10.02822 1051 0 
10.02901 1052 0 
10.02942 1051 0 
10.0297 1052 0 
10.02981 1051 0 
10.02989 1052 0 
10.03143 1053 0 
10.0316 1052 0 
10.03181 1051 0 
10.03255 1052 0 
10.03332 1051 0 
10.03482 1052 0 
10.03522 1053 0 
10.03543 1054 0 
10.03589 1055 0 
10.03743 1056 0 
10.03744 1055 0 
10.03762 1056 0 
10.03763 1057 0 
10.03782 1058 0 
10.03819 1059 0 
10.03922 1060 0 
10.03987 1061 0 
10.04029 1060 0 
10.04051 1059 0 
10.04069 1060 0 
10.04085 1061 0 
10.04178 1062 0 
10.04189 1061 0 
10.04251 1060 0 
10.04283 1061 0 
10.04447 1062 0 
10.04703 1063 0 
10.04772 1064 0 
10.04805 1065 0 
10.05014 1064 0 
10.0518 1063 0 
10.05187 1064 0 
10.05251 1065 0 
10.0526 1066 0 
10.05286 1067 0 
10.05462 1068 0 
10.05497 1067 0 
10.05544 1066 0 
10.05571 1067 0 
10.05666 1068 0 
10.05683 1069 0 
10.05786 1068 0 
10.05802 1069 0 
10.0589 1070 0 
10.06044 1069 0 
10.06196 1070 0 
10.06265 1069 0 
10.06383 1070 0 
10.06416 1069 0 
10.06531 1070 0 
10.06551 1071 0 
10.06555 1072 0 
10.06571 1073 0 
10.06592 1072 0 
10.06621 1073 0 
10.06665 1074 0 
10.07061 1073 0 
10.07088 1074 0 
10.07109 1075 0 
10.0743 1076 0 
10.07433 1077 0 
10.07438 1078 0 
10.0747 1079 0 
10.07638 1080 0 
10.0766 1081 0 
10.07866 1080 0 
10.08007 1081 0 
10.08097 1082 0 
10.08105 1083 0 
10.0815 1082 0 
10.08206 1081 0 
10.08242 1082 0 
10.08371 1083 0 
10.08374 1084 0 
10.08438 1085 0 
10.0849 1086 0 
10.08673 1087 0 
10.08709 1088 0 
10.08711 1089 0 
10.08778 1090 0 
10.09055 1089 0 
10.09283 1090 0 
10.09599 1091 0 
10.0969 1092 0 
10.09692 1093 0 
10.09756 1094 0 
10.09772 1095 0 
10.09883 1096 0 
10.09939 1097 0 
10.09988 1096 0 
10.10098 1097 0 
10.10128 1098 0 
10.10137 1099 0 
10.10148 1098 0 
10.10168 1099 0 
10.10185 1098 0 
10.10225 1097 0 
10.10254 1098 0 
10.10293 1097 0 
10.10299 1098 0 
10.10311 1099 0 
10.10404 1100 0 
10.10471 1099 0 
10.10587 1100 0 
10.10599 1099 0 
10.1062 1100 0 
10.10662 1099 0 
10.10694 1098 0 
10.10745 1099 0 
10.10924 1100 0 
10.11004 1099 0 
10.11016 1100 0 
10.1103 1099 0 
10.1107 1098 0 
10.11227 1099 0 
10.11397 1098 0 
10.11501 1099 0 
10.11503 1100 0 
10.11513 1101 0 
10.11622 1102 0 
10.11895 1101 0 
10.11966 1100 0 
10.11971 1099 0 
10.11976 1098 0 
10.12031 1099 0 
10.12069 1100 0 
10.12077 1099 0 
10.1211 1100 0 
10.12123 1099 0 
10.12142 1100 0 
10.12159 1099 0 
10.12162 1098 0 
10.12279 1099 0 
10.12309 1098 0 
10.1231 1099 0 
10.12337 1100 0 
10.12468 1099 0 
10.12478 1100 0 
10.12599 1099 0 
10.12702 1100 0 
10.1275 1099 0 
10.12786 1100 0 
10.12806 1101 0 
10.13106 1102 0 
10.13151 1101 0 
10.13195 1102 0 
10.13372 1103 0 
10.13427 1104 0 
10.13469 1105 0 
10.13661 1106 0 
10.13756 1105 0 
10.13759 1104 0 
10.13779 1103 0 
10.13834 1104 0 
10.13869 1105 0 
10.13873 1104 0 
10.13892 1105 0 
10.13897 1106 0 
10.13912 1105 0 
10.13944 1106 0 
10.14104 1105 0 
10.14315 1104 0 
10.14321 1105 0 
10.14354 1104 0 
10.14378 1103 0 
10.14554 1102 0 
10.14852 1101 0 
10.14959 1100 0 
10.14967 1101 0 
10.15061 1102 0 
10.15155 1103 0 
10.15165 1104 0 
10.15306 1103 0 
10.15316 1102 0 
10.15436 1101 0 
10.15466 1102 0 
10.15687 1101 0 
10.16076 1102 0 
10.16186 1101 0 
10.16218 1102 0 
10.16286 1101 0 
10.16377 1100 0 
10.16392 1101 0 
10.16424 1100 0 
10.16636 1101 0 
10.16701 1102 0 
10.16813 1103 0 
10.16835 1102 0 
10.16859 1103 0 
10.1701 1104 0 
10.17018 1103 0 
10.17021 1104 0 
10.17035 1105 0 
10.17269 1104 0 
10.17292 1105 0 
10.17326 1106 0 
10.17351 1105 0 
10.17395 1104 0 
10.17504 1105 0 
10.17538 1106 0 
10.17563 1107 0 
10.17694 1108 0 
10.17714 1109 0 
10.17974 1108 0 
10.18168 1109 0 
10.18175 1110 0 
10.18202 1109 0 
10.18204 1110 0 
10.18248 1109 0 
10.18441 1110 0 
10.18458 1111 0 
10.18621 1112 0 
10.18667 1111 0 
10.1873 1112 0 
10.18735 1111 0 
10.1876 1110 0 
10.18805 1111 0 
10.18819 1110 0 
10.18835 1111 0 
10.18848 1112 0 
10.18848 1113 0 
10.18888 1112 0 
10.18893 1113 0 
10.19019 1114 0 
10.19087 1113 0 
10.19148 1114 0 
10.19181 1113 0 
10.19209 1114 0 
10.19287 1115 0 
10.19385 1116 0 
10.19465 1117 0 
10.19481 1118 0 
10.19511 1119 0 
10.19585 1120 0 
10.19646 1121 0 
10.19674 1122 0 
10.19708 1123 0 
10.19789 1122 0 
10.19838 1123 0 
10.19926 1122 0 
10.20194 1121 0 
10.20238 1122 0 
10.20239 1123 0 
10.20298 1122 0 
10.20395 1123 0 
10.20471 1122 0 
10.20484 1121 0 
10.20485 1120 0 
10.2061 1121 0 
10.20686 1122 0 
10.20708 1121 0 
10.20795 1122 0 
10.20811 1121 0 
10.20993 1122 0 
10.21039 1121 0 
10.21054 1122 0 
10.21416 1123 0 
10.21472 1122 0 
10.21492 1123 0 
10.21523 1124 0 
10.21571 1123 0 
10.2166 1122 0 
10.21679 1123 0 
10.21732 1122 0 
10.21752 1123 0 
10.21821 1124 0 
10.219 1123 0 
10.21909 1124 0 
10.2193 1125 0 
10.22055 1126 0 
10.22132 1127 0 
10.22135 1128 0 
10.22162 1129 0 
10.22168 1130 0 
10.22207 1131 0 
10.22225 1130 0 
10.22249 1131 0 
10.22327 1130 0 
10.22341 1129 0 
10.2254 1128 0 
10.22545 1129 0 
10.22657 1130 0 
10.22704 1129 0 
10.22839 1130 0 
10.22994 1129 0 
10.23007 1130 0 
10.23054 1131 0 
10.23128 1132 0 
10.23259 1133 0 
10.23331 1132 0 
10.2335 1131 0 
10.23422 1132 0 
10.235 1133 0 
10.23535 1134 0 
10.23648 1135 0 
10.23682 1136 0 
10.23747 1137 0 
10.23779 1136 0 
10.23834 1137 0 
10.2384 1138 0 
10.23891 1139 0 
10.23934 1138 0 
10.24012 1137 0 
10.24051 1138 0 
10.24119 1137 0 
10.24126 1138 0 
10.24208 1139 0 
10.24376 1138 0 
10.24461 1137 0 
10.24484 1138 0 
10.24562 1137 0 
10.24601 1136 0 
10.24625 1137 0 
10.2468 1138 0 
10.24788 1139 0 
10.24833 1140 0 
10.25192 1141 0 
10.25276 1142 0 
10.25286 1143 0 
10.25541 1144 0 
10.25821 1143 0 
10.2587 1142 0 
10.2587 1143 0 
10.25871 1142 0 
10.25877 1143 0 
10.2599 1142 0 
10.26039 1143 0 
10.26138 1142 0 
10.2618 1141 0 
10.26299 1142 0 
10.2634 1143 0 
10.26353 1144 0 
10.26505 1143 0 
10.26511 1144 0 
10.26538 1145 0 
10.2658 1146 0 
10.26584 1147 0 
10.266 1148 0 
10.26758 1147 0 
10.26772 1148 0 
10.26832 1149 0 
10.26983 1148 0 
10.27016 1149 0 
10.27078 1148 0 
10.27124 1149 0 
10.27152 1148 0 
10.27196 1149 0 
10.27215 1150 0 
10.27336 1149 0 
10.2734 1150 0 
10.27426 1151 0 
10.27516 1152 0 
10.27516 1151 0 
10.27526 1152 0 
10.27538 1153 0 
10.27639 1154 0 
10.2781 1155 0 
10.27829 1154 0 
10.27876 1155 0 
10.27943 1156 0 
10.27973 1157 0 
10.28004 1158 0 
10.2834 1159 0 
10.28432 1160 0 
10.2844 1161 0 
10.28467 1160 0 
10.28526 1161 0 
10.2856 1162 0 
10.28571 1163 0 
10.28608 1164 0 
10.28615 1163 0 
10.28623 1164 0 
10.28745 1165 0 
10.28771 1166 0 
10.28813 1167 0 
10.28887 1166 0 
10.2903 1167 0 
10.29039 1168 0 
10.29066 1169 0 
10.2913 1170 0 
10.2915 1171 0 
10.29343 1172 0 
10.29412 1173 0 
10.29518 1172 0 
10.29559 1173 0 
10.29609 1174 0 
10.29619 1173 0 
10.29669 1174 0 
10.29861 1173 0 
10.29862 1172 0 
10.29959 1173 0 
10.30006 1172 0 
10.30027 1171 0 
10.30074 1170 0 
10.30081 1171 0 
10.30202 1170 0 
10.30341 1169 0 
10.30342 1168 0 
10.30393 1169 0 
10.30494 1168 0 
10.30509 1169 0 
10.3057 1170 0 
10.30835 1171 0 
10.30983 1172 0 
10.31025 1173 0 
10.31064 1174 0 
10.31088 1175 0 
10.31089 1176 0 
10.31092 1177 0 
10.31115 1178 0 
10.31119 1179 0 
10.31125 1178 0 
10.31156 1179 0 
10.31178 1180 0 
10.31241 1181 0 
10.31248 1180 0 
10.31336 1181 0 
10.31342 1182 0 
10.31354 1183 0 
10.31365 1184 0 
10.31391 1185 0 
10.31527 1184 0 
10.31529 1185 0 
10.31619 1184 0 
10.31627 1183 0 
10.31652 1184 0 
10.31811 1183 0 
10.31922 1184 0 
10.31979 1185 0 
10.32104 1186 0 
10.32238 1187 0 
10.32261 1186 0 
10.32321 1187 0 
10.32322 1188 0 
10.32344 1187 0 
10.32453 1188 0 
10.32578 1189 0 
10.32703 1190 0 
10.32768 1191 0 
10.32773 1192 0 
10.32835 1193 0 
10.3284 1194 0 
10.32879 1195 0 
10.32939 1196 0 
10.33013 1197 0 
10.3321 1198 0 
10.33328 1197 0 
10.33372 1198 0 
10.33402 1199 0 
10.3353 1200 0 
10.33533 1201 0 
10.33588 1202 0 
10.33655 1203 0 
10.33702 1202 0 
10.33733 1201 0 
10.33738 1200 0 
10.33817 1199 0 
10.33936 1198 0 
10.33968 1199 0 
10.33973 1198 0 
10.34022 1197 0 
10.34032 1198 0 
10.3407 1197 0 
10.34112 1198 0 
10.34192 1197 0 
10.34301 1198 0 
10.34399 1197 0 
10.3444 1196 0 
10.34458 1197 0 
10.34468 1196 0 
10.34563 1195 0 
10.3467 1194 0 
10.34805 1195 0 
10.34805 1196 0 
10.34897 1197 0 
10.34926 1196 0 
10.34983 1197 0 
10.34997 1198 0 
10.35072 1197 0 
10.35074 1198 0 
10.35302 1199 0 
10.35321 1198 0 
10.35492 1197 0 
10.35585 1198 0 
10.35914 1199 0 
10.35974 1200 0 
10.3599 1201 0 
10.35995 1200 0 
10.36023 1199 0 
10.36071 1200 0 
10.36156 1201 0 
10.36207 1202 0 
10.36215 1203 0 
10.36218 1204 0 
10.36222 1205 0 
10.36285 1206 0 
10.36307 1205 0 
10.36312 1204 0 
10.36438 1205 0 
10.36559 1206 0 
10.36646 1207 0 
10.36719 1208 0 
10.36788 1207 0 
10.36849 1208 0 
10.36886 1209 0 
10.37011 1210 0 
10.37159 1211 0 
10.37299 1212 0 
10.37343 1213 0 
10.37456 1212 0 
10.37529 1211 0 
10.37682 1210 0 
10.37716 1209 0 
10.37719 1210 0 
10.37795 1211 0 
10.37855 1212 0 
10.37869 1211 0 
10.37966 1212 0 
10.37998 1213 0 
10.3802 1214 0 
10.38046 1215 0 
10.38072 1216 0 
10.38209 1217 0 
10.38277 1218 0 
10.3828 1219 0 
10.3831 1218 0 
10.38418 1217 0 
10.38422 1218 0 
10.3847 1219 0 
10.3847 1218 0 
10.38477 1219 0 
10.38553 1220 0 
10.38557 1221 0 
10.38591 1220 0 
10.38592 1221 0 
10.38597 1220 0 
10.38609 1221 0 
10.3866 1220 0 
10.3871 1221 0 
10.38769 1222 0 
10.38786 1221 0 
10.38894 1222 0 
10.38902 1223 0 
10.38988 1224 0 
10.39136 1225 0 
10.39162 1226 0 
10.39312 1227 0 
10.3939 1228 0 
10.39596 1229 0 
10.3966 1230 0 
10.39672 1229 0 
10.39688 1228 0 
10.397 1229 0 
10.39707 1230 0 
10.39736 1229 0 
10.39754 1228 0 
10.39759 1229 0 
10.39798 1230 0 
10.39804 1229 0 
10.39977 1230 0 
10.39978 1229 0 
10.40033 1230 0 
10.40097 1229 0 
10.40098 1230 0 
10.40126 1231 0 
10.40181 1232 0 
10.40201 1231 0 
10.40235 1230 0 
10.40442 1231 0 
10.40458 1232 0 
10.40465 1233 0 
10.40523 1234 0 
10.4056 1235 0 
10.40636 1236 0 
10.40654 1237 0 
10.4071 1236 0 
10.40734 1235 0 
10.40742 1236 0 
10.40778 1237 0 
10.40872 1238 0 
10.4109 1239 0 
10.41123 1240 0 
10.41175 1241 0 
10.4122 1242 0 
10.41287 1241 0 
10.41337 1242 0 
10.41381 1241 0 
10.41456 1242 0 
10.41466 1241 0 
10.41474 1240 0 
10.41606 1241 0 
10.41717 1240 0 
10.41771 1239 0 
10.41817 1238 0 
10.41829 1237 0 
10.41883 1238 0 
10.41923 1239 0 
10.42039 1240 0 
10.42057 1241 0 
10.42077 1242 0 
10.42079 1243 0 
10.42138 1242 0 
10.4217 1241 0 
10.42205 1240 0 
10.42212 1241 0 
10.42218 1242 0 
10.42376 1243 0 
10.42464 1244 0 
10.42473 1245 0 
10.42533 1244 0 
10.42617 1243 0 
10.42808 1242 0 
10.42871 1241 0 
10.42912 1242 0 
10.42921 1243 0 
10.43075 1242 0 
10.43162 1243 0 
10.43202 1244 0 
10.43239 1243 0 
10.43269 1244 0 
10.4333 1245 0 
10.43463 1246 0 
10.43489 1247 0 
10.43534 1246 0 
10.43541 1247 0 
10.43553 1248 0 
10.43582 1247 0 
10.43627 1248 0 
10.43637 1249 0 
10.43672 1248 0 
10.438 1249 0 
10.43968 1248 0 
10.44132 1249 0 
10.44153 1248 0 
10.44196 1247 0 
10.4426 1248 0 
10.44423 1247 0 
10.44426 1248 0 
10.44553 1247 0 
10.44561 1248 0 
10.44608 1249 0 
10.44634 1248 0 
10.44639 1247 0 
10.44802 1248 0 
10.44872 1249 0 
10.44926 1248 0 
10.44983 1249 0 
10.45112 1250 0 
10.45156 1249 0 
10.45182 1250 0 
10.45207 1251 0 
10.4522 1252 0 
10.45243 1253 0 
10.4527 1254 0 
10.45276 1255 0 
10.45477 1256 0 
10.45609 1255 0 
10.45694 1256 0 
10.45783 1257 0 
10.45816 1256 0 
10.45834 1257 0 
10.45856 1258 0 
10.4587 1259 0 
10.45892 1260 0 
10.46041 1261 0 
10.46084 1260 0 
10.46186 1261 0 
10.46188 1260 0 
10.46284 1259 0 
10.46287 1260 0 
10.46288 1261 0 
10.46323 1262 0 
10.46528 1261 0 
10.4654 1262 0 
10.4666 1263 0 
10.46691 1262 0 
10.46697 1261 0 
10.46721 1262 0 
10.46729 1263 0 
10.46842 1262 0 
10.46887 1263 0 
10.46965 1264 0 
10.46978 1263 0 
10.47005 1264 0 
10.47023 1263 0 
10.4708 1264 0 
10.47093 1265 0 
10.47186 1266 0 
10.47223 1265 0 
10.47226 1266 0 
10.47226 1267 0 
10.47267 1268 0 
10.47282 1269 0 
10.47291 1270 0 
10.47331 1271 0 
10.47452 1270 0 
10.47476 1269 0 
10.47512 1270 0 
10.47543 1271 0 
10.47606 1272 0 
10.47614 1273 0 
10.4764 1272 0 
10.47699 1273 0 
10.47711 1274 0 
10.47731 1275 0 
10.47811 1274 0 
10.47841 1275 0 
10.47862 1276 0 
10.47922 1277 0 
10.47982 1276 0 
10.48 1277 0 
10.4805 1276 0 
10.48168 1275 0 
10.48222 1276 0 
10.48227 1277 0 
10.48264 1278 0 
10.48323 1279 0 
10.48335 1280 0 
10.48417 1281 0 
10.48423 1280 0 
10.48485 1281 0 
10.48486 1280 0 
10.48606 1281 0 
10.48611 1282 0 
10.48694 1281 0 
10.48862 1282 0 
10.48875 1281 0 
10.48878 1282 0 
10.49087 1283 0 
10.49121 1284 0 
10.49234 1283 0 
10.49263 1284 0 
10.49274 1283 0 
10.49278 1282 0 
10.49282 1283 0 
10.49329 1282 0 
10.49338 1281 0 
10.49423 1282 0 
10.49451 1283 0 
10.49509 1284 0 
10.49606 1285 0 
10.49649 1284 0 
10.4971 1283 0 
10.4971 1284 0 
10.49757 1285 0 
10.49782 1284 0 
10.49837 1285 0 
10.49942 1286 0 
10.49957 1285 0 
10.49973 1286 0 
10.50041 1285 0 
10.50064 1286 0 
10.50074 1287 0 
10.50124 1286 0 
10.50146 1285 0 
10.50165 1286 0 
10.50217 1287 0 
10.5025 1288 0 
10.50264 1289 0 
10.50283 1290 0 
10.50305 1291 0 
10.50317 1292 0 
10.50328 1291 0 
10.50347 1292 0 
10.50551 1291 0 
10.50604 1292 0 
10.50611 1293 0 
10.50646 1294 0 
10.50652 1295 0 
10.50691 1296 0 
10.50767 1297 0 
10.5089 1296 0 
10.50914 1297 0 
10.51003 1298 0 
10.5108 1297 0 
10.51207 1296 0 
10.51257 1295 0 
10.51356 1296 0 
10.51489 1295 0 
10.51574 1294 0 
10.51672 1295 0 
10.51739 1296 0 
10.51791 1297 0 
10.51878 1298 0 
10.52134 1299 0 
10.52189 1300 0 
10.524 1299 0 
10.52555 1300 0 
10.52699 1299 0 
10.52737 1298 0 
10.5274 1297 0 
10.5277 1296 0 
10.52774 1297 0 
10.52778 1298 0 
10.52781 1299 0 
10.52814 1300 0 
10.52849 1301 0 
10.52899 1300 0 
10.5293 1301 0 
10.5297 1302 0 
10.53019 1301 0 
10.53039 1300 0 
10.53067 1301 0 
10.53068 1302 0 
10.5308 1303 0 
10.53258 1304 0 
10.53365 1303 0 
10.53433 1304 0 
10.53444 1305 0 
10.53524 1306 0 
10.53547 1305 0 
10.53651 1306 0 
10.53662 1307 0 
10.53669 1308 0 
10.53681 1309 0 
10.537 1310 0 
10.53801 1311 0 
10.53831 1312 0 
10.53838 1313 0 
10.53875 1314 0 
10.53942 1315 0 
10.54032 1316 0 
10.54078 1317 0 
10.54079 1318 0 
10.54084 1319 0 
10.54201 1320 0 
10.54263 1321 0 
10.54268 1320 0 
10.54316 1321 0 
10.54398 1322 0 
10.54408 1321 0 
10.54424 1322 0 
10.54499 1321 0 
10.5459 1322 0 
10.54599 1323 0 
10.54635 1322 0 
10.54638 1321 0 
10.54752 1322 0 
10.54842 1323 0 
10.5485 1324 0 
10.54909 1325 0 
10.54953 1326 0 
10.54955 1325 0 
10.54965 1326 0 
10.54976 1325 0 
10.54995 1326 0 
10.55079 1327 0 
10.55208 1328 0 
10.55277 1329 0 
10.55434 1330 0 
10.55454 1329 0 
10.55491 1330 0 
10.55531 1331 0 
10.55602 1332 0 
10.5565 1333 0 
10.55674 1334 0 
10.55684 1333 0 
10.55705 1334 0 
10.55746 1335 0 
10.5576 1334 0 
10.55814 1333 0 
10.55834 1334 0 
10.55884 1335 0 
10.55884 1336 0 
10.55916 1335 0 
10.55924 1334 0 
10.55925 1335 0 
10.55945 1336 0 
10.56023 1335 0 
10.56044 1336 0 
10.5606 1335 0 
10.56092 1336 0 
10.56094 1337 0 
10.56354 1336 0 
10.5649 1337 0 
10.5649 1336 0 
10.56496 1337 0 
10.56503 1336 0 
10.5663 1335 0 
10.56644 1336 0 
10.56645 1337 0 
10.56652 1338 0 
10.56653 1339 0 
10.56871 1340 0 
10.5697 1339 0 
10.56974 1338 0 
10.57018 1339 0 
10.57052 1340 0 
10.57105 1341 0 
10.57223 1340 0 
10.57269 1341 0 
10.57287 1340 0 
10.57309 1341 0 
10.57328 1342 0 
10.57353 1341 0 
10.57432 1342 0 
10.57443 1343 0 
10.57452 1344 0 
10.57478 1343 0 
10.57548 1344 0 
10.576 1345 0 
10.57615 1346 0 
10.57683 1347 0 
10.57715 1348 0 
10.57769 1347 0 
10.57848 1348 0 
10.57864 1349 0 
10.5788 1348 0 
10.57882 1349 0 
10.57927 1348 0 
10.57927 1349 0 
10.57937 1350 0 
10.58022 1351 0 
10.58108 1352 0 
10.58244 1353 0 
10.58245 1354 0 
10.58255 1353 0 
10.58364 1354 0 
10.58376 1353 0 
10.58396 1352 0 
10.58401 1353 0 
10.5844 1354 0 
10.58463 1355 0 
10.58497 1356 0 
10.58538 1357 0 
10.58548 1358 0 
10.58552 1357 0 
10.58558 1358 0 
10.58583 1359 0 
10.58629 1360 0 
10.58703 1361 0 
10.58723 1362 0 
10.58766 1363 0 
10.58871 1364 0 
10.58902 1363 0 
10.58942 1364 0 
10.59035 1365 0 
10.59069 1366 0 
10.59074 1367 0 
10.59172 1366 0 
10.5928 1365 0 
10.59316 1366 0 
10.59343 1365 0 
10.59404 1364 0 
10.5941 1363 0 
10.59442 1364 0 
10.59496 1365 0 
10.59502 1366 0 
10.59547 1367 0 
10.59606 1366 0 
10.59646 1365 0 
10.59659 1366 0 
10.59662 1367 0 
10.59668 1368 0 
10.59674 1367 0 
10.59732 1366 0 
10.59742 1365 0 
10.59796 1366 0 
10.59834 1365 0 
10.59875 1366 0 
10.59959 1367 0 
10.60038 1366 0 
10.60146 1367 0 
10.60189 1368 0 
10.60203 1369 0 
10.60218 1370 0 
10.60324 1371 0 
10.60359 1372 0 
10.60361 1371 0 
10.60362 1372 0 
10.60462 1373 0 
10.6064 1374 0 
10.60652 1375 0 
10.6067 1374 0 
10.60789 1375 0 
10.60891 1374 0 
10.60916 1375 0 
10.60973 1376 0 
10.60991 1377 0 
10.60992 1378 0 
10.61039 1379 0 
10.6107 1380 0 
10.61077 1379 0 
10.61119 1380 0 
10.6119 1381 0 
10.61191 1380 0 
10.61217 1381 0 
10.61262 1380 0 
10.61293 1381 0 
10.61458 1380 0 
10.61561 1379 0 
10.61608 1378 0 
10.61635 1377 0 
10.61667 1378 0 
10.61704 1379 0 
10.61719 1378 0 
10.6172 1379 0 
10.61748 1380 0 
10.61752 1381 0 
10.61854 1380 0 
10.61943 1381 0 
10.62052 1382 0 
10.62087 1383 0 
10.62089 1382 0 
10.62133 1381 0 
10.62149 1382 0 
10.62183 1383 0 
10.6222 1384 0 
10.62236 1385 0 
10.62259 1384 0 
10.62267 1385 0 
10.62272 1384 0 
10.62289 1385 0 
10.6229 1386 0 
10.62407 1387 0 
10.62432 1386 0 
10.62497 1385 0 
10.62538 1386 0 
10.62622 1387 0 
10.62647 1386 0 
10.6268 1387 0 
10.62681 1388 0 
10.62695 1389 0 
10.62719 1390 0 
10.62796 1389 0 
10.62954 1390 0 
10.6307 1389 0 
10.63076 1390 0 
10.63129 1391 0 
10.63206 1390 0 
10.63223 1391 0 
10.63227 1390 0 
10.6328 1391 0 
10.63291 1390 0 
10.63327 1391 0 
10.63332 1392 0 
10.63425 1393 0 
10.63473 1392 0 
10.63596 1391 0 
10.63645 1392 0 
10.63691 1393 0 
10.63724 1394 0 
10.63769 1393 0 
10.63827 1394 0 
10.63839 1393 0 
10.63901 1394 0 
10.63964 1395 0 
10.63978 1396 0 
10.64008 1397 0 
10.64015 1398 0 
10.64027 1397 0 
10.64041 1396 0 
10.64092 1397 0 
10.64094 1398 0 
10.64109 1399 0 
10.64205 1400 0 
10.64208 1401 0 
10.64228 1402 0 
10.64249 1401 0 
10.64285 1400 0 
10.64459 1401 0 
10.64501 1402 0 
10.64522 1403 0 
10.64545 1402 0 
10.64574 1403 0 
10.64646 1404 0 
10.64667 1403 0 
10.64672 1402 0 
10.64683 1403 0 
10.64684 1404 0 
10.64713 1403 0 
10.64738 1404 0 
10.64777 1405 0 
10.6482 1404 0 
10.6488 1405 0 
10.64884 1404 0 
10.64903 1405 0 
10.65048 1406 0 
10.6515 1405 0 
10.65172 1406 0 
10.65207 1407 0 
10.65272 1406 0 
10.65273 1407 0 
10.65273 1408 0 
10.65307 1409 0 
10.65352 1410 0 
10.65453 1411 0 
10.65475 1410 0 
10.65578 1411 0 
10.65585 1412 0 
10.65626 1411 0 
10.65721 1410 0 
10.65809 1411 0 
10.65812 1412 0 
10.65817 1411 0 
10.65855 1410 0 
10.65861 1411 0 
10.65956 1412 0 
10.65984 1413 0 
10.65994 1414 0 
10.66008 1413 0 
10.66021 1412 0 
10.66028 1413 0 
10.66034 1414 0 
10.6609 1413 0 
10.66099 1412 0 
10.66227 1413 0 
10.66253 1412 0 
10.66272 1413 0 
10.66282 1414 0 
10.66316 1413 0 
10.66341 1412 0 
10.66461 1413 0 
10.66639 1414 0 
10.66658 1415 0 
10.66678 1416 0 
10.66697 1417 0 
10.66706 1418 0 
10.66723 1417 0 
10.66797 1418 0 
10.66803 1419 0 
10.6682 1418 0 
10.66833 1419 0 
10.66912 1420 0 
10.66987 1421 0 
10.67039 1422 0 
10.67168 1421 0 
10.67183 1422 0 
10.67245 1421 0 
10.67298 1420 0 
10.67309 1421 0 
10.6732 1422 0 
10.67382 1423 0 
10.67426 1424 0 
10.67437 1425 0 
10.67552 1426 0 
10.67617 1425 0 
10.67677 1426 0 
10.6769 1425 0 
10.67748 1426 0 
10.67928 1427 0 
10.67939 1426 0 
10.67965 1427 0 
10.68029 1426 0 
10.68075 1427 0 
10.68153 1426 0 
10.68268 1427 0 
10.6829 1428 0 
10.68321 1429 0 
10.68442 1430 0 
10.68474 1429 0 
10.68506 1430 0 
10.68516 1431 0 
10.68521 1432 0 
10.68542 1433 0 
10.68552 1432 0 
10.686 1433 0 
10.68617 1434 0 
10.68658 1435 0 
10.68661 1436 0 
10.68738 1437 0 
10.6877 1438 0 
10.68783 1439 0 
10.68791 1438 0 
10.68819 1439 0 
10.68853 1438 0 
10.68858 1437 0 
10.68927 1438 0 
10.68969 1439 0 
10.68978 1438 0 
10.68998 1439 0 
10.69019 1440 0 
10.69064 1441 0 
10.6908 1442 0 
10.6912 1441 0 
10.69199 1442 0 
10.69212 1443 0 
10.69246 1444 0 
10.6926 1443 0 
10.69267 1444 0 
10.69348 1443 0 
10.69371 1444 0 
10.6942 1443 0 
10.69452 1442 0 
10.69487 1443 0 
10.69522 1444 0 
10.69525 1445 0 
10.69606 1444 0 
10.69719 1443 0 
10.69773 1444 0 
10.6978 1443 0 
10.69784 1444 0 
10.69797 1445 0 
10.69871 1446 0 
10.69885 1445 0 
10.69931 1446 0 
10.69986 1445 0 
10.70086 1444 0 
10.70195 1445 0 
10.70286 1446 0 
10.70301 1445 0 
10.70305 1444 0 
10.70362 1443 0 
10.70405 1444 0 
10.70452 1445 0 
10.70524 1446 0 
10.70528 1447 0 
10.70582 1446 0 
10.706 1447 0 
10.70779 1448 0 
10.70812 1447 0 
10.70852 1446 0 
10.70912 1447 0 
10.70913 1448 0 
10.70923 1449 0 
10.70928 1450 0 
10.70941 1451 0 
10.71006 1452 0 
10.71071 1451 0 
10.71128 1452 0 
10.71282 1453 0 
10.7139 1454 0 
10.71392 1455 0 
10.71492 1454 0 
10.715 1453 0 
10.71601 1452 0 
10.71602 1453 0 
10.71622 1452 0 
10.71716 1451 0 
10.71717 1450 0 
10.71746 1451 0 
10.71814 1450 0 
10.71818 1451 0 
10.71836 1450 0 
10.71873 1451 0 
10.72046 1452 0 
10.72049 1451 0 
10.72173 1450 0 
10.72187 1449 0 
10.72282 1450 0 
10.72321 1449 0 
10.72458 1448 0 
10.72484 1449 0 
10.72488 1450 0 
10.72567 1451 0 
10.72585 1452 0 
10.72585 1453 0 
10.72589 1454 0 
10.72592 1455 0 
10.72596 1456 0 
10.72664 1455 0 
10.72678 1456 0 
10.72679 1455 0 
10.72693 1456 0 
10.72706 1457 0 
10.72707 1458 0 
10.72821 1459 0 
10.72847 1458 0 
10.72876 1459 0 
10.72892 1460 0 
10.72905 1459 0 
10.72937 1460 0 
10.73009 1461 0 
10.7303 1462 0 
10.73043 1463 0 
10.73102 1464 0 
10.73126 1465 0 
10.73127 1464 0 
10.73157 1463 0 
10.73199 1464 0 
10.73225 1463 0 
10.73256 1462 0 
10.73275 1461 0 
10.7332 1462 0 
10.73371 1461 0 
10.73435 1462 0 
10.73484 1463 0 
10.73526 1464 0 
10.73592 1463 0 
10.73623 1464 0 
10.73629 1465 0 
10.73695 1466 0 
10.73735 1467 0 
10.73747 1466 0 
10.73848 1467 0 
10.73853 1466 0 
10.7386 1467 0 
10.73861 1468 0 
10.73891 1469 0 
10.73937 1468 0 
10.74006 1469 0 
10.74033 1470 0 
10.74224 1469 0 
10.74486 1470 0 
10.74507 1471 0 
10.74608 1472 0 
10.74734 1473 0 
10.7474 1472 0 
10.74787 1473 0 
10.74791 1472 0 
10.74803 1473 0 
10.7502 1472 0 
10.75025 1473 0 
10.75077 1472 0 
10.75077 1471 0 
10.75129 1472 0 
10.75133 1473 0 
10.75175 1474 0 
10.75191 1473 0 
10.75221 1472 0 
10.75238 1473 0 
10.75282 1474 0 
10.75288 1473 0 
10.7531 1474 0 
10.7539 1475 0 
10.75457 1476 0 
10.75504 1477 0 
10.75552 1478 0 
10.75565 1479 0 
10.75611 1480 0 
10.75646 1481 0 
10.75714 1482 0 
10.75759 1483 0 
10.75822 1484 0 
10.75827 1485 0 
10.7586 1486 0 
10.7588 1487 0 
10.75911 1488 0 
10.75956 1489 0 
10.75984 1490 0 
10.76025 1489 0 
10.76055 1490 0 
10.76063 1491 0 
10.76069 1490 0 
10.76102 1489 0 
10.76107 1490 0 
10.76129 1491 0 
10.76143 1492 0 
10.76159 1493 0 
10.76201 1492 0 
10.76235 1493 0 
10.76385 1494 0 
10.76399 1495 0 
10.76485 1494 0 
10.76506 1495 0 
10.76553 1496 0 
10.76581 1497 0 
10.76585 1496 0 
10.76761 1495 0 
10.76788 1496 0 
10.76883 1497 0 
10.76893 1498 0 
10.77008 1499 0 
10.77018 1500 0 
10.77019 1501 0 
10.77046 1500 0 
10.77112 1499 0 
10.77221 1498 0 
10.77282 1499 0 
10.77297 1500 0 
10.77306 1499 0 
10.7733 1498 0 
10.7738 1499 0 
10.77393 1500 0 
10.77568 1499 0 
10.77607 1500 0 
10.77612 1501 0 
10.77614 1502 0 
10.77708 1503 0 
10.77725 1502 0 
10.77787 1503 0 
10.77917 1502 0 
10.77942 1501 0 
10.77991 1502 0 
10.77993 1503 0 
10.78102 1504 0 
10.78109 1505 0 
10.78251 1506 0 
10.78252 1507 0 
10.78257 1508 0 
10.78348 1507 0 
10.78376 1506 0 
10.78393 1505 0 
10.78433 1504 0 
10.78505 1505 0 
10.78508 1506 0 
10.78535 1507 0 
10.7862 1508 0 
10.7867 1509 0 
10.78713 1508 0 
10.78771 1509 0 
10.78778 1510 0 
10.78784 1509 0 
10.78847 1508 0 
10.7886 1509 0 
10.78873 1510 0 
10.78885 1511 0 
10.78895 1510 0 
10.78923 1511 0 
10.78961 1512 0 
10.78988 1513 0 
10.79031 1512 0 
10.79079 1511 0 
10.791 1512 0 
10.79103 1513 0 
10.79211 1514 0 
10.79235 1513 0 
10.79336 1514 0 
10.79347 1515 0 
10.79435 1514 0 
10.79437 1513 0 
10.79438 1514 0 
10.79467 1513 0 
10.79529 1512 0 
10.79586 1511 0 
10.79601 1512 0 
10.79638 1513 0 
10.79807 1514 0 
10.79929 1515 0 
10.79984 1514 0 
10.80121 1513 0 
10.80125 1514 0 
10.8014 1515 0 
10.80146 1514 0 
10.80155 1515 0 
10.80165 1516 0 
10.80296 1515 0 
10.80312 1514 0 
10.80345 1515 0 
10.80392 1514 0 
10.80467 1515 0 
10.80492 1516 0 
10.8057 1517 0 
10.80601 1518 0 
10.80627 1519 0 
10.8063 1518 0 
10.80631 1519 0 
10.80642 1520 0 
10.80754 1519 0 
10.80791 1520 0 
10.80803 1519 0 
10.80863 1520 0 
10.80924 1521 0 
10.80936 1520 0 
10.80938 1521 0 
10.80969 1522 0 
10.80978 1523 0 
10.81028 1524 0 
10.81043 1525 0 
10.81074 1526 0 
10.8116 1527 0 
10.81173 1526 0 
10.81187 1525 0 
10.81267 1526 0 
10.81273 1525 0 
10.81327 1524 0 
10.81409 1525 0 
10.81418 1526 0 
10.81443 1527 0 
10.81536 1528 0 
10.81547 1529 0 
10.81752 1530 0 
10.81761 1531 0 
10.81931 1532 0 
10.81956 1533 0 
10.81966 1534 0 
10.81976 1533 0 
10.82022 1532 0 
10.82045 1533 0 
10.82122 1534 0 
10.82142 1535 0 
10.82161 1536 0 
10.82172 1535 0 
10.82185 1536 0 
10.822 1537 0 
10.82205 1538 0 
10.8222 1539 0 
10.82267 1540 0 
10.82291 1541 0 
10.82301 1542 0 
10.82329 1541 0 
10.82343 1540 0 
10.82347 1541 0 
10.82429 1540 0 
10.82432 1539 0 
10.82432 1540 0 
10.82526 1541 0 
10.82535 1542 0 
10.82538 1543 0 
10.82553 1544 0 
10.82557 1543 0 
10.82631 1542 0 
10.82664 1543 0 
10.82746 1542 0 
10.82768 1541 0 
10.82784 1540 0 
10.82786 1541 0 
10.82921 1542 0 
10.82929 1541 0 
10.82955 1542 0 
10.83086 1543 0 
10.83086 1544 0 
10.8323 1545 0 
10.83261 1546 0 
10.83363 1545 0 
10.83405 1544 0 
10.83515 1545 0 
10.83568 1546 0 
10.83573 1547 0 
10.83577 1546 0 
10.83589 1545 0 
10.83603 1546 0 
10.83622 1547 0 
10.83657 1548 0 
10.83681 1549 0 
10.83689 1550 0 
10.83697 1551 0 
10.83738 1552 0 
10.83769 1553 0 
10.83791 1554 0 
10.83793 1553 0 
10.83814 1552 0 
10.83852 1553 0 
10.83959 1554 0 
10.83974 1553 0 
10.83984 1554 0 
10.8399 1553 0 
10.84091 1554 0 
10.84167 1555 0 
10.84198 1554 0 
10.84244 1555 0 
10.84254 1556 0 
10.84496 1557 0 
10.84546 1556 0 
10.84561 1557 0 
10.8457 1556 0 
10.8458 1557 0 
10.84658 1558 0 
10.84716 1559 0 
10.84727 1560 0 
10.84788 1561 0 
10.8481 1562 0 
10.84836 1563 0 
10.84988 1564 0 
10.85184 1563 0 
10.85203 1562 0 
10.853 1563 0 
10.85328 1562 0 
10.85379 1563 0 
10.85386 1564 0 
10.85467 1565 0 
10.85494 1566 0 
10.85579 1567 0 
10.85612 1566 0 
10.85669 1567 0 
10.85674 1566 0 
10.85676 1567 0 
10.85689 1568 0 
10.85693 1569 0 
10.85723 1570 0 
10.85726 1569 0 
10.85745 1570 0 
10.85759 1571 0 
10.8619 1570 0 
10.86212 1569 0 
10.86307 1570 0 
10.8633 1571 0 
10.86364 1570 0 
10.86373 1571 0 
10.86422 1570 0 
10.86489 1569 0 
10.86551 1570 0 
10.86611 1569 0 
10.86619 1570 0 
10.86639 1571 0 
10.86682 1570 0 
10.86686 1569 0 
10.86686 1568 0 
10.86695 1567 0 
10.86734 1568 0 
10.86818 1569 0 
10.86826 1568 0 
10.86923 1569 0 
10.86986 1570 0 
10.87023 1569 0 
10.8705 1570 0 
10.87106 1569 0 
10.87115 1568 0 
10.87174 1569 0 
10.87186 1570 0 
10.87208 1569 0 
10.87251 1568 0 
10.87296 1567 0 
10.8735 1568 0 
10.87359 1569 0 
10.87453 1570 0 
10.87511 1571 0 
10.87579 1572 0 
10.8758 1573 0 
10.87583 1572 0 
10.87705 1573 0 
10.87769 1572 0 
10.87808 1573 0 
10.87864 1572 0 
10.88046 1571 0 
10.8806 1572 0 
10.88096 1573 0 
10.88096 1574 0 
10.88247 1573 0 
10.88285 1574 0 
10.88288 1573 0 
10.88411 1572 0 
10.88477 1573 0 
10.88487 1574 0 
10.88508 1575 0 
10.88511 1576 0 
10.88534 1577 0 
10.88558 1578 0 
10.88565 1577 0 
10.88625 1578 0 
10.88636 1577 0 
10.88744 1578 0 
10.88795 1579 0 
10.88872 1578 0 
10.8888 1579 0 
10.88924 1578 0 
10.89033 1577 0 
10.89051 1578 0 
10.89146 1579 0 
10.89153 1580 0 
10.89231 1579 0 
10.89298 1578 0 
10.893 1579 0 
10.89378 1580 0 
10.89379 1581 0 
10.89392 1582 0 
10.89441 1581 0 
10.89447 1582 0 
10.89463 1581 0 
10.89513 1582 0 
10.89531 1583 0 
10.89616 1584 0 
10.897 1585 0 
10.898 1584 0 
10.89801 1585 0 
10.89915 1584 0 
10.89981 1583 0 
10.90047 1584 0 
10.90086 1583 0 
10.90096 1584 0 
10.90115 1583 0 
10.9015 1584 0 
10.9022 1585 0 
10.90251 1586 0 
10.90278 1585 0 
10.90306 1586 0 
10.90314 1587 0 
10.90401 1588 0 
10.90433 1587 0 
10.90436 1586 0 
10.90443 1585 0 
10.90506 1586 0 
10.90604 1587 0 
10.90625 1588 0 
10.90637 1587 0 
10.90674 1586 0 
10.90676 1587 0 
10.90678 1588 0 
10.90766 1587 0 
10.90842 1588 0 
10.90875 1589 0 
10.90879 1590 0 
10.90941 1591 0 
10.90949 1590 0 
10.9095 1591 0 
10.9104 1592 0 
10.91149 1593 0 
10.91173 1594 0 
10.91182 1595 0 
10.91184 1594 0 
10.91193 1593 0 
10.91226 1594 0 
10.9137 1593 0 
10.91372 1594 0 
10.91377 1595 0 
10.9139 1596 0 
10.91429 1597 0 
10.91446 1596 0 
10.9146 1597 0 
10.91531 1598 0 
10.91578 1599 0 
10.91609 1598 0 
10.91679 1597 0 
10.91747 1598 0 
10.91767 1599 0 
10.91798 1598 0 
10.91807 1599 0 
10.91811 1600 0 
10.91844 1599 0 
10.91852 1600 0 
10.9188 1601 0 
10.91925 1602 0 
10.91979 1603 0 
10.91998 1602 0 
10.92 1603 0 
10.92041 1604 0 
10.92077 1603 0 
10.92078 1602 0 
10.92083 1601 0 
10.92113 1600 0 
10.92142 1599 0 
10.92149 1600 0 
10.92218 1601 0 
10.9236 1600 0 
10.92462 1599 0 
10.92517 1598 0 
10.92541 1599 0 
10.92601 1600 0 
10.92607 1601 0 
10.92636 1602 0 
10.92676 1603 0 
10.92698 1604 0 
10.92742 1605 0 
10.92751 1604 0 
10.92797 1605 0 
10.92817 1604 0 
10.92818 1605 0 
10.92858 1604 0 
10.9286 1605 0 
10.92906 1606 0 
10.92982 1607 0 
10.93009 1606 0 
10.93015 1607 0 
10.93063 1606 0 
10.9307 1607 0 
10.93102 1608 0 
10.93108 1609 0 
10.93191 1608 0 
10.93223 1609 0 
10.93228 1610 0 
10.93231 1611 0 
10.93322 1612 0 
10.93375 1613 0 
10.93388 1612 0 
10.93404 1613 0 
10.93415 1614 0 
10.93463 1615 0 
10.93628 1616 0 
10.93636 1617 0 
10.93699 1618 0 
10.93732 1617 0 
10.93784 1616 0 
10.93788 1615 0 
10.93797 1616 0 
10.93798 1615 0 
10.93808 1616 0 
10.93818 1615 0 
10.93877 1616 0 
10.93881 1617 0 
10.93882 1618 0 
10.93909 1617 0 
10.93973 1618 0 
10.93977 1619 0 
10.93977 1620 0 
10.94003 1619 0 
10.94005 1620 0 
10.94069 1621 0 
10.94168 1620 0 
10.94229 1621 0 
10.94298 1622 0 
10.94308 1623 0 
10.94386 1622 0 
10.94391 1623 0 
10.94485 1622 0 
10.94496 1623 0 
10.9461 1622 0 
10.94615 1621 0 
10.94644 1622 0 
10.94682 1621 0 
10.94685 1620 0 
10.947 1619 0 
10.9471 1620 0 
10.94776 1621 0 
10.94777 1622 0 
10.94808 1621 0 
10.94814 1622 0 
10.94841 1621 0 
10.94862 1622 0 
10.94898 1623 0 
10.94902 1624 0 
10.94909 1623 0 
10.94954 1624 0 
10.9497 1623 0 
10.95211 1624 0 
10.95235 1623 0 
10.95257 1624 0 
10.95265 1625 0 
10.95388 1626 0 
10.95451 1627 0 
10.95455 1626 0 
10.95489 1627 0 
10.95519 1626 0 
10.95536 1625 0 
10.95557 1626 0 
10.95616 1627 0 
10.9562 1628 0 
10.95819 1629 0 
10.95966 1628 0 
10.96162 1629 0 
10.96189 1630 0 
10.96205 1631 0 
10.96208 1632 0 
10.9622 1633 0 
10.96315 1634 0 
10.964 1633 0 
10.96401 1632 0 
10.96443 1631 0 
10.96465 1630 0 
10.96472 1631 0 
10.96533 1632 0 
10.96753 1631 0 
10.96767 1630 0 
10.96788 1631 0 
10.96823 1632 0 
10.96869 1631 0 
10.96924 1630 0 
10.96937 1629 0 
10.96943 1630 0 
10.96959 1631 0 
10.97023 1630 0 
10.97149 1629 0 
10.97188 1630 0 
10.97198 1631 0 
10.97328 1632 0 
10.97347 1631 0 
10.97352 1630 0 
10.9739 1631 0 
10.97418 1630 0 
10.97429 1631 0 
10.97579 1632 0 
10.97624 1633 0 
10.97657 1634 0 
10.9777 1635 0 
10.97819 1636 0 
10.97831 1637 0 
10.97894 1636 0 
10.97921 1637 0 
10.97934 1638 0 
10.97941 1637 0 
10.97959 1638 0 
10.97975 1637 0 
10.97981 1638 0 
10.97998 1637 0 
10.98051 1636 0 
10.98055 1637 0 
10.98079 1638 0 
10.98105 1637 0 
10.98135 1638 0 
10.98157 1639 0 
10.98211 1638 0 
10.98246 1639 0 
10.98525 1638 0 
10.98567 1637 0 
10.98569 1636 0 
10.98584 1637 0 
10.98596 1638 0 
10.98686 1637 0 
10.98693 1638 0 
10.98758 1637 0 
10.98795 1636 0 
10.98874 1637 0 
10.98884 1638 0 
10.99021 1639 0 
10.99024 1640 0 
10.99035 1641 0 
10.99087 1642 0 
10.99103 1641 0 
10.99108 1640 0 
10.99118 1641 0 
10.99123 1642 0 
10.99181 1641 0 
10.99202 1640 0 
10.99243 1641 0 
10.99289 1640 0 
10.99319 1641 0 
10.99352 1642 0 
10.99417 1641 0 
10.99521 1642 0 
10.99615 1643 0 
10.99658 1642 0 
10.99661 1643 0 
10.99713 1644 0 
10.99737 1645 0 
10.99776 1646 0 
10.99801 1645 0 
10.99837 1646 0 
10.99885 1647 0 
10.99886 1648 0 
10.99915 1649 0 
10.99954 1650 0 
10.9997 1651 0 
10.99977 1652 0 
10.99991 1653 0 
11.00022 1654 0 
11.00036 1655 0 
11.00044 1656 0 
11.00071 1655 0 
11.00212 1656 0 
11.00297 1655 0 
11.00325 1656 0 
11.00358 1655 0 
11.00359 1656 0 
11.00359 1655 0 
11.00384 1656 0 
11.00457 1657 0 
11.00524 1658 0 
11.00535 1657 0 
11.00572 1658 0 
11.00619 1659 0 
11.00662 1658 0 
11.00723 1659 0 
11.00896 1658 0 
11.01007 1659 0 
11.01068 1660 0 
11.01082 1659 0 
11.01171 1658 0 
11.01247 1659 0 
11.01397 1658 0 
11.01412 1659 0 
11.01488 1660 0 
11.01544 1659 0 
11.0156 1660 0 
11.01583 1661 0 
11.01622 1662 0 
11.01644 1661 0 
11.01674 1662 0 
11.01685 1661 0 
11.01693 1662 0 
11.01698 1661 0 
11.01711 1660 0 
11.01718 1661 0 
11.01752 1662 0 
11.01761 1663 0 
11.01791 1662 0 
11.01877 1663 0 
11.01894 1664 0 
11.01947 1665 0 
11.01997 1666 0 
11.02009 1667 0 
11.02066 1666 0 
11.02181 1667 0 
11.02196 1668 0 
11.02356 1667 0 
11.02433 1666 0 
11.02501 1667 0 
11.0252 1668 0 
11.0252 1669 0 
11.02522 1670 0 
11.02545 1671 0 
11.0255 1670 0 
11.02575 1669 0 
11.02576 1668 0 
11.02637 1667 0 
11.02681 1668 0 
11.02708 1669 0 
11.02765 1670 0 
11.02777 1669 0 
11.02782 1670 0 
11.02867 1669 0 
11.02871 1670 0 
11.0288 1671 0 
11.02983 1672 0 
11.02987 1671 0 
11.02991 1672 0 
11.03044 1673 0 
11.03114 1674 0 
11.03133 1673 0 
11.03145 1674 0 
11.03192 1675 0 
11.03212 1674 0 
11.03281 1675 0 
11.03297 1674 0 
11.0339 1675 0 
11.03424 1674 0 
11.03473 1675 0 
11.03476 1676 0 
11.03496 1677 0 
11.03511 1678 0 
11.03575 1677 0 
11.03589 1676 0 
11.03604 1677 0 
11.03609 1678 0 
11.03633 1679 0 
11.03673 1680 0 
11.03697 1679 0 
11.03733 1678 0 
11.03835 1679 0 
11.03956 1680 0 
11.04099 1679 0 
11.04116 1678 0 
11.04142 1679 0 
11.0422 1680 0 
11.04221 1681 0 
11.04299 1680 0 
11.04356 1679 0 
11.04414 1680 0 
11.04457 1679 0 
11.04457 1678 0 
11.04503 1677 0 
11.0453 1678 0 
11.04611 1677 0 
11.04618 1678 0 
11.04645 1679 0 
11.04651 1678 0 
11.04722 1679 0 
11.04824 1680 0 
11.04864 1681 0 
11.04907 1680 0 
11.04924 1679 0 
11.05023 1678 0 
11.05129 1677 0 
11.05232 1676 0 
11.05279 1677 0 
11.05289 1676 0 
11.05302 1677 0 
11.05321 1678 0 
11.05376 1679 0 
11.05515 1678 0 
11.05556 1679 0 
11.05671 1680 0 
11.05699 1681 0 
11.05739 1682 0 
11.05789 1683 0 
11.05796 1684 0 
11.05851 1685 0 
11.05867 1686 0 
11.05894 1685 0 
11.05948 1686 0 
11.05965 1687 0 
11.06088 1688 0 
11.06089 1687 0 
11.06158 1688 0 
11.06197 1689 0 
11.06241 1688 0 
11.06267 1689 0 
11.06307 1690 0 
11.06318 1691 0 
11.06342 1692 0 
11.06363 1693 0 
11.06374 1694 0 
11.06375 1693 0 
11.06426 1692 0 
11.06427 1691 0 
11.06431 1692 0 
11.06439 1691 0 
11.06485 1690 0 
11.06534 1691 0 
11.06569 1690 0 
11.06623 1691 0 
11.06771 1690 0 
11.06812 1689 0 
11.0697 1690 0 
11.06975 1691 0 
11.07148 1692 0 
11.07179 1693 0 
11.07186 1694 0 
11.07229 1693 0 
11.07232 1694 0 
11.07245 1693 0 
11.07273 1692 0 
11.07282 1693 0 
11.07383 1692 0 
11.07397 1693 0 
11.07481 1694 0 
11.07485 1695 0 
11.07511 1696 0 
11.07514 1697 0 
11.07529 1698 0 
11.07572 1697 0 
11.07587 1698 0 
11.07592 1697 0 
11.07594 1698 0 
11.076 1697 0 
11.07626 1696 0 
11.07635 1695 0 
11.07644 1696 0 
11.07749 1697 0 
11.07767 1698 0 
11.07808 1697 0 
11.07851 1698 0 
11.07873 1699 0 
11.07874 1700 0 
11.07903 1701 0 
11.07959 1700 0 
11.07966 1699 0 
11.08014 1700 0 
11.08069 1699 0 
11.08168 1700 0 
11.08184 1699 0 
11.08223 1700 0 
11.08233 1699 0 
11.08249 1700 0 
11.08249 1699 0 
11.08267 1700 0 
11.08424 1701 0 
11.08433 1702 0 
11.08456 1701 0 
11.08497 1700 0 
11.08506 1699 0 
11.08508 1698 0 
11.0851 1699 0 
11.08539 1698 0 
11.08575 1699 0 
11.08583 1700 0 
11.08595 1699 0 
11.08603 1698 0 
11.08618 1697 0 
11.08643 1698 0 
11.08665 1697 0 
11.08766 1698 0 
11.08788 1699 0 
11.08843 1700 0 
11.08858 1701 0 
11.08868 1700 0 
11.089 1699 0 
11.08901 1700 0 
11.08929 1701 0 
11.08977 1700 0 
11.09083 1701 0 
11.09142 1702 0 
11.09171 1703 0 
11.09207 1702 0 
11.09242 1703 0 
11.09244 1704 0 
11.09291 1703 0 
11.09292 1702 0 
11.09296 1703 0 
11.09313 1702 0 
11.09398 1701 0 
11.09426 1702 0 
11.09463 1703 0 
11.0947 1704 0 
11.09472 1705 0 
11.09481 1706 0 
11.09486 1707 0 
11.09524 1708 0 
11.09604 1707 0 
11.09651 1708 0 
11.09682 1709 0 
11.09697 1708 0 
11.09709 1707 0 
11.09731 1706 0 
11.09751 1707 0 
11.09774 1706 0 
11.09882 1707 0 
11.09888 1708 0 
11.09892 1707 0 
11.09962 1708 0 
11.10073 1709 0 
11.10079 1708 0 
11.10095 1709 0 
11.10209 1710 0 
11.1021 1711 0 
11.10212 1712 0 
11.10224 1711 0 
11.10228 1712 0 
11.10234 1713 0 
11.10338 1714 0 
11.10365 1715 0 
11.10389 1716 0 
11.1039 1717 0 
11.10402 1718 0 
11.10414 1719 0 
11.10415 1720 0 
11.1042 1721 0 
11.10479 1722 0 
11.1054 1723 0 
11.10637 1722 0 
11.10673 1723 0 
11.1069 1724 0 
11.10694 1725 0 
11.10697 1726 0 
11.10707 1725 0 
11.10816 1726 0 
11.10842 1727 0 
11.10924 1726 0 
11.10933 1725 0 
11.10939 1726 0 
11.10947 1727 0 
11.10952 1728 0 
11.10972 1729 0 
11.11012 1730 0 
11.1104 1731 0 
11.11067 1730 0 
11.11099 1729 0 
11.11109 1728 0 
11.11133 1729 0 
11.11189 1730 0 
11.112 1729 0 
11.11222 1728 0 
11.11242 1729 0 
11.11301 1730 0 
11.11324 1729 0 
11.11348 1728 0 
11.11348 1727 0 
11.11356 1728 0 
11.11413 1729 0 
11.11455 1728 0 
11.11502 1727 0 
11.1153 1728 0 
11.11543 1729 0 
11.11574 1730 0 
11.11735 1731 0 
11.118 1732 0 
11.11814 1733 0 
11.11837 1734 0 
11.11864 1735 0 
11.11888 1734 0 
11.11911 1735 0 
11.11931 1736 0 
11.11944 1737 0 
11.11949 1738 0 
11.11996 1739 0 
11.12025 1740 0 
11.12034 1739 0 
11.12087 1738 0 
11.12147 1739 0 
11.1219 1738 0 
11.12275 1739 0 
11.125 1740 0 
11.12511 1741 0 
11.12611 1740 0 
11.12643 1741 0 
11.12651 1740 0 
11.12663 1739 0 
11.12679 1738 0 
11.12726 1737 0 
11.12781 1738 0 
11.1285 1737 0 
11.12943 1738 0 
11.12984 1737 0 
11.13011 1738 0 
11.13016 1737 0 
11.13042 1738 0 
11.13072 1737 0 
11.13107 1738 0 
11.13109 1739 0 
11.13142 1738 0 
11.13183 1739 0 
11.13238 1738 0 
11.1325 1737 0 
11.13306 1736 0 
11.13329 1737 0 
11.13338 1738 0 
11.13425 1739 0 
11.13455 1740 0 
11.1347 1739 0 
11.13477 1740 0 
11.13519 1741 0 
11.13561 1740 0 
11.13569 1739 0 
11.13598 1738 0 
11.13656 1739 0 
11.13704 1738 0 
11.13718 1739 0 
11.13724 1740 0 
11.13732 1739 0 
11.13745 1740 0 
11.13805 1741 0 
11.13853 1742 0 
11.13868 1743 0 
11.13881 1744 0 
11.13951 1743 0 
11.14023 1744 0 
11.14033 1745 0 
11.14046 1744 0 
11.14074 1745 0 
11.14075 1744 0 
11.14128 1745 0 
11.14133 1746 0 
11.14143 1745 0 
11.14177 1746 0 
11.14237 1747 0 
11.14274 1746 0 
11.14275 1747 0 
11.14337 1746 0 
11.1435 1747 0 
11.14415 1748 0 
11.14545 1747 0 
11.14551 1746 0 
11.14603 1747 0 
11.14737 1748 0 
11.14766 1747 0 
11.14806 1748 0 
11.14831 1747 0 
11.14888 1748 0 
11.14934 1749 0 
11.14972 1750 0 
11.15013 1751 0 
11.15038 1752 0 
11.15058 1753 0 
11.15164 1754 0 
11.15169 1755 0 
11.15235 1756 0 
11.15289 1757 0 
11.15298 1758 0 
11.15325 1759 0 
11.1533 1760 0 
11.15332 1759 0 
11.15374 1760 0 
11.15423 1759 0 
11.15433 1760 0 
11.15495 1759 0 
11.15509 1760 0 
11.15528 1761 0 
11.15563 1760 0 
11.15765 1761 0 
11.15879 1762 0 
11.15998 1761 0 
11.16018 1762 0 
11.1609 1761 0 
11.16123 1762 0 
11.16129 1763 0 
11.16129 1764 0 
11.16138 1763 0 
11.16162 1762 0 
11.1623 1763 0 
11.16282 1762 0 
11.16314 1763 0 
11.16347 1762 0 
11.16354 1761 0 
11.16366 1762 0 
11.16371 1763 0 
11.16432 1764 0 
11.16436 1765 0 
11.16462 1766 0 
11.16468 1767 0 
11.16482 1766 0 
11.16597 1767 0 
11.1662 1766 0 
11.16637 1767 0 
11.16665 1768 0 
11.16687 1769 0 
11.1671 1770 0 
11.16722 1771 0 
11.16766 1772 0 
11.16885 1773 0 
11.16889 1772 0 
11.16905 1773 0 
11.16928 1774 0 
11.16929 1773 0 
11.16932 1772 0 
11.16955 1773 0 
11.17017 1774 0 
11.17154 1775 0 
11.17155 1776 0 
11.17171 1777 0 
11.17335 1778 0 
11.17342 1779 0 
11.17439 1780 0 
11.1756 1781 0 
11.17563 1782 0 
11.17596 1783 0 
11.17603 1784 0 
11.17631 1785 0 
11.1764 1786 0 
11.17641 1787 0 
11.1769 1788 0 
11.17726 1787 0 
11.17793 1786 0 
11.17925 1787 0 
11.17965 1788 0 
11.18055 1789 0 
11.18091 1788 0 
11.18098 1789 0 
11.18105 1788 0 
11.18121 1787 0 
11.18152 1786 0 
11.1816 1785 0 
11.18163 1784 0 
11.18172 1783 0 
11.18209 1784 0 
11.18212 1785 0 
11.18218 1786 0 
11.18277 1785 0 
11.18319 1784 0 
11.18364 1783 0 
11.18474 1784 0 
11.18521 1785 0 
11.18604 1784 0 
11.18606 1785 0 
11.18765 1786 0 
11.18815 1787 0 
11.18834 1788 0 
11.1891 1787 0 
11.18912 1786 0 
11.1892 1785 0 
11.18927 1784 0 
11.18973 1785 0 
11.19116 1786 0 
11.19119 1787 0 
11.19147 1786 0 
11.19166 1787 0 
11.1917 1788 0 
11.19175 1789 0 
11.19326 1790 0 
11.19335 1791 0 
11.19449 1790 0 
11.19492 1791 0 
11.19529 1792 0 
11.19532 1793 0 
11.19543 1792 0 
11.19562 1793 0 
11.19627 1794 0 
11.19696 1795 0 
11.19699 1796 0 
11.19719 1797 0 
11.1985 1798 0 
11.19879 1797 0 
11.1989 1796 0 
11.199 1797 0 
11.19918 1796 0 
11.19981 1797 0 
11.19995 1796 0 
11.20048 1795 0 
11.20058 1796 0 
11.20105 1797 0 
11.20214 1796 0 
11.20246 1797 0 
11.20275 1798 0 
11.20364 1797 0 
11.20396 1798 0 
11.20429 1797 0 
11.20473 1798 0 
11.20546 1797 0 
11.20588 1798 0 
11.206 1799 0 
11.20616 1800 0 
11.20708 1801 0 
11.20712 1802 0 
11.20758 1803 0 
11.20762 1804 0 
11.20786 1805 0 
11.20803 1804 0 
11.20803 1805 0 
11.20862 1806 0 
11.20956 1805 0 
11.20966 1806 0 
11.20968 1807 0 
11.21012 1808 0 
11.21046 1809 0 
11.2106 1810 0 
11.21086 1809 0 
11.21089 1808 0 
11.2117 1807 0 
11.21214 1808 0 
11.21237 1807 0 
11.21241 1808 0 
11.21266 1809 0 
11.21341 1810 0 
11.21357 1809 0 
11.21487 1810 0 
11.21593 1811 0 
11.21603 1812 0 
11.21695 1813 0 
11.21696 1814 0 
11.21747 1813 0 
11.21751 1812 0 
11.21755 1811 0 
11.21759 1812 0 
11.21772 1813 0 
11.21814 1812 0 
11.2182 1813 0 
11.21825 1812 0 
11.21838 1813 0 
11.2185 1812 0 
11.21852 1813 0 
11.21904 1814 0 
11.21947 1815 0 
11.21967 1816 0 
11.22013 1817 0 
11.22029 1818 0 
11.22041 1817 0 
11.22055 1818 0 
11.22094 1819 0 
11.22095 1818 0 
11.22127 1819 0 
11.22159 1820 0 
11.22179 1821 0 
11.22193 1822 0 
11.2224 1823 0 
11.22373 1824 0 
11.22373 1823 0 
11.22387 1822 0 
11.2243 1823 0 
11.22452 1822 0 
11.22455 1821 0 
11.22463 1820 0 
11.22513 1819 0 
11.22557 1820 0 
11.22582 1819 0 
11.22643 1820 0 
11.22757 1821 0 
11.22827 1822 0 
11.22891 1823 0 
11.22927 1822 0 
11.2294 1823 0 
11.22944 1822 0 
11.2297 1823 0 
11.22982 1824 0 
11.23074 1825 0 
11.23158 1826 0 
11.2323 1827 0 
11.23435 1826 0 
11.23436 1827 0 
11.23452 1828 0 
11.23501 1827 0 
11.23573 1826 0 
11.23582 1827 0 
11.23606 1826 0 
11.23706 1827 0 
11.23775 1826 0 
11.23778 1825 0 
11.23898 1824 0 
11.23899 1823 0 
11.23986 1824 0 
11.23988 1825 0 
11.24008 1826 0 
11.24056 1825 0 
11.24062 1826 0 
11.24135 1827 0 
11.24262 1826 0 
11.24262 1827 0 
11.24321 1826 0 
11.24434 1827 0 
11.24467 1826 0 
11.24468 1825 0 
11.24511 1826 0 
11.24606 1825 0 
11.2463 1824 1