Time S R1 R2 RB 
0 1000 0 0 0 
0.000566676605096824 999 0 0 0 
0.00137746178394998 998 0 0 0 
0.0027321042954946 999 0 0 0 
0.00363010109458987 998 0 0 0 
0.00704148904276887 999 0 0 0 
0.0108873794952023 1000 0 0 0 
0.0139774944774738 1001 0 0 0 
0.0141405924108805 1000 0 0 0 
0.0150257802323498 999 0 0 0 
0.0168050174196417 998 0 0 0 
0.0178652506255057 999 0 0 0 
0.0197695325088359 1000 0 0 0 
0.0256197214908697 999 0 0 0 
0.0262590959707662 998 0 0 0 
0.0283177630061342 997 0 0 0 
0.0295890038133417 996 0 0 0 
0.0302708064945268 995 0 0 0 
0.0333724293901282 994 0 0 0 
0.0350090650652701 995 0 0 0 
0.036437897146654 994 0 0 0 
0.0414865002057129 995 0 0 0 
0.0415692736998065 994 0 0 0 
0.0426979309403157 995 0 0 0 
0.0449328014051526 994 0 0 0 
0.0460434931004037 995 0 0 0 
0.0550836372350123 996 0 0 0 
0.0594529108531623 995 0 0 0 
0.0714216966142841 994 0 0 0 
0.0715045233363858 995 0 0 0 
0.071973175181378 996 0 0 0 
0.075212591142346 995 0 0 0 
0.0767966449119788 994 0 0 0 
0.0809519657586164 993 0 0 0 
0.0819154329700801 994 0 0 0 
0.0878218831473352 993 0 0 0 
0.0884861556440425 992 0 0 0 
0.0898915395514191 991 0 0 0 
0.0906194931020798 992 0 0 0 
0.0953887630073865 991 0 0 0 
0.0967718120442306 990 0 0 0 
0.0969782264165078 991 0 0 0 
0.0976063795233105 990 0 0 0 
0.099058169207001 989 0 0 0 
0.0992649581356414 988 0 0 0 
0.118502403037054 987 0 0 0 
0.119151603153722 986 0 0 0 
0.122397141194829 985 0 0 0 
0.12282339731632 984 0 0 0 
0.124098991348589 983 0 0 0 
0.124569464167411 982 0 0 0 
0.1257865033306 981 0 0 0 
0.126957032590577 982 0 0 0 
0.128496210703256 981 0 0 0 
0.133080067452229 982 0 0 0 
0.136576110564213 981 0 0 0 
0.141665943711632 980 0 0 0 
0.144195513816678 981 0 0 0 
0.14547338532553 980 0 0 0 
0.147099096687221 979 0 0 0 
0.148141518213072 978 0 0 0 
0.153660789943385 979 0 0 0 
0.15795673256011 978 0 0 0 
0.159071466485013 979 0 0 0 
0.159277137639633 980 0 0 0 
0.161532745003486 981 0 0 0 
0.162870913616538 980 0 0 0 
0.166804866699707 979 0 0 0 
0.169103874692882 978 0 0 0 
0.17082398557596 977 0 0 0 
0.171466507852285 978 0 0 0 
0.172882029043871 977 0 0 0 
0.173152293845683 976 0 0 0 
0.178842292416075 975 0 0 0 
0.182995469426973 976 0 0 0 
0.18953964777073 977 0 0 0 
0.189726075239187 978 0 0 0 
0.191146979239907 977 0 0 0 
0.192195185323232 976 0 0 0 
0.19702344985629 975 0 0 0 
0.197536243572063 974 0 0 0 
0.198415538600582 973 0 0 0 
0.20747562835428 972 0 0 0 
0.207754441277476 971 0 0 0 
0.210144064628649 970 0 0 0 
0.212032221023961 969 0 0 0 
0.217545778477549 970 0 0 0 
0.221953791074557 971 0 0 0 
0.222130378098234 970 0 0 0 
0.228497478678885 969 0 0 0 
0.235016693922868 970 0 0 0 
0.235309008582392 969 0 0 0 
0.240209651948272 970 0 0 0 
0.242636043420528 969 0 0 0 
0.253954193290206 968 0 0 0 
0.261196227533304 967 0 0 0 
0.262465860823292 968 0 0 0 
0.26523252450568 967 0 0 0 
0.265232672783957 968 0 0 0 
0.265652181522143 967 0 0 0 
0.270015192197469 966 0 0 0 
0.272343605849787 965 0 0 0 
0.275216273921241 964 0 0 0 
0.27802646150266 965 0 0 0 
0.283607950929469 964 0 0 0 
0.286590296687937 965 0 0 0 
0.288680897153595 964 0 0 0 
0.290054386185678 963 0 0 0 
0.293730289546239 962 0 0 0 
0.30120248758638 961 0 0 0 
0.301814757526631 962 0 0 0 
0.310169816014583 961 0 0 0 
0.312355049497511 960 0 0 0 
0.312682740551437 959 0 0 0 
0.31542669902481 960 0 0 0 
0.31561870630584 959 0 0 0 
0.318242072334824 958 0 0 0 
0.319131676447758 957 0 0 0 
0.323674341098534 958 0 0 0 
0.324060993186645 957 0 0 0 
0.327424921417365 956 0 0 0 
0.328754324970017 955 0 0 0 
0.328759256542297 954 0 0 0 
0.329809388781497 953 0 0 0 
0.330012229619474 952 0 0 0 
0.331901530881071 951 0 0 0 
0.335896350006424 952 0 0 0 
0.337688646753255 951 0 0 0 
0.346906586299522 952 0 0 0 
0.347683238254126 951 0 0 0 
0.349919109682927 952 0 0 0 
0.351359030306433 951 0 0 0 
0.352473772402068 950 0 0 0 
0.355141239358411 949 0 0 0 
0.356007499229052 948 0 0 0 
0.356705938204024 947 0 0 0 
0.360487017587809 946 0 0 0 
0.368131889158447 945 0 0 0 
0.36969361319512 946 0 0 0 
0.370963790498668 945 0 0 0 
0.377005284590261 946 0 0 0 
0.386595874468116 945 0 0 0 
0.390082506850823 946 0 0 0 
0.390684837596655 945 0 0 0 
0.39868108258164 944 0 0 0 
0.403935882546027 945 0 0 0 
0.405035677334195 946 0 0 0 
0.406371986796149 945 0 0 0 
0.407527233203279 946 0 0 0 
0.419362136929434 945 0 0 0 
0.420152620083683 944 0 0 0 
0.420379166497723 945 0 0 0 
0.427719701382481 944 0 0 0 
0.434319554899989 945 0 0 0 
0.436526774435776 944 0 0 0 
0.438750653114555 943 0 0 0 
0.43890263324582 942 0 0 0 
0.442095747483868 941 0 0 0 
0.44218171907677 940 0 0 0 
0.442458402079911 939 0 0 0 
0.44982672396498 938 0 0 0 
0.46054381145346 937 0 0 0 
0.464981560968042 936 0 0 0 
0.4657487661581 935 0 0 0 
0.468169180332382 934 0 0 0 
0.477492116101807 933 0 0 0 
0.481542185062785 932 0 0 0 
0.483729728167622 931 0 0 0 
0.484565507864904 932 0 0 0 
0.486579137889333 933 0 0 0 
0.493627495260398 934 0 0 0 
0.497507782030728 933 0 0 0 
0.500829762758717 934 0 0 0 
0.50187068998097 933 0 0 0 
0.502461546185556 932 0 0 0 
0.507888596440514 931 0 0 0 
0.513370485961019 932 0 0 0 
0.514326989421752 933 0 0 0 
0.52173340877521 934 0 0 0 
0.522616102988323 933 0 0 0 
0.528289344149778 932 0 0 0 
0.531090448964976 933 0 0 0 
0.539733784738329 934 0 0 0 
0.54525041261388 933 0 0 0 
0.547155914283299 934 0 0 0 
0.547466701196283 933 0 0 0 
0.549626116471958 934 0 0 0 
0.551269109190541 935 0 0 0 
0.554064355921109 934 0 0 0 
0.557219895375414 935 0 0 0 
0.559538078584455 934 0 0 0 
0.560018093138079 933 0 0 0 
0.560287673952875 932 0 0 0 
0.561454759529634 933 0 0 0 
0.562020486026308 932 0 0 0 
0.567644656878595 931 0 0 0 
0.575625426649581 932 0 0 0 
0.575816313645062 931 0 0 0 
0.581595763732575 930 0 0 0 
0.587072011165735 929 0 0 0 
0.588666710041213 928 0 0 0 
0.593617402294136 927 0 0 0 
0.599719671987528 926 0 0 0 
0.604306023207154 927 0 0 0 
0.612212301136433 926 0 0 0 
0.61468496057478 925 0 0 0 
0.616370610919416 924 0 0 0 
0.622652871605536 925 0 0 0 
0.631964681706338 926 0 0 0 
0.635322862855542 925 0 0 0 
0.637484411907283 924 0 0 0 
0.639088893803838 923 0 0 0 
0.645335047167411 922 0 0 0 
0.671004946774932 923 0 0 0 
0.671834713626068 924 0 0 0 
0.683774123127734 925 0 0 0 
0.68515602938934 926 0 0 0 
0.689404563036723 925 0 0 0 
0.690731814225151 924 0 0 0 
0.692795435503029 923 0 0 0 
0.693527182449112 924 0 0 0 
0.696276546722665 923 0 0 0 
0.699088985131614 922 0 0 0 
0.701589059518612 921 0 0 0 
0.701734290911433 920 0 0 0 
0.701887354810571 919 0 0 0 
0.705308201286681 918 0 0 0 
0.705537545246574 917 0 0 0 
0.70861726257267 916 0 0 0 
0.709154308749096 917 0 0 0 
0.710612665004411 918 0 0 0 
0.711842377839072 919 0 0 0 
0.715019825084875 918 0 0 0 
0.719801008238069 917 0 0 0 
0.721125626333725 918 0 0 0 
0.721244368154706 917 0 0 0 
0.722581847152063 916 0 0 0 
0.730311117239029 915 0 0 0 
0.731522739587964 914 0 0 0 
0.734991913627983 913 0 0 0 
0.735435702887152 912 0 0 0 
0.736672199324645 911 0 0 0 
0.739063985038716 910 0 0 0 
0.742021177418303 909 0 0 0 
0.742751534901049 910 0 0 0 
0.744422641578429 909 0 0 0 
0.747227301756766 908 0 0 0 
0.748994731167404 909 0 0 0 
0.752990385360519 910 0 0 0 
0.757552269972615 911 0 0 0 
0.760028749021559 910 0 0 0 
0.763772216119485 909 0 0 0 
0.765403459148861 908 0 0 0 
0.767443501920243 909 0 0 0 
0.774247404797889 908 0 0 0 
0.776401897029735 909 0 0 0 
0.777703285234027 908 0 0 0 
0.778697810794444 907 0 0 0 
0.778729592678243 908 0 0 0 
0.780096104461164 907 0 0 0 
0.781396322103321 908 0 0 0 
0.78418029436501 907 0 0 0 
0.784633129361644 906 0 0 0 
0.785476562342455 905 0 0 0 
0.78689194646724 904 0 0 0 
0.789691429118835 905 0 0 0 
0.790788148703683 906 0 0 0 
0.791577224068397 907 0 0 0 
0.795311548412798 906 0 0 0 
0.797299469572298 905 0 0 0 
0.800448574590129 904 0 0 0 
0.80245205916926 905 0 0 0 
0.805382502212523 904 0 0 0 
0.80663990946113 903 0 0 0 
0.807539775564045 904 0 0 0 
0.809298747085217 903 0 0 0 
0.813105284064297 904 0 0 0 
0.820948571288756 903 0 0 0 
0.826791905454851 904 0 0 0 
0.829076983944653 903 0 0 0 
0.834047237299866 902 0 0 0 
0.835597784863764 903 0 0 0 
0.849230624527918 902 0 0 0 
0.850378665020465 901 0 0 0 
0.854586155229366 900 0 0 0 
0.854823108129957 899 0 0 0 
0.863218964090873 898 0 0 0 
0.869487812265261 897 0 0 0 
0.884038028317852 896 0 0 0 
0.885704927631811 895 0 0 0 
0.886700621302163 894 0 0 0 
0.893505132987384 893 0 0 0 
0.898004142105455 892 0 0 0 
0.898851168952595 891 0 0 0 
0.905925891094074 890 0 0 0 
0.909887072502556 889 0 0 0 
0.922171498815901 888 0 0 0 
0.924739426181436 887 0 0 0 
0.929741255130395 886 0 0 0 
0.934609276485726 885 0 0 0 
0.93503970858593 884 0 0 0 
0.940433956191207 883 0 0 0 
0.945551003929525 884 0 0 0 
0.946668976983769 883 0 0 0 
0.947424959580815 882 0 0 0 
0.955087729255343 883 0 0 0 
0.95535647844621 884 0 0 0 
0.956292726164037 883 0 0 0 
0.966879707869561 884 0 0 0 
0.966905232823259 885 0 0 0 
0.976382098047821 886 0 0 0 
0.980058976003309 885 0 0 0 
0.980742067130166 886 0 0 0 
0.981871694199375 885 0 0 0 
1.00153485576686 886 0 0 0 
1.00196696994708 885 0 0 0 
1.00676986131953 886 0 0 0 
1.01031878491754 885 0 0 0 
1.01599634793907 884 0 0 0 
1.01770690283517 883 0 0 0 
1.02003254851092 882 0 0 0 
1.0210084388734 881 0 0 0 
1.02215494309697 880 0 0 0 
1.02881832464813 879 0 0 0 
1.02895589494644 878 0 0 0 
1.0323606508117 877 0 0 0 
1.0324039203553 876 0 0 0 
1.03352628361845 877 0 0 0 
1.037082548318 876 0 0 0 
1.03874792290501 875 0 0 0 
1.04067067001007 874 0 0 0 
1.04623472636494 875 0 0 0 
1.05486076453512 874 0 0 0 
1.05686052888852 875 0 0 0 
1.05996338705803 874 0 0 0 
1.06012266761109 873 0 0 0 
1.06138594245263 874 0 0 0 
1.07104103257223 873 0 0 0 
1.08621251976361 872 0 0 0 
1.08676780578376 871 0 0 0 
1.09433367407615 870 0 0 0 
1.09605931444008 869 0 0 0 
1.09658801018074 870 0 0 0 
1.10136538143992 869 0 0 0 
1.10165126271914 868 0 0 0 
1.1065933122518 867 0 0 0 
1.11200882116151 866 0 0 0 
1.11636472608285 865 0 0 0 
1.12480342901663 866 0 0 0 
1.12819236180613 867 0 0 0 
1.13011736242072 866 0 0 0 
1.13020894335319 867 0 0 0 
1.13374726459083 866 0 0 0 
1.13781728558402 867 0 0 0 
1.13925699051221 866 0 0 0 
1.14651784028553 865 0 0 0 
1.15096100923315 864 0 0 0 
1.15253222595405 863 0 0 0 
1.15332298429307 862 0 0 0 
1.15532770640844 861 0 0 0 
1.15651870105258 860 0 0 0 
1.15760343954094 861 0 0 0 
1.15970019722897 862 0 0 0 
1.15986292078908 861 0 0 0 
1.16653742681367 860 0 0 0 
1.17016768901263 861 0 0 0 
1.17629881574485 860 0 0 0 
1.18027709988245 859 0 0 0 
1.18489204433314 858 0 0 0 
1.19748126056858 859 0 0 0 
1.19777164413053 858 0 0 0 
1.19944010781276 859 0 0 0 
1.20153933958327 858 0 0 0 
1.20878102455631 859 0 0 0 
1.21110362098326 858 0 0 0 
1.21136576080423 857 0 0 0 
1.22432886943995 856 0 0 0 
1.22579681071444 857 0 0 0 
1.22787635517978 856 0 0 0 
1.22830966993836 857 0 0 0 
1.23479286328777 858 0 0 0 
1.23702469527018 859 0 0 0 
1.23957060449044 858 0 0 0 
1.24253052727875 857 0 0 0 
1.25264598862052 856 0 0 0 
1.25575523949645 857 0 0 0 
1.25971751694396 856 0 0 0 
1.2706122124268 855 0 0 0 
1.27100707402859 856 0 0 0 
1.27611038935825 855 0 0 0 
1.27640726855387 854 0 0 0 
1.27731425327042 853 0 0 0 
1.28553324902263 852 0 0 0 
1.28915498700989 851 0 0 0 
1.28998861966388 850 0 0 0 
1.29660952464844 849 0 0 0 
1.29891743087064 848 0 0 0 
1.3144935056809 847 0 0 0 
1.32134553797282 848 0 0 0 
1.32261296158197 849 0 0 0 
1.3247880911741 848 0 0 0 
1.32497611193496 849 0 0 0 
1.32780911660461 850 0 0 0 
1.32792897652096 849 0 0 0 
1.3292446809329 848 0 0 0 
1.33483088296806 849 0 0 0 
1.3377241428528 848 0 0 0 
1.33783059401964 849 0 0 0 
1.34231238988195 848 0 0 0 
1.34618397271625 847 0 0 0 
1.34755136382771 848 0 0 0 
1.34879728072576 849 0 0 0 
1.3488738948236 848 0 0 0 
1.35142657243524 847 0 0 0 
1.35164580168839 848 0 0 0 
1.35178412875121 847 0 0 0 
1.3526431112289 848 0 0 0 
1.35647676803431 847 0 0 0 
1.35832141506456 846 0 0 0 
1.35912055803306 845 0 0 0 
1.3592695418848 846 0 0 0 
1.36142271913286 845 0 0 0 
1.37248879011392 844 0 0 0 
1.37273059285726 843 0 0 0 
1.37498982605607 842 0 0 0 
1.37520298561053 841 0 0 0 
1.38467493200054 840 0 0 0 
1.38607450401107 841 0 0 0 
1.38909810359825 842 0 0 0 
1.39318580072045 841 0 0 0 
1.39555393205417 840 0 0 0 
1.39832616215986 841 0 0 0 
1.41185243906861 840 0 0 0 
1.41642901349978 841 0 0 0 
1.41645034820642 840 0 0 0 
1.41645742112304 839 0 0 0 
1.42002401164204 840 0 0 0 
1.42016932813821 839 0 0 0 
1.42364427967379 838 0 0 0 
1.43417937769872 839 0 0 0 
1.44347669094908 838 0 0 0 
1.44455232703874 837 0 0 0 
1.45217998727812 836 0 0 0 
1.45239101543846 837 0 0 0 
1.4571227835253 836 0 0 0 
1.45978316958387 837 0 0 0 
1.46132097827292 836 0 0 0 
1.46464187821506 835 0 0 0 
1.46507772704139 834 0 0 0 
1.46857976242459 835 0 0 0 
1.4686153248277 836 0 0 0 
1.46956734895202 835 0 0 0 
1.4706869685507 836 0 0 0 
1.47299960532418 835 0 0 0 
1.47504101550892 834 0 0 0 
1.47747673037282 833 0 0 0 
1.47760106481955 832 0 0 0 
1.47970393286064 831 0 0 0 
1.48283614969716 830 0 0 0 
1.49484044169819 829 0 0 0 
1.49550796611518 828 0 0 0 
1.49583830560488 827 0 0 0 
1.49637095540951 826 0 0 0 
1.50897361728346 825 0 0 0 
1.50913785796761 824 0 0 0 
1.51178251254045 823 0 0 0 
1.51367527153228 822 0 0 0 
1.51629961323482 821 0 0 0 
1.5173691179759 820 0 0 0 
1.52390398208268 819 0 0 0 
1.5255500338424 818 0 0 0 
1.52912532241545 819 0 0 0 
1.53034224512618 820 0 0 0 
1.53134268437299 819 0 0 0 
1.53576226052015 818 0 0 0 
1.53701421856238 817 0 0 0 
1.53853292197913 818 0 0 0 
1.5431722616256 817 0 0 0 
1.54461377027277 816 0 0 0 
1.54709661624885 815 0 0 0 
1.55303390639367 814 0 0 0 
1.55945934604578 813 0 0 0 
1.56297155518524 812 0 0 0 
1.56500528624288 811 0 0 0 
1.56791453732381 812 0 0 0 
1.58170990444143 811 0 0 0 
1.59169203572809 812 0 0 0 
1.61470890237589 811 0 0 0 
1.61680212314268 812 0 0 0 
1.61749973383341 811 0 0 0 
1.61875437226629 810 0 0 0 
1.62087702881692 809 0 0 0 
1.62351767473772 808 0 0 0 
1.62502790517051 807 0 0 0 
1.6251917833376 806 0 0 0 
1.62795982051525 805 0 0 0 
1.63233726750116 804 0 0 0 
1.64177837117706 803 0 0 0 
1.64360147797991 802 0 0 0 
1.64642032501903 801 0 0 0 
1.6477092954878 800 0 0 0 
1.64961444921616 799 0 0 0 
1.65066237534816 800 0 0 0 
1.65210669232418 799 0 0 0 
1.65970324902379 800 0 0 0 
1.6597670808619 799 0 0 0 
1.66165274754586 800 0 0 0 
1.66299375404824 799 0 0 0 
1.66574916367449 798 0 0 0 
1.66747482999615 797 0 0 0 
1.67401365563463 796 0 0 0 
1.68393653848908 795 0 0 0 
1.68554699030297 796 0 0 0 
1.69404993078361 797 0 0 0 
1.69405786007135 796 0 0 0 
1.7032190671564 795 0 0 0 
1.70390824311149 796 0 0 0 
1.70427617697811 795 0 0 0 
1.70723629396452 794 0 0 0 
1.70990301427448 793 0 0 0 
1.71018418049906 794 0 0 0 
1.71184057906965 795 0 0 0 
1.71926842023322 794 0 0 0 
1.72800855444424 793 0 0 0 
1.73130982336572 792 0 0 0 
1.73880971641082 791 0 0 0 
1.75479716726692 792 0 0 0 
1.75527612452285 791 0 0 0 
1.75611329665061 792 0 0 0 
1.75721535079485 791 0 0 0 
1.76318935797055 792 0 0 0 
1.7674549020336 791 0 0 0 
1.77337667380367 790 0 0 0 
1.77606543068639 789 0 0 0 
1.78392715250981 788 0 0 0 
1.78563573722688 789 0 0 0 
1.79021147208124 788 0 0 0 
1.79486942264135 787 0 0 0 
1.79606904442924 786 0 0 0 
1.79925186627898 787 0 0 0 
1.80123084420061 786 0 0 0 
1.80466704344733 785 0 0 0 
1.80555719075956 784 0 0 0 
1.80835870225381 783 0 0 0 
1.81655842598861 782 0 0 0 
1.81723655153157 781 0 0 0 
1.81802936871576 780 0 0 0 
1.81963035328117 779 0 0 0 
1.82013487403108 778 0 0 0 
1.82476579502493 779 0 0 0 
1.82482234932545 780 0 0 0 
1.83131277462772 779 0 0 0 
1.84053393407858 780 0 0 0 
1.84639192831439 779 0 0 0 
1.85264672236812 780 0 0 0 
1.85602427824186 779 0 0 0 
1.85801706850839 780 0 0 0 
1.85832526006097 779 0 0 0 
1.86922235580744 778 0 0 0 
1.88652288354772 777 0 0 0 
1.88830642767622 778 0 0 0 
1.89154346793187 777 0 0 0 
1.89617270211285 776 0 0 0 
1.89701179769887 775 0 0 0 
1.90060584492812 776 0 0 0 
1.91087953396323 775 0 0 0 
1.91515531704236 774 0 0 0 
1.91566733141621 775 0 0 0 
1.93267832746309 774 0 0 0 
1.93352212585137 775 0 0 0 
1.93472838792973 776 0 0 0 
1.93498614575878 777 0 0 0 
1.93558328420323 776 0 0 0 
1.93725691309137 775 0 0 0 
1.9405680280383 774 0 0 0 
1.94230317473687 773 0 0 0 
1.94462727917194 772 0 0 0 
1.94541919956193 773 0 0 0 
1.94585241355518 772 0 0 0 
1.94627904444812 773 0 0 0 
1.94922919138647 772 0 0 0 
1.95158362308602 771 0 0 0 
1.9560122126378 770 0 0 0 
1.95653935701814 769 0 0 0 
1.95755061833635 768 0 0 0 
1.96332932048799 767 0 0 0 
1.96696918866608 766 0 0 0 
1.96883621631157 767 0 0 0 
1.97687945316919 766 0 0 0 
1.97895421747526 765 0 0 0 
1.98196478847458 764 0 0 0 
1.98462475556627 765 0 0 0 
1.98496081595544 764 0 0 0 
1.98941287004875 765 0 0 0 
1.98959210922294 764 0 0 0 
1.99545266068992 763 0 0 0 
1.99923940779838 762 0 0 0 
2.00638062641829 761 0 0 0 
2.00901144937656 762 0 0 0 
2.01820325941235 763 0 0 0 
2.02416526633134 762 0 0 0 
2.02607398676878 761 0 0 0 
2.02806985274677 762 0 0 0 
2.02871510186708 761 0 0 0 
2.03387191559095 760 0 0 0 
2.04310399117431 759 0 0 0 
2.04765089554159 758 0 0 0 
2.05139904677958 757 0 0 0 
2.05325908147153 756 0 0 0 
2.0550056368394 755 0 0 0 
2.0603910168201 754 0 0 0 
2.06062176648009 753 0 0 0 
2.06129287300768 752 0 0 0 
2.07754152189246 753 0 0 0 
2.08019268107512 752 0 0 0 
2.08860321480236 751 0 0 0 
2.1084465846951 750 0 0 0 
2.11347559435715 751 0 0 0 
2.11835879579799 752 0 0 0 
2.12104625157343 751 0 0 0 
2.1255834945165 750 0 0 0 
2.12764883566804 751 0 0 0 
2.13493104945592 750 0 0 0 
2.14886749933339 749 0 0 0 
2.14915247536214 748 0 0 0 
2.15311006973498 747 0 0 0 
2.15590576945625 748 0 0 0 
2.15684369568244 749 0 0 0 
2.16380566434718 748 0 0 0 
2.17043726576229 747 0 0 0 
2.17574925396674 748 0 0 0 
2.17777584177134 749 0 0 0 
2.18605935533726 748 0 0 0 
2.19195882774808 747 0 0 0 
2.19383903717621 748 0 0 0 
2.19831404514239 749 0 0 0 
2.19859524048329 748 0 0 0 
2.21256097861385 749 0 0 0 
2.2227025230695 748 0 0 0 
2.22640690767386 749 0 0 0 
2.23544641654604 748 0 0 0 
2.23768889858533 747 0 0 0 
2.23997527954404 746 0 0 0 
2.24022979326214 745 0 0 0 
2.24348128490687 744 0 0 0 
2.24590912803154 743 0 0 0 
2.24716071654208 742 0 0 0 
2.25379684318524 741 0 0 0 
2.25620804048739 740 0 0 0 
2.26544345853258 739 0 0 0 
2.26620411408497 738 0 0 0 
2.27901627595223 737 0 0 0 
2.28863736056189 738 0 0 0 
2.28885751856888 737 0 0 0 
2.30103011848868 738 0 0 0 
2.3083472239458 737 0 0 0 
2.31660597770639 736 0 0 0 
2.31701826443779 735 0 0 0 
2.3197825719142 736 0 0 0 
2.32155105854345 737 0 0 0 
2.32222146386339 736 0 0 0 
2.33014858795512 735 0 0 0 
2.33375901425615 736 0 0 0 
2.33390610057197 737 0 0 0 
2.33979930087278 736 0 0 0 
2.34038733975488 737 0 0 0 
2.34192468929334 736 0 0 0 
2.34348005978346 735 0 0 0 
2.35005944157249 734 0 0 0 
2.35296544175201 733 0 0 0 
2.35665090409758 732 0 0 0 
2.36161690974183 731 0 0 0 
2.36233758845018 732 0 0 0 
2.36648608153036 731 0 0 0 
2.36851804828193 730 0 0 0 
2.37038657855328 729 0 0 0 
2.38518448117451 728 0 0 0 
2.39062639858333 727 0 0 0 
2.39893218433761 726 0 0 0 
2.40332870788398 725 0 0 0 
2.40423606635727 726 0 0 0 
2.40424027897142 725 0 0 0 
2.40467632049575 724 0 0 0 
2.40506908640068 723 0 0 0 
2.41329884739835 724 0 0 0 
2.41490065902842 723 0 0 0 
2.41898916902467 722 0 0 0 
2.42762027411922 721 0 0 0 
2.44086768675643 722 0 0 0 
2.44336809470921 721 0 0 0 
2.44614641108002 720 0 0 0 
2.44760381830796 719 0 0 0 
2.44897688168895 720 0 0 0 
2.45090108077177 721 0 0 0 
2.45104729156739 720 0 0 0 
2.45300628011889 719 0 0 0 
2.45560868539951 718 0 0 0 
2.46262164456714 717 0 0 0 
2.46780582329169 716 0 0 0 
2.47798823804361 715 0 0 0 
2.48039286237003 714 0 0 0 
2.48148102582472 713 0 0 0 
2.48404226962541 712 0 0 0 
2.4858761163354 711 0 0 0 
2.48901102405683 710 0 0 0 
2.4895847825462 709 0 0 0 
2.5054476936157 708 0 0 0 
2.50814101279401 707 0 0 0 
2.51586372927937 708 0 0 0 
2.53003408156539 709 0 0 0 
2.53850418570183 708 0 0 0 
2.54435134086685 709 0 0 0 
2.54575185037872 710 0 0 0 
2.55610245326518 709 0 0 0 
2.57357044992186 708 0 0 0 
2.57405990768626 709 0 0 0 
2.57640925067365 708 0 0 0 
2.58514939871379 709 0 0 0 
2.58586082244868 708 0 0 0 
2.58624274334242 707 0 0 0 
2.5877326743429 706 0 0 0 
2.58825787294161 705 0 0 0 
2.59589377655488 704 0 0 0 
2.6033715946868 705 0 0 0 
2.60380787222527 704 0 0 0 
2.61844200128797 703 0 0 0 
2.61884664795933 702 0 0 0 
2.63045711984944 703 0 0 0 
2.63062743994021 702 0 0 0 
2.63227921940063 701 0 0 0 
2.6344323442336 700 0 0 0 
2.63616534122925 701 0 0 0 
2.63899153261356 700 0 0 0 
2.64253127859437 699 0 0 0 
2.64375030684621 698 0 0 0 
2.65269274114384 699 0 0 0 
2.65441209772402 700 0 0 0 
2.65863687519261 699 0 0 0 
2.66484458755838 698 1 0 0 
2.66485971446866 697 1 0 0 
2.66598255111311 696 1 0 0 
2.66751714838836 695 1 0 0 
2.67392165004364 696 1 0 0 
2.67693510739555 695 1 0 0 
2.67996126733456 694 1 0 0 
2.68189307280651 693 1 0 0 
2.68382310194604 692 1 0 0 
2.68428604068122 693 1 0 0 
2.69438835806995 694 1 0 0 
2.69859508343325 693 1 0 0 
2.69984689814218 692 1 0 0 
2.70178066972744 691 1 0 0 
2.70461320394995 692 1 0 0 
2.70934808574054 693 1 0 0 
2.7179173693546 694 1 0 0 
2.71928891316656 693 1 0 0 
2.72038138385792 692 1 0 0 
2.72632122779696 691 1 0 0 
2.72785984562459 690 1 0 0 
2.73353903070577 689 1 0 0 
2.73376145970842 690 1 0 0 
2.73963078899705 689 1 0 0 
2.75061767797525 688 1 0 0 
2.75927196635785 687 1 0 0 
2.76140927004529 686 1 0 0 
2.76371814698887 685 1 0 0 
2.77073040028198 684 1 0 0 
2.7755060858234 685 1 0 0 
2.7780031426058 684 1 0 0 
2.77933299039236 685 1 0 0 
2.78073525728442 686 1 0 0 
2.7813833021258 685 1 0 0 
2.78801701682836 684 1 0 0 
2.78861350694163 683 1 0 0 
2.79146646830349 682 1 0 0 
2.79813404314911 681 1 0 0 
2.79956583439106 680 1 0 0 
2.81038707466935 679 1 0 0 
2.8187087231647 678 1 0 0 
2.82489042385856 679 1 0 0 
2.83270288058753 678 1 0 0 
2.844227487857 679 1 0 0 
2.86506975261096 680 1 0 0 
2.86715389306472 681 1 0 0 
2.86921077826353 680 1 0 0 
2.87465629048023 679 1 0 0 
2.8810905368661 680 1 0 0 
2.88239131773488 679 1 0 0 
2.88314473043924 678 1 0 0 
2.88452008218885 677 1 0 0 
2.88453635583172 676 1 0 0 
2.88649571003221 675 1 0 0 
2.88790640359053 674 1 0 0 
2.88969920008105 673 1 0 0 
2.89131106717711 672 1 0 0 
2.89174001105407 673 1 0 0 
2.89282503347269 672 1 0 0 
2.8973360436968 671 1 0 0 
2.90159441693229 670 1 0 0 
2.92381336891226 669 1 0 0 
2.92894054912007 670 1 0 0 
2.92908116486197 669 1 0 0 
2.94225833449435 668 1 0 0 
2.94404273626961 667 1 0 0 
2.94743938373725 668 1 0 0 
2.94922946696682 667 1 0 0 
2.95684193444529 666 1 0 0 
2.957713035118 667 1 0 0 
2.9604441271746 666 1 0 0 
2.96347694621059 665 1 0 0 
2.97476091984167 666 1 0 0 
2.98312397876718 665 1 0 0 
2.98454065452161 664 1 0 0 
2.98989069260241 663 1 0 0 
2.99321006764038 662 1 0 0 
3.00174199926955 661 1 0 0 
3.00226941613254 662 1 0 0 
3.01073853221221 663 1 0 0 
3.01536411942261 662 1 0 0 
3.02301754203577 663 1 0 0 
3.0333486651644 664 1 0 0 
3.03618776096925 663 1 0 0 
3.04729762864435 662 1 0 0 
3.04754861837577 661 1 0 0 
3.05114518454511 660 1 0 0 
3.05782926891829 661 1 0 0 
3.0587127173747 660 1 0 0 
3.05997088670073 659 1 0 0 
3.06185458578356 660 1 0 0 
3.06593583876651 659 1 0 0 
3.06907210638246 658 1 0 0 
3.07622623446874 657 1 0 0 
3.08004156610565 656 1 0 0 
3.0831156800567 655 1 0 0 
3.08452080694466 654 1 0 0 
3.08813806832899 655 1 0 0 
3.08849828846857 654 1 0 0 
3.09628434569566 655 1 0 0 
3.09779785950716 656 1 0 0 
3.09900095770218 655 1 0 0 
3.10510841862837 654 1 0 0 
3.10762963117987 653 1 0 0 
3.11581220902232 652 1 0 0 
3.11604879411594 653 1 0 0 
3.11655558495734 654 1 0 0 
3.12042719229916 655 1 0 0 
3.12607579195247 654 1 0 0 
3.13219517326956 653 1 0 0 
3.13245371123914 654 1 0 0 
3.1339516133006 653 1 0 0 
3.13449064674269 652 1 0 0 
3.13589099789198 651 1 0 0 
3.13750515186958 650 1 0 0 
3.15003573891811 649 1 0 0 
3.15271530691883 650 1 0 0 
3.15829826806104 649 1 0 0 
3.17531256930369 648 1 0 0 
3.17597308963818 647 1 0 0 
3.17679235203797 646 1 0 0 
3.17902107647803 647 1 0 0 
3.1810427118183 646 1 0 0 
3.18291856546487 645 1 0 0 
3.18376122163257 644 1 0 0 
3.19625992067626 643 1 0 0 
3.20047244741371 644 1 0 0 
3.20864548331475 643 1 0 0 
3.20922908349867 642 1 0 0 
3.2123051488904 641 1 0 0 
3.21747741716322 640 1 0 0 
3.22050764936365 639 1 0 0 
3.22349021825221 638 1 0 0 
3.2322343786922 639 1 0 0 
3.23814651021916 640 1 0 0 
3.23863746809468 639 1 0 0 
3.23878699594384 638 1 0 0 
3.24075829646277 637 1 0 0 
3.24631932958118 638 1 0 0 
3.26247881323514 637 1 0 0 
3.26616561456675 636 1 0 0 
3.2684368945089 635 1 0 0 
3.27010533926193 634 1 0 0 
3.2701554892742 635 1 0 0 
3.27079836012632 634 1 0 0 
3.27637860755313 633 1 0 0 
3.27648732787677 634 1 0 0 
3.27745121439989 633 1 0 0 
3.27901425599093 634 1 0 0 
3.27942943906946 633 1 0 0 
3.28144550013563 632 1 0 0 
3.29407023484783 633 1 0 0 
3.30304841828833 634 1 0 0 
3.30324198837833 633 1 0 0 
3.30711158996243 632 1 0 0 
3.31030312224614 631 1 0 0 
3.312766011132 630 1 0 0 
3.31534931186057 629 1 0 0 
3.3178862412683 628 1 0 0 
3.31860841973306 627 1 0 0 
3.31896592002212 626 1 0 0 
3.3304258988375 625 1 0 0 
3.33198142229626 624 1 0 0 
3.33874399704842 623 1 0 0 
3.33990542274583 622 1 0 0 
3.3412626794078 621 1 0 0 
3.34410860046927 620 1 0 0 
3.34709769283089 619 1 0 0 
3.3709540168323 618 1 0 0 
3.37406025462421 619 1 0 0 
3.3783722665212 620 1 0 0 
3.37925542648085 619 1 0 0 
3.38177621349524 618 1 0 0 
3.39412995976565 617 1 0 0 
3.40252146538947 616 1 0 0 
3.40258850183719 617 1 0 0 
3.40399525265385 616 1 0 0 
3.40538336608354 615 1 0 0 
3.40695699889621 614 1 0 0 
3.40892423954406 613 1 0 0 
3.41477907709606 612 1 0 0 
3.41480189135401 613 1 0 0 
3.4244306915138 612 1 0 0 
3.42904626121637 613 1 0 0 
3.4305155800702 612 1 0 0 
3.43274173175078 611 1 0 0 
3.44269417615241 610 1 0 0 
3.44272280867918 609 1 0 0 
3.44459646526239 608 1 0 0 
3.44534973059328 607 1 0 0 
3.44661790212789 606 1 0 0 
3.45036085210044 607 1 0 0 
3.45470474900397 606 1 0 0 
3.45718165222028 605 1 0 0 
3.46900434334544 604 1 0 0 
3.47288908122183 605 1 0 0 
3.47515284371774 604 1 0 0 
3.47521832652913 605 1 0 0 
3.47534024896781 604 1 0 0 
3.48958289780018 603 1 0 0 
3.49069335023255 602 1 0 0 
3.50224867929793 601 1 0 0 
3.50800103660177 602 1 0 0 
3.51310213000543 601 1 0 0 
3.51411342363763 600 1 0 0 
3.52382483966571 599 1 0 0 
3.54122477353928 598 1 0 0 
3.54223891230608 597 1 0 0 
3.54280929338458 598 1 0 0 
3.54632081084761 597 1 0 0 
3.54676665128448 596 1 0 0 
3.54777168162173 595 1 0 0 
3.54779819575605 596 1 0 0 
3.55202446051242 597 1 0 0 
3.56464014600191 596 1 0 0 
3.58411882029308 595 1 0 0 
3.58492934388868 594 1 0 0 
3.58502645146624 595 1 0 0 
3.58692902939853 594 1 0 0 
3.58968990079951 593 1 0 0 
3.58984723115903 592 1 0 0 
3.59967602408083 591 1 0 0 
3.6007765012637 590 1 0 0 
3.60206299771139 589 1 0 0 
3.61195209901916 588 1 0 0 
3.61635879673208 589 1 0 0 
3.62020564661232 588 1 0 0 
3.63182155779172 587 1 0 0 
3.63491678104226 588 1 0 0 
3.6361461593975 587 1 0 0 
3.63744618175396 586 1 0 0 
3.63898260808666 585 1 0 0 
3.6415006821512 584 1 0 0 
3.65563817532516 583 1 0 0 
3.66078821656476 582 1 0 0 
3.67537686493555 581 1 0 0 
3.67577825242562 582 1 0 0 
3.69643281962961 581 1 0 0 
3.70300183387131 580 1 0 0 
3.7077713831764 579 1 0 0 
3.71080300902623 578 1 0 0 
3.71598584739001 577 1 0 0 
3.71739631641417 578 1 0 0 
3.73402903870171 579 1 0 0 
3.73521471168279 580 1 0 0 
3.73814092825238 579 1 0 0 
3.75690163812465 580 1 0 0 
3.76210864191404 581 1 0 0 
3.77403918240107 580 1 0 0 
3.77666175383926 579 1 0 0 
3.77765263960333 578 1 0 0 
3.78422182941739 577 1 0 0 
3.78439148634758 578 1 0 0 
3.78707357514806 577 1 0 0 
3.79300906905242 578 1 0 0 
3.79675921492861 577 1 0 0 
3.79720429567201 576 1 0 0 
3.80049513765819 575 1 0 0 
3.80066827421424 574 1 0 0 
3.80775465916177 573 1 0 0 
3.8099750028521 574 1 0 0 
3.81863500142568 573 1 0 0 
3.82598080875952 572 1 0 0 
3.826940981403 571 1 0 0 
3.82733193174204 572 1 0 0 
3.82918400675738 571 1 0 0 
3.8311760606142 572 1 0 0 
3.83381860720249 573 1 0 0 
3.84695336154148 572 1 0 0 
3.85924177860121 573 1 0 0 
3.86289401898197 572 1 0 0 
3.86759871094485 571 1 0 0 
3.86878642170355 570 1 0 0 
3.87143045865253 569 1 0 0 
3.87614395774047 570 1 0 0 
3.87797572751819 569 1 0 0 
3.88014954570833 568 1 0 0 
3.88828505400558 569 1 0 0 
3.89278732378 568 1 0 0 
3.89441148094659 567 1 0 0 
3.90513775921971 568 1 0 0 
3.90830959674556 569 1 0 0 
3.91825709325725 568 1 0 0 
3.92176888987754 567 1 0 0 
3.93103299316172 566 1 0 0 
3.93560448735461 565 1 0 0 
3.93605743079481 564 1 0 0 
3.95408346498082 563 1 0 0 
3.95474335535883 564 1 0 0 
3.9568601115804 563 1 0 0 
3.96495584068858 562 1 0 0 
3.96793438837784 561 1 0 0 
3.97280007977218 560 1 0 0 
3.97431783777574 559 1 0 0 
3.97434134552465 558 1 0 0 
3.98019384766006 557 1 0 0 
3.99603177684022 556 1 0 0 
3.99622233377477 555 1 0 0 
4.00359827702137 554 1 0 0 
4.01360298398416 553 1 0 0 
4.01446764597556 554 1 0 0 
4.01892234193101 555 1 0 0 
4.01995825019684 556 1 0 0 
4.02116607262876 557 1 0 0 
4.02245459366887 556 1 0 0 
4.02646060628416 555 1 0 0 
4.03044806515932 554 1 0 0 
4.03938083827963 553 1 0 0 
4.04228852112898 552 1 0 0 
4.04514928606646 553 1 0 0 
4.06114565042898 552 1 0 0 
4.06434892457436 551 1 0 0 
4.07983967270447 550 1 0 0 
4.08425010153053 551 1 0 0 
4.08813289571408 550 1 0 0 
4.10242414856252 549 1 0 0 
4.10904795793628 550 1 0 0 
4.10929847229605 549 1 0 0 
4.11478762159413 548 1 0 0 
4.11923676087348 547 1 0 0 
4.12406747174881 546 1 0 0 
4.12916326109776 545 1 0 0 
4.12992533695399 544 1 0 0 
4.13343645952182 543 1 0 0 
4.13389393928469 542 1 0 0 
4.15121614022532 541 1 0 0 
4.15440947444384 542 1 0 0 
4.154432576969 541 1 0 0 
4.1548250288381 540 1 0 0 
4.16089623643248 539 1 0 0 
4.16506416159958 538 1 0 0 
4.17167982693386 537 1 0 0 
4.17959488820546 536 1 0 0 
4.18525431807681 535 1 0 0 
4.18739694207503 534 1 0 0 
4.18841214542036 533 1 0 0 
4.19179013069839 532 1 0 0 
4.19379832367385 531 1 0 0 
4.19427747333703 530 1 0 0 
4.19794838893479 531 1 0 0 
4.19824951649129 532 1 0 0 
4.20161602896125 533 1 0 0 
4.20463212531059 534 1 0 0 
4.20812538522105 535 1 0 0 
4.21793931310948 534 1 0 0 
4.21795686818436 533 1 0 0 
4.22331474505387 532 1 0 0 
4.225586588125 531 1 0 0 
4.22598509279738 530 1 0 0 
4.22840178840464 529 1 0 0 
4.2366951350481 528 1 0 0 
4.24334629842286 529 1 0 0 
4.24581980247181 528 1 0 0 
4.24962049110061 527 1 0 0 
4.25797504399508 526 1 0 0 
4.26221909550682 525 1 0 0 
4.27063556386492 524 1 0 0 
4.27284650931322 525 1 0 0 
4.28853241550898 526 1 0 0 
4.28865020461875 525 1 0 0 
4.3057829992643 524 1 0 0 
4.31079482686863 523 1 0 0 
4.31741783422044 522 1 0 0 
4.31892719489263 523 1 0 0 
4.32380824166984 524 1 0 0 
4.32766083800316 523 1 0 0 
4.32954455062931 522 1 0 0 
4.33605953450437 523 1 0 0 
4.34078585474813 522 1 0 0 
4.34763255230757 523 1 0 0 
4.34816128255736 522 1 0 0 
4.35217030116116 523 1 0 0 
4.35225962380375 522 1 0 0 
4.35873540380393 521 1 0 0 
4.35904588248121 522 1 0 0 
4.36995808066824 521 1 0 0 
4.3706915396561 522 1 0 0 
4.38405187349028 521 1 0 0 
4.39073004874534 522 1 0 0 
4.39356340670785 523 1 0 0 
4.40416587205599 524 1 0 0 
4.40583908995659 523 1 0 0 
4.40923076855609 522 1 0 0 
4.41296905530454 521 1 0 0 
4.41635423044475 522 1 0 0 
4.41762404631976 521 1 0 0 
4.41837089509702 520 1 0 0 
4.42793916857603 519 1 0 0 
4.44041426483186 518 1 0 0 
4.44484977477111 517 1 0 0 
4.44813094878386 516 1 0 0 
4.45657674468912 515 1 0 0 
4.45998912389127 514 1 0 0 
4.47261445679082 515 1 0 0 
4.49247886301995 514 1 0 0 
4.49348759895187 513 1 0 0 
4.49449190063143 514 1 0 0 
4.49804307872446 513 1 0 0 
4.5027879669402 514 1 0 0 
4.50409012552275 513 1 0 0 
4.50444440665526 512 1 0 0 
4.50825331530346 511 1 0 0 
4.52137115065065 512 1 0 0 
4.52654816092984 511 1 0 0 
4.52830942290386 510 1 0 0 
4.53207056545607 511 1 0 0 
4.53937321876862 510 1 0 0 
4.54197983417193 511 1 0 0 
4.54842285257844 512 1 0 0 
4.57262803370089 511 1 0 0 
4.57465678789352 512 1 0 0 
4.57973439657553 511 1 0 0 
4.58434423031665 510 1 0 0 
4.58436117981178 511 1 0 0 
4.58506003846138 512 1 0 0 
4.58840410517075 511 1 0 0 
4.59103220699607 512 1 0 0 
4.59148316572821 511 1 0 0 
4.5942629338716 512 1 0 0 
4.59853412432955 511 1 0 0 
4.6000521916936 510 1 0 0 
4.62586530902375 511 1 0 0 
4.63525903486078 512 1 0 0 
4.64080630358136 511 1 0 0 
4.64662199279964 510 1 0 0 
4.65041017024725 509 1 0 0 
4.65896099492152 510 1 0 0 
4.68692566485481 509 1 0 0 
4.69009200495159 510 1 0 0 
4.69029327178367 511 1 0 0 
4.69550954573605 510 1 0 0 
4.7136255951932 511 1 0 0 
4.72339250597949 512 1 0 0 
4.72555542436202 511 1 0 0 
4.72563924445714 510 1 0 0 
4.73865654653065 509 1 0 0 
4.74118050833026 510 1 0 0 
4.74436011608424 509 1 0 0 
4.75016274881707 510 1 0 0 
4.75109419121611 509 1 0 0 
4.75296702083147 510 1 0 0 
4.75419369989958 509 1 0 0 
4.75778814735572 508 1 0 0 
4.7642676119283 507 1 0 0 
4.7727775201515 508 1 0 0 
4.77661613544682 507 1 0 0 
4.77806818823833 506 1 0 0 
4.77895311621876 505 1 0 0 
4.78871067581507 506 1 0 0 
4.79107765803011 505 1 0 0 
4.80369737998177 506 1 0 0 
4.81169716912015 505 1 0 0 
4.81270394981792 506 1 0 0 
4.82428388718703 507 1 0 0 
4.83538473102883 508 1 0 0 
4.83758016323092 507 1 0 0 
4.8444219553619 506 1 0 0 
4.84903375546058 505 1 0 0 
4.86173334702404 504 1 0 0 
4.86463885004394 503 1 0 0 
4.866164241308 502 1 0 0 
4.87198096584024 501 1 0 0 
4.89361047867308 500 1 0 0 
4.89877046645524 501 1 0 0 
4.90008373620244 502 1 0 0 
4.90845856978166 503 1 0 0 
4.90865895028538 502 1 0 0 
4.91804039226818 501 1 0 0 
4.92732572508307 500 1 0 0 
4.93829393676482 499 1 0 0 
4.94173258974244 498 1 0 0 
4.9606902803454 497 1 0 0 
4.96859013717515 498 1 0 0 
4.9747422119056 497 1 0 0 
4.97792219653045 498 1 0 0 
4.98242747668259 497 1 0 0 
4.98613807938517 496 1 0 0 
4.99502638603748 495 1 0 0 
5.00924976551963 494 1 0 0 
5.01304913627078 493 1 0 0 
5.01360019325479 492 1 0 0 
5.03038928784818 493 1 0 0 
5.03256294022424 494 1 0 0 
5.03808537448295 493 1 0 0 
5.04441039296925 492 1 0 0 
5.04572897821314 493 1 0 0 
5.05296541687291 494 1 0 0 
5.05743656330139 493 1 0 0 
5.05893525061203 492 1 0 0 
5.06112391768214 491 1 0 0 
5.06414535241087 490 1 0 0 
5.06947492688641 491 1 0 0 
5.07708130757075 490 1 0 0 
5.08403083763631 489 1 0 0 
5.09156860832097 488 1 0 0 
5.09435787363625 487 1 0 0 
5.09780480376472 486 1 0 0 
5.09846693753319 487 1 0 0 
5.10263929588521 486 1 0 0 
5.10508227737844 485 1 0 0 
5.10688962695905 486 1 0 0 
5.11090979961172 485 1 0 0 
5.11573083787603 484 1 0 0 
5.12334143550677 483 1 0 0 
5.13287725632543 482 1 0 0 
5.13575327286802 483 1 0 0 
5.14352381565037 482 1 0 0 
5.14915680540221 483 1 0 0 
5.14959275972472 482 1 0 0 
5.15395513950646 481 1 0 0 
5.16010577241839 480 1 0 0 
5.16755385108132 479 1 0 0 
5.17475319255544 478 1 0 0 
5.17698788592072 477 1 0 0 
5.1772650388379 476 1 0 0 
5.18919445896488 475 1 0 0 
5.19178955828614 474 1 0 0 
5.19210650212548 473 1 0 0 
5.19221806706901 472 1 0 0 
5.19648264944919 471 1 0 0 
5.19895829735029 470 1 0 0 
5.20069622119436 471 1 0 0 
5.21271498273671 470 1 0 0 
5.2189289996577 471 1 0 0 
5.22385405556175 470 1 0 0 
5.22458427212254 471 1 0 0 
5.23291386048484 472 1 0 0 
5.23454806022788 471 1 0 0 
5.23539415898265 470 1 0 0 
5.24130431359102 469 1 0 0 
5.24140526184573 468 1 0 0 
5.24657481041662 467 1 0 0 
5.25233973973692 466 1 0 0 
5.25620892674791 465 1 0 0 
5.25691770518572 464 1 0 0 
5.26443576934877 463 1 0 0 
5.26595580737053 462 1 0 0 
5.2671596183109 461 1 0 0 
5.27346881453796 460 1 0 0 
5.27583113373839 461 1 0 0 
5.28275283599519 460 1 0 0 
5.28300116683432 459 1 0 0 
5.28530013112209 460 1 0 0 
5.28943333397383 459 1 0 0 
5.28977643204297 458 1 0 0 
5.29047492781237 459 1 0 0 
5.30309933114053 460 1 0 0 
5.30542822501492 461 1 0 0 
5.31299384306587 460 1 0 0 
5.31603028115627 459 1 0 0 
5.3197271251328 460 1 0 0 
5.32148676019787 461 1 0 0 
5.32812943221189 460 1 0 0 
5.34147921857725 459 1 0 0 
5.34204640410825 460 1 0 0 
5.35186789925583 459 1 0 0 
5.35486172746711 458 1 0 0 
5.35835214236855 457 1 0 0 
5.35990025872319 458 1 0 0 
5.36976113979006 457 1 0 0 
5.37976259983283 456 1 0 0 
5.38049482476559 455 1 0 0 
5.38127102657534 456 1 0 0 
5.38148138326787 457 1 0 0 
5.40826825626692 456 1 0 0 
5.41521590576558 455 1 0 0 
5.42441839650969 454 1 0 0 
5.4277221891504 453 1 0 0 
5.43172679686236 452 1 0 0 
5.43919795054221 451 1 0 0 
5.4530312563876 452 1 0 0 
5.4558561370529 451 1 0 0 
5.46823296496064 450 1 0 0 
5.48099135453594 449 1 0 0 
5.48174440824844 448 1 0 0 
5.49258339403734 447 1 0 0 
5.50043034448761 446 1 0 0 
5.51078130930563 445 1 0 0 
5.52344684031806 444 1 0 0 
5.53617738078529 443 1 0 0 
5.54732172651293 442 1 0 0 
5.54737862338315 443 1 0 0 
5.54821340906621 442 1 0 0 
5.54932763802713 441 1 0 0 
5.5539631157329 440 1 0 0 
5.56363419596798 441 1 0 0 
5.56491020073156 440 1 0 0 
5.56601584354175 439 1 0 0 
5.569192042129 440 1 0 0 
5.57208905092369 441 1 0 0 
5.58509197803581 440 1 0 0 
5.58548681627453 441 1 0 0 
5.58969533120948 440 1 0 0 
5.5956917729646 439 1 0 0 
5.59860313463726 438 1 0 0 
5.60528884755791 437 1 0 0 
5.61452241135048 438 1 0 0 
5.64562949059503 439 1 0 0 
5.64818436453696 440 1 0 0 
5.65569158517787 439 1 0 0 
5.65616130085914 438 1 0 0 
5.66230631875307 437 1 0 0 
5.66609564604403 438 1 0 0 
5.67444028114913 437 1 0 0 
5.67688474974521 436 1 0 0 
5.67808450140287 437 1 0 0 
5.67835201408279 436 1 0 0 
5.69139881009331 435 1 0 0 
5.70122610938669 434 1 0 0 
5.70689516442596 435 1 0 0 
5.71366644414447 436 1 0 0 
5.730558696986 435 1 0 0 
5.73105750759366 434 1 0 0 
5.74143564976982 433 1 0 0 
5.7592290669496 432 1 0 0 
5.76291866774943 431 1 0 0 
5.76308509561434 430 1 0 0 
5.78750178336726 431 1 0 0 
5.78750351735306 431 0 0 0 
5.80063886690398 430 0 0 0 
5.81595387053189 429 0 0 0 
5.82634085184763 428 0 0 0 
5.85651872500113 427 0 0 0 
5.86416746819818 426 0 0 0 
5.86548810516916 425 0 0 0 
5.86689458518111 424 0 0 0 
5.87738977083177 425 0 0 0 
5.87997513683379 424 0 0 0 
5.88315656412685 425 0 0 0 
5.88707441214827 424 0 0 0 
5.8883969236882 425 0 0 0 
5.90648662609971 426 0 0 0 
5.91951428861917 427 0 0 0 
5.9206903540066 428 0 0 0 
5.92465053967781 429 0 0 0 
5.9351993144319 430 0 0 0 
5.93777393186093 429 0 0 0 
5.94780601035158 428 0 0 0 
5.96349387779027 427 0 0 0 
5.9639480456662 426 0 0 0 
5.96715072341182 425 0 0 0 
5.96774592035565 424 0 0 0 
5.97315363251535 423 0 0 0 
5.98562240794525 422 0 0 0 
5.98696959177903 423 0 0 0 
5.98703327422646 422 0 0 0 
5.98992655959579 421 0 0 0 
5.99292602356356 422 0 0 0 
5.99427525438841 421 0 0 0 
6.00468794369255 420 0 0 0 
6.0067745087844 419 0 0 0 
6.0092260247648 418 0 0 0 
6.01087650643552 417 0 0 0 
6.0114255536688 416 0 0 0 
6.01799209461172 415 0 0 0 
6.02540770152902 416 0 0 0 
6.02679659256762 417 0 0 0 
6.02964486221676 416 0 0 0 
6.03498369063949 415 0 0 0 
6.03549004625424 414 0 0 0 
6.03605960308565 415 0 0 0 
6.03686328122987 414 0 0 0 
6.04331878524664 413 0 0 0 
6.04442660177991 412 0 0 0 
6.04513779480656 411 0 0 0 
6.0462574473206 412 0 0 0 
6.0567712098929 413 0 0 0 
6.06103576862761 412 0 0 0 
6.06169757546527 411 0 0 0 
6.06422370427879 410 0 0 0 
6.06573909291506 409 0 0 0 
6.07259888225406 408 0 0 0 
6.08188878857615 409 0 0 0 
6.08293737443578 408 0 0 0 
6.08956257564816 407 0 0 0 
6.09352094875673 406 0 0 0 
6.09756341392834 407 0 0 0 
6.09783804927892 406 0 0 0 
6.10173886370155 405 0 0 0 
6.10332698770155 404 0 0 0 
6.10860885497098 403 0 0 0 
6.10876232706192 404 0 0 0 
6.113021054805 403 0 0 0 
6.11491682942569 402 0 0 0 
6.1150459859883 401 0 0 0 
6.12056801515117 400 0 0 0 
6.12972560182068 401 0 0 0 
6.1320041397698 402 0 0 0 
6.13978226829648 401 0 0 0 
6.15335749608436 400 0 0 0 
6.16002557318732 399 0 0 0 
6.16529413737607 400 0 0 0 
6.16734864374848 401 0 0 0 
6.17022215344814 400 0 0 0 
6.17067166607749 401 0 0 0 
6.17379104310135 400 0 0 0 
6.18184903208157 401 0 0 0 
6.18773852472563 400 0 0 0 
6.18895505442454 401 0 0 0 
6.18948656923249 400 0 0 0 
6.21487497335926 399 0 0 0 
6.21921462093098 398 0 0 0 
6.22009535029928 399 0 0 0 
6.232345775432 398 0 0 0 
6.24289233914742 397 0 0 0 
6.25315180741444 396 0 0 0 
6.26247423801396 395 0 0 0 
6.26392425005346 394 0 0 0 
6.26524224788053 395 0 0 0 
6.2703324199207 396 0 0 0 
6.27280322032047 397 0 0 0 
6.27661208583976 398 0 0 0 
6.28769427421454 397 0 0 0 
6.28927509556883 396 0 0 0 
6.29067946013864 397 0 0 0 
6.29153404541187 396 0 0 0 
6.29886095898309 395 0 0 0 
6.30131140228211 396 0 0 0 
6.30873462788527 395 0 0 0 
6.31794800891925 396 0 0 0 
6.31964329456479 395 0 0 0 
6.33007275751712 394 0 0 0 
6.33785515813562 393 0 0 0 
6.34336078891579 392 0 0 0 
6.36141526108608 391 0 0 0 
6.37812261740308 390 0 0 0 
6.3854103979967 389 0 0 0 
6.38591582359655 388 0 0 0 
6.38810218050376 389 0 0 0 
6.39578355072821 388 0 0 0 
6.39632836917766 387 0 0 0 
6.40154844816673 386 0 0 0 
6.40582620909142 387 0 0 0 
6.4293731298955 386 0 0 0 
6.43027851109333 385 0 0 0 
6.43043289232073 384 0 0 0 
6.43255357676542 385 0 0 0 
6.4353775196195 384 0 0 0 
6.43768833703075 383 0 0 0 
6.44312305543586 382 0 0 0 
6.45018905570694 381 0 0 0 
6.45305220923216 380 0 0 0 
6.45477134038761 381 0 0 0 
6.4581428459297 380 0 0 0 
6.4614974381715 379 0 0 0 
6.47049306458782 378 0 0 0 
6.47663411095653 377 0 0 0 
6.50096902833701 378 0 0 0 
6.50115943511804 377 0 0 0 
6.52263440314188 378 0 0 0 
6.54378181562944 377 0 0 0 
6.54533918529755 376 0 0 0 
6.55366484184342 377 0 0 0 
6.55747074826739 376 0 0 0 
6.5653299691199 375 0 0 0 
6.5665224613204 374 0 0 0 
6.57166643225877 375 0 0 0 
6.5767716641385 376 0 0 0 
6.57795522894999 375 0 0 0 
6.58229897342733 376 0 0 0 
6.58410028739669 375 0 0 0 
6.59598507250609 374 0 0 0 
6.61005915362646 373 0 0 0 
6.61693162912684 372 0 0 0 
6.6274528358881 373 0 0 0 
6.64136489388812 372 0 0 0 
6.64988960237913 371 0 0 0 
6.65011533589456 370 0 0 0 
6.68022136585162 371 0 0 0 
6.70063591863002 370 0 0 0 
6.70284066159227 371 0 0 0 
6.7094141934373 370 0 0 0 
6.72391610360067 369 0 0 0 
6.74873606379966 368 0 0 0 
6.75142846964344 369 0 0 0 
6.76632091499862 368 0 0 0 
6.7741162665549 367 0 0 0 
6.77906092261176 366 0 0 0 
6.78132019299214 367 0 0 0 
6.79185739225167 366 0 0 0 
6.79459936371635 365 0 0 0 
6.80466425225016 366 0 0 0 
6.81754391625952 365 0 0 0 
6.822251632705 364 0 0 0 
6.8262762075371 363 0 0 0 
6.82836594233034 362 0 0 0 
6.83041599202505 363 0 0 0 
6.83840114436406 362 0 0 0 
6.90305499769568 363 0 0 0 
6.926090803767 362 0 0 0 
6.94698030367948 361 0 0 0 
6.95071282514676 360 0 0 0 
6.95133982052403 359 0 0 0 
6.95518058775927 358 0 0 0 
6.9736556947257 357 0 0 0 
6.98211807203086 356 0 0 0 
6.99011878529832 355 0 0 0 
6.99686087217413 356 0 0 0 
7.00363528602465 357 0 0 0 
7.01734771471603 358 0 0 0 
7.02405367846049 357 0 0 0 
7.03344039825832 356 0 0 0 
7.03467274284449 355 0 0 0 
7.03833671123305 354 0 0 0 
7.04367870880688 353 0 0 0 
7.0605078584447 352 0 0 0 
7.06078333470812 351 0 0 0 
7.0624320973095 350 0 0 0 
7.07448892634069 349 0 0 0 
7.09644092430719 348 0 0 0 
7.09717037318644 349 0 0 0 
7.11304214333504 348 0 0 0 
7.1158919030235 347 0 0 0 
7.1179634416254 346 0 0 0 
7.11797957916701 345 0 0 0 
7.13483169386473 344 0 0 0 
7.13994689365552 345 0 0 0 
7.14141971357985 344 0 0 0 
7.15710214918293 345 0 0 0 
7.16719607063485 346 0 0 0 
7.16853179689102 345 0 0 0 
7.17135352334557 344 0 0 0 
7.17413008753574 343 0 0 0 
7.17698112772711 344 0 0 0 
7.17874735919197 343 0 0 0 
7.18889333308058 342 0 0 0 
7.19223533069163 341 0 0 0 
7.19910160577873 340 0 0 0 
7.20290262132877 339 0 0 0 
7.21030787871608 340 0 0 0 
7.22465324757101 341 0 0 0 
7.23461584143492 340 0 0 0 
7.23971286747553 341 0 0 0 
7.24256033569951 340 0 0 0 
7.25401078835095 339 0 0 0 
7.25799443819492 338 0 0 0 
7.26072466458789 337 0 0 0 
7.26187066925129 336 0 0 0 
7.26325195874395 335 0 0 0 
7.2634358981858 334 0 0 0 
7.26782824606355 335 0 0 0 
7.27112727353044 336 0 0 0 
7.28449417702106 337 0 0 0 
7.28997158997504 336 0 0 0 
7.29667078790423 335 0 0 0 
7.30302893102876 334 0 0 0 
7.31007278401626 333 0 0 0 
7.31135375024828 332 0 0 0 
7.31488701785749 333 0 0 0 
7.32381731954321 332 0 0 0 
7.33381442581871 331 0 0 0 
7.33722916748092 332 0 0 0 
7.35379401228794 333 0 0 0 
7.36237759739045 334 0 0 0 
7.3757465678549 335 0 0 0 
7.38606824577711 334 0 0 0 
7.40230056837832 333 0 0 0 
7.40884834516002 334 0 0 0 
7.4113528323378 335 0 0 0 
7.41963391662731 336 0 0 0 
7.42452907701936 337 0 0 0 
7.42732773868794 336 0 0 0 
7.43506808232654 335 0 0 0 
7.44487239164615 334 0 0 0 
7.44878801065087 335 0 0 0 
7.45337601270392 334 0 0 0 
7.45651057507176 333 0 0 0 
7.45871824892533 332 0 0 0 
7.48428183566439 331 0 0 0 
7.48510219570031 330 0 0 0 
7.50526044622914 329 0 0 0 
7.50578678794596 328 0 0 0 
7.51197655883832 327 0 0 0 
7.51875349140484 326 0 0 0 
7.52987728644525 327 0 0 0 
7.52991611746889 326 0 0 0 
7.55920254748476 327 0 0 0 
7.57949361063866 326 0 0 0 
7.60310664497454 325 0 0 0 
7.60327402944453 324 0 0 0 
7.60614561729636 323 0 0 0 
7.60696331251539 322 0 0 0 
7.61000714890057 323 0 0 0 
7.62312956222211 322 0 0 0 
7.6286972176497 321 0 0 0 
7.63417787928898 320 0 0 0 
7.63750702574282 319 0 0 0 
7.64617961723645 318 0 0 0 
7.65208886889227 319 0 0 0 
7.65270521186536 320 0 0 0 
7.65444176857853 319 0 0 0 
7.65453457673323 318 0 0 0 
7.65517488515658 317 0 0 0 
7.65751440710504 318 0 0 0 
7.65801629398576 319 0 0 0 
7.66131879653382 318 0 0 0 
7.67437194538638 317 0 0 0 
7.68135684355934 316 0 0 0 
7.68545923197641 315 0 0 0 
7.69743546603335 314 0 0 0 
7.69992195061126 313 0 0 0 
7.7123864612423 314 0 0 0 
7.71906677303806 313 0 0 0 
7.72457406212277 312 0 0 0 
7.73271270567961 311 0 0 0 
7.73273008361983 310 0 0 0 
7.74424361250132 311 0 0 0 
7.79699968947547 310 0 0 0 
7.8014688925472 309 0 0 0 
7.80262796268177 310 0 0 0 
7.82069213162808 309 0 0 0 
7.82135427942952 308 0 0 0 
7.84899055851906 309 0 0 0 
7.86256598950348 308 0 0 0 
7.8640751897356 307 0 0 0 
7.87914571801911 306 0 0 0 
7.88002416691981 305 0 0 0 
7.88361188941459 306 0 0 0 
7.88473022839275 305 0 0 0 
7.88846691556597 304 0 0 0 
7.8938788443648 303 0 0 0 
7.92013451348378 304 0 0 0 
7.9215249561716 305 0 0 0 
7.95322642513077 304 0 0 0 
7.95575654940994 303 0 0 0 
7.9572859733971 302 0 0 0 
7.96442193396278 301 0 0 0 
7.99586936646855 300 0 0 0 
8.00794131365392 301 0 0 0 
8.01336071582369 302 0 0 0 
8.01903179235401 303 0 0 0 
8.01927979878266 302 0 0 0 
8.03173633000192 301 0 0 0 
8.03370951525081 300 0 0 0 
8.06244786653535 299 0 0 0 
8.06272006918178 298 0 0 0 
8.0666366424617 297 0 0 0 
8.07750895765562 296 0 0 0 
8.07966632510458 295 0 0 0 
8.1277869737267 294 0 0 0 
8.13256971570937 295 0 0 0 
8.13275168568618 296 0 0 0 
8.13925825602058 297 0 0 0 
8.14991692216944 298 0 0 0 
8.15501040159712 299 0 0 0 
8.17006388930531 300 0 0 0 
8.19445111358878 299 0 0 0 
8.19779611782139 298 0 0 0 
8.2124676362442 297 0 0 0 
8.2171422999358 296 0 0 0 
8.22133689969009 295 0 0 0 
8.22377634596835 296 0 0 0 
8.22679103758736 297 0 0 0 
8.23039744445846 296 0 0 0 
8.23364535889693 295 0 0 0 
8.23479726445664 296 0 0 0 
8.24131611450392 295 0 0 0 
8.24982999474315 294 0 0 0 
8.27186266561775 293 0 0 0 
8.28451740085684 292 0 0 0 
8.32427919884452 293 0 0 0 
8.33959353886844 294 0 0 0 
8.34733925134727 293 0 0 0 
8.35703306500978 294 0 0 0 
8.36177106621696 293 0 0 0 
8.37655496980202 292 0 0 0 
8.37856150271601 291 0 0 0 
8.39462597336826 290 0 0 0 
8.44304945199295 289 0 0 0 
8.48240289121524 290 0 0 0 
8.50985157301111 289 0 0 0 
8.51575662718836 290 0 0 0 
8.51705744080023 291 0 0 0 
8.51824181530695 290 0 0 0 
8.52138823492513 289 0 0 0 
8.52237565907479 288 0 0 0 
8.53987201846492 289 0 0 0 
8.54185425556081 288 0 0 0 
8.58795846294156 287 0 0 0 
8.61440109399957 286 0 0 0 
8.64042704199361 287 0 0 0 
8.64199468870005 286 0 0 0 
8.6423001718782 287 0 0 0 
8.64529906777298 288 0 0 0 
8.65145486218119 287 0 0 0 
8.66380786895893 286 0 0 0 
8.67242193552434 285 0 0 0 
8.67359741117375 284 0 0 0 
8.68860873669112 283 0 0 0 
8.68918765745189 282 0 0 0 
8.69097657315207 281 0 0 0 
8.71029539031849 282 0 0 0 
8.71135250891203 281 0 0 0 
8.71357710258486 282 0 0 0 
8.71986941891808 281 0 0 0 
8.72913390802792 282 0 0 0 
8.73028861146421 281 0 0 0 
8.73291091187374 280 0 0 0 
8.74904808434089 279 0 0 0 
8.77468790459031 278 0 0 0 
8.78018661903385 277 0 0 0 
8.78653922896605 278 0 0 0 
8.78917870602015 277 0 0 0 
8.79572969214204 278 0 0 0 
8.80248638560948 277 0 0 0 
8.80630721717319 278 0 0 0 
8.81222847709572 277 0 0 0 
8.82801037670964 276 0 0 0 
8.83075883974418 275 0 0 0 
8.84587248979279 274 0 0 0 
8.85397420872826 273 0 0 0 
8.89189623426949 272 0 0 0 
8.89704928751106 271 0 0 0 
8.90381324327877 270 0 0 0 
8.90445083614484 269 0 0 0 
8.90841384248478 270 0 0 0 
8.9121117424601 271 0 0 0 
8.92465663858925 270 0 0 0 
8.92632196528336 269 0 0 0 
8.93423281965153 268 0 0 0 
8.93749236868113 269 0 0 0 
8.98534911479626 268 0 0 0 
8.98644390318364 267 0 0 0 
8.99036591449722 266 0 0 0 
8.99140561742065 267 0 0 0 
8.99766631614365 266 0 0 0 
9.00378438089791 265 0 0 0 
9.00948581656753 264 0 0 0 
9.01176857285999 265 0 0 0 
9.01392860250145 264 0 0 0 
9.02483833181603 263 0 0 0 
9.03494368259024 262 0 0 0 
9.04301186009353 261 0 0 0 
9.04615197499687 260 0 0 0 
9.05554058884143 259 0 0 0 
9.05556072890015 258 0 0 0 
9.05995337280278 257 0 0 0 
9.07529685896961 256 0 0 0 
9.09447517765206 255 0 0 0 
9.11004852214974 256 0 0 0 
9.1207086555408 257 0 0 0 
9.12081774311104 256 0 0 0 
9.12790583210591 255 0 0 0 
9.12824472385136 254 0 0 0 
9.13883936631467 253 0 0 0 
9.1622471208993 252 0 0 0 
9.16801800171993 251 0 0 0 
9.16830069613222 250 0 0 0 
9.18522084211546 249 0 0 0 
9.19608136318988 248 0 0 0 
9.20367879858763 247 0 0 0 
9.22295221025668 248 0 0 0 
9.23249099887502 249 0 0 0 
9.23899099410085 248 0 0 0 
9.24241344380749 249 0 0 0 
9.25147921688861 248 0 0 0 
9.25239517084496 247 0 0 0 
9.25874716531275 246 0 0 0 
9.30074383935352 245 0 0 0 
9.30367278186605 246 0 0 0 
9.31037293151033 245 0 0 0 
9.330546908321 244 0 0 0 
9.37087768601844 243 0 0 0 
9.39254402798405 242 0 0 0 
9.39382838228993 243 0 0 0 
9.39634165128967 244 0 0 0 
9.40623838217495 243 0 0 0 
9.4114984045671 242 0 0 0 
9.41168665575399 241 0 0 0 
9.41222088176556 240 0 0 0 
9.42274325088303 241 0 0 0 
9.43559426569009 240 0 0 0 
9.44640270388353 239 0 0 0 
9.45797597280419 238 0 0 0 
9.45830200007054 237 0 0 0 
9.47487801370956 238 0 0 0 
9.48526712223291 237 0 0 0 
9.48881257844796 236 0 0 0 
9.49260903581734 237 0 0 0 
9.49423864623472 236 0 0 0 
9.51203213118139 235 0 0 0 
9.51583348808621 234 0 0 0 
9.51985983976701 233 0 0 0 
9.5351547941916 234 0 0 0 
9.54028506681521 233 0 0 0 
9.54562684304647 232 0 0 0 
9.55247156954312 231 0 0 0 
9.55353532305083 230 0 0 0 
9.56539326416071 229 0 0 0 
9.57861768751714 228 0 0 0 
9.59337434579683 227 0 0 0 
9.59965255503156 226 0 0 0 
9.60801950692004 225 0 0 0 
9.61102785150621 224 0 0 0 
9.62683314287635 223 0 0 0 
9.65556148671705 222 0 0 0 
9.69654912881086 223 0 0 0 
9.70092261387973 222 0 0 0 
9.74207544992051 221 0 0 0 
9.7552864991993 220 0 0 0 
9.75555972066803 219 0 0 0 
9.7626366019642 220 0 0 0 
9.76616434998773 219 0 0 0 
9.77597905532236 220 0 0 0 
9.78457886359264 221 0 0 0 
9.78626750343008 220 0 0 0 
9.7964934187138 219 0 0 0 
9.79890751414497 218 0 0 0 
9.80309060397155 217 0 0 0 
9.8115918216494 216 0 0 0 
9.81810867049492 215 0 0 0 
9.83642815291751 214 0 0 0 
9.85335869239871 215 0 0 0 
9.85663995957292 216 0 0 0 
9.86142957660009 215 0 0 0 
9.86348338416083 214 0 0 0 
9.90125808279378 213 0 0 0 
9.92017385757917 212 0 0 0 
9.92678468861931 211 0 0 0 
9.93061686993089 212 0 0 0 
9.94551393884006 211 0 0 0 
9.96507160031481 210 0 0 0 
9.96613764297633 209 0 0 0 
9.97504035094297 208 0 0 0 
9.99207347293697 209 0 0 0 
9.99332290314387 208 0 0 0 
9.9949532055192 207 0 0 0 
10.0071271325381 208 0 0 0 
10.0073227584349 209 0 0 0 
10.0295788362211 208 0 0 0 
10.0357082700737 209 0 0 0 
10.0645825117533 210 0 0 0 
10.0726068975162 209 0 0 0 
10.0765072153975 208 0 0 0 
10.1114682025291 209 0 0 0 
10.115307380573 208 0 0 0 
10.1239356763127 207 0 0 0 
10.1469176892985 206 0 0 0 
10.1524198770953 205 0 0 0 
10.1868225552537 204 0 0 0 
10.2104730035732 203 0 0 0 
10.2260586391981 202 0 0 0 
10.248356120422 203 0 0 0 
10.255599114906 202 0 0 0 
10.2721772881442 203 0 0 0 
10.2786936477019 202 0 0 0 
10.2904478422326 201 0 0 0 
10.2967601771717 202 0 0 0 
10.306832238025 201 0 0 0 
10.363432840976 200 0 0 0 
10.3838294387473 201 0 0 0 
10.4075327005801 200 0 0 0 
10.4097280636106 199 0 0 0 
10.4300014333815 198 0 0 0 
10.4464183049302 199 0 0 0 
10.4648312781131 198 0 0 0 
10.4704299967039 197 0 0 0 
10.4776739537639 196 0 0 0 
10.4858171142873 195 0 0 0 
10.4886829640271 194 0 0 0 
10.4975056597729 193 0 0 0 
10.5282429519338 192 0 0 0 
10.5308611229936 193 0 0 0 
10.5586771764861 192 0 0 0 
10.5646260249181 191 0 0 0 
10.58118514825 192 0 0 0 
10.615868365326 191 0 0 0 
10.6314515275624 192 0 0 0 
10.6411249200429 191 0 0 0 
10.6761259066341 190 0 0 0 
10.6976812505418 189 0 0 0 
10.7115955158119 188 0 0 0 
10.7196081204115 187 0 0 0 
10.7306853067054 186 0 0 0 
10.7625429957828 187 0 0 0 
10.8202465403616 186 0 0 0 
10.8525656746294 185 0 0 0 
10.8535578564925 184 0 0 0 
10.8737751984123 185 0 0 0 
10.876654213779 186 0 0 0 
10.8798461968903 187 0 0 0 
10.8870537720412 188 0 0 0 
10.8953911302593 187 0 0 0 
10.9326705558575 186 0 0 0 
10.9446628179552 185 0 0 0 
10.9621218193898 184 0 0 0 
10.9699087512781 183 0 0 0 
10.9817851013179 182 0 0 0 
10.9831016768137 181 0 0 0 
10.9861837831137 180 0 0 0 
10.9981993599718 181 0 0 0 
11.0019166593829 180 0 0 0 
11.0094032855691 181 0 0 0 
11.0168420215658 182 0 0 0 
11.0303675424566 181 0 0 0 
11.0367878433537 182 0 0 0 
11.0427202341551 181 0 0 0 
11.0625442677549 180 0 0 0 
11.0838936142411 179 0 0 0 
11.0921964356762 178 0 0 0 
11.1075191447101 177 0 0 0 
11.1279734357442 176 0 0 0 
11.149140901338 177 0 0 0 
11.1515356164438 176 0 0 0 
11.1563175535214 175 0 0 0 
11.1580692297571 174 0 0 0 
11.1623758249544 175 0 0 0 
11.1789551144752 174 0 0 0 
11.1991027617274 173 0 0 0 
11.2039370294343 172 0 0 0 
11.2258742227919 171 0 0 0 
11.2289219569463 170 0 0 0 
11.2376757198633 169 0 0 0 
11.3160980385212 168 0 0 0 
11.3272921032545 167 0 0 0 
11.3563112757284 166 0 0 0 
11.380280427948 165 0 0 0 
11.4254081044347 164 0 0 0 
11.4571223594753 163 0 0 0 
11.501538966807 164 0 0 0 
11.5125437119171 163 0 0 0 
11.5305483066532 162 0 0 0 
11.5471306756717 161 0 0 0 
11.5756801952026 162 0 0 0 
11.5792291818096 163 0 0 0 
11.5818552950984 164 0 0 0 
11.6103617475418 163 0 0 0 
11.6213239664107 162 0 0 0 
11.6426732212643 163 0 0 0 
11.6445301380288 162 0 0 0 
11.6560911208858 161 0 0 0 
11.6602948318188 160 0 0 0 
11.6805791926249 161 0 0 0 
11.6835028194825 160 0 0 0 
11.6902658960201 161 0 0 0 
11.6929688179631 162 0 0 0 
11.7029951562466 161 0 0 0 
11.7125888266063 160 0 0 0 
11.712903480943 159 0 0 0 
11.7517504288171 160 0 0 0 
11.7569970781138 161 0 0 0 
11.8009761809779 160 0 0 0 
11.8247528587635 159 0 0 0 
11.8306448969298 160 0 0 0 
11.8356549902456 159 0 0 0 
11.8566039201361 158 0 0 0 
11.8804541913576 159 0 0 0 
11.9063454196548 160 0 0 0 
11.9232480419656 159 0 0 0 
11.9501558680216 158 0 0 0 
11.964025543554 157 0 0 0 
11.9757182589458 156 0 0 0 
11.9938988437121 157 0 0 0 
12.0049610855163 156 0 0 0 
12.029207001682 157 0 0 0 
12.0601052159347 156 0 0 0 
12.0699771749711 155 0 0 0 
12.0720275954795 154 0 0 0 
12.0992933988722 155 0 0 0 
12.1028118210107 154 0 0 0 
12.1077861023703 155 0 0 0 
12.1079652124568 154 0 0 0 
12.1106156388966 153 0 0 0 
12.1334538688859 154 0 0 0 
12.1414975694006 155 0 0 0 
12.1504280413109 154 0 0 0 
12.1513897333902 153 0 0 0 
12.1897406323664 154 0 0 0 
12.191878394448 153 0 0 0 
12.1945061652235 152 0 0 0 
12.2517355619604 151 0 0 0 
12.2629760777356 150 0 0 0 
12.2766825399442 151 0 0 0 
12.278789934569 150 0 0 0 
12.29005780159 149 0 0 0 
12.3123939747739 150 0 0 0 
12.3219521193316 149 0 0 0 
12.3223191900605 150 0 0 0 
12.3337908164536 151 0 0 0 
12.3928910818722 150 0 0 0 
12.3931269581979 149 0 0 0 
12.4082128894144 148 0 0 0 
12.4156755362392 147 0 0 0 
12.4671688460767 146 0 0 0 
12.4706348581543 145 0 0 0 
12.5884515174713 144 0 0 0 
12.5981748932168 143 0 0 0 
12.6124205370518 142 0 0 0 
12.6237953274213 141 0 0 0 
12.6250390544979 140 0 0 0 
12.6490637738504 141 0 0 0 
12.6629941366685 140 0 0 0 
12.6759229069344 139 0 0 0 
12.7184535271947 138 0 0 0 
12.7194913380216 137 0 0 0 
12.8159349235162 138 0 0 0 
12.8420511487243 137 0 0 0 
12.8424287801103 136 0 0 0 
12.8511020889224 135 0 0 0 
12.8695524340101 134 0 0 0 
12.8745156535354 135 0 0 0 
12.8868897109058 136 0 0 0 
12.905995356682 135 0 0 0 
12.9189919526656 134 0 0 0 
12.9295706703684 133 0 0 0 
12.9435259401216 132 0 0 0 
12.9663291679591 131 0 0 0 
13.0138956130252 130 0 0 0 
13.0163341474244 129 0 0 0 
13.0184423880606 128 0 0 0 
13.0334613076973 127 0 0 0 
13.0401114207946 126 0 0 0 
13.0832241393161 125 0 0 0 
13.1074976659411 124 0 0 0 
13.1401768240203 125 0 0 0 
13.1646159807706 124 0 0 0 
13.1853957423283 123 0 0 0 
13.1933151524941 122 0 0 0 
13.2061983248384 121 0 0 0 
13.2255019839513 122 0 0 0 
13.2642984227076 123 0 0 0 
13.2729332315614 122 0 0 0 
13.2959084126786 121 0 0 0 
13.3194724125098 120 0 0 0 
13.3208598116654 119 0 0 0 
13.3233689099173 118 0 0 0 
13.3290083381225 117 0 0 0 
13.3454039978145 116 0 0 0 
13.3638585264932 115 0 0 0 
13.3681798945342 116 0 0 0 
13.3965622809352 115 0 0 0 
13.4135942993293 114 0 0 0 
13.4197739914766 113 0 0 0 
13.4325769836952 114 0 0 0 
13.4556288539293 113 0 0 0 
13.4737263249619 112 0 0 0 
13.5667134311857 111 0 0 0 
13.5692565674495 112 0 0 0 
13.5943869281968 111 0 0 0 
13.6061448269071 110 0 0 0 
13.6155815381527 109 0 0 0 
13.6529117730087 110 0 0 0 
13.6946698227277 109 0 0 0 
13.7084770675487 108 0 0 0 
13.7093919250177 109 0 0 0 
13.7377037502849 110 0 0 0 
13.7453935730645 111 0 0 0 
13.7649680437904 112 0 0 0 
13.774940494235 111 0 0 0 
13.8127585558786 112 0 0 0 
13.8128189469985 111 0 0 0 
13.8284130339907 112 0 0 0 
13.8310378401665 111 0 0 0 
13.8323243203123 110 0 0 0 
13.8422297127212 111 0 0 0 
13.8499532941219 110 0 0 0 
13.910549068295 109 0 0 0 
13.9465280533337 108 0 0 0 
14.0023488005647 109 0 0 0 
14.0052024316517 108 0 0 0 
14.1334409289371 107 0 0 0 
14.1422893184806 106 0 0 0 
14.148469170588 107 0 0 0 
14.1617265867795 108 0 0 0 
14.1623320009971 107 0 0 0 
14.2136323237835 106 0 0 0 
14.2387655475935 105 0 0 0 
14.2562281199932 106 0 0 0 
14.3037924477056 107 0 0 0 
14.3555862030973 106 0 0 0 
14.3831148498271 107 0 0 0 
14.3874157309371 106 0 0 0 
14.3916335503633 105 0 0 0 
14.3967826966899 106 0 0 0 
14.4248057800893 105 0 0 0 
14.4707053324765 104 0 0 0 
14.5022903212534 103 0 0 0 
14.508355544963 102 0 0 0 
14.5098098431335 101 0 0 0 
14.5252738812013 100 0 0 0 
14.5492333589781 101 0 0 0 
14.586231756504 102 0 0 0 
14.5936182203541 101 0 0 0 
14.6586429992535 100 0 0 0 
14.6613005432988 101 0 0 0 
14.6726820911204 100 0 0 0 
14.6932418019955 99 0 0 0 
14.6960367233103 98 0 0 0 
14.7450493602529 97 0 0 0 
14.7883904138749 96 0 0 0 
14.8184191566894 95 0 0 0 
14.8263089471078 96 0 0 0 
14.8487596544964 95 0 0 0 
14.9001303901732 96 0 0 0 
14.9751113344648 97 0 0 0 
14.9845723326701 96 0 0 0 
14.9910021006961 95 0 0 0 
15.0613306345099 94 0 0 0 
15.160233540561 95 0 0 0 
15.1854375103102 94 0 0 0 
15.2593314241377 93 0 0 0 
15.2848571010281 92 0 0 0 
15.2991991056494 91 0 0 0 
15.3094281256356 90 0 0 0 
15.34685792734 89 0 0 0 
15.392209680256 88 0 0 0 
15.3931899958497 87 0 0 0 
15.3965222821892 86 0 0 0 
15.4053261045388 85 0 0 0 
15.4406575176619 84 0 0 0 
15.454459149905 85 0 0 0 
15.4624194344318 84 0 0 0 
15.4885035378238 83 0 0 0 
15.4928379753344 84 0 0 0 
15.4929443307861 85 0 0 0 
15.5115747665719 86 0 0 0 
15.5437314819257 87 0 0 0 
15.5762561027723 86 0 0 0 
15.5797597710026 85 0 0 0 
15.5809421479534 86 0 0 0 
15.6046501934346 85 0 0 0 
15.6541858055178 84 0 0 0 
15.6774369471134 83 0 0 0 
15.754838978995 82 0 0 0 
15.7753641912389 81 0 0 0 
15.8293740332176 80 0 0 0 
15.831375810226 79 0 0 0 
15.8764800976545 78 0 0 0 
15.8956129671739 79 0 0 0 
15.9000392816052 78 0 0 0 
15.9059675269271 77 0 0 0 
15.9800274097006 78 0 0 0 
15.9913822392094 77 0 0 0 
16.0273181709311 76 0 0 0 
16.1296015033813 75 0 0 0 
16.1448431089214 76 0 0 0 
16.1574036470175 77 0 0 0 
16.214287401268 76 0 0 0 
16.3804913986845 75 0 0 0 
16.396925441603 76 0 0 0 
16.4572321524142 75 0 0 0 
16.5229964628703 74 0 0 0 
16.6078369155303 73 0 0 0 
16.618953271177 72 0 0 0 
16.6259109397293 71 0 0 0 
16.6789234831137 70 0 0 0 
16.7327128838166 71 0 0 0 
16.740466800561 70 0 0 0 
16.7512421524389 71 0 0 0 
16.8553134871414 72 0 0 0 
16.9481486755362 73 0 0 0 
17.0542588139234 72 0 0 0 
17.1473406079619 73 0 0 0 
17.1480016280764 72 0 0 0 
17.1539236862196 71 0 0 0 
17.1605519486159 70 0 0 0 
17.1861948629903 69 0 0 0 
17.1927137908848 68 0 0 0 
17.5050213722666 69 0 0 0 
17.5056716374995 70 0 0 0 
17.6030417740235 69 0 0 0 
17.6771240567486 70 0 0 0 
17.8169386875007 69 0 0 0 
17.8288618782199 68 0 0 0 
17.8410628377099 67 0 0 0 
17.870498573561 66 0 0 0 
17.8726053829651 65 0 0 0 
17.875701505403 64 0 0 0 
17.9018766230553 65 0 0 0 
17.9051164412388 66 0 0 0 
17.9077258051249 67 0 0 0 
17.9376690696785 66 0 0 0 
17.9441175453003 65 0 0 0 
17.9748669444316 66 0 0 0 
18.1419489709427 67 0 0 0 
18.2434119777745 68 0 0 0 
18.3129828568988 69 0 0 0 
18.3432115899056 68 0 0 0 
18.4274772368885 69 0 0 0 
18.4634239677287 68 0 0 0 
18.4844889540977 67 0 0 0 
18.4927990183223 66 0 0 0 
18.5281034338561 65 0 0 0 
18.622003134109 64 0 0 0 
18.63994995526 63 0 0 0 
18.7571774245782 64 0 0 0 
18.8495352264466 63 0 0 0 
18.9089744937737 64 0 0 0 
18.9109370061896 63 0 0 0 
18.9303031099051 62 0 0 0 
18.9927930354049 63 0 0 0 
19.0002457197138 62 0 0 0 
19.0021919390256 61 0 0 0 
19.0036555071154 60 0 0 0 
19.0491553766027 59 0 0 0 
19.1083336432298 58 0 0 0 
19.1330840326882 57 0 0 0 
19.2207091518562 58 0 0 0 
19.2789034616391 57 0 0 0 
19.2895302816457 56 0 0 0 
19.2979822043093 55 0 0 0 
19.3002837443749 54 0 0 0 
19.3063852927904 55 0 0 0 
19.3864094229446 54 0 0 0 
19.406010603764 55 0 0 0 
19.4265518933676 54 0 0 0 
19.4961245469277 53 0 0 0 
19.5350282672208 54 0 0 0 
19.5796493151012 53 0 0 0 
19.5853588014746 52 0 0 0 
19.6166678219434 53 0 0 0 
19.6727009710115 54 0 0 0 
19.7128782211129 53 0 0 0 
19.7238073199928 52 0 0 0 
19.7422252553968 51 0 0 0 
19.8215501830844 52 0 0 0 
19.926762653187 53 0 0 0 
19.9300300589926 54 0 0 0 
20.1480234148945 53 0 0 0 
20.2164702222045 54 0 0 0 
20.2507999524236 53 0 0 0 
20.3509658247592 54 0 0 0 
20.3965621867056 53 0 0 0 
20.3992874966889 52 0 0 0 
20.4796130419916 51 0 0 0 
20.5069900519312 50 0 0 0 
20.5723266105241 51 0 0 0 
20.5853262453904 50 0 0 0 
20.652961842038 49 0 0 0 
20.654506033054 50 0 0 0 
20.6787752387051 49 0 0 0 
20.8369585045988 50 0 0 0 
20.9648935251107 49 0 0 0 
21.025235040559 48 0 0 0 
21.1214823231444 47 0 0 0 
21.1379789856365 48 0 0 0 
21.1944053990467 49 0 0 0 
21.2750732629781 48 0 0 0 
21.2858917631996 47 0 0 0 
21.345498924877 48 0 0 0 
21.4149791320134 47 0 0 0 
21.5312030312087 48 0 0 0 
21.6154827883076 47 0 0 0 
21.6662977842039 48 0 0 0 
21.767830952904 49 0 0 0 
21.8060457145755 48 0 0 0 
21.8176924576466 47 0 0 0 
21.8813639837346 46 0 0 0 
21.9958569536061 45 0 0 0 
22.0055100206274 44 0 0 0 
22.125028905382 43 0 0 0 
22.2098432146733 42 0 0 0 
22.2154238963536 41 0 0 0 
22.2796237144217 40 0 0 0 
22.3634143622826 39 0 0 0 
22.4011449959492 38 0 0 0 
22.4418514857796 37 0 0 0 
22.4840288593949 38 0 0 0 
22.504578775602 37 0 0 0 
22.5295887847924 36 0 0 0 
22.6280531568395 35 0 0 0 
22.6393471938874 34 0 0 0 
22.6581787496503 33 0 0 0 
22.7233801113173 34 0 0 0 
22.7438974557551 33 0 0 0 
23.0016772359142 32 0 0 0 
23.0353982627207 31 0 0 0 
23.056610399497 30 0 0 0 
23.1885705617651 29 0 0 0 
23.3347025566576 28 0 0 0 
23.444358377627 27 0 0 0 
23.4690877862957 26 0 0 0 
23.5010845845777 25 0 0 0 
23.5072427086478 24 0 0 0 
23.5395205336702 25 0 0 0 
23.6643138565646 24 0 0 0 
23.7695809598518 23 0 0 0 
23.8345047647761 24 0 0 0 
23.9208039699826 23 0 0 0 
24.0057767000395 22 0 0 0 
24.0900973948887 21 0 0 0 
24.3819902077946 22 0 0 0 
24.5210620856509 23 0 0 0 
24.6314396780447 24 0 0 0 
24.7519913455969 23 0 0 0 
24.7774943892376 24 0 0 0 
24.9746250552976 23 0 0 0 
25.1115533627055 24 0 0 0 
25.2036491754388 25 0 0 0 
25.3316799121784 26 0 0 0 
25.5166014384153 25 0 0 0 
25.8052085579264 24 0 0 0 
25.8599525278502 23 0 0 0 
26.2718233767027 22 0 0 0 
26.2867143599971 23 0 0 0 
26.3367135037189 24 0 0 0 
26.4025211314026 23 0 0 0 
26.4321418080984 24 0 0 0 
26.5034613681199 23 0 0 0 
26.524650826684 22 0 0 0 
26.6207708522299 21 0 0 0 
26.677863707097 20 0 0 0 
26.7191321214491 21 0 0 0 
26.8671136622312 22 0 0 0 
26.9949118863841 21 0 0 0 
27.168218129277 20 0 0 0 
27.2230666239504 19 0 0 0 
27.3364884608417 20 0 0 0 
27.3711110107859 19 0 0 0 
27.5395907978113 18 0 0 0 
27.6274054916383 17 0 0 0 
27.9801719329781 18 0 0 0 
28.1278653556684 17 0 0 0 
28.2524601285063 18 0 0 0 
28.3320008593742 17 0 0 0 
28.9310938716551 16 0 0 0 
28.9878382278957 17 0 0 0 
29.0012817970466 18 0 0 0 
29.3385448873603 19 0 0 0 
29.5606494057209 18 0 0 0 
29.5794861526883 17 0 0 0 
29.6637938374167 16 0 0 0 
29.7063152937397 17 0 0 0 
29.706560033886 16 0 0 0 
29.7195394855361 15 0 0 0 
29.8150407485855 14 0 0 0 
29.8795671740129 13 0 0 0 
30.4173653526391 12 0 0 0 
30.5643959974453 11 0 0 0 
30.5829765548125 10 0 0 0 
30.6440475057804 9 0 0 0 
31.0130066709305 8 0 0 0 
31.0211360986436 9 0 0 0 
31.6359412456954 10 0 0 0 
31.958387149189 9 0 0 0 
33.0818055615153 8 0 0 0 
33.4654965153537 9 0 0 0 
33.8303954047103 8 0 0 0 
33.9904701457856 7 0 0 0 
35.1619058229924 6 0 0 0 
35.2642421959952 7 0 0 0 
35.9864509047897 6 0 0 0 
37.5083545998048 7 0 0 0 
37.7703642557856 6 0 0 0 
37.985902331822 7 0 0 0 
38.4232193654642 6 0 0 0 
38.5478017517008 5 0 0 0 
40.4010701876279 6 0 0 0 
40.7047270338684 5 0 0 0 
41.5673746836876 6 0 0 0 
41.5967141909576 7 0 0 0 
42.6014152994068 6 0 0 0 
42.6623096310355 5 0 0 0 
42.8669849803094 6 0 0 0 
43.420262392364 7 0 0 0 
43.7248141874719 6 0 0 0 
43.8891399929013 7 0 0 0 
44.3079403052069 6 0 0 0 
44.7123865632635 7 0 0 0 
45.1434948794629 8 0 0 0 
45.3295094967573 7 0 0 0 
45.3894178273878 6 0 0 0 
45.4103218750242 7 0 0 0 
46.4142184911188 8 0 0 0 
46.9602265667531 7 0 0 0 
46.9923386702985 6 0 0 0 
47.408543305155 7 0 0 0 
48.9589259385157 8 0 0 0 
49.6141343341467 7 0 0 0 
49.9030034025362 8 0 0 0 
50.1386950817787 7 0 0 0 
50.5544334869272 6 0 0 0 
50.7355254678307 7 0 0 0 
51.2169409956293 6 0 0 0 
51.6495668584977 5 0 0 0 
51.8697295396686 4 0 0 0 
51.9426157377627 3 0 0 0 
52.2596773818989 2 0 0 0 
56.9214177494922 1 0 0 0 
57.6044642245404 0 0 0 0