Time S R1 R2 RB 
0 1000 0 0 0 
4.01491521829734e-05 999 0 0 0 
9.75934462312741e-05 998 0 0 0 
0.000193570142393342 999 0 0 0 
0.000257193397389971 998 0 0 0 
0.000498890924082815 997 0 0 0 
0.000771919645204344 998 0 0 0 
0.000991293665267762 999 0 0 0 
0.00100287232104277 998 0 0 0 
0.00106571374022005 997 0 0 0 
0.00119202593237071 996 0 0 0 
0.00126729450845812 997 0 0 0 
0.00140248391483644 998 0 0 0 
0.0018178016238804 997 0 0 0 
0.00186319230744848 996 0 0 0 
0.00200934216913288 995 0 0 0 
0.00209959087819948 994 0 0 0 
0.00214799393106345 993 0 0 0 
0.00236818714049163 992 0 0 0 
0.00248437689157354 993 0 0 0 
0.00258581382711462 992 0 0 0 
0.00294422953419772 991 0 0 0 
0.00295011772412531 990 0 0 0 
0.00303040641139745 991 0 0 0 
0.00318938655237872 990 0 0 0 
0.00326839723425372 989 0 0 0 
0.00391277899534177 990 0 0 0 
0.00422421906062764 989 0 0 0 
0.00507735448988605 988 0 0 0 
0.00508325841730233 989 0 0 0 
0.00511666393570077 990 0 0 0 
0.00534756820184265 989 0 0 0 
0.00546047960486181 988 0 0 0 
0.00575667281458194 987 0 0 0 
0.00582534962718305 988 0 0 0 
0.00624636415304543 987 0 0 0 
0.00629371409628131 986 0 0 0 
0.00639389174380024 985 0 0 0 
0.00644578156665864 984 0 0 0 
0.00678643248975254 983 0 0 0 
0.00688521926543084 982 0 0 0 
0.00689996290602099 983 0 0 0 
0.00694482987631652 982 0 0 0 
0.00704852742931478 981 0 0 0 
0.00706329794515808 980 0 0 0 
0.00843740115240182 979 0 0 0 
0.00848377297283806 978 0 0 0 
0.00871560095731974 977 0 0 0 
0.00874604858015175 976 0 0 0 
0.00883716546322267 975 0 0 0 
0.00887077205998709 974 0 0 0 
0.00895770776491188 973 0 0 0 
0.00904132186825543 974 0 0 0 
0.00915126864587598 973 0 0 0 
0.00947870605818642 974 0 0 0 
0.00972843587919851 973 0 0 0 
0.010092016568158 972 0 0 0 
0.0102727121884473 973 0 0 0 
0.0103639940419253 972 0 0 0 
0.0104801240208202 971 0 0 0 
0.0105545882894345 970 0 0 0 
0.0109488548934843 971 0 0 0 
0.0112557309671554 970 0 0 0 
0.0113353614656099 971 0 0 0 
0.011350053364927 972 0 0 0 
0.0115111789138602 973 0 0 0 
0.0116067679542444 972 0 0 0 
0.0118877833295978 971 0 0 0 
0.0120520105107378 970 0 0 0 
0.0121748858300912 969 0 0 0 
0.0122207844969395 968 0 0 0 
0.0123221105132425 967 0 0 0 
0.0123414568469052 966 0 0 0 
0.0127487676640077 965 0 0 0 
0.013046070354316 966 0 0 0 
0.0135145264699872 967 0 0 0 
0.0135278714856328 968 0 0 0 
0.0136295828148576 967 0 0 0 
0.013704616428185 966 0 0 0 
0.0140502411849961 965 0 0 0 
0.0140869492161906 964 0 0 0 
0.0141498936941632 963 0 0 0 
0.0147984686109469 962 0 0 0 
0.0148184279055322 961 0 0 0 
0.0149894949653795 960 0 0 0 
0.0151246647309431 959 0 0 0 
0.0155193747676261 960 0 0 0 
0.0158349365668595 961 0 0 0 
0.0158475779828939 960 0 0 0 
0.0163033874142221 959 0 0 0 
0.0167700914813797 958 0 0 0 
0.0167910614565533 957 0 0 0 
0.0171426267812096 958 0 0 0 
0.0173166904734561 957 0 0 0 
0.0181286387701114 956 0 0 0 
0.0186481789428879 955 0 0 0 
0.0187392630277167 956 0 0 0 
0.0189377421952147 955 0 0 0 
0.0189377528327675 956 0 0 0 
0.0189678481947891 955 0 0 0 
0.0192808526170847 954 0 0 0 
0.0194478962721507 953 0 0 0 
0.0196539881875454 952 0 0 0 
0.0198556002401537 953 0 0 0 
0.0202560293249329 952 0 0 0 
0.0204699925685 953 0 0 0 
0.0206199771276539 952 0 0 0 
0.0207185157251569 951 0 0 0 
0.0209822405125482 950 0 0 0 
0.0215183344993616 949 0 0 0 
0.0215622624769053 950 0 0 0 
0.0221616974210548 949 0 0 0 
0.0223184793909917 948 0 0 0 
0.0223419902542879 947 0 0 0 
0.0225388637524405 948 0 0 0 
0.0225526397065962 947 0 0 0 
0.0227408609395604 946 0 0 0 
0.0228046890885678 945 0 0 0 
0.0231306247663899 944 0 0 0 
0.0231584254176679 943 0 0 0 
0.0234002987912323 942 0 0 0 
0.0234958871312955 941 0 0 0 
0.0234962417325326 940 0 0 0 
0.0235717519303681 939 0 0 0 
0.0235863375135984 938 0 0 0 
0.0237221927617282 937 0 0 0 
0.024009455398076 938 0 0 0 
0.0241383352777502 937 0 0 0 
0.0248011862185975 938 0 0 0 
0.0248570334496071 937 0 0 0 
0.0250178122736334 938 0 0 0 
0.0251213536079722 937 0 0 0 
0.0252015133707027 936 0 0 0 
0.0253933307266199 935 0 0 0 
0.0254556243930846 934 0 0 0 
0.0255058506741741 933 0 0 0 
0.025777760703151 932 0 0 0 
0.0263275376351414 931 0 0 0 
0.0264398499859569 932 0 0 0 
0.026531194120986 931 0 0 0 
0.0269656719083102 932 0 0 0 
0.0276553741525279 931 0 0 0 
0.0279061174785802 930 0 0 0 
0.0279495269317919 929 0 0 0 
0.0285258198480319 928 0 0 0 
0.02890454251753 929 0 0 0 
0.0289838052148247 928 0 0 0 
0.0290803194334772 927 0 0 0 
0.0291637581848274 928 0 0 0 
0.030018527621457 927 0 0 0 
0.0300756210059912 926 0 0 0 
0.0300919838690299 925 0 0 0 
0.0306233071895537 924 0 0 0 
0.0311010293801229 925 0 0 0 
0.0312607925624102 924 0 0 0 
0.0314217652553902 923 0 0 0 
0.0314327664007321 922 0 0 0 
0.0316639066266721 921 0 0 0 
0.0316701300029799 920 0 0 0 
0.031690159202952 919 0 0 0 
0.032223567499139 918 0 0 0 
0.0329994179711359 917 0 0 0 
0.0333206909024308 916 0 0 0 
0.0333762343717179 915 0 0 0 
0.0335514695520311 914 0 0 0 
0.0342264550903122 913 0 0 0 
0.0345196891275004 912 0 0 0 
0.0346780758561384 911 0 0 0 
0.0347385910204058 912 0 0 0 
0.0348843857576849 913 0 0 0 
0.0353947025713927 914 0 0 0 
0.0356756374098527 913 0 0 0 
0.035916156233042 914 0 0 0 
0.035991519920919 913 0 0 0 
0.0360342992296018 912 0 0 0 
0.0364272390231701 911 0 0 0 
0.0368241587448481 912 0 0 0 
0.0368934133591876 911 0 0 0 
0.0374308319186457 912 0 0 0 
0.037494879600092 911 0 0 0 
0.0379065366973943 910 0 0 0 
0.0381097934466752 911 0 0 0 
0.038736964126399 912 0 0 0 
0.039137246828588 911 0 0 0 
0.039275512286342 912 0 0 0 
0.0392980627697424 911 0 0 0 
0.0394547524994676 912 0 0 0 
0.0395739669144884 911 0 0 0 
0.0397772281108821 910 0 0 0 
0.0400066950877056 911 0 0 0 
0.0401752657857325 910 0 0 0 
0.0402101718580687 909 0 0 0 
0.0402297759999765 908 0 0 0 
0.0403146498418363 909 0 0 0 
0.0403557899449636 908 0 0 0 
0.0407647959313411 907 0 0 0 
0.041345197091431 908 0 0 0 
0.0413590789463611 907 0 0 0 
0.0417793892211505 906 0 0 0 
0.0421776604269432 905 0 0 0 
0.0422936414454328 904 0 0 0 
0.0426537111410164 903 0 0 0 
0.0430975491353809 902 0 0 0 
0.0434311390054584 903 0 0 0 
0.0440061884076209 902 0 0 0 
0.0441860381620954 901 0 0 0 
0.0443086480600217 900 0 0 0 
0.0447656168197813 901 0 0 0 
0.0454429340876247 900 0 0 0 
0.0456877353720279 899 0 0 0 
0.0458453107043813 898 0 0 0 
0.0459622799129117 897 0 0 0 
0.0464176484251595 896 0 0 0 
0.0482891412957104 895 0 0 0 
0.048349769658694 896 0 0 0 
0.049222113913149 895 0 0 0 
0.0493233040952662 894 0 0 0 
0.0496350879523605 893 0 0 0 
0.0497324936793721 892 0 0 0 
0.0498839467941634 891 0 0 0 
0.0499376531903184 892 0 0 0 
0.0501394342958873 891 0 0 0 
0.0503458525558624 890 0 0 0 
0.0505293520792861 889 0 0 0 
0.0505400121348177 888 0 0 0 
0.0505512475397494 887 0 0 0 
0.0508023590216223 886 0 0 0 
0.0508191949613216 885 0 0 0 
0.0510452832240473 884 0 0 0 
0.051084710423784 883 0 0 0 
0.0511920137924397 884 0 0 0 
0.0512824901727538 883 0 0 0 
0.0515167912320365 882 0 0 0 
0.051869365466873 881 0 0 0 
0.051967049865307 882 0 0 0 
0.0519758061303013 881 0 0 0 
0.0520744389601739 880 0 0 0 
0.0526444619611587 879 0 0 0 
0.0527338214323204 878 0 0 0 
0.0529896911342105 877 0 0 0 
0.0530224243796247 876 0 0 0 
0.0531136306500404 875 0 0 0 
0.0532900611589893 874 0 0 0 
0.0535082088565079 873 0 0 0 
0.0535620886866658 872 0 0 0 
0.0536856464896469 871 0 0 0 
0.0538930265859897 870 0 0 0 
0.0540237188161308 871 0 0 0 
0.0543191625058587 872 0 0 0 
0.0546564578130664 871 0 0 0 
0.0548399746755205 870 0 0 0 
0.0551173943485369 869 0 0 0 
0.0552382881046332 868 0 0 0 
0.0553894862596233 869 0 0 0 
0.0558937332419435 868 0 0 0 
0.0560534138402944 869 0 0 0 
0.0561498615831035 868 0 0 0 
0.0562235710326969 867 0 0 0 
0.056225926672698 866 0 0 0 
0.0563274398527085 865 0 0 0 
0.0564240334476403 866 0 0 0 
0.05663084460059 865 0 0 0 
0.0566644858609586 864 0 0 0 
0.0567271481318704 863 0 0 0 
0.0568323087666783 862 0 0 0 
0.0570403167677879 863 0 0 0 
0.057121801168898 864 0 0 0 
0.0571804249782563 865 0 0 0 
0.0574578491581562 864 0 0 0 
0.0576055403880251 863 0 0 0 
0.0578395135384602 862 0 0 0 
0.0579883770516245 863 0 0 0 
0.0582061039889989 862 0 0 0 
0.0582995322401847 861 0 0 0 
0.0583663979696647 862 0 0 0 
0.0584970936001302 861 0 0 0 
0.0587799433164092 860 0 0 0 
0.0593640728893823 859 0 0 0 
0.0597992804236101 860 0 0 0 
0.059969461864664 859 0 0 0 
0.0603396429369293 858 0 0 0 
0.0604551332179526 859 0 0 0 
0.0614704977968235 858 0 0 0 
0.0615560079238247 857 0 0 0 
0.0618694145530551 856 0 0 0 
0.0618870656568819 855 0 0 0 
0.0625125258169553 854 0 0 0 
0.0629795585424979 853 0 0 0 
0.0640636201136402 852 0 0 0 
0.06418781933644 851 0 0 0 
0.0642620118896729 850 0 0 0 
0.0647690687380429 849 0 0 0 
0.0651043441751737 848 0 0 0 
0.0651674700301689 847 0 0 0 
0.06569475425308 846 0 0 0 
0.0659900012378767 845 0 0 0 
0.0669056755419271 844 0 0 0 
0.0670970986440838 843 0 0 0 
0.0674699759708675 842 0 0 0 
0.0678328995628281 841 0 0 0 
0.0678649912849051 840 0 0 0 
0.0682671939572285 839 0 0 0 
0.0686487508529756 840 0 0 0 
0.068732108492985 839 0 0 0 
0.0687884789604339 838 0 0 0 
0.0693598936934417 839 0 0 0 
0.0693799331990796 838 0 0 0 
0.069449907749024 837 0 0 0 
0.0702412211190442 838 0 0 0 
0.0702431288376035 837 0 0 0 
0.0709530720518272 838 0 0 0 
0.0712285012726433 837 0 0 0 
0.0712796738807492 836 0 0 0 
0.0713644949280928 835 0 0 0 
0.0728410554012022 836 0 0 0 
0.0728735018415692 835 0 0 0 
0.0732341640643179 834 0 0 0 
0.0735012834557064 833 0 0 0 
0.0739286507943628 832 0 0 0 
0.0740574185275589 831 0 0 0 
0.0742325016662797 830 0 0 0 
0.0743059754858246 829 0 0 0 
0.0743923007929695 828 0 0 0 
0.0748940516383205 827 0 0 0 
0.0749044113850945 826 0 0 0 
0.0751608252711937 825 0 0 0 
0.0751640841563388 824 0 0 0 
0.0752486220519801 825 0 0 0 
0.0755164653717017 824 0 0 0 
0.0756419036033895 823 0 0 0 
0.0757867379216296 822 0 0 0 
0.0762058905854582 823 0 0 0 
0.0768556621306634 822 0 0 0 
0.0770063087996214 821 0 0 0 
0.0772406064405979 820 0 0 0 
0.0772526346624755 819 0 0 0 
0.0773480392557712 820 0 0 0 
0.0780771525340338 819 0 0 0 
0.0792229281939247 818 0 0 0 
0.0792648674783819 817 0 0 0 
0.079836340812971 816 0 0 0 
0.0799666936476781 815 0 0 0 
0.0800066337409499 814 0 0 0 
0.0803683973983072 813 0 0 0 
0.080390047305702 812 0 0 0 
0.0807643404610092 811 0 0 0 
0.0811745243641854 810 0 0 0 
0.0815044775759759 809 0 0 0 
0.0821437476582994 810 0 0 0 
0.0824004541931365 809 0 0 0 
0.0825466189080338 808 0 0 0 
0.0825535731962823 809 0 0 0 
0.082822236858514 808 0 0 0 
0.0831312979086993 809 0 0 0 
0.0832406142687928 808 0 0 0 
0.0837919740430877 807 0 0 0 
0.0841293984517015 806 0 0 0 
0.0842487301683815 805 0 0 0 
0.0843087921686075 804 0 0 0 
0.0844610734399353 803 0 0 0 
0.0845515505062028 802 0 0 0 
0.0846339624634042 803 0 0 0 
0.0847932482210855 804 0 0 0 
0.0848056089120858 803 0 0 0 
0.0853126554608348 802 0 0 0 
0.0855884611192314 803 0 0 0 
0.0860542284191731 802 0 0 0 
0.0863564747076566 801 0 0 0 
0.0867071201683156 800 0 0 0 
0.087663734954627 799 0 0 0 
0.0876858536500359 798 0 0 0 
0.0878129526840004 799 0 0 0 
0.0879728524655609 798 0 0 0 
0.088524504367939 799 0 0 0 
0.0887014179734484 798 0 0 0 
0.0887213870733838 797 0 0 0 
0.089708968142902 796 0 0 0 
0.0898208115720506 795 0 0 0 
0.0899796380845098 794 0 0 0 
0.0900127357863192 795 0 0 0 
0.0905078937434795 796 0 0 0 
0.0906783358183067 797 0 0 0 
0.0908727459308922 796 0 0 0 
0.0910987913435147 795 0 0 0 
0.0918713660461004 794 0 0 0 
0.0921088586685083 795 0 0 0 
0.0924114800929936 794 0 0 0 
0.0932436451075914 793 0 0 0 
0.0932738084126073 794 0 0 0 
0.0936636128346301 793 0 0 0 
0.0936862913065049 792 0 0 0 
0.0937555818157923 791 0 0 0 
0.0943835424206281 790 0 0 0 
0.0946602815862621 789 0 0 0 
0.0947239858308572 788 0 0 0 
0.0952299865791533 787 0 0 0 
0.0954063839920541 786 0 0 0 
0.096597001942751 785 0 0 0 
0.0971208125033485 786 0 0 0 
0.0972176929638352 785 0 0 0 
0.0973843655851765 784 0 0 0 
0.0973987743479377 785 0 0 0 
0.0976158576501342 786 0 0 0 
0.0976250412181188 785 0 0 0 
0.0977258590746929 784 0 0 0 
0.0981539514805104 785 0 0 0 
0.0983756519304318 784 0 0 0 
0.0983838096976997 785 0 0 0 
0.0987272341388882 784 0 0 0 
0.0990239286013201 783 0 0 0 
0.0991287272049967 784 0 0 0 
0.0992242066665301 785 0 0 0 
0.0992300773385883 784 0 0 0 
0.0994256989600703 783 0 0 0 
0.0994425009704259 784 0 0 0 
0.0994531015116775 783 0 0 0 
0.0995189350274069 784 0 0 0 
0.0998127230706205 783 0 0 0 
0.0999540991783232 782 0 0 0 
0.100015352435562 781 0 0 0 
0.100026772957926 782 0 0 0 
0.100191811161419 781 0 0 0 
0.101040093103662 780 0 0 0 
0.101058630560941 779 0 0 0 
0.101231848263307 778 0 0 0 
0.101248193017504 777 0 0 0 
0.101974558676948 776 0 0 0 
0.102081896778261 777 0 0 0 
0.102313764529366 778 0 0 0 
0.102627202999728 777 0 0 0 
0.10280880551383 776 0 0 0 
0.1030214175936 775 0 0 0 
0.104061370475432 774 0 0 0 
0.104413271029566 775 0 0 0 
0.104414911324955 774 0 0 0 
0.104415455173485 773 0 0 0 
0.104689724230345 774 0 0 0 
0.104700897861692 773 0 0 0 
0.104968119925794 772 0 0 0 
0.105778346334595 771 0 0 0 
0.106495159778402 770 0 0 0 
0.106578098961613 769 0 0 0 
0.107166307810353 768 0 0 0 
0.107182583019033 769 0 0 0 
0.107547474449894 768 0 0 0 
0.107752652461222 767 0 0 0 
0.10787155017392 766 0 0 0 
0.108128337978243 765 0 0 0 
0.10816204357468 764 0 0 0 
0.108432896990634 765 0 0 0 
0.108435647146043 766 0 0 0 
0.108509262186787 765 0 0 0 
0.108595845983912 766 0 0 0 
0.10877467007666 765 0 0 0 
0.108932538914872 764 0 0 0 
0.109120921275125 763 0 0 0 
0.109130538572058 762 0 0 0 
0.109293213817673 761 0 0 0 
0.109535544989342 760 0 0 0 
0.110464387634319 759 0 0 0 
0.11051604366201 758 0 0 0 
0.110541609658217 757 0 0 0 
0.110582837680067 756 0 0 0 
0.111558414856919 755 0 0 0 
0.111571130222109 754 0 0 0 
0.111775900027092 753 0 0 0 
0.111922468739447 752 0 0 0 
0.112125711672684 751 0 0 0 
0.112208549181471 750 0 0 0 
0.112714758627799 749 0 0 0 
0.11284228108336 748 0 0 0 
0.11311929647622 749 0 0 0 
0.113213573567681 750 0 0 0 
0.113291070480997 749 0 0 0 
0.113633462632092 748 0 0 0 
0.113730465053527 747 0 0 0 
0.113848148538348 746 0 0 0 
0.114208570909968 745 0 0 0 
0.114320572485289 744 0 0 0 
0.114513506187231 743 0 0 0 
0.114974928044623 742 0 0 0 
0.115474346335512 741 0 0 0 
0.115747365920227 740 0 0 0 
0.115905475769932 739 0 0 0 
0.116131678954924 738 0 0 0 
0.117207088842361 737 0 0 0 
0.117985336351334 736 0 0 0 
0.119784478640683 735 0 0 0 
0.119948118706411 736 0 0 0 
0.12000264832221 735 0 0 0 
0.120100731199505 734 0 0 0 
0.120266693629346 733 0 0 0 
0.12047318210289 732 0 0 0 
0.120591291538078 731 0 0 0 
0.120604109481523 730 0 0 0 
0.12082064303147 729 0 0 0 
0.121163119189336 728 0 0 0 
0.121901853944419 727 0 0 0 
0.122044524496391 726 0 0 0 
0.122265147276608 725 0 0 0 
0.122366044350716 724 0 0 0 
0.122515194104653 723 0 0 0 
0.122597244418744 722 0 0 0 
0.122710629626637 721 0 0 0 
0.123307073241568 720 0 0 0 
0.12331209824007 719 0 0 0 
0.123460563181866 718 0 0 0 
0.123566424554738 717 0 0 0 
0.123783972452236 716 0 0 0 
0.123920238540163 715 0 0 0 
0.124436646742607 714 0 0 0 
0.125220426090085 713 0 0 0 
0.125347649323504 714 0 0 0 
0.126019271596922 715 0 0 0 
0.126019897817815 714 0 0 0 
0.126743514635281 713 0 0 0 
0.126797958483054 714 0 0 0 
0.126827020497604 713 0 0 0 
0.127060865218112 712 0 0 0 
0.127271562567808 711 0 0 0 
0.12729378071458 712 0 0 0 
0.127424652627754 711 0 0 0 
0.128013091333506 710 0 0 0 
0.128705593841701 709 0 0 0 
0.128967200594999 708 0 0 0 
0.129561613308037 707 0 0 0 
0.130828907334089 708 0 0 0 
0.130866867646351 707 0 0 0 
0.130933228646979 708 0 0 0 
0.131020573225075 707 0 0 0 
0.131494121114198 706 0 0 0 
0.131833149458372 705 0 0 0 
0.132303888400728 704 0 0 0 
0.132517658551076 703 0 0 0 
0.133142803096874 702 0 0 0 
0.133278686594851 703 0 0 0 
0.133642537638105 702 0 0 0 
0.134012983779401 701 0 0 0 
0.134108404381975 700 0 0 0 
0.134361612678927 701 0 0 0 
0.134519025013104 700 0 0 0 
0.134792390661679 699 0 0 0 
0.134863217109535 698 0 0 0 
0.135086160265232 697 0 0 0 
0.135738793670841 696 0 0 0 
0.135792775638681 695 0 0 0 
0.13585589758471 694 0 0 0 
0.135983383842382 693 0 0 0 
0.136023565176389 692 0 0 0 
0.136392442509772 693 0 0 0 
0.136396946640156 692 0 0 0 
0.136915272360218 691 0 0 0 
0.137651794892334 690 0 0 0 
0.138120970632044 689 0 0 0 
0.138622010571036 688 0 0 0 
0.138893310576194 687 0 0 0 
0.139053407655607 688 0 0 0 
0.139078162944025 687 0 0 0 
0.139953615435134 686 0 0 0 
0.141343747074184 685 0 0 0 
0.141487083114181 686 0 0 0 
0.141747185704334 685 0 0 0 
0.142119218044391 684 0 0 0 
0.142186664347739 683 0 0 0 
0.142475603153951 684 0 0 0 
0.143301399831608 683 0 0 0 
0.143645145914978 682 0 0 0 
0.143686315817111 681 0 0 0 
0.145057909352967 680 0 0 0 
0.145125956799795 681 0 0 0 
0.145223217493094 682 0 0 0 
0.145243996764103 681 0 0 0 
0.14529226817967 680 0 0 0 
0.145427585399848 679 0 0 0 
0.145695346375251 678 0 0 0 
0.145835688665818 677 0 0 0 
0.146023701527666 676 0 0 0 
0.146087777207833 677 0 0 0 
0.146122822880236 676 0 0 0 
0.146157342340766 675 0 0 0 
0.146396707239303 674 0 0 0 
0.146587773760171 673 0 0 0 
0.146947229845542 672 0 0 0 
0.146990024756648 671 0 0 0 
0.147072137074295 670 0 0 0 
0.147541444929259 669 0 0 0 
0.147837107260617 668 0 0 0 
0.147988792789889 669 0 0 0 
0.148642135725573 668 0 0 0 
0.148810698693905 667 0 0 0 
0.149055337624967 666 0 0 0 
0.149271528066517 667 0 0 0 
0.149298836326111 666 0 0 0 
0.149660679727575 667 0 0 0 
0.149675244698801 666 0 0 0 
0.150151564580101 665 0 0 0 
0.150459394118109 664 0 0 0 
0.151040025247667 663 0 0 0 
0.151253971087927 664 0 0 0 
0.15200132967304 665 0 0 0 
0.152485988876022 664 0 0 0 
0.152641181226598 663 0 0 0 
0.152803490599171 664 0 0 0 
0.152855953875471 663 0 0 0 
0.153275320310504 662 0 0 0 
0.15402624442256 661 0 0 0 
0.154396155410441 660 0 0 0 
0.154701143915974 659 0 0 0 
0.154852525346442 658 0 0 0 
0.154994699075673 657 0 0 0 
0.155433168212129 656 0 0 0 
0.155451959202573 655 0 0 0 
0.1555066212928 654 0 0 0 
0.156830348337357 653 0 0 0 
0.15704694845844 652 0 0 0 
0.157734230343207 651 0 0 0 
0.159356098218947 650 0 0 0 
0.159767220933456 651 0 0 0 
0.160166342029846 652 0 0 0 
0.160385952310296 651 0 0 0 
0.16075679701125 650 0 0 0 
0.160925639132794 651 0 0 0 
0.161520839880987 650 0 0 0 
0.162660147913636 649 0 0 0 
0.162683449556755 648 0 0 0 
0.163007116962791 647 0 0 0 
0.163235807365749 648 0 0 0 
0.163312514607594 649 0 0 0 
0.163881774099138 648 0 0 0 
0.164424132164589 647 0 0 0 
0.164858656914777 648 0 0 0 
0.165024399119769 647 0 0 0 
0.165703811130765 646 0 0 0 
0.166187786600223 645 0 0 0 
0.166342066095244 646 0 0 0 
0.16670918266609 645 0 0 0 
0.16673231776279 644 0 0 0 
0.167881584190539 645 0 0 0 
0.168715970745178 644 0 0 0 
0.16902081140748 645 0 0 0 
0.169764528964157 644 0 0 0 
0.169949066959822 643 0 0 0 
0.170137258163018 642 0 0 0 
0.170158211639563 641 0 0 0 
0.170425957016651 640 0 0 0 
0.170625922334738 639 0 0 0 
0.170729029920657 638 0 0 0 
0.17127584311765 637 0 0 0 
0.171474568170026 636 0 0 0 
0.172235896968979 635 0 0 0 
0.17229861607339 634 0 0 0 
0.173355264756742 633 0 0 0 
0.174148914549536 632 0 0 0 
0.174167128949297 631 0 0 0 
0.175174437619845 630 0 0 0 
0.175781727748877 629 0 0 0 
0.176467330348127 628 0 0 0 
0.176501564425208 627 0 0 0 
0.176731151398167 628 0 0 0 
0.176877997034882 627 0 0 0 
0.17693382843183 626 0 0 0 
0.177594157222698 625 0 0 0 
0.177894977357415 626 0 0 0 
0.177907229635537 627 0 0 0 
0.17839801572494 626 0 0 0 
0.1784469993159 627 0 0 0 
0.178575029881554 626 0 0 0 
0.178704592116635 625 0 0 0 
0.179252785141811 624 0 0 0 
0.179494970677897 623 0 0 0 
0.17980219033619 622 0 0 0 
0.180216255792423 621 0 0 0 
0.180276360510401 622 0 0 0 
0.180622261784579 621 0 0 0 
0.180791728132246 620 0 0 0 
0.180947601674211 619 0 0 0 
0.182182349129557 618 0 0 0 
0.182636537433138 617 0 0 0 
0.183329917043626 616 0 0 0 
0.183697035659594 615 0 0 0 
0.183772820595111 616 0 0 0 
0.18377317235692 615 0 0 0 
0.183809591677153 614 0 0 0 
0.18384240461162 613 0 0 0 
0.184530115881099 614 0 0 0 
0.184663936407237 613 0 0 0 
0.185005588418831 612 0 0 0 
0.185727016886388 611 0 0 0 
0.186834574212269 612 0 0 0 
0.18704357010073 611 0 0 0 
0.187275852791273 610 0 0 0 
0.187397730610826 609 0 0 0 
0.187512583857945 608 0 0 0 
0.187674027154101 607 0 0 0 
0.187686331743031 606 0 0 0 
0.187851236379185 605 0 0 0 
0.188070360175106 604 0 0 0 
0.188661009771195 603 0 0 0 
0.189097749705439 602 0 0 0 
0.189955791434369 601 0 0 0 
0.19015847563738 600 0 0 0 
0.190250220592619 599 0 0 0 
0.190466221076036 598 0 0 0 
0.190620918447886 597 0 0 0 
0.190885440039134 596 0 0 0 
0.190933866452949 595 0 0 0 
0.192273090547766 594 0 0 0 
0.192500535200905 593 0 0 0 
0.193152878051812 594 0 0 0 
0.194349531937659 595 0 0 0 
0.195064619319505 594 0 0 0 
0.195558398218444 595 0 0 0 
0.195676636042201 594 0 0 0 
0.196553189981489 593 0 0 0 
0.198032897012353 592 0 0 0 
0.198074370243156 593 0 0 0 
0.198273382150742 592 0 0 0 
0.199013961222695 593 0 0 0 
0.199074225643575 592 0 0 0 
0.199106586951386 591 0 0 0 
0.199232868292307 590 0 0 0 
0.199277394667706 589 0 0 0 
0.199924947720837 588 0 0 0 
0.200559271988824 589 0 0 0 
0.200596269948248 588 0 0 0 
0.201837645847147 587 0 0 0 
0.201871980628919 586 0 0 0 
0.202857421255482 587 0 0 0 
0.202871873130567 586 0 0 0 
0.203012068171891 585 0 0 0 
0.20319486660013 584 0 0 0 
0.203342038229524 583 0 0 0 
0.203582802549264 582 0 0 0 
0.203884442074182 581 0 0 0 
0.203988351730788 580 0 0 0 
0.204750824402473 579 0 0 0 
0.204897888161481 580 0 0 0 
0.205259144087701 579 0 0 0 
0.205790115688285 578 0 0 0 
0.205791411264931 577 0 0 0 
0.205887607810155 576 0 0 0 
0.206019120527192 575 0 0 0 
0.206568142232196 574 0 0 0 
0.206827290892518 573 0 0 0 
0.207087611933543 572 0 0 0 
0.207253843955749 571 0 0 0 
0.207419974501307 570 0 0 0 
0.207459835108006 569 0 0 0 
0.208332465784022 568 0 0 0 
0.208697004071673 567 0 0 0 
0.20880551631072 566 0 0 0 
0.208973197359935 565 0 0 0 
0.209218891364188 566 0 0 0 
0.209629462060647 565 0 0 0 
0.210374910830485 566 0 0 0 
0.210494183400934 565 0 0 0 
0.210589218291788 564 0 0 0 
0.211106100008207 563 0 0 0 
0.211240033812822 562 0 0 0 
0.211734559938924 561 0 0 0 
0.211753934812177 562 0 0 0 
0.212265018116284 561 0 0 0 
0.213222040711612 560 0 0 0 
0.213976131303944 559 0 0 0 
0.214162427320386 558 0 0 0 
0.214363745857306 557 0 0 0 
0.214975372918975 556 0 0 0 
0.215392061323717 557 0 0 0 
0.215609861143376 556 0 0 0 
0.21572589310317 557 0 0 0 
0.215848202486904 558 0 0 0 
0.215904707637465 557 0 0 0 
0.216483317573798 556 0 0 0 
0.216535362565368 555 0 0 0 
0.216784373636562 554 0 0 0 
0.217366528085385 553 0 0 0 
0.217491582221575 552 0 0 0 
0.218437043883366 551 0 0 0 
0.219164363433776 550 0 0 0 
0.219704835645711 549 0 0 0 
0.22039013886755 548 0 0 0 
0.221401424092019 547 0 0 0 
0.223236377642473 546 0 0 0 
0.223420471925188 547 0 0 0 
0.223602092989823 546 0 0 0 
0.224083100718326 545 0 0 0 
0.224651650736972 544 0 0 0 
0.224766972480983 543 0 0 0 
0.224833791578055 542 0 0 0 
0.224955814826826 541 0 0 0 
0.224957259186158 540 0 0 0 
0.225131225688777 539 0 0 0 
0.225256524835699 538 0 0 0 
0.225415822613958 537 0 0 0 
0.225559098068859 536 0 0 0 
0.225597240417275 537 0 0 0 
0.225693685763783 536 0 0 0 
0.226094811722023 535 0 0 0 
0.22647361665133 534 0 0 0 
0.228450863833735 533 0 0 0 
0.228907302083619 534 0 0 0 
0.228919815368662 533 0 0 0 
0.230092889846574 532 0 0 0 
0.230251804048386 531 0 0 0 
0.23055441714307 532 0 0 0 
0.230713837320492 531 0 0 0 
0.231392044983719 530 0 0 0 
0.23146968280435 531 0 0 0 
0.231713000436512 530 0 0 0 
0.231983303821299 529 0 0 0 
0.232989390416602 530 0 0 0 
0.233734757386377 529 0 0 0 
0.233861069139048 528 0 0 0 
0.234338267626771 527 0 0 0 
0.234634455974734 526 0 0 0 
0.235396059683646 525 0 0 0 
0.235443158101024 524 0 0 0 
0.236202040056505 525 0 0 0 
0.236616354268564 524 0 0 0 
0.237302145355161 525 0 0 0 
0.238227504870403 526 0 0 0 
0.238481701865139 525 0 0 0 
0.239476813590962 524 0 0 0 
0.239499303727642 523 0 0 0 
0.239821705909394 522 0 0 0 
0.24042111898558 521 0 0 0 
0.240500616783534 520 0 0 0 
0.240613880430623 519 0 0 0 
0.240783525465152 520 0 0 0 
0.241150930382742 519 0 0 0 
0.241433381137668 518 0 0 0 
0.242077943777489 517 0 0 0 
0.242421834231923 516 0 0 0 
0.242699030781075 515 0 0 0 
0.242825785476561 514 0 0 0 
0.243152230224517 513 0 0 0 
0.24318485190773 512 0 0 0 
0.24389026017158 513 0 0 0 
0.244027324601558 514 0 0 0 
0.244136231531458 513 0 0 0 
0.244689325691618 512 0 0 0 
0.244917744789613 511 0 0 0 
0.245659393620734 510 0 0 0 
0.245680846293845 511 0 0 0 
0.245726780575484 512 0 0 0 
0.246077543963634 513 0 0 0 
0.246589083459192 512 0 0 0 
0.247143492709576 511 0 0 0 
0.247166925958441 512 0 0 0 
0.247302634245931 511 0 0 0 
0.247351490917992 510 0 0 0 
0.247478469651046 509 0 0 0 
0.247624898117711 508 0 0 0 
0.248762104117385 507 0 0 0 
0.249005391919478 506 0 0 0 
0.249514072929598 505 0 0 0 
0.251064981697217 504 0 0 0 
0.251125216877293 503 0 0 0 
0.251199961440695 502 0 0 0 
0.251403387322998 503 0 0 0 
0.251587829146407 502 0 0 0 
0.251759046896015 501 0 0 0 
0.251835994334701 500 0 0 0 
0.252977828925474 499 0 0 0 
0.253362842788807 498 0 0 0 
0.254112499533628 497 0 0 0 
0.254166053701321 496 0 0 0 
0.254448459061559 495 0 0 0 
0.254923530199692 494 0 0 0 
0.255201984842018 493 0 0 0 
0.255476186899219 492 0 0 0 
0.256280454807763 493 0 0 0 
0.256823985799907 494 0 0 0 
0.2568691009893 493 0 0 0 
0.256882847811378 492 0 0 0 
0.257064163531321 491 0 0 0 
0.257575893946828 490 0 0 0 
0.259068272931725 489 0 0 0 
0.259408922715725 488 0 0 0 
0.259618882700753 487 0 0 0 
0.25977318981011 486 0 0 0 
0.259777830196486 487 0 0 0 
0.259837286491158 486 0 0 0 
0.260353627424276 485 0 0 0 
0.260363692188157 486 0 0 0 
0.260452880718468 485 0 0 0 
0.260597579005079 486 0 0 0 
0.260635995942858 485 0 0 0 
0.260822632423711 484 0 0 0 
0.261991931576359 483 0 0 0 
0.262826526880298 484 0 0 0 
0.262844511955536 483 0 0 0 
0.263204222951821 482 0 0 0 
0.263501048268159 481 0 0 0 
0.263730220258304 480 0 0 0 
0.263970716056142 479 0 0 0 
0.264207012676743 478 0 0 0 
0.264274312056399 477 0 0 0 
0.264307644037449 476 0 0 0 
0.265376668275003 475 0 0 0 
0.265521846045073 474 0 0 0 
0.266153321202472 473 0 0 0 
0.266261828032742 472 0 0 0 
0.266388695394248 471 0 0 0 
0.266654849937934 470 0 0 0 
0.266934538246816 469 0 0 0 
0.2691679216519 468 0 0 0 
0.269458872806715 467 0 0 0 
0.269864283941817 468 0 0 0 
0.269947274054465 467 0 0 0 
0.270184275980543 466 0 0 0 
0.271346377314514 465 0 0 0 
0.272136174674607 464 0 0 0 
0.272142487417715 463 0 0 0 
0.272275460864327 462 0 0 0 
0.272406743741011 461 0 0 0 
0.272555653377311 460 0 0 0 
0.272741911001579 459 0 0 0 
0.27329654883694 458 0 0 0 
0.273298711256551 459 0 0 0 
0.274210862418787 458 0 0 0 
0.274648343158279 459 0 0 0 
0.274787534010511 458 0 0 0 
0.274998536886905 457 0 0 0 
0.275942387535117 456 0 0 0 
0.275945104437328 455 0 0 0 
0.276122992195862 454 0 0 0 
0.27619454830474 453 0 0 0 
0.276315085294047 452 0 0 0 
0.276671045053045 453 0 0 0 
0.277083923153777 452 0 0 0 
0.277319480101747 451 0 0 0 
0.278444470235474 450 0 0 0 
0.278814332930722 451 0 0 0 
0.279029741626258 450 0 0 0 
0.279035976190825 449 0 0 0 
0.279047629417969 448 0 0 0 
0.280409713997825 447 0 0 0 
0.280515972816834 446 0 0 0 
0.281622341921581 445 0 0 0 
0.282173425235136 446 0 0 0 
0.282661831243335 445 0 0 0 
0.282758714488997 444 0 0 0 
0.283689626523458 443 0 0 0 
0.285358522859656 442 0 0 0 
0.285455850418682 441 0 0 0 
0.285510622753191 442 0 0 0 
0.285847625374868 441 0 0 0 
0.285890438368613 440 0 0 0 
0.28598700654396 439 0 0 0 
0.285989555674301 440 0 0 0 
0.286395635631224 441 0 0 0 
0.287607089818157 440 0 0 0 
0.289478695047138 439 0 0 0 
0.289556620664654 438 0 0 0 
0.289565962419718 437 0 0 0 
0.289749717827348 436 0 0 0 
0.290016532159942 435 0 0 0 
0.290031746106011 434 0 0 0 
0.290982782082255 433 0 0 0 
0.29108933032611 432 0 0 0 
0.291213966300657 431 0 0 0 
0.292172621208236 430 0 0 0 
0.292600076280145 431 0 0 0 
0.292972992018556 430 0 0 0 
0.294099749620719 429 0 0 0 
0.294400178743449 430 0 0 0 
0.294519429948654 429 0 0 0 
0.294645612955329 428 0 0 0 
0.29479483594306 427 0 0 0 
0.295039554857257 426 0 0 0 
0.29641438045364 425 0 0 0 
0.296915525214416 424 0 0 0 
0.298336040661681 423 0 0 0 
0.29837514944365 422 0 0 0 
0.30039584277848 421 0 0 0 
0.301038928596712 420 0 0 0 
0.301506159605127 419 0 0 0 
0.301803337619549 418 0 0 0 
0.302311727247517 417 0 0 0 
0.302450173658009 418 0 0 0 
0.304081693474439 419 0 0 0 
0.304197920198884 418 0 0 0 
0.304485947588695 417 0 0 0 
0.306333804380064 416 0 0 0 
0.306848793635842 417 0 0 0 
0.308027959473937 416 0 0 0 
0.308287340140402 415 0 0 0 
0.308385408879258 414 0 0 0 
0.30903601293803 413 0 0 0 
0.309052827120463 414 0 0 0 
0.309318457724689 413 0 0 0 
0.30990670647603 414 0 0 0 
0.310278116070987 413 0 0 0 
0.310322226669999 412 0 0 0 
0.310648597712269 411 0 0 0 
0.310665780556543 410 0 0 0 
0.311369555777337 409 0 0 0 
0.311590220879847 410 0 0 0 
0.312450277517092 409 0 0 0 
0.31318032815538 408 0 0 0 
0.313275820438456 407 0 0 0 
0.313314729192568 406 0 0 0 
0.313499831422691 405 0 0 0 
0.313699066678726 406 0 0 0 
0.313963171135968 405 0 0 0 
0.315281439077823 404 0 0 0 
0.316515662230719 405 0 0 0 
0.316882218870123 404 0 0 0 
0.317354748384674 403 0 0 0 
0.317474126792976 402 0 0 0 
0.317740077595924 401 0 0 0 
0.31821453503438 400 0 0 0 
0.318399705081495 399 0 0 0 
0.318619616878758 398 0 0 0 
0.319443255785116 399 0 0 0 
0.319898722687706 398 0 0 0 
0.320063152368504 397 0 0 0 
0.321149901923807 398 0 0 0 
0.321471018772992 399 0 0 0 
0.32247734572622 398 0 0 0 
0.322832880036064 397 0 0 0 
0.323771487059675 396 0 0 0 
0.324235006808356 395 0 0 0 
0.324280967348079 394 0 0 0 
0.326111484650564 393 0 0 0 
0.326178547095363 394 0 0 0 
0.326393500581456 393 0 0 0 
0.327216242364813 392 0 0 0 
0.327519176021448 391 0 0 0 
0.328014425888458 390 0 0 0 
0.328169029858249 389 0 0 0 
0.328171426311322 388 0 0 0 
0.328768517588389 387 0 0 0 
0.330385630318916 386 0 0 0 
0.330405102334763 385 0 0 0 
0.331159411689336 384 0 0 0 
0.332183373110149 383 0 0 0 
0.3322719406168 384 0 0 0 
0.332727869692664 383 0 0 0 
0.332834361250736 384 0 0 0 
0.332958425121804 385 0 0 0 
0.333090671458114 384 0 0 0 
0.33350215697077 383 0 0 0 
0.333912068468122 382 0 0 0 
0.334831106294451 381 0 0 0 
0.335130504286207 380 0 0 0 
0.335425313031762 381 0 0 0 
0.337072425049708 380 0 0 0 
0.337402530197493 379 0 0 0 
0.339000205447685 378 0 0 0 
0.339455462262919 379 0 0 0 
0.339855923500591 378 0 0 0 
0.341331106643564 377 0 0 0 
0.342015403577333 378 0 0 0 
0.342041262371137 377 0 0 0 
0.342608339082092 376 0 0 0 
0.343068357816803 375 0 0 0 
0.343568248383497 374 0 0 0 
0.344096014351541 373 0 0 0 
0.344175008657768 372 0 0 0 
0.344539269855343 371 0 0 0 
0.344586771628029 370 0 0 0 
0.346386942362613 369 0 0 0 
0.346719088642542 368 0 0 0 
0.346721502568707 367 0 0 0 
0.346762544871645 366 0 0 0 
0.347398026408136 365 0 0 0 
0.347834674993387 364 0 0 0 
0.348528375052769 363 0 0 0 
0.349359067623292 362 0 0 0 
0.349953562837315 361 0 0 0 
0.350178837882829 360 0 0 0 
0.35028567285026 359 0 0 0 
0.350641478817091 358 0 0 0 
0.350853196852665 357 0 0 0 
0.350903758637398 356 0 0 0 
0.351291485842673 357 0 0 0 
0.351323262024226 358 0 0 0 
0.351678183794985 359 0 0 0 
0.3519958717034 360 0 0 0 
0.352363485059362 361 0 0 0 
0.353395319414605 360 0 0 0 
0.353397166823662 359 0 0 0 
0.353961516399758 358 0 0 0 
0.35420103031004 357 0 0 0 
0.354243082113491 356 0 0 0 
0.354498336860937 355 0 0 0 
0.355375103963462 354 0 0 0 
0.356078915682908 355 0 0 0 
0.356340412889201 354 0 0 0 
0.356742593537637 353 0 0 0 
0.357627481840105 352 0 0 0 
0.35807742139671 351 0 0 0 
0.358970549289192 350 0 0 0 
0.359205390313819 349 0 0 0 
0.360879465891246 350 0 0 0 
0.360892024839995 349 0 0 0 
0.362720519332519 348 0 0 0 
0.363255922410568 347 0 0 0 
0.363964131144532 346 0 0 0 
0.364125686885667 347 0 0 0 
0.364647624998503 346 0 0 0 
0.365061568807807 345 0 0 0 
0.365264164902611 344 0 0 0 
0.365965556191062 343 0 0 0 
0.366476842944452 342 0 0 0 
0.367218256467252 343 0 0 0 
0.367275453770628 342 0 0 0 
0.367709581403726 343 0 0 0 
0.367719244203024 342 0 0 0 
0.368420491895232 341 0 0 0 
0.368454147021541 342 0 0 0 
0.369635804489115 341 0 0 0 
0.36971530964256 342 0 0 0 
0.371162070228635 341 0 0 0 
0.371885968029563 342 0 0 0 
0.37219278600861 343 0 0 0 
0.373339745970316 344 0 0 0 
0.373520570791099 343 0 0 0 
0.373887477866846 342 0 0 0 
0.374292288554531 341 0 0 0 
0.374659233228212 342 0 0 0 
0.374796738741348 341 0 0 0 
0.374877695315087 340 0 0 0 
0.375915929324107 339 0 0 0 
0.377270962589925 338 0 0 0 
0.377753239156937 337 0 0 0 
0.378110372670742 336 0 0 0 
0.379030595215966 335 0 0 0 
0.379402783533078 334 0 0 0 
0.380781273752146 335 0 0 0 
0.38294788522375 334 0 0 0 
0.383058023516882 333 0 0 0 
0.383167793271648 334 0 0 0 
0.383555526752132 333 0 0 0 
0.384074141055417 334 0 0 0 
0.384216316543699 333 0 0 0 
0.384255039323742 332 0 0 0 
0.384671792565607 331 0 0 0 
0.386108614067547 332 0 0 0 
0.386675058688907 331 0 0 0 
0.38686797306905 330 0 0 0 
0.387280379050652 331 0 0 0 
0.388080252583363 330 0 0 0 
0.388366065675832 331 0 0 0 
0.38907178175923 332 0 0 0 
0.391720201197564 331 0 0 0 
0.391942414510125 332 0 0 0 
0.392497983066528 331 0 0 0 
0.393002906940346 330 0 0 0 
0.393004765437619 329 0 0 0 
0.393081778090452 330 0 0 0 
0.393449887997823 329 0 0 0 
0.393739498913562 330 0 0 0 
0.393789139782464 329 0 0 0 
0.394095463985657 330 0 0 0 
0.394565630301249 329 0 0 0 
0.394732917913632 328 0 0 0 
0.397580562035018 329 0 0 0 
0.398615729514321 330 0 0 0 
0.399226364633882 329 0 0 0 
0.399867240517736 328 0 0 0 
0.400285143597845 327 0 0 0 
0.401229483085699 328 0 0 0 
0.404314481574007 327 0 0 0 
0.404664167142273 326 0 0 0 
0.404686506655843 327 0 0 0 
0.405264844053156 326 0 0 0 
0.407275626100588 325 0 0 0 
0.408365164388862 324 0 0 0 
0.408607664328724 323 0 0 0 
0.408617072696027 322 0 0 0 
0.410079870207557 321 0 0 0 
0.410363822674575 322 0 0 0 
0.410721125768865 321 0 0 0 
0.411373937503157 322 0 0 0 
0.411478606782225 321 0 0 0 
0.411689305133392 322 0 0 0 
0.411827151138513 321 0 0 0 
0.412231536110939 320 0 0 0 
0.412961336634185 319 0 0 0 
0.413920946429004 318 0 0 0 
0.414356019795777 317 0 0 0 
0.414520791875275 316 0 0 0 
0.414621328682359 315 0 0 0 
0.415731211111859 316 0 0 0 
0.41600012433371 315 0 0 0 
0.417435566005482 316 0 0 0 
0.418344423308107 315 0 0 0 
0.41845894048792 314 0 0 0 
0.419782918602628 315 0 0 0 
0.421050587743871 316 0 0 0 
0.421300995615278 315 0 0 0 
0.422082299170112 314 0 0 0 
0.422609583749072 313 0 0 0 
0.424063340463338 312 0 0 0 
0.424396347514923 311 0 0 0 
0.424571391111948 310 0 0 0 
0.425239702906024 309 0 0 0 
0.427727905972888 308 0 0 0 
0.428322237863907 309 0 0 0 
0.428473313010068 310 0 0 0 
0.429435538403998 311 0 0 0 
0.429458532716978 310 0 0 0 
0.430536412250004 309 0 0 0 
0.431604572858402 308 0 0 0 
0.432867901041551 307 0 0 0 
0.43326446462922 306 0 0 0 
0.435453520816372 305 0 0 0 
0.436366877861399 304 0 0 0 
0.437081935290149 303 0 0 0 
0.437452022088595 304 0 0 0 
0.437975672106277 303 0 0 0 
0.438407512267946 302 0 0 0 
0.439443273932091 301 0 0 0 
0.441102894589383 300 0 0 0 
0.441546795429843 299 0 0 0 
0.44161126312028 298 0 0 0 
0.443578004529017 299 0 0 0 
0.443832298281866 300 0 0 0 
0.444477513863442 299 0 0 0 
0.445217472426014 298 0 0 0 
0.445371936753181 299 0 0 0 
0.446218521590905 298 0 0 0 
0.446744415542547 297 0 0 0 
0.446920926377807 296 0 0 0 
0.447179047914792 295 0 0 0 
0.447535864573555 294 0 0 0 
0.448166117689982 295 0 0 0 
0.449064394033752 294 0 0 0 
0.44988621630148 293 0 0 0 
0.45077882100181 292 0 0 0 
0.451109573478224 291 0 0 0 
0.451518877548324 290 0 0 0 
0.451597611659352 289 0 0 0 
0.452096485040052 288 0 0 0 
0.452388996495131 287 0 0 0 
0.452605708134951 286 0 0 0 
0.453090431395464 285 0 0 0 
0.453672558325596 284 0 0 0 
0.454592853906407 283 0 0 0 
0.455747640293296 282 0 0 0 
0.456096437917891 281 0 0 0 
0.457044147005629 280 0 0 0 
0.457732184613042 281 0 0 0 
0.457785354370272 280 0 0 0 
0.458318194208418 279 0 0 0 
0.459070589771629 278 0 0 0 
0.459983078656257 277 0 0 0 
0.460866436666098 276 0 0 0 
0.461141052984639 275 0 0 0 
0.461175164112908 274 0 0 0 
0.462645674284741 273 0 0 0 
0.462966064043895 272 0 0 0 
0.463005255085591 271 0 0 0 
0.46301907215809 270 0 0 0 
0.463548068375514 269 0 0 0 
0.463855647404511 268 0 0 0 
0.464071916479161 269 0 0 0 
0.465565149423671 268 0 0 0 
0.466338428237898 269 0 0 0 
0.46695032620289 268 0 0 0 
0.467041195121247 269 0 0 0 
0.468076078433721 270 0 0 0 
0.468278791244852 269 0 0 0 
0.468383912103643 268 0 0 0 
0.469119377971467 267 0 0 0 
0.469131960340475 266 0 0 0 
0.469777347423862 265 0 0 0 
0.470498238822329 264 0 0 0 
0.470982866243999 263 0 0 0 
0.471071789509776 262 0 0 0 
0.472016572042242 261 0 0 0 
0.472207911930038 260 0 0 0 
0.472359700455259 259 0 0 0 
0.473156572659387 258 0 0 0 
0.473455449076445 259 0 0 0 
0.47432968280372 258 0 0 0 
0.474361101179116 257 0 0 0 
0.474652460017395 258 0 0 0 
0.475175385479407 257 0 0 0 
0.475218867953394 256 0 0 0 
0.475307544174119 257 0 0 0 
0.476907495729358 258 0 0 0 
0.477202143233709 259 0 0 0 
0.478157705640532 258 0 0 0 
0.478541870378689 257 0 0 0 
0.479010389255659 256 0 0 0 
0.479234754414315 257 0 0 0 
0.480080274820643 256 0 0 0 
0.481782461254264 255 0 0 0 
0.481854907195312 254 0 0 0 
0.483117073739151 253 0 0 0 
0.483502494807141 252 0 0 0 
0.483952647522604 251 0 0 0 
0.484152663845986 252 0 0 0 
0.485424404459768 251 0 0 0 
0.486716591096905 250 0 0 0 
0.486811365311886 249 0 0 0 
0.486912014214098 250 0 0 0 
0.486939241353614 251 0 0 0 
0.490400099987457 250 0 0 0 
0.491299356483295 249 0 0 0 
0.492492629391678 248 0 0 0 
0.492921810695363 247 0 0 0 
0.493442989295782 246 0 0 0 
0.494417121401844 245 0 0 0 
0.496224149125678 246 0 0 0 
0.496592473359095 245 0 0 0 
0.498209243161799 244 0 0 0 
0.499878981626244 243 0 0 0 
0.499977722612189 242 0 0 0 
0.501401638293043 241 0 0 0 
0.502434461327596 240 0 0 0 
0.503799486082402 239 0 0 0 
0.505472976196354 238 0 0 0 
0.507158333784661 237 0 0 0 
0.508636593484607 236 0 0 0 
0.508644155560055 237 0 0 0 
0.508754887052376 236 0 0 0 
0.508902977508609 235 0 0 0 
0.509520295842067 234 0 0 0 
0.510810793892399 233 0 0 0 
0.510982181302217 232 0 0 0 
0.51113098889285 231 0 0 0 
0.511559347343677 232 0 0 0 
0.511949253464175 233 0 0 0 
0.513695750077209 232 0 0 0 
0.513748891043218 233 0 0 0 
0.514314160464204 232 0 0 0 
0.515121216813435 231 0 0 0 
0.515513857998059 230 0 0 0 
0.516417388379124 229 0 0 0 
0.51766783652811 230 0 0 0 
0.521871754868191 229 0 0 0 
0.522219327574433 230 0 0 0 
0.523238504465704 229 0 0 0 
0.523302405994394 228 0 0 0 
0.524140149706318 227 0 0 0 
0.524657837680934 228 0 0 0 
0.525795452852811 227 0 0 0 
0.526129409753164 226 0 0 0 
0.526293665817865 227 0 0 0 
0.526330212699888 226 0 0 0 
0.528116428502088 225 0 0 0 
0.529464753416384 224 0 0 0 
0.530244238238016 223 0 0 0 
0.531181603352187 222 0 0 0 
0.533535964557669 221 0 0 0 
0.5336056410536 220 0 0 0 
0.53505856185973 219 0 0 0 
0.537555225686743 218 0 0 0 
0.538074103636018 217 0 0 0 
0.538097562329639 216 0 0 0 
0.541547119683396 217 0 0 0 
0.541547364095843 216 0 0 0 
0.543404339916577 215 0 0 0 
0.545574482131057 214 0 0 0 
0.547049760465991 213 0 0 0 
0.551346053445021 212 0 0 0 
0.552437552061245 211 0 0 0 
0.552626460644215 210 0 0 0 
0.552828132035941 209 0 0 0 
0.554336651059011 208 0 0 0 
0.5547109242535 207 0 0 0 
0.555172622908167 208 0 0 0 
0.555739794246132 207 0 0 0 
0.555931721246979 208 0 0 0 
0.558550495804859 207 0 0 0 
0.560450028830784 208 0 0 0 
0.560621084354912 207 0 0 0 
0.561201220690013 206 0 0 0 
0.562757663566989 207 0 0 0 
0.563136587390131 206 0 0 0 
0.56461679314597 205 0 0 0 
0.566937364432942 204 0 0 0 
0.5670047171648 203 0 0 0 
0.567480893599127 202 0 0 0 
0.567569617238637 201 0 0 0 
0.568377827688915 200 0 0 0 
0.570246250970694 199 0 0 0 
0.570448658811771 200 0 0 0 
0.570458201510498 199 0 0 0 
0.570892903613167 198 0 0 0 
0.571344761274447 197 0 0 0 
0.571549534690289 196 0 0 0 
0.573134172557931 195 0 0 0 
0.573452583300692 194 0 0 0 
0.573827718759733 193 0 0 0 
0.574080981192266 192 0 0 0 
0.574165467363506 191 0 0 0 
0.575178766599668 190 0 0 0 
0.576326344806293 189 0 0 0 
0.576542936001396 190 0 0 0 
0.576985834952273 189 0 0 0 
0.577818400788175 188 0 0 0 
0.577897593820567 187 0 0 0 
0.577986931958296 188 0 0 0 
0.57811262565548 187 0 0 0 
0.579125207148941 186 0 0 0 
0.579299486544575 185 0 0 0 
0.579411702360793 184 0 0 0 
0.57958889609225 185 0 0 0 
0.581247813438705 186 0 0 0 
0.581918704959648 185 0 0 0 
0.582023128360447 184 0 0 0 
0.582422907921511 183 0 0 0 
0.58266345378256 182 0 0 0 
0.58375565786215 181 0 0 0 
0.585239316598807 182 0 0 0 
0.585406270669418 181 0 0 0 
0.586464358589798 180 0 0 0 
0.587098490674049 179 0 0 0 
0.587748112166466 180 0 0 0 
0.587792108799046 179 0 0 0 
0.588418967109335 178 0 0 0 
0.588674979228927 177 0 0 0 
0.589529134209482 176 0 0 0 
0.589554032118973 177 0 0 0 
0.59024273051426 176 0 0 0 
0.590550283663699 175 0 0 0 
0.590571304286441 174 0 0 0 
0.591472947909932 173 0 0 0 
0.592973102521025 174 0 0 0 
0.59334514496269 175 0 0 0 
0.594611058998207 174 0 0 0 
0.596827638666908 173 0 0 0 
0.597919973031204 172 0 0 0 
0.59878589312931 173 0 0 0 
0.599122453111685 174 0 0 0 
0.599591643262864 173 0 0 0 
0.599665280397624 174 0 0 0 
0.600174616063894 173 0 0 0 
0.601494639533074 174 0 0 0 
0.602456283039745 173 0 0 0 
0.602655569456921 174 0 0 0 
0.602742355839833 173 0 0 0 
0.606901369878527 172 0 0 0 
0.607614616963772 171 0 0 0 
0.607759851711746 172 0 0 0 
0.609773282497199 171 0 0 0 
0.61151244049322 170 0 0 0 
0.613209931700296 169 0 0 0 
0.614757603023743 168 0 0 0 
0.614999149395033 167 0 0 0 
0.615219460069658 168 0 0 0 
0.616067392743354 169 0 0 0 
0.616477584794008 170 0 0 0 
0.617107784679583 171 0 0 0 
0.618935268687213 170 0 0 0 
0.619196825161588 169 0 0 0 
0.619429971951919 170 0 0 0 
0.619571368264988 169 0 0 0 
0.620787752114938 168 0 0 0 
0.621195952647629 169 0 0 0 
0.62242832582229 168 0 0 0 
0.623963112220916 169 0 0 0 
0.624244556523519 168 0 0 0 
0.625981920670859 167 0 0 0 
0.627282792262039 166 0 0 0 
0.628206283206154 165 0 0 0 
0.631245264413078 164 0 0 0 
0.634067425112176 163 0 0 0 
0.635302841583488 162 0 0 0 
0.635388828607304 161 0 0 0 
0.635762137214942 160 0 0 0 
0.6370852882221 159 0 0 0 
0.63717948314665 158 0 0 0 
0.638085366018413 157 0 0 0 
0.638830518679551 158 0 0 0 
0.64291680784948 157 0 0 0 
0.643074518207956 156 0 0 0 
0.643101512485949 155 0 0 0 
0.643473747028675 154 0 0 0 
0.643973939335826 153 0 0 0 
0.64438484915572 152 0 0 0 
0.645355076092387 151 0 0 0 
0.646621564330373 150 0 0 0 
0.647136816047765 149 0 0 0 
0.647447448935948 148 0 0 0 
0.648062382550181 147 0 0 0 
0.64867677673366 146 0 0 0 
0.650331246596847 145 0 0 0 
0.651465492631443 144 0 0 0 
0.655979370763969 143 0 0 0 
0.656015030594 142 0 0 0 
0.660054521428729 143 0 0 0 
0.664015058605059 142 0 0 0 
0.664308003418465 141 0 0 0 
0.665881001956145 142 0 0 0 
0.666596901700461 141 0 0 0 
0.668081774736024 140 0 0 0 
0.668308082719419 139 0 0 0 
0.669288692913449 138 0 0 0 
0.670271591587705 139 0 0 0 
0.670498424560635 138 0 0 0 
0.671334715798462 137 0 0 0 
0.67168498164315 136 0 0 0 
0.67400678154433 135 0 0 0 
0.676769260504678 134 0 0 0 
0.678124631941887 133 0 0 0 
0.680209593009002 134 0 0 0 
0.682953292283736 133 0 0 0 
0.684642612312851 132 0 0 0 
0.684687563081129 131 0 0 0 
0.690712118632385 132 0 0 0 
0.694777309526562 131 0 0 0 
0.695218503416 132 0 0 0 
0.696527504014205 131 0 0 0 
0.699429499511558 130 0 0 0 
0.70442093186861 129 0 0 0 
0.704965108300018 130 0 0 0 
0.707960062080181 129 0 0 0 
0.709535621946561 128 0 0 0 
0.710540083406745 127 0 0 0 
0.711001386820509 128 0 0 0 
0.713141922063561 127 0 0 0 
0.713701784578506 126 0 0 0 
0.715767509002053 125 0 0 0 
0.718439387479136 124 0 0 0 
0.719421186447256 123 0 0 0 
0.720265021136056 122 0 0 0 
0.720705554761664 121 0 0 0 
0.721140093685476 120 0 0 0 
0.722851486405907 119 0 0 0 
0.736786170203268 118 0 0 0 
0.741806926329943 117 0 0 0 
0.746386149899809 116 0 0 0 
0.747209136231287 115 0 0 0 
0.747348198751154 114 0 0 0 
0.748205135328873 113 0 0 0 
0.752352122005978 112 0 0 0 
0.754263223155992 111 0 0 0 
0.756081235471572 110 0 0 0 
0.757622833363216 109 0 0 0 
0.759190437207094 108 0 0 0 
0.762401878137122 109 0 0 0 
0.763962360358979 108 0 0 0 
0.766160723379556 107 0 0 0 
0.76645121892505 106 0 0 0 
0.767320610247863 105 0 0 0 
0.76859663395983 104 0 0 0 
0.772643740464333 103 0 0 0 
0.772710441214408 102 0 0 0 
0.773112422808397 101 0 0 0 
0.776072621542354 100 0 0 0 
0.781500630756137 99 0 0 0 
0.781682299413341 100 0 0 0 
0.785606867679843 99 0 0 0 
0.786316598040236 98 0 0 0 
0.786836279861273 97 0 0 0 
0.786840358195697 96 0 0 0 
0.791131208503032 95 0 0 0 
0.792443524835465 94 0 0 0 
0.792826510031998 93 0 0 0 
0.796936399123921 94 0 0 0 
0.799561175192746 95 0 0 0 
0.799905851198758 94 0 0 0 
0.800639599733059 93 0 0 0 
0.801367252705277 92 0 0 0 
0.80212034937614 93 0 0 0 
0.802583224889546 92 0 0 0 
0.805263263978896 91 0 0 0 
0.80615314499959 90 0 0 0 
0.807996352223264 89 0 0 0 
0.809025149135547 88 0 0 0 
0.811046297895678 89 0 0 0 
0.814929068431404 90 0 0 0 
0.817603462443229 89 0 0 0 
0.818983042343225 90 0 0 0 
0.81974742680686 89 0 0 0 
0.82284664862718 88 0 0 0 
0.823933923318906 87 0 0 0 
0.824685437540805 86 0 0 0 
0.825003607322484 85 0 0 0 
0.825390460488325 84 0 0 0 
0.82544243393048 83 0 0 0 
0.826694727640321 84 0 0 0 
0.827626892115193 85 0 0 0 
0.83137051643169 84 0 0 0 
0.832927439648197 83 0 0 0 
0.834848871959971 82 0 0 0 
0.83668923011478 81 0 0 0 
0.838747075904352 80 0 0 0 
0.839124850738212 79 0 0 0 
0.840176881938414 78 0 0 0 
0.842878082658518 77 0 0 0 
0.845932038568958 76 0 0 0 
0.846985729762137 77 0 0 0 
0.852046024642456 78 0 0 0 
0.854642351964415 77 0 0 0 
0.858750960848411 78 0 0 0 
0.861891770399898 77 0 0 0 
0.866880356845247 76 0 0 0 
0.868913020876535 77 0 0 0 
0.869682710531833 78 0 0 0 
0.872202582671731 77 0 0 0 
0.873715992583148 78 0 0 0 
0.874572688689785 77 0 0 0 
0.876965728313054 76 0 0 0 
0.880027616411616 75 0 0 0 
0.88126307082903 74 0 0 0 
0.882734630191982 73 0 0 0 
0.883750742278944 72 0 0 0 
0.884474157673773 71 0 0 0 
0.892943362153099 70 0 0 0 
0.893218199371613 69 0 0 0 
0.900048798257018 68 0 0 0 
0.900229222907804 67 0 0 0 
0.902376137218165 66 0 0 0 
0.904755047573451 65 0 0 0 
0.908707788196658 64 0 0 0 
0.908721845037038 63 0 0 0 
0.919458885281275 64 0 0 0 
0.926804255277366 63 0 0 0 
0.935461305652415 62 0 0 0 
0.935523470937324 61 0 0 0 
0.936604104316226 60 0 0 0 
0.936915981659378 59 0 0 0 
0.938092954007591 60 0 0 0 
0.94309797703728 59 0 0 0 
0.945250844554917 58 0 0 0 
0.947399917342757 57 0 0 0 
0.948724103729683 56 0 0 0 
0.952224301966612 55 0 0 0 
0.954644985475234 54 0 0 0 
0.954902950286097 55 0 0 0 
0.955618792582284 54 0 0 0 
0.95565763660115 53 0 0 0 
0.955929832489621 52 0 0 0 
0.956940304150243 53 0 0 0 
0.957153656872817 54 0 0 0 
0.958535889626944 53 0 0 0 
0.964084799058195 52 0 0 0 
0.967101672509961 51 0 0 0 
0.968902593994949 50 0 0 0 
0.97424826122077 49 0 0 0 
0.975377174114733 48 0 0 0 
0.981135807463375 49 0 0 0 
0.984168800383951 48 0 0 0 
0.986713180947505 47 0 0 0 
0.990540986427766 46 0 0 0 
0.990549310617135 45 0 0 0 
0.996168824263747 44 0 0 0 
1.02258812394463 43 0 0 0 
1.02487090585444 42 0 0 0 
1.02547507702783 43 0 0 0 
1.03470190280071 42 0 0 0 
1.03504705069316 41 0 0 0 
1.04975619893969 40 0 0 0 
1.057186274147 39 0 0 0 
1.05803072439626 38 0 0 0 
1.06665702028409 37 0 0 0 
1.06717174770101 36 0 0 0 
1.06932530919627 37 0 0 0 
1.06998060028152 36 0 0 0 
1.07222357911497 35 0 0 0 
1.07555399683733 34 0 0 0 
1.09213183507303 35 0 0 0 
1.09298749211169 36 0 0 0 
1.11201657337232 35 0 0 0 
1.11357357292873 34 0 0 0 
1.11453925174416 33 0 0 0 
1.11916611367393 32 0 0 0 
1.14012377444369 31 0 0 0 
1.14840087026753 32 0 0 0 
1.15201254801669 33 0 0 0 
1.1556895986194 34 0 0 0 
1.15584618996114 33 0 0 0 
1.16392283914453 32 0 0 0 
1.16523783829667 31 0 0 0 
1.18494220609657 30 0 0 0 
1.18513441936883 29 0 0 0 
1.18798586843413 28 0 0 0 
1.19615661138098 27 0 0 0 
1.19783229939801 26 0 0 0 
1.23651539633225 25 0 0 0 
1.24050036920689 24 0 0 0 
1.2406588408677 25 0 0 0 
1.24611698407939 26 0 0 0 
1.25474333370703 25 0 0 0 
1.25904495236538 26 0 0 0 
1.27131019285637 27 0 0 0 
1.29050841260269 26 0 0 0 
1.29323384621327 25 0 0 0 
1.30562444841164 24 0 0 0 
1.30972305916351 23 0 0 0 
1.31354774262192 22 0 0 0 
1.31586530637082 23 0 0 0 
1.31861413625755 24 0 0 0 
1.32177613013618 23 0 0 0 
1.3247376152253 22 0 0 0 
1.32583196790325 23 0 0 0 
1.33177592904476 22 0 0 0 
1.33986442862794 21 0 0 0 
1.36171869730922 20 0 0 0 
1.37485374891619 19 0 0 0 
1.418148610991 20 0 0 0 
1.43404421392068 21 0 0 0 
1.44172720807984 20 0 0 0 
1.45178895495323 21 0 0 0 
1.45648859177816 20 0 0 0 
1.47183362530699 19 0 0 0 
1.4740184501931 18 0 0 0 
1.49241888132143 17 0 0 0 
1.55094451933531 16 0 0 0 
1.60130636621455 17 0 0 0 
1.63448142220741 16 0 0 0 
1.6420383077088 15 0 0 0 
1.64382012392479 16 0 0 0 
1.64534629476877 15 0 0 0 
1.64965616779503 14 0 0 0 
1.65110032558476 13 0 0 0 
1.67856268974742 12 0 0 0 
1.68194499882719 11 0 0 0 
1.76746770961077 10 0 0 0 
1.82123617701515 9 0 0 0 
1.87983260963332 10 0 0 0 
1.88302026371554 9 0 0 0 
1.88370804747922 10 0 0 0 
1.88980600481991 11 0 0 0 
1.90122492414909 10 0 0 0 
1.92634353813338 9 0 0 0 
1.94573778157013 8 0 0 0 
1.94870472731984 7 0 0 0 
1.99185469135763 6 0 0 0 
1.99378931016175 5 0 0 0 
2.00093773038877 4 0 0 0 
2.0970918634008 3 0 0 0 
2.10413218763711 2 0 0 0 
2.12627680177907 3 0 0 0 
2.16818311905903 2 0 0 0 
2.26040604456034 3 0 0 0 
2.26809627594777 2 0 0 0 
2.29419984328357 1 0 0 0 
2.61432998534443 0 0 0 0