Time S R1 R2 RB 
0 1000 0 0 0 
5.66676605096824e-05 999 0 0 0 
0.000137746178394998 998 0 0 0 
0.00027321042954946 999 0 0 0 
0.000363010109458987 998 0 0 0 
0.000704148904276887 999 0 0 0 
0.00108873794952023 1000 0 0 0 
0.00139774944774738 1001 0 0 0 
0.00141405924108805 1000 0 0 0 
0.00150257802323498 999 0 0 0 
0.00168050174196417 998 0 0 0 
0.00178652506255057 999 0 0 0 
0.00197695325088359 1000 0 0 0 
0.00256197214908697 999 0 0 0 
0.00262590959707662 998 0 0 0 
0.00283177630061342 997 0 0 0 
0.00295890038133417 996 0 0 0 
0.00302708064945268 995 0 0 0 
0.00333724293901282 994 0 0 0 
0.00350090650652701 995 0 0 0 
0.0036437897146654 994 0 0 0 
0.0041486500205713 995 0 0 0 
0.00415692736998065 994 0 0 0 
0.00426979309403157 995 0 0 0 
0.00449328014051526 994 0 0 0 
0.00460434931004037 995 0 0 0 
0.00550836372350123 996 0 0 0 
0.00594529108531623 995 0 0 0 
0.0071421696614284 994 0 0 0 
0.00715045233363857 995 0 0 0 
0.0071973175181378 996 0 0 0 
0.00752125911423459 995 0 0 0 
0.00767966449119787 994 0 0 0 
0.00809519657586164 993 0 0 0 
0.00819154329700801 994 0 0 0 
0.00878218831473352 993 0 0 0 
0.00884861556440425 992 0 0 0 
0.0089891539551419 991 0 0 0 
0.00906194931020798 992 0 0 0 
0.00953887630073865 991 0 0 0 
0.00967718120442305 990 0 0 0 
0.00969782264165078 991 0 0 0 
0.00976063795233104 990 0 0 0 
0.0099058169207001 989 0 0 0 
0.00992649581356414 988 0 0 0 
0.0118502403037054 987 0 0 0 
0.0119151603153722 986 0 0 0 
0.0122397141194829 985 0 0 0 
0.012282339731632 984 0 0 0 
0.0124098991348589 983 0 0 0 
0.0124569464167411 982 0 0 0 
0.01257865033306 981 0 0 0 
0.0126957032590577 982 0 0 0 
0.0128496210703256 981 0 0 0 
0.0133080067452228 982 0 0 0 
0.0136576110564213 981 0 0 0 
0.0141665943711632 980 0 0 0 
0.0144195513816678 981 0 0 0 
0.014547338532553 980 0 0 0 
0.0147099096687221 979 0 0 0 
0.0148141518213072 978 0 0 0 
0.0153660789943385 979 0 0 0 
0.015795673256011 978 0 0 0 
0.0159071466485013 979 0 0 0 
0.0159277137639633 980 0 0 0 
0.0161532745003486 981 0 0 0 
0.0162870913616538 980 0 0 0 
0.0166804866699707 979 0 0 0 
0.0169103874692881 978 0 0 0 
0.017082398557596 977 0 0 0 
0.0171466507852285 978 0 0 0 
0.0172882029043871 977 0 0 0 
0.0173152293845683 976 0 0 0 
0.0178842292416075 975 0 0 0 
0.0182995469426973 976 0 0 0 
0.018953964777073 977 0 0 0 
0.0189726075239187 978 0 0 0 
0.0191146979239907 977 0 0 0 
0.0192195185323232 976 0 0 0 
0.019702344985629 975 0 0 0 
0.0197536243572063 974 0 0 0 
0.0198415538600582 973 0 0 0 
0.020747562835428 972 0 0 0 
0.0207754441277476 971 0 0 0 
0.0210144064628648 970 0 0 0 
0.0212032221023961 969 0 0 0 
0.0217545778477549 970 0 0 0 
0.0221953791074557 971 0 0 0 
0.0222130378098234 970 0 0 0 
0.0228497478678885 969 0 0 0 
0.0235016693922868 970 0 0 0 
0.0235309008582392 969 0 0 0 
0.0240209651948272 970 0 0 0 
0.0242636043420528 969 0 0 0 
0.0253954193290206 968 0 0 0 
0.0261196227533304 967 0 0 0 
0.0262465860823292 968 0 0 0 
0.026523252450568 967 0 0 0 
0.0265232672783956 968 0 0 0 
0.0265652181522143 967 0 0 0 
0.0270015192197469 966 0 0 0 
0.0272343605849787 965 0 0 0 
0.0275216273921241 964 0 0 0 
0.027802646150266 965 0 0 0 
0.0283607950929469 964 0 0 0 
0.0286590296687937 965 0 0 0 
0.0288680897153595 964 0 0 0 
0.0290054386185678 963 0 0 0 
0.0293730289546239 962 0 0 0 
0.030120248758638 961 0 0 0 
0.0301814757526631 962 0 0 0 
0.0310169816014583 961 0 0 0 
0.031235504949751 960 0 0 0 
0.0312682740551437 959 0 0 0 
0.031542669902481 960 0 0 0 
0.0315618706305839 959 0 0 0 
0.0318242072334824 958 0 0 0 
0.0319131676447758 957 0 0 0 
0.0323674341098534 958 0 0 0 
0.0324060993186645 957 0 0 0 
0.0327424921417365 956 0 0 0 
0.0328754324970017 955 0 0 0 
0.0328759256542297 954 0 0 0 
0.0329809388781497 953 0 0 0 
0.0330012229619473 952 0 0 0 
0.0331901530881071 951 0 0 0 
0.0335896350006424 952 0 0 0 
0.0337688646753255 951 0 0 0 
0.0346906586299522 952 0 0 0 
0.0347683238254126 951 0 0 0 
0.0349919109682927 952 0 0 0 
0.0351359030306433 951 0 0 0 
0.0352473772402068 950 0 0 0 
0.0355141239358411 949 0 0 0 
0.0356007499229052 948 0 0 0 
0.0356705938204024 947 0 0 0 
0.0360487017587809 946 0 0 0 
0.0368131889158447 945 0 0 0 
0.036969361319512 946 0 0 0 
0.0370963790498668 945 0 0 0 
0.0377005284590261 946 0 0 0 
0.0386595874468116 945 0 0 0 
0.0390082506850823 946 0 0 0 
0.0390684837596655 945 0 0 0 
0.039868108258164 944 0 0 0 
0.0403935882546027 945 0 0 0 
0.0405035677334196 946 0 0 0 
0.0406371986796149 945 0 0 0 
0.0407527233203279 946 0 0 0 
0.0419362136929434 945 0 0 0 
0.0420152620083683 944 0 0 0 
0.0420379166497723 945 0 0 0 
0.0427719701382481 944 0 0 0 
0.0434319554899989 945 0 0 0 
0.0436526774435776 944 0 0 0 
0.0438750653114555 943 0 0 0 
0.043890263324582 942 0 0 0 
0.0442095747483868 941 0 0 0 
0.0442181719076771 940 0 0 0 
0.0442458402079911 939 0 0 0 
0.044982672396498 938 0 0 0 
0.046054381145346 937 0 0 0 
0.0464981560968042 936 0 0 0 
0.04657487661581 935 0 0 0 
0.0468169180332382 934 0 0 0 
0.0477492116101807 933 0 0 0 
0.0481542185062785 932 0 0 0 
0.0483729728167622 931 0 0 0 
0.0484565507864905 932 0 0 0 
0.0486579137889333 933 0 0 0 
0.0493627495260398 934 0 0 0 
0.0497507782030728 933 0 0 0 
0.0500829762758717 934 0 0 0 
0.050187068998097 933 0 0 0 
0.0502461546185556 932 0 0 0 
0.0507888596440514 931 0 0 0 
0.0513370485961019 932 0 0 0 
0.0514326989421752 933 0 0 0 
0.052173340877521 934 0 0 0 
0.0522616102988323 933 0 0 0 
0.0528289344149779 932 0 0 0 
0.0531090448964976 933 0 0 0 
0.0539733784738329 934 0 0 0 
0.0545250412613881 933 0 0 0 
0.0547155914283299 934 0 0 0 
0.0547466701196283 933 0 0 0 
0.0549626116471958 934 0 0 0 
0.0551269109190541 935 0 0 0 
0.0554064355921109 934 0 0 0 
0.0557219895375414 935 0 0 0 
0.0559538078584455 934 0 0 0 
0.0560018093138079 933 0 0 0 
0.0560287673952875 932 0 0 0 
0.0561454759529634 933 0 0 0 
0.0562020486026308 932 0 0 0 
0.0567644656878595 931 0 0 0 
0.0575625426649581 932 0 0 0 
0.0575816313645062 931 0 0 0 
0.0581595763732575 930 0 0 0 
0.0587072011165735 929 0 0 0 
0.0588666710041213 928 0 0 0 
0.0593617402294136 927 0 0 0 
0.0599719671987528 926 0 0 0 
0.0604306023207154 927 0 0 0 
0.0612212301136433 926 0 0 0 
0.061468496057478 925 0 0 0 
0.0616370610919416 924 0 0 0 
0.0622652871605536 925 0 0 0 
0.0631964681706339 926 0 0 0 
0.0635322862855542 925 0 0 0 
0.0637484411907283 924 0 0 0 
0.0639088893803838 923 0 0 0 
0.0645335047167411 922 0 0 0 
0.0671004946774932 923 0 0 0 
0.0671834713626068 924 0 0 0 
0.0683774123127734 925 0 0 0 
0.068515602938934 926 0 0 0 
0.0689404563036723 925 0 0 0 
0.0690731814225151 924 0 0 0 
0.0692795435503029 923 0 0 0 
0.0693527182449112 924 0 0 0 
0.0696276546722665 923 0 0 0 
0.0699088985131614 922 0 0 0 
0.0701589059518613 921 0 0 0 
0.0701734290911434 920 0 0 0 
0.0701887354810571 919 0 0 0 
0.0705308201286681 918 0 0 0 
0.0705537545246574 917 0 0 0 
0.070861726257267 916 0 0 0 
0.0709154308749096 917 0 0 0 
0.0710612665004411 918 0 0 0 
0.0711842377839073 919 0 0 0 
0.0715019825084875 918 0 0 0 
0.0719801008238069 917 0 0 0 
0.0721125626333725 918 0 0 0 
0.0721244368154706 917 0 0 0 
0.0722581847152063 916 0 0 0 
0.0730311117239029 915 0 0 0 
0.0731522739587964 914 0 0 0 
0.0734991913627983 913 0 0 0 
0.0735435702887152 912 0 0 0 
0.0736672199324645 911 0 0 0 
0.0739063985038717 910 0 0 0 
0.0742021177418303 909 0 0 0 
0.074275153490105 910 0 0 0 
0.0744422641578429 909 0 0 0 
0.0747227301756766 908 0 0 0 
0.0748994731167404 909 0 0 0 
0.0752990385360519 910 0 0 0 
0.0757552269972615 911 0 0 0 
0.076002874902156 910 0 0 0 
0.0763772216119486 909 0 0 0 
0.0765403459148861 908 0 0 0 
0.0767443501920243 909 0 0 0 
0.0774247404797889 908 0 0 0 
0.0776401897029736 909 0 0 0 
0.0777703285234028 908 0 0 0 
0.0778697810794444 907 0 0 0 
0.0778729592678243 908 0 0 0 
0.0780096104461164 907 0 0 0 
0.0781396322103321 908 0 0 0 
0.078418029436501 907 0 0 0 
0.0784633129361644 906 0 0 0 
0.0785476562342455 905 0 0 0 
0.078689194646724 904 0 0 0 
0.0789691429118835 905 0 0 0 
0.0790788148703683 906 0 0 0 
0.0791577224068397 907 0 0 0 
0.0795311548412798 906 0 0 0 
0.0797299469572298 905 0 0 0 
0.0800448574590129 904 0 0 0 
0.0802452059169261 905 0 0 0 
0.0805382502212523 904 0 0 0 
0.080663990946113 903 0 0 0 
0.0807539775564046 904 0 0 0 
0.0809298747085217 903 0 0 0 
0.0813105284064298 904 0 0 0 
0.0820948571288756 903 0 0 0 
0.0826791905454852 904 0 0 0 
0.0829076983944653 903 0 0 0 
0.0834047237299866 902 0 0 0 
0.0835597784863765 903 0 0 0 
0.0849230624527918 902 0 0 0 
0.0850378665020465 901 0 0 0 
0.0854586155229366 900 0 0 0 
0.0854823108129957 899 0 0 0 
0.0863218964090874 898 0 0 0 
0.0869487812265261 897 0 0 0 
0.0884038028317852 896 0 0 0 
0.0885704927631811 895 0 0 0 
0.0886700621302164 894 0 0 0 
0.0893505132987384 893 0 0 0 
0.0898004142105455 892 0 0 0 
0.0898851168952596 891 0 0 0 
0.0905925891094075 890 0 0 0 
0.0909887072502556 889 0 0 0 
0.0922171498815902 888 0 0 0 
0.0924739426181437 887 0 0 0 
0.0929741255130395 886 0 0 0 
0.0934609276485727 885 0 0 0 
0.093503970858593 884 0 0 0 
0.0940433956191208 883 0 0 0 
0.0945551003929526 884 0 0 0 
0.0946668976983769 883 0 0 0 
0.0947424959580815 882 0 0 0 
0.0955087729255343 883 0 0 0 
0.095535647844621 884 0 0 0 
0.0956292726164038 883 0 0 0 
0.0966879707869561 884 0 0 0 
0.096690523282326 885 0 0 0 
0.0976382098047822 886 0 0 0 
0.0980058976003309 885 0 0 0 
0.0980742067130167 886 0 0 0 
0.0981871694199376 885 0 0 0 
0.100153485576686 886 0 0 0 
0.100196696994708 885 0 0 0 
0.100676986131953 886 0 0 0 
0.101031878491755 885 0 0 0 
0.101599634793907 884 0 0 0 
0.101770690283518 883 0 0 0 
0.102003254851092 882 0 0 0 
0.10210084388734 881 0 0 0 
0.102215494309697 880 0 0 0 
0.102881832464813 879 0 0 0 
0.102895589494644 878 0 0 0 
0.10323606508117 877 0 0 0 
0.10324039203553 876 0 0 0 
0.103352628361845 877 0 0 0 
0.1037082548318 876 0 0 0 
0.103874792290501 875 0 0 0 
0.104067067001007 874 0 0 0 
0.104623472636494 875 0 0 0 
0.105486076453512 874 0 0 0 
0.105686052888852 875 0 0 0 
0.105996338705803 874 0 0 0 
0.106012266761109 873 0 0 0 
0.106138594245263 874 0 0 0 
0.107104103257223 873 0 0 0 
0.108621251976361 872 0 0 0 
0.108676780578376 871 0 0 0 
0.109433367407615 870 0 0 0 
0.109605931444008 869 0 0 0 
0.109658801018074 870 0 0 0 
0.110136538143992 869 0 0 0 
0.110165126271914 868 0 0 0 
0.11065933122518 867 0 0 0 
0.111200882116151 866 0 0 0 
0.111636472608285 865 0 0 0 
0.112480342901663 866 0 0 0 
0.112819236180613 867 0 0 0 
0.113011736242072 866 0 0 0 
0.113020894335319 867 0 0 0 
0.113374726459083 866 0 0 0 
0.113781728558402 867 0 0 0 
0.113925699051221 866 0 0 0 
0.114651784028553 865 0 0 0 
0.115096100923315 864 0 0 0 
0.115253222595405 863 0 0 0 
0.115332298429307 862 0 0 0 
0.115532770640844 861 0 0 0 
0.115651870105258 860 0 0 0 
0.115760343954094 861 0 0 0 
0.115970019722897 862 0 0 0 
0.115986292078908 861 0 0 0 
0.116653742681367 860 0 0 0 
0.117016768901263 861 0 0 0 
0.117629881574485 860 0 0 0 
0.118027709988245 859 0 0 0 
0.118489204433314 858 0 0 0 
0.119748126056858 859 0 0 0 
0.119777164413053 858 0 0 0 
0.119944010781276 859 0 0 0 
0.120153933958327 858 0 0 0 
0.120878102455631 859 0 0 0 
0.121110362098326 858 0 0 0 
0.121136576080423 857 0 0 0 
0.122432886943995 856 0 0 0 
0.122579681071444 857 0 0 0 
0.122787635517978 856 0 0 0 
0.122830966993836 857 0 0 0 
0.123479286328777 858 0 0 0 
0.123702469527018 859 0 0 0 
0.123957060449044 858 0 0 0 
0.124253052727875 857 0 0 0 
0.125264598862052 856 0 0 0 
0.125575523949645 857 0 0 0 
0.125971751694396 856 0 0 0 
0.12706122124268 855 0 0 0 
0.127100707402859 856 0 0 0 
0.127611038935825 855 0 0 0 
0.127640726855388 854 0 0 0 
0.127731425327042 853 0 0 0 
0.128553324902263 852 0 0 0 
0.12891549870099 851 0 0 0 
0.128998861966388 850 0 0 0 
0.129660952464844 849 0 0 0 
0.129891743087064 848 0 0 0 
0.13144935056809 847 0 0 0 
0.132134553797282 848 0 0 0 
0.132261296158197 849 0 0 0 
0.13247880911741 848 0 0 0 
0.132497611193496 849 0 0 0 
0.132780911660461 850 0 0 0 
0.132792897652096 849 0 0 0 
0.13292446809329 848 0 0 0 
0.133483088296806 849 0 0 0 
0.13377241428528 848 0 0 0 
0.133783059401964 849 0 0 0 
0.134231238988195 848 0 0 0 
0.134618397271625 847 0 0 0 
0.134755136382771 848 0 0 0 
0.134879728072576 849 0 0 0 
0.13488738948236 848 0 0 0 
0.135142657243524 847 0 0 0 
0.135164580168839 848 0 0 0 
0.135178412875121 847 0 0 0 
0.13526431112289 848 0 0 0 
0.135647676803431 847 0 0 0 
0.135832141506456 846 0 0 0 
0.135912055803306 845 0 0 0 
0.13592695418848 846 0 0 0 
0.136142271913286 845 0 0 0 
0.137248879011392 844 0 0 0 
0.137273059285726 843 0 0 0 
0.137498982605607 842 0 0 0 
0.137520298561053 841 0 0 0 
0.138467493200054 840 0 0 0 
0.138607450401107 841 0 0 0 
0.138909810359825 842 0 0 0 
0.139318580072045 841 0 0 0 
0.139555393205417 840 0 0 0 
0.139832616215986 841 0 0 0 
0.141185243906861 840 0 0 0 
0.141642901349978 841 0 0 0 
0.141645034820642 840 0 0 0 
0.141645742112304 839 0 0 0 
0.142002401164204 840 0 0 0 
0.142016932813821 839 0 0 0 
0.142364427967379 838 0 0 0 
0.143417937769872 839 0 0 0 
0.144347669094908 838 0 0 0 
0.144455232703874 837 0 0 0 
0.145217998727812 836 0 0 0 
0.145239101543846 837 0 0 0 
0.14571227835253 836 0 0 0 
0.145978316958387 837 0 0 0 
0.146132097827292 836 0 0 0 
0.146464187821506 835 0 0 0 
0.146507772704139 834 0 0 0 
0.146857976242459 835 0 0 0 
0.14686153248277 836 0 0 0 
0.146956734895202 835 0 0 0 
0.14706869685507 836 0 0 0 
0.147299960532418 835 0 0 0 
0.147504101550892 834 0 0 0 
0.147747673037282 833 0 0 0 
0.147760106481955 832 0 0 0 
0.147970393286064 831 0 0 0 
0.148283614969716 830 0 0 0 
0.149484044169819 829 0 0 0 
0.149550796611518 828 0 0 0 
0.149583830560488 827 0 0 0 
0.149637095540951 826 0 0 0 
0.150897361728346 825 0 0 0 
0.150913785796761 824 0 0 0 
0.151178251254045 823 0 0 0 
0.151367527153228 822 0 0 0 
0.151629961323482 821 0 0 0 
0.15173691179759 820 0 0 0 
0.152390398208268 819 0 0 0 
0.15255500338424 818 0 0 0 
0.152912532241544 819 0 0 0 
0.153034224512618 820 0 0 0 
0.153134268437299 819 0 0 0 
0.153576226052014 818 0 0 0 
0.153701421856238 817 0 0 0 
0.153853292197913 818 0 0 0 
0.15431722616256 817 0 0 0 
0.154461377027277 816 0 0 0 
0.154709661624885 815 0 0 0 
0.155303390639366 814 0 0 0 
0.155945934604578 813 0 0 0 
0.156297155518524 812 0 0 0 
0.156500528624288 811 0 0 0 
0.156791453732381 812 0 0 0 
0.158170990444143 811 0 0 0 
0.159169203572809 812 0 0 0 
0.161470890237589 811 0 0 0 
0.161680212314268 812 0 0 0 
0.161749973383341 811 0 0 0 
0.161875437226629 810 0 0 0 
0.162087702881692 809 0 0 0 
0.162351767473772 808 0 0 0 
0.162502790517051 807 0 0 0 
0.16251917833376 806 0 0 0 
0.162795982051525 805 0 0 0 
0.163233726750116 804 0 0 0 
0.164177837117706 803 0 0 0 
0.164360147797991 802 0 0 0 
0.164642032501903 801 0 0 0 
0.16477092954878 800 0 0 0 
0.164961444921616 799 0 0 0 
0.165066237534816 800 0 0 0 
0.165210669232418 799 0 0 0 
0.165970324902379 800 0 0 0 
0.16597670808619 799 0 0 0 
0.166165274754586 800 0 0 0 
0.166299375404824 799 0 0 0 
0.166574916367449 798 0 0 0 
0.166747482999615 797 0 0 0 
0.167401365563463 796 0 0 0 
0.168393653848908 795 0 0 0 
0.168554699030297 796 0 0 0 
0.169404993078361 797 0 0 0 
0.169405786007135 796 0 0 0 
0.17032190671564 795 0 0 0 
0.170390824311149 796 0 0 0 
0.170427617697811 795 0 0 0 
0.170723629396452 794 0 0 0 
0.170990301427448 793 0 0 0 
0.171018418049906 794 0 0 0 
0.171184057906965 795 0 0 0 
0.171926842023322 794 0 0 0 
0.172800855444424 793 0 0 0 
0.173130982336572 792 0 0 0 
0.173880971641082 791 0 0 0 
0.175479716726692 792 0 0 0 
0.175527612452284 791 0 0 0 
0.175611329665061 792 0 0 0 
0.175721535079485 791 0 0 0 
0.176318935797055 792 0 0 0 
0.17674549020336 791 0 0 0 
0.177337667380367 790 0 0 0 
0.177606543068639 789 0 0 0 
0.178392715250981 788 0 0 0 
0.178563573722688 789 0 0 0 
0.179021147208124 788 0 0 0 
0.179486942264135 787 0 0 0 
0.179606904442924 786 0 0 0 
0.179925186627898 787 0 0 0 
0.180123084420061 786 0 0 0 
0.180466704344733 785 0 0 0 
0.180555719075956 784 0 0 0 
0.180835870225381 783 0 0 0 
0.181655842598861 782 0 0 0 
0.181723655153157 781 0 0 0 
0.181802936871576 780 0 0 0 
0.181963035328117 779 0 0 0 
0.182013487403108 778 0 0 0 
0.182476579502493 779 0 0 0 
0.182482234932545 780 0 0 0 
0.183131277462772 779 0 0 0 
0.184053393407858 780 0 0 0 
0.184639192831439 779 0 0 0 
0.185264672236812 780 0 0 0 
0.185602427824186 779 0 0 0 
0.185801706850839 780 0 0 0 
0.185832526006097 779 0 0 0 
0.186922235580744 778 0 0 0 
0.188652288354772 777 0 0 0 
0.188830642767622 778 0 0 0 
0.189154346793187 777 0 0 0 
0.189617270211285 776 0 0 0 
0.189701179769887 775 0 0 0 
0.190060584492812 776 0 0 0 
0.191087953396323 775 0 0 0 
0.191515531704236 774 0 0 0 
0.191566733141621 775 0 0 0 
0.193267832746309 774 0 0 0 
0.193352212585137 775 0 0 0 
0.193472838792973 776 0 0 0 
0.193498614575878 777 0 0 0 
0.193558328420323 776 0 0 0 
0.193725691309137 775 0 0 0 
0.19405680280383 774 0 0 0 
0.194230317473687 773 0 0 0 
0.194462727917194 772 0 0 0 
0.194541919956193 773 0 0 0 
0.194585241355518 772 0 0 0 
0.194627904444812 773 0 0 0 
0.194922919138647 772 0 0 0 
0.195158362308602 771 0 0 0 
0.19560122126378 770 0 0 0 
0.195653935701814 769 0 0 0 
0.195755061833635 768 0 0 0 
0.196332932048799 767 0 0 0 
0.196696918866608 766 0 0 0 
0.196883621631157 767 0 0 0 
0.197687945316919 766 0 0 0 
0.197895421747526 765 0 0 0 
0.198196478847458 764 0 0 0 
0.198462475556627 765 0 0 0 
0.198496081595544 764 0 0 0 
0.198941287004875 765 0 0 0 
0.198959210922294 764 0 0 0 
0.199545266068992 763 0 0 0 
0.199923940779838 762 0 0 0 
0.200638062641828 761 0 0 0 
0.200901144937656 762 0 0 0 
0.201820325941234 763 0 0 0 
0.202416526633133 762 0 0 0 
0.202607398676878 761 0 0 0 
0.202806985274677 762 0 0 0 
0.202871510186708 761 0 0 0 
0.203387191559094 760 0 0 0 
0.20431039911743 759 0 0 0 
0.204765089554158 758 0 0 0 
0.205139904677958 757 0 0 0 
0.205325908147153 756 0 0 0 
0.20550056368394 755 0 0 0 
0.20603910168201 754 0 0 0 
0.206062176648009 753 0 0 0 
0.206129287300768 752 0 0 0 
0.207754152189246 753 0 0 0 
0.208019268107512 752 0 0 0 
0.208860321480236 751 0 0 0 
0.21084465846951 750 0 0 0 
0.211347559435715 751 0 0 0 
0.211835879579799 752 0 0 0 
0.212104625157343 751 0 0 0 
0.21255834945165 750 0 0 0 
0.212764883566804 751 0 0 0 
0.213493104945591 750 0 0 0 
0.214886749933339 749 0 0 0 
0.214915247536214 748 0 0 0 
0.215311006973498 747 0 0 0 
0.215590576945625 748 0 0 0 
0.215684369568243 749 0 0 0 
0.216380566434717 748 0 0 0 
0.217043726576229 747 0 0 0 
0.217574925396674 748 0 0 0 
0.217777584177133 749 0 0 0 
0.218605935533726 748 0 0 0 
0.219195882774808 747 0 0 0 
0.219383903717621 748 0 0 0 
0.219831404514239 749 0 0 0 
0.219859524048329 748 0 0 0 
0.221256097861385 749 0 0 0 
0.22227025230695 748 0 0 0 
0.222640690767386 749 0 0 0 
0.223544641654603 748 0 0 0 
0.223768889858533 747 0 0 0 
0.223997527954404 746 0 0 0 
0.224022979326213 745 0 0 0 
0.224348128490687 744 0 0 0 
0.224590912803154 743 0 0 0 
0.224716071654208 742 0 0 0 
0.225379684318524 741 0 0 0 
0.225620804048739 740 0 0 0 
0.226544345853258 739 0 0 0 
0.226620411408497 738 0 0 0 
0.227901627595222 737 0 0 0 
0.228863736056189 738 0 0 0 
0.228885751856888 737 0 0 0 
0.230103011848868 738 0 0 0 
0.23083472239458 737 0 0 0 
0.231660597770639 736 0 0 0 
0.231701826443779 735 0 0 0 
0.23197825719142 736 0 0 0 
0.232155105854345 737 0 0 0 
0.232222146386339 736 0 0 0 
0.233014858795512 735 0 0 0 
0.233375901425615 736 0 0 0 
0.233390610057197 737 0 0 0 
0.233979930087278 736 0 0 0 
0.234038733975488 737 0 0 0 
0.234192468929334 736 0 0 0 
0.234348005978346 735 0 0 0 
0.235005944157249 734 0 0 0 
0.235296544175201 733 0 0 0 
0.235665090409758 732 0 0 0 
0.236161690974183 731 0 0 0 
0.236233758845018 732 0 0 0 
0.236648608153036 731 0 0 0 
0.236851804828193 730 0 0 0 
0.237038657855328 729 0 0 0 
0.238518448117451 728 0 0 0 
0.239062639858333 727 0 0 0 
0.239893218433761 726 0 0 0 
0.240332870788398 725 0 0 0 
0.240423606635727 726 0 0 0 
0.240424027897141 725 0 0 0 
0.240467632049575 724 0 0 0 
0.240506908640067 723 0 0 0 
0.241329884739835 724 0 0 0 
0.241490065902842 723 0 0 0 
0.241898916902467 722 0 0 0 
0.242762027411922 721 0 0 0 
0.244086768675643 722 0 0 0 
0.244336809470921 721 0 0 0 
0.244614641108002 720 0 0 0 
0.244760381830796 719 0 0 0 
0.244897688168895 720 0 0 0 
0.245090108077177 721 0 0 0 
0.245104729156739 720 0 0 0 
0.245300628011888 719 0 0 0 
0.245560868539951 718 0 0 0 
0.246262164456714 717 0 0 0 
0.246780582329169 716 0 0 0 
0.247798823804361 715 0 0 0 
0.248039286237003 714 0 0 0 
0.248148102582472 713 0 0 0 
0.248404226962541 712 0 0 0 
0.248587611633539 711 0 0 0 
0.248901102405682 710 0 0 0 
0.24895847825462 709 0 0 0 
0.25054476936157 708 0 0 0 
0.250814101279401 707 0 0 0 
0.251586372927937 708 0 0 0 
0.253003408156539 709 0 0 0 
0.253850418570183 708 0 0 0 
0.254435134086685 709 0 0 0 
0.254575185037871 710 0 0 0 
0.255610245326518 709 0 0 0 
0.257357044992186 708 0 0 0 
0.257405990768626 709 0 0 0 
0.257640925067365 708 0 0 0 
0.258514939871379 709 0 0 0 
0.258586082244868 708 0 0 0 
0.258624274334242 707 0 0 0 
0.25877326743429 706 0 0 0 
0.258825787294161 705 0 0 0 
0.259589377655487 704 0 0 0 
0.26033715946868 705 0 0 0 
0.260380787222527 704 0 0 0 
0.261844200128797 703 0 0 0 
0.261884664795933 702 0 0 0 
0.263045711984944 703 0 0 0 
0.263062743994021 702 0 0 0 
0.263227921940063 701 0 0 0 
0.26344323442336 700 0 0 0 
0.263616534122925 701 0 0 0 
0.263899153261355 700 0 0 0 
0.264253127859437 699 0 0 0 
0.264375030684621 698 0 0 0 
0.265269274114384 699 0 0 0 
0.265441209772402 700 0 0 0 
0.265863687519261 699 0 0 0 
0.266484458755838 698 1 0 0 
0.266485971446866 697 1 0 0 
0.266598255111311 696 1 0 0 
0.266751714838836 695 1 0 0 
0.267392165004364 696 1 0 0 
0.267693510739555 695 1 0 0 
0.267996126733456 694 1 0 0 
0.268189307280651 693 1 0 0 
0.268382310194604 692 1 0 0 
0.268428604068122 693 1 0 0 
0.269438835806995 694 1 0 0 
0.269859508343325 693 1 0 0 
0.269984689814218 692 1 0 0 
0.270178066972744 691 1 0 0 
0.270461320394995 692 1 0 0 
0.270934808574054 693 1 0 0 
0.27179173693546 694 1 0 0 
0.271928891316655 693 1 0 0 
0.272038138385792 692 1 0 0 
0.272632122779695 691 1 0 0 
0.272785984562459 690 1 0 0 
0.273353903070577 689 1 0 0 
0.273376145970842 690 1 0 0 
0.273963078899705 689 1 0 0 
0.275061767797525 688 1 0 0 
0.275927196635785 687 1 0 0 
0.276140927004528 686 1 0 0 
0.276371814698887 685 1 0 0 
0.277073040028197 684 1 0 0 
0.27755060858234 685 1 0 0 
0.27780031426058 684 1 0 0 
0.277933299039236 685 1 0 0 
0.278073525728442 686 1 0 0 
0.27813833021258 685 1 0 0 
0.278801701682836 684 1 0 0 
0.278861350694163 683 1 0 0 
0.279146646830349 682 1 0 0 
0.27981340431491 681 1 0 0 
0.279956583439105 680 1 0 0 
0.281038707466934 679 1 0 0 
0.28187087231647 678 1 0 0 
0.282489042385856 679 1 0 0 
0.283270288058752 678 1 0 0 
0.2844227487857 679 1 0 0 
0.286506975261095 680 1 0 0 
0.286715389306472 681 1 0 0 
0.286921077826353 680 1 0 0 
0.287465629048022 679 1 0 0 
0.28810905368661 680 1 0 0 
0.288239131773488 679 1 0 0 
0.288314473043923 678 1 0 0 
0.288452008218885 677 1 0 0 
0.288453635583172 676 1 0 0 
0.288649571003221 675 1 0 0 
0.288790640359053 674 1 0 0 
0.288969920008105 673 1 0 0 
0.289131106717711 672 1 0 0 
0.289174001105407 673 1 0 0 
0.289282503347269 672 1 0 0 
0.28973360436968 671 1 0 0 
0.290159441693229 670 1 0 0 
0.292381336891226 669 1 0 0 
0.292894054912007 670 1 0 0 
0.292908116486197 669 1 0 0 
0.294225833449435 668 1 0 0 
0.294404273626961 667 1 0 0 
0.294743938373725 668 1 0 0 
0.294922946696682 667 1 0 0 
0.295684193444529 666 1 0 0 
0.295771303511799 667 1 0 0 
0.29604441271746 666 1 0 0 
0.296347694621059 665 1 0 0 
0.297476091984167 666 1 0 0 
0.298312397876718 665 1 0 0 
0.298454065452161 664 1 0 0 
0.298989069260241 663 1 0 0 
0.299321006764038 662 1 0 0 
0.300174199926955 661 1 0 0 
0.300226941613254 662 1 0 0 
0.301073853221221 663 1 0 0 
0.301536411942261 662 1 0 0 
0.302301754203577 663 1 0 0 
0.30333486651644 664 1 0 0 
0.303618776096925 663 1 0 0 
0.304729762864435 662 1 0 0 
0.304754861837576 661 1 0 0 
0.30511451845451 660 1 0 0 
0.305782926891829 661 1 0 0 
0.30587127173747 660 1 0 0 
0.305997088670073 659 1 0 0 
0.306185458578356 660 1 0 0 
0.306593583876651 659 1 0 0 
0.306907210638246 658 1 0 0 
0.307622623446874 657 1 0 0 
0.308004156610564 656 1 0 0 
0.30831156800567 655 1 0 0 
0.308452080694466 654 1 0 0 
0.308813806832899 655 1 0 0 
0.308849828846857 654 1 0 0 
0.309628434569566 655 1 0 0 
0.309779785950716 656 1 0 0 
0.309900095770218 655 1 0 0 
0.310510841862837 654 1 0 0 
0.310762963117987 653 1 0 0 
0.311581220902232 652 1 0 0 
0.311604879411594 653 1 0 0 
0.311655558495734 654 1 0 0 
0.312042719229916 655 1 0 0 
0.312607579195247 654 1 0 0 
0.313219517326956 653 1 0 0 
0.313245371123914 654 1 0 0 
0.31339516133006 653 1 0 0 
0.313449064674269 652 1 0 0 
0.313589099789198 651 1 0 0 
0.313750515186958 650 1 0 0 
0.315003573891811 649 1 0 0 
0.315271530691883 650 1 0 0 
0.315829826806104 649 1 0 0 
0.317531256930369 648 1 0 0 
0.317597308963818 647 1 0 0 
0.317679235203797 646 1 0 0 
0.317902107647803 647 1 0 0 
0.31810427118183 646 1 0 0 
0.318291856546487 645 1 0 0 
0.318376122163258 644 1 0 0 
0.319625992067626 643 1 0 0 
0.320047244741371 644 1 0 0 
0.320864548331475 643 1 0 0 
0.320922908349867 642 1 0 0 
0.32123051488904 641 1 0 0 
0.321747741716322 640 1 0 0 
0.322050764936365 639 1 0 0 
0.322349021825221 638 1 0 0 
0.32322343786922 639 1 0 0 
0.323814651021916 640 1 0 0 
0.323863746809468 639 1 0 0 
0.323878699594384 638 1 0 0 
0.324075829646277 637 1 0 0 
0.324631932958118 638 1 0 0 
0.326247881323514 637 1 0 0 
0.326616561456675 636 1 0 0 
0.32684368945089 635 1 0 0 
0.327010533926193 634 1 0 0 
0.32701554892742 635 1 0 0 
0.327079836012632 634 1 0 0 
0.327637860755313 633 1 0 0 
0.327648732787677 634 1 0 0 
0.327745121439989 633 1 0 0 
0.327901425599093 634 1 0 0 
0.327942943906946 633 1 0 0 
0.328144550013564 632 1 0 0 
0.329407023484783 633 1 0 0 
0.330304841828833 634 1 0 0 
0.330324198837833 633 1 0 0 
0.330711158996243 632 1 0 0 
0.331030312224614 631 1 0 0 
0.3312766011132 630 1 0 0 
0.331534931186057 629 1 0 0 
0.331788624126831 628 1 0 0 
0.331860841973306 627 1 0 0 
0.331896592002212 626 1 0 0 
0.33304258988375 625 1 0 0 
0.333198142229626 624 1 0 0 
0.333874399704843 623 1 0 0 
0.333990542274583 622 1 0 0 
0.33412626794078 621 1 0 0 
0.334410860046928 620 1 0 0 
0.334709769283089 619 1 0 0 
0.33709540168323 618 1 0 0 
0.337406025462421 619 1 0 0 
0.33783722665212 620 1 0 0 
0.337925542648085 619 1 0 0 
0.338177621349525 618 1 0 0 
0.339412995976565 617 1 0 0 
0.340252146538947 616 1 0 0 
0.340258850183719 617 1 0 0 
0.340399525265385 616 1 0 0 
0.340538336608354 615 1 0 0 
0.340695699889621 614 1 0 0 
0.340892423954406 613 1 0 0 
0.341477907709606 612 1 0 0 
0.341480189135401 613 1 0 0 
0.342443069151381 612 1 0 0 
0.342904626121637 613 1 0 0 
0.34305155800702 612 1 0 0 
0.343274173175078 611 1 0 0 
0.344269417615241 610 1 0 0 
0.344272280867918 609 1 0 0 
0.344459646526239 608 1 0 0 
0.344534973059328 607 1 0 0 
0.344661790212789 606 1 0 0 
0.345036085210044 607 1 0 0 
0.345470474900397 606 1 0 0 
0.345718165222028 605 1 0 0 
0.346900434334544 604 1 0 0 
0.347288908122183 605 1 0 0 
0.347515284371774 604 1 0 0 
0.347521832652913 605 1 0 0 
0.347534024896782 604 1 0 0 
0.348958289780018 603 1 0 0 
0.349069335023255 602 1 0 0 
0.350224867929793 601 1 0 0 
0.350800103660177 602 1 0 0 
0.351310213000543 601 1 0 0 
0.351411342363763 600 1 0 0 
0.352382483966571 599 1 0 0 
0.354122477353928 598 1 0 0 
0.354223891230609 597 1 0 0 
0.354280929338458 598 1 0 0 
0.354632081084761 597 1 0 0 
0.354676665128448 596 1 0 0 
0.354777168162173 595 1 0 0 
0.354779819575605 596 1 0 0 
0.355202446051242 597 1 0 0 
0.356464014600191 596 1 0 0 
0.358411882029309 595 1 0 0 
0.358492934388868 594 1 0 0 
0.358502645146624 595 1 0 0 
0.358692902939853 594 1 0 0 
0.358968990079952 593 1 0 0 
0.358984723115903 592 1 0 0 
0.359967602408084 591 1 0 0 
0.36007765012637 590 1 0 0 
0.36020629977114 589 1 0 0 
0.361195209901916 588 1 0 0 
0.361635879673208 589 1 0 0 
0.362020564661232 588 1 0 0 
0.363182155779172 587 1 0 0 
0.363491678104226 588 1 0 0 
0.36361461593975 587 1 0 0 
0.363744618175397 586 1 0 0 
0.363898260808666 585 1 0 0 
0.36415006821512 584 1 0 0 
0.365563817532516 583 1 0 0 
0.366078821656476 582 1 0 0 
0.367537686493555 581 1 0 0 
0.367577825242562 582 1 0 0 
0.369643281962961 581 1 0 0 
0.370300183387131 580 1 0 0 
0.37077713831764 579 1 0 0 
0.371080300902624 578 1 0 0 
0.371598584739001 577 1 0 0 
0.371739631641417 578 1 0 0 
0.373402903870172 579 1 0 0 
0.373521471168279 580 1 0 0 
0.373814092825238 579 1 0 0 
0.375690163812465 580 1 0 0 
0.376210864191404 581 1 0 0 
0.377403918240108 580 1 0 0 
0.377666175383926 579 1 0 0 
0.377765263960333 578 1 0 0 
0.378422182941739 577 1 0 0 
0.378439148634758 578 1 0 0 
0.378707357514806 577 1 0 0 
0.379300906905242 578 1 0 0 
0.379675921492861 577 1 0 0 
0.379720429567201 576 1 0 0 
0.38004951376582 575 1 0 0 
0.380066827421424 574 1 0 0 
0.380775465916177 573 1 0 0 
0.380997500285211 574 1 0 0 
0.381863500142568 573 1 0 0 
0.382598080875952 572 1 0 0 
0.382694098140301 571 1 0 0 
0.382733193174205 572 1 0 0 
0.382918400675738 571 1 0 0 
0.38311760606142 572 1 0 0 
0.383381860720249 573 1 0 0 
0.384695336154148 572 1 0 0 
0.385924177860122 573 1 0 0 
0.386289401898197 572 1 0 0 
0.386759871094486 571 1 0 0 
0.386878642170356 570 1 0 0 
0.387143045865254 569 1 0 0 
0.387614395774047 570 1 0 0 
0.387797572751819 569 1 0 0 
0.388014954570833 568 1 0 0 
0.388828505400558 569 1 0 0 
0.389278732378 568 1 0 0 
0.38944114809466 567 1 0 0 
0.390513775921971 568 1 0 0 
0.390830959674556 569 1 0 0 
0.391825709325725 568 1 0 0 
0.392176888987754 567 1 0 0 
0.393103299316172 566 1 0 0 
0.393560448735461 565 1 0 0 
0.393605743079482 564 1 0 0 
0.395408346498082 563 1 0 0 
0.395474335535883 564 1 0 0 
0.39568601115804 563 1 0 0 
0.396495584068859 562 1 0 0 
0.396793438837785 561 1 0 0 
0.397280007977218 560 1 0 0 
0.397431783777574 559 1 0 0 
0.397434134552465 558 1 0 0 
0.398019384766007 557 1 0 0 
0.399603177684023 556 1 0 0 
0.399622233377477 555 1 0 0 
0.400359827702137 554 1 0 0 
0.401360298398416 553 1 0 0 
0.401446764597556 554 1 0 0 
0.401892234193101 555 1 0 0 
0.401995825019684 556 1 0 0 
0.402116607262877 557 1 0 0 
0.402245459366887 556 1 0 0 
0.402646060628416 555 1 0 0 
0.403044806515932 554 1 0 0 
0.403938083827963 553 1 0 0 
0.404228852112898 552 1 0 0 
0.404514928606646 553 1 0 0 
0.406114565042899 552 1 0 0 
0.406434892457436 551 1 0 0 
0.407983967270448 550 1 0 0 
0.408425010153053 551 1 0 0 
0.408813289571409 550 1 0 0 
0.410242414856252 549 1 0 0 
0.410904795793628 550 1 0 0 
0.410929847229606 549 1 0 0 
0.411478762159413 548 1 0 0 
0.411923676087349 547 1 0 0 
0.412406747174882 546 1 0 0 
0.412916326109776 545 1 0 0 
0.412992533695399 544 1 0 0 
0.413343645952183 543 1 0 0 
0.413389393928469 542 1 0 0 
0.415121614022532 541 1 0 0 
0.415440947444385 542 1 0 0 
0.4154432576969 541 1 0 0 
0.41548250288381 540 1 0 0 
0.416089623643248 539 1 0 0 
0.416506416159958 538 1 0 0 
0.417167982693387 537 1 0 0 
0.417959488820546 536 1 0 0 
0.418525431807681 535 1 0 0 
0.418739694207503 534 1 0 0 
0.418841214542036 533 1 0 0 
0.419179013069839 532 1 0 0 
0.419379832367385 531 1 0 0 
0.419427747333703 530 1 0 0 
0.419794838893479 531 1 0 0 
0.419824951649129 532 1 0 0 
0.420161602896125 533 1 0 0 
0.420463212531059 534 1 0 0 
0.420812538522105 535 1 0 0 
0.421793931310948 534 1 0 0 
0.421795686818437 533 1 0 0 
0.422331474505387 532 1 0 0 
0.4225586588125 531 1 0 0 
0.422598509279738 530 1 0 0 
0.422840178840464 529 1 0 0 
0.423669513504811 528 1 0 0 
0.424334629842286 529 1 0 0 
0.424581980247181 528 1 0 0 
0.424962049110061 527 1 0 0 
0.425797504399509 526 1 0 0 
0.426221909550682 525 1 0 0 
0.427063556386493 524 1 0 0 
0.427284650931322 525 1 0 0 
0.428853241550898 526 1 0 0 
0.428865020461875 525 1 0 0 
0.43057829992643 524 1 0 0 
0.431079482686864 523 1 0 0 
0.431741783422045 522 1 0 0 
0.431892719489264 523 1 0 0 
0.432380824166984 524 1 0 0 
0.432766083800316 523 1 0 0 
0.432954455062931 522 1 0 0 
0.433605953450437 523 1 0 0 
0.434078585474813 522 1 0 0 
0.434763255230757 523 1 0 0 
0.434816128255736 522 1 0 0 
0.435217030116117 523 1 0 0 
0.435225962380375 522 1 0 0 
0.435873540380393 521 1 0 0 
0.435904588248121 522 1 0 0 
0.436995808066824 521 1 0 0 
0.43706915396561 522 1 0 0 
0.438405187349028 521 1 0 0 
0.439073004874534 522 1 0 0 
0.439356340670785 523 1 0 0 
0.440416587205599 524 1 0 0 
0.440583908995659 523 1 0 0 
0.440923076855609 522 1 0 0 
0.441296905530455 521 1 0 0 
0.441635423044475 522 1 0 0 
0.441762404631976 521 1 0 0 
0.441837089509702 520 1 0 0 
0.442793916857603 519 1 0 0 
0.444041426483186 518 1 0 0 
0.444484977477111 517 1 0 0 
0.444813094878387 516 1 0 0 
0.445657674468912 515 1 0 0 
0.445998912389127 514 1 0 0 
0.447261445679082 515 1 0 0 
0.449247886301995 514 1 0 0 
0.449348759895188 513 1 0 0 
0.449449190063143 514 1 0 0 
0.449804307872446 513 1 0 0 
0.450278796694021 514 1 0 0 
0.450409012552275 513 1 0 0 
0.450444440665526 512 1 0 0 
0.450825331530346 511 1 0 0 
0.452137115065065 512 1 0 0 
0.452654816092984 511 1 0 0 
0.452830942290386 510 1 0 0 
0.453207056545607 511 1 0 0 
0.453937321876862 510 1 0 0 
0.454197983417193 511 1 0 0 
0.454842285257845 512 1 0 0 
0.457262803370089 511 1 0 0 
0.457465678789353 512 1 0 0 
0.457973439657553 511 1 0 0 
0.458434423031665 510 1 0 0 
0.458436117981179 511 1 0 0 
0.458506003846138 512 1 0 0 
0.458840410517076 511 1 0 0 
0.459103220699607 512 1 0 0 
0.459148316572822 511 1 0 0 
0.459426293387161 512 1 0 0 
0.459853412432955 511 1 0 0 
0.46000521916936 510 1 0 0 
0.462586530902375 511 1 0 0 
0.463525903486078 512 1 0 0 
0.464080630358136 511 1 0 0 
0.464662199279964 510 1 0 0 
0.465041017024725 509 1 0 0 
0.465896099492152 510 1 0 0 
0.468692566485482 509 1 0 0 
0.469009200495159 510 1 0 0 
0.469029327178367 511 1 0 0 
0.469550954573605 510 1 0 0 
0.471362559519321 511 1 0 0 
0.472339250597949 512 1 0 0 
0.472555542436203 511 1 0 0 
0.472563924445715 510 1 0 0 
0.473865654653066 509 1 0 0 
0.474118050833026 510 1 0 0 
0.474436011608425 509 1 0 0 
0.475016274881708 510 1 0 0 
0.475109419121611 509 1 0 0 
0.475296702083147 510 1 0 0 
0.475419369989958 509 1 0 0 
0.475778814735572 508 1 0 0 
0.47642676119283 507 1 0 0 
0.477277752015151 508 1 0 0 
0.477661613544682 507 1 0 0 
0.477806818823834 506 1 0 0 
0.477895311621877 505 1 0 0 
0.478871067581507 506 1 0 0 
0.479107765803012 505 1 0 0 
0.480369737998178 506 1 0 0 
0.481169716912015 505 1 0 0 
0.481270394981793 506 1 0 0 
0.482428388718703 507 1 0 0 
0.483538473102883 508 1 0 0 
0.483758016323092 507 1 0 0 
0.484442195536191 506 1 0 0 
0.484903375546058 505 1 0 0 
0.486173334702404 504 1 0 0 
0.486463885004395 503 1 0 0 
0.486616424130801 502 1 0 0 
0.487198096584025 501 1 0 0 
0.489361047867308 500 1 0 0 
0.489877046645525 501 1 0 0 
0.490008373620244 502 1 0 0 
0.490845856978167 503 1 0 0 
0.490865895028538 502 1 0 0 
0.491804039226819 501 1 0 0 
0.492732572508308 500 1 0 0 
0.493829393676482 499 1 0 0 
0.494173258974245 498 1 0 0 
0.496069028034541 497 1 0 0 
0.496859013717516 498 1 0 0 
0.49747422119056 497 1 0 0 
0.497792219653046 498 1 0 0 
0.498242747668259 497 1 0 0 
0.498613807938517 496 1 0 0 
0.499502638603748 495 1 0 0 
0.500924976551964 494 1 0 0 
0.501304913627079 493 1 0 0 
0.50136001932548 492 1 0 0 
0.503038928784818 493 1 0 0 
0.503256294022424 494 1 0 0 
0.503808537448296 493 1 0 0 
0.504441039296926 492 1 0 0 
0.504572897821315 493 1 0 0 
0.505296541687292 494 1 0 0 
0.505743656330139 493 1 0 0 
0.505893525061203 492 1 0 0 
0.506112391768214 491 1 0 0 
0.506414535241087 490 1 0 0 
0.506947492688641 491 1 0 0 
0.507708130757076 490 1 0 0 
0.508403083763631 489 1 0 0 
0.509156860832097 488 1 0 0 
0.509435787363625 487 1 0 0 
0.509780480376473 486 1 0 0 
0.50984669375332 487 1 0 0 
0.510263929588522 486 1 0 0 
0.510508227737844 485 1 0 0 
0.510688962695905 486 1 0 0 
0.511090979961172 485 1 0 0 
0.511573083787604 484 1 0 0 
0.512334143550677 483 1 0 0 
0.513287725632543 482 1 0 0 
0.513575327286802 483 1 0 0 
0.514352381565037 482 1 0 0 
0.514915680540221 483 1 0 0 
0.514959275972472 482 1 0 0 
0.515395513950646 481 1 0 0 
0.516010577241839 480 1 0 0 
0.516755385108132 479 1 0 0 
0.517475319255544 478 1 0 0 
0.517698788592071 477 1 0 0 
0.51772650388379 476 1 0 0 
0.518919445896488 475 1 0 0 
0.519178955828614 474 1 0 0 
0.519210650212548 473 1 0 0 
0.519221806706901 472 1 0 0 
0.519648264944919 471 1 0 0 
0.519895829735029 470 1 0 0 
0.520069622119436 471 1 0 0 
0.521271498273671 470 1 0 0 
0.52189289996577 471 1 0 0 
0.522385405556175 470 1 0 0 
0.522458427212254 471 1 0 0 
0.523291386048484 472 1 0 0 
0.523454806022788 471 1 0 0 
0.523539415898265 470 1 0 0 
0.524130431359102 469 1 0 0 
0.524140526184573 468 1 0 0 
0.524657481041662 467 1 0 0 
0.525233973973692 466 1 0 0 
0.525620892674791 465 1 0 0 
0.525691770518572 464 1 0 0 
0.526443576934877 463 1 0 0 
0.526595580737052 462 1 0 0 
0.52671596183109 461 1 0 0 
0.527346881453796 460 1 0 0 
0.527583113373839 461 1 0 0 
0.528275283599519 460 1 0 0 
0.528300116683432 459 1 0 0 
0.528530013112209 460 1 0 0 
0.528943333397383 459 1 0 0 
0.528977643204297 458 1 0 0 
0.529047492781237 459 1 0 0 
0.530309933114054 460 1 0 0 
0.530542822501493 461 1 0 0 
0.531299384306587 460 1 0 0 
0.531603028115627 459 1 0 0 
0.53197271251328 460 1 0 0 
0.532148676019787 461 1 0 0 
0.532812943221189 460 1 0 0 
0.534147921857725 459 1 0 0 
0.534204640410825 460 1 0 0 
0.535186789925583 459 1 0 0 
0.535486172746711 458 1 0 0 
0.535835214236855 457 1 0 0 
0.53599002587232 458 1 0 0 
0.536976113979006 457 1 0 0 
0.537976259983283 456 1 0 0 
0.538049482476559 455 1 0 0 
0.538127102657534 456 1 0 0 
0.538148138326788 457 1 0 0 
0.540826825626692 456 1 0 0 
0.541521590576558 455 1 0 0 
0.542441839650969 454 1 0 0 
0.542772218915041 453 1 0 0 
0.543172679686236 452 1 0 0 
0.543919795054221 451 1 0 0 
0.54530312563876 452 1 0 0 
0.54558561370529 451 1 0 0 
0.546823296496064 450 1 0 0 
0.548099135453594 449 1 0 0 
0.548174440824844 448 1 0 0 
0.549258339403734 447 1 0 0 
0.550043034448761 446 1 0 0 
0.551078130930563 445 1 0 0 
0.552344684031806 444 1 0 0 
0.55361773807853 443 1 0 0 
0.554732172651294 442 1 0 0 
0.554737862338316 443 1 0 0 
0.554821340906622 442 1 0 0 
0.554932763802714 441 1 0 0 
0.55539631157329 440 1 0 0 
0.556363419596799 441 1 0 0 
0.556491020073156 440 1 0 0 
0.556601584354176 439 1 0 0 
0.556919204212901 440 1 0 0 
0.557208905092369 441 1 0 0 
0.558509197803581 440 1 0 0 
0.558548681627454 441 1 0 0 
0.558969533120949 440 1 0 0 
0.559569177296461 439 1 0 0 
0.559860313463726 438 1 0 0 
0.560528884755792 437 1 0 0 
0.561452241135049 438 1 0 0 
0.564562949059503 439 1 0 0 
0.564818436453696 440 1 0 0 
0.565569158517788 439 1 0 0 
0.565616130085914 438 1 0 0 
0.566230631875308 437 1 0 0 
0.566609564604404 438 1 0 0 
0.567444028114914 437 1 0 0 
0.567688474974521 436 1 0 0 
0.567808450140288 437 1 0 0 
0.567835201408279 436 1 0 0 
0.569139881009332 435 1 0 0 
0.570122610938669 434 1 0 0 
0.570689516442596 435 1 0 0 
0.571366644414448 436 1 0 0 
0.573055869698601 435 1 0 0 
0.573105750759367 434 1 0 0 
0.574143564976982 433 1 0 0 
0.575922906694961 432 1 0 0 
0.576291866774944 431 1 0 0 
0.576308509561435 430 1 0 0 
0.578750178336727 431 1 0 0 
0.578750351735307 431 0 0 0 
0.580063886690399 430 0 0 0 
0.581595387053189 429 0 0 0 
0.582634085184763 428 0 0 0 
0.585651872500114 427 0 0 0 
0.586416746819818 426 0 0 0 
0.586548810516917 425 0 0 0 
0.586689458518111 424 0 0 0 
0.587738977083177 425 0 0 0 
0.58799751368338 424 0 0 0 
0.588315656412685 425 0 0 0 
0.588707441214827 424 0 0 0 
0.588839692368821 425 0 0 0 
0.590648662609972 426 0 0 0 
0.591951428861917 427 0 0 0 
0.592069035400661 428 0 0 0 
0.592465053967782 429 0 0 0 
0.59351993144319 430 0 0 0 
0.593777393186093 429 0 0 0 
0.594780601035158 428 0 0 0 
0.596349387779028 427 0 0 0 
0.596394804566621 426 0 0 0 
0.596715072341183 425 0 0 0 
0.596774592035565 424 0 0 0 
0.597315363251536 423 0 0 0 
0.598562240794526 422 0 0 0 
0.598696959177904 423 0 0 0 
0.598703327422647 422 0 0 0 
0.59899265595958 421 0 0 0 
0.599292602356357 422 0 0 0 
0.599427525438841 421 0 0 0 
0.600468794369255 420 0 0 0 
0.60067745087844 419 0 0 0 
0.600922602476481 418 0 0 0 
0.601087650643552 417 0 0 0 
0.601142555366881 416 0 0 0 
0.601799209461172 415 0 0 0 
0.602540770152903 416 0 0 0 
0.602679659256762 417 0 0 0 
0.602964486221677 416 0 0 0 
0.603498369063949 415 0 0 0 
0.603549004625424 414 0 0 0 
0.603605960308565 415 0 0 0 
0.603686328122988 414 0 0 0 
0.604331878524665 413 0 0 0 
0.604442660177992 412 0 0 0 
0.604513779480656 411 0 0 0 
0.60462574473206 412 0 0 0 
0.60567712098929 413 0 0 0 
0.606103576862761 412 0 0 0 
0.606169757546527 411 0 0 0 
0.606422370427879 410 0 0 0 
0.606573909291506 409 0 0 0 
0.607259888225406 408 0 0 0 
0.608188878857615 409 0 0 0 
0.608293737443577 408 0 0 0 
0.608956257564816 407 0 0 0 
0.609352094875673 406 0 0 0 
0.609756341392833 407 0 0 0 
0.609783804927892 406 0 0 0 
0.610173886370155 405 0 0 0 
0.610332698770155 404 0 0 0 
0.610860885497097 403 0 0 0 
0.610876232706192 404 0 0 0 
0.6113021054805 403 0 0 0 
0.611491682942569 402 0 0 0 
0.61150459859883 401 0 0 0 
0.612056801515117 400 0 0 0 
0.612972560182068 401 0 0 0 
0.61320041397698 402 0 0 0 
0.613978226829648 401 0 0 0 
0.615335749608436 400 0 0 0 
0.616002557318732 399 0 0 0 
0.616529413737607 400 0 0 0 
0.616734864374848 401 0 0 0 
0.617022215344814 400 0 0 0 
0.617067166607748 401 0 0 0 
0.617379104310135 400 0 0 0 
0.618184903208157 401 0 0 0 
0.618773852472563 400 0 0 0 
0.618895505442454 401 0 0 0 
0.618948656923249 400 0 0 0 
0.621487497335926 399 0 0 0 
0.621921462093098 398 0 0 0 
0.622009535029928 399 0 0 0 
0.6232345775432 398 0 0 0 
0.624289233914742 397 0 0 0 
0.625315180741444 396 0 0 0 
0.626247423801395 395 0 0 0 
0.626392425005346 394 0 0 0 
0.626524224788052 395 0 0 0 
0.627033241992069 396 0 0 0 
0.627280322032047 397 0 0 0 
0.627661208583976 398 0 0 0 
0.628769427421453 397 0 0 0 
0.628927509556883 396 0 0 0 
0.629067946013864 397 0 0 0 
0.629153404541187 396 0 0 0 
0.629886095898309 395 0 0 0 
0.630131140228211 396 0 0 0 
0.630873462788527 395 0 0 0 
0.631794800891925 396 0 0 0 
0.631964329456479 395 0 0 0 
0.633007275751712 394 0 0 0 
0.633785515813562 393 0 0 0 
0.634336078891579 392 0 0 0 
0.636141526108608 391 0 0 0 
0.637812261740308 390 0 0 0 
0.63854103979967 389 0 0 0 
0.638591582359656 388 0 0 0 
0.638810218050376 389 0 0 0 
0.639578355072821 388 0 0 0 
0.639632836917767 387 0 0 0 
0.640154844816673 386 0 0 0 
0.640582620909142 387 0 0 0 
0.64293731298955 386 0 0 0 
0.643027851109333 385 0 0 0 
0.643043289232074 384 0 0 0 
0.643255357676542 385 0 0 0 
0.643537751961951 384 0 0 0 
0.643768833703075 383 0 0 0 
0.644312305543586 382 0 0 0 
0.645018905570694 381 0 0 0 
0.645305220923216 380 0 0 0 
0.645477134038762 381 0 0 0 
0.645814284592971 380 0 0 0 
0.64614974381715 379 0 0 0 
0.647049306458782 378 0 0 0 
0.647663411095654 377 0 0 0 
0.650096902833701 378 0 0 0 
0.650115943511805 377 0 0 0 
0.652263440314189 378 0 0 0 
0.654378181562944 377 0 0 0 
0.654533918529756 376 0 0 0 
0.655366484184342 377 0 0 0 
0.655747074826739 376 0 0 0 
0.65653299691199 375 0 0 0 
0.656652246132041 374 0 0 0 
0.657166643225878 375 0 0 0 
0.65767716641385 376 0 0 0 
0.657795522894999 375 0 0 0 
0.658229897342734 376 0 0 0 
0.65841002873967 375 0 0 0 
0.65959850725061 374 0 0 0 
0.661005915362646 373 0 0 0 
0.661693162912684 372 0 0 0 
0.66274528358881 373 0 0 0 
0.664136489388813 372 0 0 0 
0.664988960237913 371 0 0 0 
0.665011533589456 370 0 0 0 
0.668022136585163 371 0 0 0 
0.670063591863003 370 0 0 0 
0.670284066159227 371 0 0 0 
0.67094141934373 370 0 0 0 
0.672391610360068 369 0 0 0 
0.674873606379967 368 0 0 0 
0.675142846964344 369 0 0 0 
0.676632091499862 368 0 0 0 
0.67741162665549 367 0 0 0 
0.677906092261176 366 0 0 0 
0.678132019299214 367 0 0 0 
0.679185739225168 366 0 0 0 
0.679459936371636 365 0 0 0 
0.680466425225016 366 0 0 0 
0.681754391625952 365 0 0 0 
0.6822251632705 364 0 0 0 
0.68262762075371 363 0 0 0 
0.682836594233034 362 0 0 0 
0.683041599202505 363 0 0 0 
0.683840114436406 362 0 0 0 
0.690305499769568 363 0 0 0 
0.692609080376701 362 0 0 0 
0.694698030367949 361 0 0 0 
0.695071282514676 360 0 0 0 
0.695133982052403 359 0 0 0 
0.695518058775928 358 0 0 0 
0.69736556947257 357 0 0 0 
0.698211807203086 356 0 0 0 
0.699011878529832 355 0 0 0 
0.699686087217413 356 0 0 0 
0.700363528602465 357 0 0 0 
0.701734771471603 358 0 0 0 
0.70240536784605 357 0 0 0 
0.703344039825832 356 0 0 0 
0.70346727428445 355 0 0 0 
0.703833671123305 354 0 0 0 
0.704367870880688 353 0 0 0 
0.70605078584447 352 0 0 0 
0.706078333470812 351 0 0 0 
0.70624320973095 350 0 0 0 
0.707448892634069 349 0 0 0 
0.709644092430719 348 0 0 0 
0.709717037318644 349 0 0 0 
0.711304214333504 348 0 0 0 
0.71158919030235 347 0 0 0 
0.71179634416254 346 0 0 0 
0.711797957916701 345 0 0 0 
0.713483169386473 344 0 0 0 
0.713994689365552 345 0 0 0 
0.714141971357985 344 0 0 0 
0.715710214918293 345 0 0 0 
0.716719607063485 346 0 0 0 
0.716853179689102 345 0 0 0 
0.717135352334557 344 0 0 0 
0.717413008753574 343 0 0 0 
0.717698112772711 344 0 0 0 
0.717874735919197 343 0 0 0 
0.718889333308058 342 0 0 0 
0.719223533069163 341 0 0 0 
0.719910160577873 340 0 0 0 
0.720290262132877 339 0 0 0 
0.721030787871608 340 0 0 0 
0.722465324757101 341 0 0 0 
0.723461584143492 340 0 0 0 
0.723971286747553 341 0 0 0 
0.724256033569951 340 0 0 0 
0.725401078835095 339 0 0 0 
0.725799443819492 338 0 0 0 
0.726072466458789 337 0 0 0 
0.726187066925129 336 0 0 0 
0.726325195874395 335 0 0 0 
0.72634358981858 334 0 0 0 
0.726782824606355 335 0 0 0 
0.727112727353044 336 0 0 0 
0.728449417702106 337 0 0 0 
0.728997158997504 336 0 0 0 
0.729667078790424 335 0 0 0 
0.730302893102876 334 0 0 0 
0.731007278401626 333 0 0 0 
0.731135375024828 332 0 0 0 
0.731488701785749 333 0 0 0 
0.732381731954321 332 0 0 0 
0.733381442581871 331 0 0 0 
0.733722916748092 332 0 0 0 
0.735379401228794 333 0 0 0 
0.736237759739045 334 0 0 0 
0.73757465678549 335 0 0 0 
0.738606824577711 334 0 0 0 
0.740230056837833 333 0 0 0 
0.740884834516002 334 0 0 0 
0.74113528323378 335 0 0 0 
0.741963391662732 336 0 0 0 
0.742452907701936 337 0 0 0 
0.742732773868794 336 0 0 0 
0.743506808232654 335 0 0 0 
0.744487239164615 334 0 0 0 
0.744878801065087 335 0 0 0 
0.745337601270392 334 0 0 0 
0.745651057507176 333 0 0 0 
0.745871824892533 332 0 0 0 
0.748428183566439 331 0 0 0 
0.748510219570031 330 0 0 0 
0.750526044622914 329 0 0 0 
0.750578678794596 328 0 0 0 
0.751197655883832 327 0 0 0 
0.751875349140483 326 0 0 0 
0.752987728644525 327 0 0 0 
0.752991611746888 326 0 0 0 
0.755920254748476 327 0 0 0 
0.757949361063866 326 0 0 0 
0.760310664497453 325 0 0 0 
0.760327402944453 324 0 0 0 
0.760614561729636 323 0 0 0 
0.760696331251539 322 0 0 0 
0.761000714890057 323 0 0 0 
0.762312956222211 322 0 0 0 
0.76286972176497 321 0 0 0 
0.763417787928898 320 0 0 0 
0.763750702574282 319 0 0 0 
0.764617961723645 318 0 0 0 
0.765208886889227 319 0 0 0 
0.765270521186536 320 0 0 0 
0.765444176857852 319 0 0 0 
0.765453457673323 318 0 0 0 
0.765517488515658 317 0 0 0 
0.765751440710503 318 0 0 0 
0.765801629398576 319 0 0 0 
0.766131879653382 318 0 0 0 
0.767437194538638 317 0 0 0 
0.768135684355934 316 0 0 0 
0.768545923197641 315 0 0 0 
0.769743546603335 314 0 0 0 
0.769992195061126 313 0 0 0 
0.77123864612423 314 0 0 0 
0.771906677303806 313 0 0 0 
0.772457406212277 312 0 0 0 
0.773271270567961 311 0 0 0 
0.773273008361983 310 0 0 0 
0.774424361250132 311 0 0 0 
0.779699968947547 310 0 0 0 
0.78014688925472 309 0 0 0 
0.780262796268177 310 0 0 0 
0.782069213162808 309 0 0 0 
0.782135427942952 308 0 0 0 
0.784899055851906 309 0 0 0 
0.786256598950348 308 0 0 0 
0.78640751897356 307 0 0 0 
0.787914571801911 306 0 0 0 
0.788002416691981 305 0 0 0 
0.788361188941459 306 0 0 0 
0.788473022839276 305 0 0 0 
0.788846691556597 304 0 0 0 
0.78938788443648 303 0 0 0 
0.792013451348379 304 0 0 0 
0.79215249561716 305 0 0 0 
0.795322642513077 304 0 0 0 
0.795575654940994 303 0 0 0 
0.795728597339711 302 0 0 0 
0.796442193396278 301 0 0 0 
0.799586936646855 300 0 0 0 
0.800794131365392 301 0 0 0 
0.80133607158237 302 0 0 0 
0.801903179235402 303 0 0 0 
0.801927979878266 302 0 0 0 
0.803173633000192 301 0 0 0 
0.803370951525082 300 0 0 0 
0.806244786653536 299 0 0 0 
0.806272006918179 298 0 0 0 
0.80666366424617 297 0 0 0 
0.807750895765562 296 0 0 0 
0.807966632510458 295 0 0 0 
0.81277869737267 294 0 0 0 
0.813256971570937 295 0 0 0 
0.813275168568619 296 0 0 0 
0.813925825602059 297 0 0 0 
0.814991692216945 298 0 0 0 
0.815501040159713 299 0 0 0 
0.817006388930532 300 0 0 0 
0.819445111358878 299 0 0 0 
0.819779611782139 298 0 0 0 
0.82124676362442 297 0 0 0 
0.82171422999358 296 0 0 0 
0.822133689969009 295 0 0 0 
0.822377634596835 296 0 0 0 
0.822679103758737 297 0 0 0 
0.823039744445846 296 0 0 0 
0.823364535889693 295 0 0 0 
0.823479726445664 296 0 0 0 
0.824131611450393 295 0 0 0 
0.824982999474315 294 0 0 0 
0.827186266561775 293 0 0 0 
0.828451740085684 292 0 0 0 
0.832427919884452 293 0 0 0 
0.833959353886844 294 0 0 0 
0.834733925134727 293 0 0 0 
0.835703306500978 294 0 0 0 
0.836177106621696 293 0 0 0 
0.837655496980202 292 0 0 0 
0.837856150271601 291 0 0 0 
0.839462597336826 290 0 0 0 
0.844304945199295 289 0 0 0 
0.848240289121524 290 0 0 0 
0.850985157301111 289 0 0 0 
0.851575662718836 290 0 0 0 
0.851705744080023 291 0 0 0 
0.851824181530695 290 0 0 0 
0.852138823492513 289 0 0 0 
0.852237565907479 288 0 0 0 
0.853987201846492 289 0 0 0 
0.854185425556081 288 0 0 0 
0.858795846294156 287 0 0 0 
0.861440109399957 286 0 0 0 
0.864042704199361 287 0 0 0 
0.864199468870005 286 0 0 0 
0.86423001718782 287 0 0 0 
0.864529906777298 288 0 0 0 
0.865145486218118 287 0 0 0 
0.866380786895892 286 0 0 0 
0.867242193552434 285 0 0 0 
0.867359741117374 284 0 0 0 
0.868860873669112 283 0 0 0 
0.868918765745188 282 0 0 0 
0.869097657315206 281 0 0 0 
0.871029539031848 282 0 0 0 
0.871135250891202 281 0 0 0 
0.871357710258485 282 0 0 0 
0.871986941891807 281 0 0 0 
0.872913390802791 282 0 0 0 
0.87302886114642 281 0 0 0 
0.873291091187373 280 0 0 0 
0.874904808434088 279 0 0 0 
0.87746879045903 278 0 0 0 
0.878018661903384 277 0 0 0 
0.878653922896604 278 0 0 0 
0.878917870602014 277 0 0 0 
0.879572969214203 278 0 0 0 
0.880248638560947 277 0 0 0 
0.880630721717318 278 0 0 0 
0.881222847709571 277 0 0 0 
0.882801037670964 276 0 0 0 
0.883075883974417 275 0 0 0 
0.884587248979278 274 0 0 0 
0.885397420872825 273 0 0 0 
0.889189623426949 272 0 0 0 
0.889704928751105 271 0 0 0 
0.890381324327876 270 0 0 0 
0.890445083614483 269 0 0 0 
0.890841384248477 270 0 0 0 
0.891211174246009 271 0 0 0 
0.892465663858924 270 0 0 0 
0.892632196528335 269 0 0 0 
0.893423281965152 268 0 0 0 
0.893749236868113 269 0 0 0 
0.898534911479625 268 0 0 0 
0.898644390318363 267 0 0 0 
0.899036591449721 266 0 0 0 
0.899140561742064 267 0 0 0 
0.899766631614364 266 0 0 0 
0.900378438089791 265 0 0 0 
0.900948581656752 264 0 0 0 
0.901176857285998 265 0 0 0 
0.901392860250144 264 0 0 0 
0.902483833181602 263 0 0 0 
0.903494368259023 262 0 0 0 
0.904301186009352 261 0 0 0 
0.904615197499686 260 0 0 0 
0.905554058884142 259 0 0 0 
0.905556072890014 258 0 0 0 
0.905995337280277 257 0 0 0 
0.90752968589696 256 0 0 0 
0.909447517765205 255 0 0 0 
0.911004852214973 256 0 0 0 
0.912070865554079 257 0 0 0 
0.912081774311103 256 0 0 0 
0.91279058321059 255 0 0 0 
0.912824472385135 254 0 0 0 
0.913883936631466 253 0 0 0 
0.916224712089929 252 0 0 0 
0.916801800171992 251 0 0 0 
0.916830069613221 250 0 0 0 
0.918522084211545 249 0 0 0 
0.919608136318987 248 0 0 0 
0.920367879858762 247 0 0 0 
0.922295221025667 248 0 0 0 
0.923249099887501 249 0 0 0 
0.923899099410084 248 0 0 0 
0.924241344380748 249 0 0 0 
0.92514792168886 248 0 0 0 
0.925239517084495 247 0 0 0 
0.925874716531274 246 0 0 0 
0.930074383935351 245 0 0 0 
0.930367278186604 246 0 0 0 
0.931037293151032 245 0 0 0 
0.933054690832099 244 0 0 0 
0.937087768601843 243 0 0 0 
0.939254402798404 242 0 0 0 
0.939382838228993 243 0 0 0 
0.939634165128966 244 0 0 0 
0.940623838217494 243 0 0 0 
0.941149840456709 242 0 0 0 
0.941168665575398 241 0 0 0 
0.941222088176556 240 0 0 0 
0.942274325088302 241 0 0 0 
0.943559426569008 240 0 0 0 
0.944640270388353 239 0 0 0 
0.945797597280419 238 0 0 0 
0.945830200007054 237 0 0 0 
0.947487801370956 238 0 0 0 
0.94852671222329 237 0 0 0 
0.948881257844796 236 0 0 0 
0.949260903581734 237 0 0 0 
0.949423864623472 236 0 0 0 
0.951203213118139 235 0 0 0 
0.951583348808621 234 0 0 0 
0.9519859839767 233 0 0 0 
0.95351547941916 234 0 0 0 
0.954028506681521 233 0 0 0 
0.954562684304647 232 0 0 0 
0.955247156954312 231 0 0 0 
0.955353532305083 230 0 0 0 
0.956539326416071 229 0 0 0 
0.957861768751714 228 0 0 0 
0.959337434579683 227 0 0 0 
0.959965255503156 226 0 0 0 
0.960801950692004 225 0 0 0 
0.96110278515062 224 0 0 0 
0.962683314287635 223 0 0 0 
0.965556148671705 222 0 0 0 
0.969654912881086 223 0 0 0 
0.970092261387973 222 0 0 0 
0.974207544992051 221 0 0 0 
0.97552864991993 220 0 0 0 
0.975555972066802 219 0 0 0 
0.976263660196419 220 0 0 0 
0.976616434998773 219 0 0 0 
0.977597905532235 220 0 0 0 
0.978457886359263 221 0 0 0 
0.978626750343008 220 0 0 0 
0.97964934187138 219 0 0 0 
0.979890751414497 218 0 0 0 
0.980309060397155 217 0 0 0 
0.98115918216494 216 0 0 0 
0.981810867049492 215 0 0 0 
0.983642815291751 214 0 0 0 
0.985335869239871 215 0 0 0 
0.985663995957292 216 0 0 0 
0.986142957660009 215 0 0 0 
0.986348338416083 214 0 0 0 
0.990125808279378 213 0 0 0 
0.992017385757917 212 0 0 0 
0.992678468861931 211 0 0 0 
0.993061686993089 212 0 0 0 
0.994551393884006 211 0 0 0 
0.996507160031481 210 0 0 0 
0.996613764297632 209 0 0 0 
0.997504035094296 208 0 0 0 
0.999207347293696 209 0 0 0 
0.999332290314387 208 0 0 0 
0.99949532055192 207 0 0 0 
1.00071271325381 208 0 0 0 
1.00073227584349 209 0 0 0 
1.00295788362211 208 0 0 0 
1.00357082700737 209 0 0 0 
1.00645825117533 210 0 0 0 
1.00726068975161 209 0 0 0 
1.00765072153975 208 0 0 0 
1.01114682025291 209 0 0 0 
1.0115307380573 208 0 0 0 
1.01239356763127 207 0 0 0 
1.01469176892985 206 0 0 0 
1.01524198770952 205 0 0 0 
1.01868225552537 204 0 0 0 
1.02104730035732 203 0 0 0 
1.02260586391981 202 0 0 0 
1.0248356120422 203 0 0 0 
1.02555991149059 202 0 0 0 
1.02721772881442 203 0 0 0 
1.02786936477019 202 0 0 0 
1.02904478422326 201 0 0 0 
1.02967601771717 202 0 0 0 
1.0306832238025 201 0 0 0 
1.0363432840976 200 0 0 0 
1.03838294387473 201 0 0 0 
1.04075327005801 200 0 0 0 
1.04097280636106 199 0 0 0 
1.04300014333815 198 0 0 0 
1.04464183049302 199 0 0 0 
1.04648312781131 198 0 0 0 
1.04704299967039 197 0 0 0 
1.04776739537639 196 0 0 0 
1.04858171142873 195 0 0 0 
1.04886829640271 194 0 0 0 
1.04975056597729 193 0 0 0 
1.05282429519338 192 0 0 0 
1.05308611229936 193 0 0 0 
1.05586771764861 192 0 0 0 
1.05646260249181 191 0 0 0 
1.058118514825 192 0 0 0 
1.0615868365326 191 0 0 0 
1.06314515275624 192 0 0 0 
1.0641124920043 191 0 0 0 
1.06761259066341 190 0 0 0 
1.06976812505418 189 0 0 0 
1.07115955158119 188 0 0 0 
1.07196081204115 187 0 0 0 
1.07306853067054 186 0 0 0 
1.07625429957828 187 0 0 0 
1.08202465403616 186 0 0 0 
1.08525656746294 185 0 0 0 
1.08535578564925 184 0 0 0 
1.08737751984123 185 0 0 0 
1.0876654213779 186 0 0 0 
1.08798461968903 187 0 0 0 
1.08870537720412 188 0 0 0 
1.08953911302593 187 0 0 0 
1.09326705558575 186 0 0 0 
1.09446628179552 185 0 0 0 
1.09621218193898 184 0 0 0 
1.09699087512781 183 0 0 0 
1.09817851013179 182 0 0 0 
1.09831016768137 181 0 0 0 
1.09861837831137 180 0 0 0 
1.09981993599718 181 0 0 0 
1.10019166593829 180 0 0 0 
1.10094032855691 181 0 0 0 
1.10168420215658 182 0 0 0 
1.10303675424566 181 0 0 0 
1.10367878433537 182 0 0 0 
1.10427202341551 181 0 0 0 
1.10625442677549 180 0 0 0 
1.10838936142411 179 0 0 0 
1.10921964356762 178 0 0 0 
1.11075191447101 177 0 0 0 
1.11279734357442 176 0 0 0 
1.1149140901338 177 0 0 0 
1.11515356164438 176 0 0 0 
1.11563175535214 175 0 0 0 
1.11580692297571 174 0 0 0 
1.11623758249544 175 0 0 0 
1.11789551144752 174 0 0 0 
1.11991027617274 173 0 0 0 
1.12039370294343 172 0 0 0 
1.12258742227919 171 0 0 0 
1.12289219569463 170 0 0 0 
1.12376757198633 169 0 0 0 
1.13160980385212 168 0 0 0 
1.13272921032545 167 0 0 0 
1.13563112757284 166 0 0 0 
1.1380280427948 165 0 0 0 
1.14254081044347 164 0 0 0 
1.14571223594753 163 0 0 0 
1.1501538966807 164 0 0 0 
1.1512543711917 163 0 0 0 
1.15305483066532 162 0 0 0 
1.15471306756717 161 0 0 0 
1.15756801952026 162 0 0 0 
1.15792291818096 163 0 0 0 
1.15818552950984 164 0 0 0 
1.16103617475417 163 0 0 0 
1.16213239664107 162 0 0 0 
1.16426732212643 163 0 0 0 
1.16445301380287 162 0 0 0 
1.16560911208857 161 0 0 0 
1.16602948318187 160 0 0 0 
1.16805791926248 161 0 0 0 
1.16835028194825 160 0 0 0 
1.16902658960201 161 0 0 0 
1.16929688179631 162 0 0 0 
1.17029951562466 161 0 0 0 
1.17125888266063 160 0 0 0 
1.17129034809429 159 0 0 0 
1.17517504288171 160 0 0 0 
1.17569970781138 161 0 0 0 
1.18009761809779 160 0 0 0 
1.18247528587635 159 0 0 0 
1.18306448969297 160 0 0 0 
1.18356549902456 159 0 0 0 
1.18566039201361 158 0 0 0 
1.18804541913576 159 0 0 0 
1.19063454196548 160 0 0 0 
1.19232480419656 159 0 0 0 
1.19501558680216 158 0 0 0 
1.1964025543554 157 0 0 0 
1.19757182589458 156 0 0 0 
1.1993898843712 157 0 0 0 
1.20049610855163 156 0 0 0 
1.2029207001682 157 0 0 0 
1.20601052159347 156 0 0 0 
1.20699771749711 155 0 0 0 
1.20720275954795 154 0 0 0 
1.20992933988722 155 0 0 0 
1.21028118210107 154 0 0 0 
1.21077861023702 155 0 0 0 
1.21079652124568 154 0 0 0 
1.21106156388966 153 0 0 0 
1.21334538688859 154 0 0 0 
1.21414975694005 155 0 0 0 
1.21504280413109 154 0 0 0 
1.21513897333902 153 0 0 0 
1.21897406323663 154 0 0 0 
1.21918783944479 153 0 0 0 
1.21945061652235 152 0 0 0 
1.22517355619604 151 0 0 0 
1.22629760777355 150 0 0 0 
1.22766825399442 151 0 0 0 
1.2278789934569 150 0 0 0 
1.229005780159 149 0 0 0 
1.23123939747739 150 0 0 0 
1.23219521193316 149 0 0 0 
1.23223191900605 150 0 0 0 
1.23337908164536 151 0 0 0 
1.23928910818722 150 0 0 0 
1.23931269581978 149 0 0 0 
1.24082128894144 148 0 0 0 
1.24156755362391 147 0 0 0 
1.24671688460767 146 0 0 0 
1.24706348581542 145 0 0 0 
1.25884515174713 144 0 0 0 
1.25981748932167 143 0 0 0 
1.26124205370518 142 0 0 0 
1.26237953274213 141 0 0 0 
1.26250390544978 140 0 0 0 
1.26490637738504 141 0 0 0 
1.26629941366685 140 0 0 0 
1.26759229069344 139 0 0 0 
1.27184535271946 138 0 0 0 
1.27194913380216 137 0 0 0 
1.28159349235162 138 0 0 0 
1.28420511487243 137 0 0 0 
1.28424287801103 136 0 0 0 
1.28511020889224 135 0 0 0 
1.28695524340101 134 0 0 0 
1.28745156535353 135 0 0 0 
1.28868897109058 136 0 0 0 
1.2905995356682 135 0 0 0 
1.29189919526656 134 0 0 0 
1.29295706703684 133 0 0 0 
1.29435259401215 132 0 0 0 
1.29663291679591 131 0 0 0 
1.30138956130252 130 0 0 0 
1.30163341474244 129 0 0 0 
1.30184423880606 128 0 0 0 
1.30334613076973 127 0 0 0 
1.30401114207946 126 0 0 0 
1.30832241393161 125 0 0 0 
1.31074976659411 124 0 0 0 
1.31401768240203 125 0 0 0 
1.31646159807706 124 0 0 0 
1.31853957423283 123 0 0 0 
1.31933151524941 122 0 0 0 
1.32061983248384 121 0 0 0 
1.32255019839513 122 0 0 0 
1.32642984227076 123 0 0 0 
1.32729332315614 122 0 0 0 
1.32959084126786 121 0 0 0 
1.33194724125098 120 0 0 0 
1.33208598116654 119 0 0 0 
1.33233689099172 118 0 0 0 
1.33290083381225 117 0 0 0 
1.33454039978144 116 0 0 0 
1.33638585264932 115 0 0 0 
1.33681798945342 116 0 0 0 
1.33965622809352 115 0 0 0 
1.34135942993293 114 0 0 0 
1.34197739914766 113 0 0 0 
1.34325769836952 114 0 0 0 
1.34556288539293 113 0 0 0 
1.34737263249618 112 0 0 0 
1.35667134311857 111 0 0 0 
1.35692565674494 112 0 0 0 
1.35943869281968 111 0 0 0 
1.36061448269071 110 0 0 0 
1.36155815381527 109 0 0 0 
1.36529117730087 110 0 0 0 
1.36946698227276 109 0 0 0 
1.37084770675487 108 0 0 0 
1.37093919250177 109 0 0 0 
1.37377037502849 110 0 0 0 
1.37453935730645 111 0 0 0 
1.37649680437904 112 0 0 0 
1.3774940494235 111 0 0 0 
1.38127585558785 112 0 0 0 
1.38128189469985 111 0 0 0 
1.38284130339906 112 0 0 0 
1.38310378401665 111 0 0 0 
1.38323243203123 110 0 0 0 
1.38422297127212 111 0 0 0 
1.38499532941218 110 0 0 0 
1.3910549068295 109 0 0 0 
1.39465280533337 108 0 0 0 
1.40023488005646 109 0 0 0 
1.40052024316516 108 0 0 0 
1.41334409289371 107 0 0 0 
1.41422893184806 106 0 0 0 
1.4148469170588 107 0 0 0 
1.41617265867795 108 0 0 0 
1.41623320009971 107 0 0 0 
1.42136323237835 106 0 0 0 
1.42387655475935 105 0 0 0 
1.42562281199932 106 0 0 0 
1.43037924477056 107 0 0 0 
1.43555862030973 106 0 0 0 
1.43831148498271 107 0 0 0 
1.43874157309371 106 0 0 0 
1.43916335503633 105 0 0 0 
1.43967826966898 106 0 0 0 
1.44248057800893 105 0 0 0 
1.44707053324765 104 0 0 0 
1.45022903212533 103 0 0 0 
1.4508355544963 102 0 0 0 
1.45098098431335 101 0 0 0 
1.45252738812013 100 0 0 0 
1.45492333589781 101 0 0 0 
1.4586231756504 102 0 0 0 
1.4593618220354 101 0 0 0 
1.46586429992535 100 0 0 0 
1.46613005432988 101 0 0 0 
1.46726820911204 100 0 0 0 
1.46932418019954 99 0 0 0 
1.46960367233103 98 0 0 0 
1.47450493602529 97 0 0 0 
1.47883904138749 96 0 0 0 
1.48184191566893 95 0 0 0 
1.48263089471078 96 0 0 0 
1.48487596544964 95 0 0 0 
1.49001303901732 96 0 0 0 
1.49751113344648 97 0 0 0 
1.49845723326701 96 0 0 0 
1.49910021006961 95 0 0 0 
1.50613306345098 94 0 0 0 
1.5160233540561 95 0 0 0 
1.51854375103102 94 0 0 0 
1.52593314241377 93 0 0 0 
1.52848571010281 92 0 0 0 
1.52991991056494 91 0 0 0 
1.53094281256355 90 0 0 0 
1.534685792734 89 0 0 0 
1.5392209680256 88 0 0 0 
1.53931899958497 87 0 0 0 
1.53965222821892 86 0 0 0 
1.54053261045387 85 0 0 0 
1.54406575176619 84 0 0 0 
1.5454459149905 85 0 0 0 
1.54624194344318 84 0 0 0 
1.54885035378238 83 0 0 0 
1.54928379753344 84 0 0 0 
1.54929443307861 85 0 0 0 
1.55115747665719 86 0 0 0 
1.55437314819257 87 0 0 0 
1.55762561027723 86 0 0 0 
1.55797597710026 85 0 0 0 
1.55809421479534 86 0 0 0 
1.56046501934346 85 0 0 0 
1.56541858055178 84 0 0 0 
1.56774369471134 83 0 0 0 
1.5754838978995 82 0 0 0 
1.57753641912389 81 0 0 0 
1.58293740332176 80 0 0 0 
1.5831375810226 79 0 0 0 
1.58764800976545 78 0 0 0 
1.58956129671739 79 0 0 0 
1.59000392816052 78 0 0 0 
1.59059675269271 77 0 0 0 
1.59800274097006 78 0 0 0 
1.59913822392094 77 0 0 0 
1.60273181709311 76 0 0 0 
1.61296015033812 75 0 0 0 
1.61448431089214 76 0 0 0 
1.61574036470175 77 0 0 0 
1.6214287401268 76 0 0 0 
1.63804913986845 75 0 0 0 
1.6396925441603 76 0 0 0 
1.64572321524142 75 0 0 0 
1.65229964628703 74 0 0 0 
1.66078369155303 73 0 0 0 
1.66189532711769 72 0 0 0 
1.66259109397293 71 0 0 0 
1.66789234831137 70 0 0 0 
1.67327128838166 71 0 0 0 
1.6740466800561 70 0 0 0 
1.67512421524388 71 0 0 0 
1.68553134871414 72 0 0 0 
1.69481486755362 73 0 0 0 
1.70542588139234 72 0 0 0 
1.71473406079619 73 0 0 0 
1.71480016280764 72 0 0 0 
1.71539236862196 71 0 0 0 
1.71605519486159 70 0 0 0 
1.71861948629903 69 0 0 0 
1.71927137908848 68 0 0 0 
1.75050213722666 69 0 0 0 
1.75056716374994 70 0 0 0 
1.76030417740235 69 0 0 0 
1.76771240567486 70 0 0 0 
1.78169386875007 69 0 0 0 
1.78288618782199 68 0 0 0 
1.78410628377099 67 0 0 0 
1.7870498573561 66 0 0 0 
1.78726053829651 65 0 0 0 
1.7875701505403 64 0 0 0 
1.79018766230553 65 0 0 0 
1.79051164412388 66 0 0 0 
1.79077258051249 67 0 0 0 
1.79376690696785 66 0 0 0 
1.79441175453003 65 0 0 0 
1.79748669444316 66 0 0 0 
1.81419489709427 67 0 0 0 
1.82434119777744 68 0 0 0 
1.83129828568988 69 0 0 0 
1.83432115899055 68 0 0 0 
1.84274772368885 69 0 0 0 
1.84634239677287 68 0 0 0 
1.84844889540977 67 0 0 0 
1.84927990183223 66 0 0 0 
1.85281034338561 65 0 0 0 
1.8622003134109 64 0 0 0 
1.863994995526 63 0 0 0 
1.87571774245782 64 0 0 0 
1.88495352264466 63 0 0 0 
1.89089744937737 64 0 0 0 
1.89109370061896 63 0 0 0 
1.89303031099051 62 0 0 0 
1.89927930354049 63 0 0 0 
1.90002457197138 62 0 0 0 
1.90021919390256 61 0 0 0 
1.90036555071154 60 0 0 0 
1.90491553766027 59 0 0 0 
1.91083336432298 58 0 0 0 
1.91330840326881 57 0 0 0 
1.92207091518562 58 0 0 0 
1.92789034616391 57 0 0 0 
1.92895302816456 56 0 0 0 
1.92979822043093 55 0 0 0 
1.93002837443749 54 0 0 0 
1.93063852927904 55 0 0 0 
1.93864094229446 54 0 0 0 
1.9406010603764 55 0 0 0 
1.94265518933676 54 0 0 0 
1.94961245469277 53 0 0 0 
1.95350282672207 54 0 0 0 
1.95796493151012 53 0 0 0 
1.95853588014746 52 0 0 0 
1.96166678219434 53 0 0 0 
1.96727009710115 54 0 0 0 
1.97128782211129 53 0 0 0 
1.97238073199928 52 0 0 0 
1.97422252553968 51 0 0 0 
1.98215501830844 52 0 0 0 
1.9926762653187 53 0 0 0 
1.99300300589926 54 0 0 0 
2.01480234148945 53 0 0 0 
2.02164702222045 54 0 0 0 
2.02507999524236 53 0 0 0 
2.03509658247591 54 0 0 0 
2.03965621867056 53 0 0 0 
2.03992874966889 52 0 0 0 
2.04796130419916 51 0 0 0 
2.05069900519312 50 0 0 0 
2.05723266105241 51 0 0 0 
2.05853262453904 50 0 0 0 
2.0652961842038 49 0 0 0 
2.0654506033054 50 0 0 0 
2.06787752387051 49 0 0 0 
2.08369585045988 50 0 0 0 
2.09648935251107 49 0 0 0 
2.1025235040559 48 0 0 0 
2.11214823231444 47 0 0 0 
2.11379789856365 48 0 0 0 
2.11944053990467 49 0 0 0 
2.12750732629782 48 0 0 0 
2.12858917631996 47 0 0 0 
2.1345498924877 48 0 0 0 
2.14149791320134 47 0 0 0 
2.15312030312087 48 0 0 0 
2.16154827883076 47 0 0 0 
2.16662977842039 48 0 0 0 
2.1767830952904 49 0 0 0 
2.18060457145755 48 0 0 0 
2.18176924576466 47 0 0 0 
2.18813639837346 46 0 0 0 
2.19958569536061 45 0 0 0 
2.20055100206274 44 0 0 0 
2.2125028905382 43 0 0 0 
2.22098432146733 42 0 0 0 
2.22154238963536 41 0 0 0 
2.22796237144218 40 0 0 0 
2.23634143622826 39 0 0 0 
2.24011449959492 38 0 0 0 
2.24418514857796 37 0 0 0 
2.24840288593949 38 0 0 0 
2.2504578775602 37 0 0 0 
2.25295887847924 36 0 0 0 
2.26280531568395 35 0 0 0 
2.26393471938874 34 0 0 0 
2.26581787496503 33 0 0 0 
2.27233801113173 34 0 0 0 
2.27438974557551 33 0 0 0 
2.30016772359142 32 0 0 0 
2.30353982627207 31 0 0 0 
2.3056610399497 30 0 0 0 
2.31885705617651 29 0 0 0 
2.33347025566577 28 0 0 0 
2.3444358377627 27 0 0 0 
2.34690877862957 26 0 0 0 
2.35010845845777 25 0 0 0 
2.35072427086478 24 0 0 0 
2.35395205336702 25 0 0 0 
2.36643138565646 24 0 0 0 
2.37695809598518 23 0 0 0 
2.38345047647761 24 0 0 0 
2.39208039699826 23 0 0 0 
2.40057767000395 22 0 0 0 
2.40900973948887 21 0 0 0 
2.43819902077946 22 0 0 0 
2.45210620856509 23 0 0 0 
2.46314396780447 24 0 0 0 
2.47519913455969 23 0 0 0 
2.47774943892376 24 0 0 0 
2.49746250552976 23 0 0 0 
2.51115533627055 24 0 0 0 
2.52036491754388 25 0 0 0 
2.53316799121784 26 0 0 0 
2.55166014384153 25 0 0 0 
2.58052085579264 24 0 0 0 
2.58599525278503 23 0 0 0 
2.62718233767028 22 0 0 0 
2.62867143599971 23 0 0 0 
2.63367135037189 24 0 0 0 
2.64025211314026 23 0 0 0 
2.64321418080985 24 0 0 0 
2.65034613681199 23 0 0 0 
2.6524650826684 22 0 0 0 
2.66207708522299 21 0 0 0 
2.66778637070971 20 0 0 0 
2.67191321214492 21 0 0 0 
2.68671136622312 22 0 0 0 
2.69949118863841 21 0 0 0 
2.7168218129277 20 0 0 0 
2.72230666239504 19 0 0 0 
2.73364884608418 20 0 0 0 
2.73711110107859 19 0 0 0 
2.75395907978113 18 0 0 0 
2.76274054916383 17 0 0 0 
2.79801719329782 18 0 0 0 
2.81278653556684 17 0 0 0 
2.82524601285063 18 0 0 0 
2.83320008593743 17 0 0 0 
2.89310938716552 16 0 0 0 
2.89878382278957 17 0 0 0 
2.90012817970467 18 0 0 0 
2.93385448873603 19 0 0 0 
2.95606494057209 18 0 0 0 
2.95794861526884 17 0 0 0 
2.96637938374167 16 0 0 0 
2.97063152937397 17 0 0 0 
2.9706560033886 16 0 0 0 
2.97195394855361 15 0 0 0 
2.98150407485855 14 0 0 0 
2.9879567174013 13 0 0 0 
3.04173653526391 12 0 0 0 
3.05643959974453 11 0 0 0 
3.05829765548125 10 0 0 0 
3.06440475057805 9 0 0 0 
3.10130066709306 8 0 0 0 
3.10211360986436 9 0 0 0 
3.16359412456954 10 0 0 0 
3.1958387149189 9 0 0 0 
3.30818055615154 8 0 0 0 
3.34654965153538 9 0 0 0 
3.38303954047104 8 0 0 0 
3.39904701457857 7 0 0 0 
3.51619058229925 6 0 0 0 
3.52642421959952 7 0 0 0 
3.59864509047897 6 0 0 0 
3.75083545998049 7 0 0 0 
3.77703642557856 6 0 0 0 
3.7985902331822 7 0 0 0 
3.84232193654643 6 0 0 0 
3.85478017517008 5 0 0 0 
4.0401070187628 6 0 0 0 
4.07047270338685 5 0 0 0 
4.15673746836876 6 0 0 0 
4.15967141909576 7 0 0 0 
4.26014152994069 6 0 0 0 
4.26623096310356 5 0 0 0 
4.28669849803094 6 0 0 0 
4.34202623923641 7 0 0 0 
4.37248141874719 6 0 0 0 
4.38891399929014 7 0 0 0 
4.4307940305207 6 0 0 0 
4.47123865632636 7 0 0 0 
4.5143494879463 8 0 0 0 
4.53295094967573 7 0 0 0 
4.53894178273879 6 0 0 0 
4.54103218750243 7 0 0 0 
4.64142184911188 8 0 0 0 
4.69602265667531 7 0 0 0 
4.69923386702986 6 0 0 0 
4.7408543305155 7 0 0 0 
4.89589259385157 8 0 0 0 
4.96141343341467 7 0 0 0 
4.99030034025362 8 0 0 0 
5.01386950817787 7 0 0 0 
5.05544334869272 6 0 0 0 
5.07355254678307 7 0 0 0 
5.12169409956293 6 0 0 0 
5.16495668584977 5 0 0 0 
5.18697295396686 4 0 0 0 
5.19426157377627 3 0 0 0 
5.22596773818989 2 0 0 0 
5.69214177494923 1 0 0 0 
5.76044642245405 0 0 0 0