Time S R1 R2 RB 
0 1000 0 0 0 
4.03944626851097e-05 999 0 0 0 
9.81897402001006e-05 998 0 0 0 
0.000194752852021 999 0 0 0 
0.000258764843809869 998 0 0 0 
0.000501939137468249 997 0 0 0 
0.000776636058515165 998 0 0 0 
0.000997350449373267 999 0 0 0 
0.00100899985049924 998 0 0 0 
0.00107222522946783 997 0 0 0 
0.00119930918653998 996 0 0 0 
0.00127503765209432 997 0 0 0 
0.00141105306299226 998 0 0 0 
0.00182890835477988 997 0 0 0 
0.0018745763745001 996 0 0 0 
0.00202161920886281 995 0 0 0 
0.00211241933570375 994 0 0 0 
0.00216111813023491 993 0 0 0 
0.00238265671568812 992 0 0 0 
0.00249955638378274 993 0 0 0 
0.00260161309693406 992 0 0 0 
0.00296221871668773 991 0 0 0 
0.00296814288333585 990 0 0 0 
0.00304892213285202 991 0 0 0 
0.0032088736392568 990 0 0 0 
0.00328836707478887 989 0 0 0 
0.00393668599531331 990 0 0 0 
0.0042500289530551 989 0 0 0 
0.00510837702241082 988 0 0 0 
0.00511431702270337 989 0 0 0 
0.00514792664813887 990 0 0 0 
0.00538024173464413 989 0 0 0 
0.00549384302403612 988 0 0 0 
0.00579184596823519 987 0 0 0 
0.00586094239476258 988 0 0 0 
0.00628452931080335 987 0 0 0 
0.00633216856122804 986 0 0 0 
0.00643295829213304 985 0 0 0 
0.00648516516075228 984 0 0 0 
0.00682789745404838 983 0 0 0 
0.00692728781491413 982 0 0 0 
0.006942121538848 983 0 0 0 
0.00698726264541825 982 0 0 0 
0.00709159378835336 981 0 0 0 
0.00710645455174764 980 0 0 0 
0.00848895350160184 979 0 0 0 
0.0085356086529165 978 0 0 0 
0.00876885310166182 977 0 0 0 
0.00879948675884922 976 0 0 0 
0.00889116036421995 975 0 0 0 
0.00892497229660616 974 0 0 0 
0.00901243917691746 973 0 0 0 
0.0090965641607295 974 0 0 0 
0.00920718271092207 973 0 0 0 
0.00953662075915294 974 0 0 0 
0.00978787642428527 973 0 0 0 
0.0101536785838494 972 0 0 0 
0.0103354782506985 973 0 0 0 
0.0104273178344422 972 0 0 0 
0.0105441573651429 971 0 0 0 
0.0106190766089218 970 0 0 0 
0.0110157521738926 971 0 0 0 
0.0113245032541237 970 0 0 0 
0.011404620293302 971 0 0 0 
0.0114194019598248 972 0 0 0 
0.0115815119825804 973 0 0 0 
0.0116776850700545 972 0 0 0 
0.0119604174436279 971 0 0 0 
0.0121256480494999 970 0 0 0 
0.012249274134552 969 0 0 0 
0.01229545324132 968 0 0 0 
0.012397398357519 967 0 0 0 
0.0124168628968862 966 0 0 0 
0.0128266623747857 965 0 0 0 
0.0131257815784768 966 0 0 0 
0.0135970999514739 967 0 0 0 
0.0136105265048933 968 0 0 0 
0.0137128592882681 967 0 0 0 
0.0137883513554448 966 0 0 0 
0.0141360878724808 965 0 0 0 
0.0141730201889983 964 0 0 0 
0.0142363492564493 963 0 0 0 
0.0148888869527653 962 0 0 0 
0.014908968198234 961 0 0 0 
0.015081080474333 960 0 0 0 
0.0152170761244112 959 0 0 0 
0.0156141978313794 960 0 0 0 
0.0159316877067792 961 0 0 0 
0.0159444063616081 960 0 0 0 
0.0164030007792784 959 0 0 0 
0.0168725563987813 958 0 0 0 
0.0168936545000761 957 0 0 0 
0.0172473678817057 958 0 0 0 
0.0174224950995668 957 0 0 0 
0.018239404383778 956 0 0 0 
0.018762118936429 955 0 0 0 
0.018853759543161 956 0 0 0 
0.0190534514143301 955 0 0 0 
0.0190534621168781 956 0 0 0 
0.0190837413609487 955 0 0 0 
0.0193986582338897 954 0 0 0 
0.019566722522286 953 0 0 0 
0.0197740736550864 952 0 0 0 
0.01997691755323 953 0 0 0 
0.0203797932515618 952 0 0 0 
0.0205950638061894 953 0 0 0 
0.020745964767945 952 0 0 0 
0.0208451054342719 951 0 0 0 
0.021110441574743 950 0 0 0 
0.0216498110848974 949 0 0 0 
0.0216940074614893 950 0 0 0 
0.022297104940939 949 0 0 0 
0.0224548448455192 948 0 0 0 
0.0224784993597112 947 0 0 0 
0.0226765757509279 948 0 0 0 
0.022690435875883 947 0 0 0 
0.0228798071367472 946 0 0 0 
0.022944025274445 945 0 0 0 
0.0232719524126204 944 0 0 0 
0.0232999229253115 943 0 0 0 
0.0235432741402622 942 0 0 0 
0.0236394465231364 941 0 0 0 
0.0236398032909798 940 0 0 0 
0.0237157748545862 939 0 0 0 
0.023730449555433 938 0 0 0 
0.023867134876362 937 0 0 0 
0.0241561526815673 938 0 0 0 
0.0242858200146815 937 0 0 0 
0.0249527209612773 938 0 0 0 
0.025008909417731 937 0 0 0 
0.0251706705970976 938 0 0 0 
0.0252748445668804 937 0 0 0 
0.0253554941041286 936 0 0 0 
0.0255484834601838 935 0 0 0 
0.0256111577396818 934 0 0 0 
0.0256616909023258 933 0 0 0 
0.025935262296042 932 0 0 0 
0.0264883983538897 931 0 0 0 
0.0266013969308813 932 0 0 0 
0.026693299176715 931 0 0 0 
0.027130431614471 932 0 0 0 
0.027824347925354 931 0 0 0 
0.0280766232880217 930 0 0 0 
0.0281202979721084 929 0 0 0 
0.0287001120263295 928 0 0 0 
0.0290811486836249 929 0 0 0 
0.0291608956743858 928 0 0 0 
0.0292579995929485 927 0 0 0 
0.0293419481533702 928 0 0 0 
0.0302019402138489 927 0 0 0 
0.0302593824377997 926 0 0 0 
0.0302758452775983 925 0 0 0 
0.0308104149727893 924 0 0 0 
0.0312910560362133 925 0 0 0 
0.0314517953682905 924 0 0 0 
0.0316137516011461 923 0 0 0 
0.031624819963262 922 0 0 0 
0.031857372451275 921 0 0 0 
0.0318636338522852 920 0 0 0 
0.0318837854302613 919 0 0 0 
0.0324204528402743 918 0 0 0 
0.0332010437428536 917 0 0 0 
0.0335242796452155 916 0 0 0 
0.0335801624839687 915 0 0 0 
0.0337564683476647 914 0 0 0 
0.0344355780338375 913 0 0 0 
0.0347306037250208 912 0 0 0 
0.0348899581933449 911 0 0 0 
0.0349508431040336 912 0 0 0 
0.0350975286441881 913 0 0 0 
0.0356109634832342 914 0 0 0 
0.0358936148278355 913 0 0 0 
0.0361356032161359 914 0 0 0 
0.0362114273746109 913 0 0 0 
0.0362544680639985 912 0 0 0 
0.0366498087117027 911 0 0 0 
0.0370491536047962 912 0 0 0 
0.0371188313634188 911 0 0 0 
0.0376595335393298 912 0 0 0 
0.0377239725508054 911 0 0 0 
0.0381381448645881 910 0 0 0 
0.0383426435084675 911 0 0 0 
0.0389736461882711 912 0 0 0 
0.039376374609618 911 0 0 0 
0.0395154848665029 912 0 0 0 
0.0395381731328977 911 0 0 0 
0.0396958202336803 912 0 0 0 
0.0398157630463488 911 0 0 0 
0.0400202661645127 910 0 0 0 
0.0402511351798912 911 0 0 0 
0.0404207358414498 910 0 0 0 
0.040455855189177 909 0 0 0 
0.0404755791119927 908 0 0 0 
0.0405609715312976 909 0 0 0 
0.0406023629996171 908 0 0 0 
0.0410138680042413 907 0 0 0 
0.0415978154035986 908 0 0 0 
0.0416117820763796 907 0 0 0 
0.0420346604383877 906 0 0 0 
0.0424353650731363 905 0 0 0 
0.0425520547332868 904 0 0 0 
0.042914324447377 903 0 0 0 
0.0433608742828476 902 0 0 0 
0.0436965023802371 903 0 0 0 
0.0442750653225351 902 0 0 0 
0.0444560139553465 901 0 0 0 
0.044579372997252 900 0 0 0 
0.0450391338268268 901 0 0 0 
0.0457205894893821 900 0 0 0 
0.0459668865046473 899 0 0 0 
0.046125424619072 898 0 0 0 
0.0462431085070843 897 0 0 0 
0.0467012593116676 896 0 0 0 
0.0485841869655416 895 0 0 0 
0.0486451857665882 896 0 0 0 
0.0495228600266713 895 0 0 0 
0.0496246684787403 894 0 0 0 
0.0499383573288515 893 0 0 0 
0.0500363582028713 892 0 0 0 
0.0501887366931094 891 0 0 0 
0.0502427712342511 892 0 0 0 
0.0504457852182654 891 0 0 0 
0.050653464689605 890 0 0 0 
0.0508380853913795 889 0 0 0 
0.0508488105796332 888 0 0 0 
0.0508601146326603 887 0 0 0 
0.0511127604005731 886 0 0 0 
0.0511296992075211 885 0 0 0 
0.0513571688649274 884 0 0 0 
0.0513968369640515 883 0 0 0 
0.0515047959541043 884 0 0 0 
0.0515958251432594 883 0 0 0 
0.0518315577772425 882 0 0 0 
0.052186286233473 881 0 0 0 
0.052284567481592 882 0 0 0 
0.0522933772471871 881 0 0 0 
0.0523926127216414 880 0 0 0 
0.0529661185515528 879 0 0 0 
0.0530560240072633 878 0 0 0 
0.0533134570678208 877 0 0 0 
0.0533463903126978 876 0 0 0 
0.0534381538515681 875 0 0 0 
0.0536156623473335 874 0 0 0 
0.0538351429228409 873 0 0 0 
0.0538893519576638 872 0 0 0 
0.0540136646963046 871 0 0 0 
0.0542223118808124 870 0 0 0 
0.054353802637818 871 0 0 0 
0.0546510514824729 872 0 0 0 
0.0549904076571381 871 0 0 0 
0.0551750458038842 870 0 0 0 
0.0554541605054526 869 0 0 0 
0.0555757929199365 868 0 0 0 
0.0557279148925742 869 0 0 0 
0.0562352428136865 868 0 0 0 
0.0563958990572412 869 0 0 0 
0.0564929360937946 868 0 0 0 
0.0565670959066238 867 0 0 0 
0.0565694659395373 868 0 0 0 
0.0566713640325414 867 0 0 0 
0.0567683236283344 868 0 0 0 
0.0569759189582744 867 0 0 0 
0.0570096876880708 866 0 0 0 
0.0570725872234054 865 0 0 0 
0.0571781457559568 864 0 0 0 
0.057386940239759 865 0 0 0 
0.0574687329545208 866 0 0 0 
0.057527578737071 867 0 0 0 
0.0578060540993899 866 0 0 0 
0.0579543045473321 865 0 0 0 
0.0581891629852018 864 0 0 0 
0.0583385893544871 865 0 0 0 
0.0585571401082757 864 0 0 0 
0.0586509216136737 863 0 0 0 
0.0587180399834552 864 0 0 0 
0.0588492297768895 863 0 0 0 
0.0591331481906638 862 0 0 0 
0.0597194832136102 861 0 0 0 
0.0601563327451771 862 0 0 0 
0.0603271567262974 861 0 0 0 
0.0606987344571402 860 0 0 0 
0.0608146601583486 861 0 0 0 
0.0618338556128492 860 0 0 0 
0.0619196881291891 859 0 0 0 
0.0622342755069663 858 0 0 0 
0.0622519930625202 857 0 0 0 
0.0628798062026843 856 0 0 0 
0.0633485946235139 855 0 0 0 
0.0644367284784491 854 0 0 0 
0.064561393914103 853 0 0 0 
0.0646358647627044 852 0 0 0 
0.0651448221712473 851 0 0 0 
0.0654813533636992 850 0 0 0 
0.0655447154774352 849 0 0 0 
0.0660739716767305 848 0 0 0 
0.0663703220227566 847 0 0 0 
0.0672894157084852 846 0 0 0 
0.0674815531000218 845 0 0 0 
0.0678558207574301 844 0 0 0 
0.0682200965419998 843 0 0 0 
0.0682523077417056 842 0 0 0 
0.068656006676226 841 0 0 0 
0.0690389819441345 842 0 0 0 
0.0691226496887109 841 0 0 0 
0.0691792297036812 840 0 0 0 
0.0697527669451047 841 0 0 0 
0.0697728809441596 840 0 0 0 
0.069843115413148 839 0 0 0 
0.0706373658412573 840 0 0 0 
0.0706392806459984 839 0 0 0 
0.0713518589028477 840 0 0 0 
0.0716283111999083 839 0 0 0 
0.07167967374152 838 0 0 0 
0.0717648093699831 837 0 0 0 
0.0732468418191893 838 0 0 0 
0.0732794085956975 837 0 0 0 
0.0736414073942911 836 0 0 0 
0.0739095159335833 835 0 0 0 
0.0743384645892457 834 0 0 0 
0.0744677084084115 833 0 0 0 
0.0746434383654261 832 0 0 0 
0.0747171834096104 831 0 0 0 
0.0748038271307273 830 0 0 0 
0.0753074272381441 829 0 0 0 
0.0753178251366933 828 0 0 0 
0.0755751825649415 827 0 0 0 
0.0755784534324328 826 0 0 0 
0.075663301909988 827 0 0 0 
0.0759321300423746 826 0 0 0 
0.0760580291188207 825 0 0 0 
0.0762033951130004 824 0 0 0 
0.0766240852141797 825 0 0 0 
0.0772762420220838 824 0 0 0 
0.0774274412577689 823 0 0 0 
0.0776625975991096 822 0 0 0 
0.0776746698686181 821 0 0 0 
0.0777704235513088 822 0 0 0 
0.078502206859515 821 0 0 0 
0.0796521749604416 820 0 0 0 
0.0796942675771393 819 0 0 0 
0.0802678285361687 818 0 0 0 
0.0803986571656354 817 0 0 0 
0.0804387429221091 816 0 0 0 
0.0808018248548442 815 0 0 0 
0.0808235535895104 814 0 0 0 
0.0811992084101945 813 0 0 0 
0.0816108833008213 812 0 0 0 
0.0819420348618405 811 0 0 0 
0.0825836247406209 812 0 0 0 
0.0828412636018213 811 0 0 0 
0.0829879587222501 810 0 0 0 
0.0829949382250611 811 0 0 0 
0.0832645768195303 810 0 0 0 
0.0835747584501244 811 0 0 0 
0.0836844714996796 810 0 0 0 
0.0842378303707901 809 0 0 0 
0.0845764771623312 808 0 0 0 
0.0846962408130949 807 0 0 0 
0.0847565200288922 806 0 0 0 
0.0849093515577538 805 0 0 0 
0.0850001552758627 804 0 0 0 
0.0850828645109999 805 0 0 0 
0.0852427253424342 806 0 0 0 
0.0852551306979115 805 0 0 0 
0.0857640078507644 804 0 0 0 
0.0860408084004315 805 0 0 0 
0.0865082572728695 804 0 0 0 
0.0868115938297534 803 0 0 0 
0.0871635030523225 802 0 0 0 
0.0881235625866594 801 0 0 0 
0.0881457608617028 800 0 0 0 
0.08827331677916 801 0 0 0 
0.0884337918553266 800 0 0 0 
0.0889874267833823 801 0 0 0 
0.0891649768965967 800 0 0 0 
0.0891850177795491 799 0 0 0 
0.0901761458024305 798 0 0 0 
0.0902883905706227 797 0 0 0 
0.0904477865137549 796 0 0 0 
0.0904810027736872 797 0 0 0 
0.0909779359894265 798 0 0 0 
0.0911489896787206 799 0 0 0 
0.0913440980262399 798 0 0 0 
0.0915709545803876 797 0 0 0 
0.0923462991463043 796 0 0 0 
0.0925846424827492 797 0 0 0 
0.0928883488767321 796 0 0 0 
0.0937234947605958 795 0 0 0 
0.093753766016622 796 0 0 0 
0.0941449667434653 795 0 0 0 
0.0941677263789908 794 0 0 0 
0.0942372646501837 793 0 0 0 
0.0948674686453811 792 0 0 0 
0.0951451955755285 791 0 0 0 
0.0952091269949308 790 0 0 0 
0.095716930555968 789 0 0 0 
0.0958939558797111 788 0 0 0 
0.0970888081452843 787 0 0 0 
0.097614479886678 788 0 0 0 
0.0977117048929317 787 0 0 0 
0.0978789697281484 786 0 0 0 
0.0978934296406247 787 0 0 0 
0.0981112842737253 788 0 0 0 
0.0981205005021603 787 0 0 0 
0.0982216765803371 786 0 0 0 
0.0986512886728199 787 0 0 0 
0.0988737768590928 786 0 0 0 
0.098881963585646 787 0 0 0 
0.0992266082675531 786 0 0 0 
0.099524355966651 785 0 0 0 
0.0996295262534679 786 0 0 0 
0.0997253446578616 787 0 0 0 
0.0997312361893353 786 0 0 0 
0.0999275522486666 785 0 0 0 
0.0999444138497395 786 0 0 0 
0.0999550520218881 785 0 0 0 
0.100021119025536 786 0 0 0 
0.100315949987909 785 0 0 0 
0.100457827506068 784 0 0 0 
0.100519297806416 783 0 0 0 
0.10053075875851 784 0 0 0 
0.100696381753841 783 0 0 0 
0.101547666694432 782 0 0 0 
0.101566269715143 781 0 0 0 
0.10174009948462 780 0 0 0 
0.101756501939239 779 0 0 0 
0.102485429416865 778 0 0 0 
0.102593145732421 779 0 0 0 
0.102825831257622 780 0 0 0 
0.103140376231749 779 0 0 0 
0.103322619239543 778 0 0 0 
0.103535980474699 777 0 0 0 
0.104579594250617 776 0 0 0 
0.10493273240827 777 0 0 0 
0.10493437847791 776 0 0 0 
0.104934924239108 775 0 0 0 
0.105210156958615 776 0 0 0 
0.105221369886648 775 0 0 0 
0.105489530853318 774 0 0 0 
0.106302601328779 773 0 0 0 
0.107021928529114 772 0 0 0 
0.107105158287854 771 0 0 0 
0.107695425924278 770 0 0 0 
0.107711758042594 771 0 0 0 
0.108077926628645 770 0 0 0 
0.108283822087353 769 0 0 0 
0.108403135146463 768 0 0 0 
0.108660819114945 767 0 0 0 
0.108694642225457 766 0 0 0 
0.10896643904028 767 0 0 0 
0.108969198784067 768 0 0 0 
0.109043070734056 767 0 0 0 
0.109129956404338 768 0 0 0 
0.109309404575567 767 0 0 0 
0.109467823821203 766 0 0 0 
0.109656862328638 765 0 0 0 
0.109666513090174 764 0 0 0 
0.109829753824855 763 0 0 0 
0.110072926547733 762 0 0 0 
0.111004991599586 761 0 0 0 
0.111056826656788 760 0 0 0 
0.111082481170701 759 0 0 0 
0.111123851793412 758 0 0 0 
0.112102799917094 757 0 0 0 
0.112115559173551 756 0 0 0 
0.112321035088919 755 0 0 0 
0.112468108699363 754 0 0 0 
0.112672051042932 753 0 0 0 
0.11275517332295 752 0 0 0 
0.11326312117109 751 0 0 0 
0.113391081104193 750 0 0 0 
0.113669045834258 751 0 0 0 
0.113763646351974 752 0 0 0 
0.113841409401719 751 0 0 0 
0.114184976160659 750 0 0 0 
0.114282311011301 749 0 0 0 
0.114400397378194 748 0 0 0 
0.114762052338818 747 0 0 0 
0.114874436538933 746 0 0 0 
0.115068028652956 745 0 0 0 
0.115531023503571 744 0 0 0 
0.116032142504975 743 0 0 0 
0.1163060908321 742 0 0 0 
0.116464737953761 741 0 0 0 
0.116691708970338 740 0 0 0 
0.11777076531834 739 0 0 0 
0.118551648816907 738 0 0 0 
0.120356878314064 737 0 0 0 
0.120521071433263 738 0 0 0 
0.120575785544254 737 0 0 0 
0.120674199911735 736 0 0 0 
0.12084072262827 735 0 0 0 
0.12104790743575 734 0 0 0 
0.121166414726768 733 0 0 0 
0.121179275799972 732 0 0 0 
0.121396537128981 731 0 0 0 
0.12174016307683 730 0 0 0 
0.122481375189209 729 0 0 0 
0.122624523649405 728 0 0 0 
0.122845884620478 727 0 0 0 
0.122947118906658 726 0 0 0 
0.123096766571215 725 0 0 0 
0.123179090482392 724 0 0 0 
0.123292853339029 723 0 0 0 
0.123891281218183 722 0 0 0 
0.123896322914611 721 0 0 0 
0.124045280627272 720 0 0 0 
0.12415149295491 719 0 0 0 
0.12436976122805 718 0 0 0 
0.12450647800855 717 0 0 0 
0.125024592184172 716 0 0 0 
0.125810957702966 715 0 0 0 
0.125938600224212 716 0 0 0 
0.126612438593606 717 0 0 0 
0.126613066883243 716 0 0 0 
0.127339071358745 715 0 0 0 
0.127393694636344 716 0 0 0 
0.127422852544398 715 0 0 0 
0.127657467943674 714 0 0 0 
0.12786885885519 713 0 0 0 
0.127891150050602 714 0 0 0 
0.128022452760662 713 0 0 0 
0.128612826130338 712 0 0 0 
0.129307602697663 711 0 0 0 
0.129570067482684 710 0 0 0 
0.130166427412721 709 0 0 0 
0.13143786785967 710 0 0 0 
0.131475952524866 709 0 0 0 
0.131542530650039 710 0 0 0 
0.131630161357358 709 0 0 0 
0.132105258633459 708 0 0 0 
0.132445394875154 707 0 0 0 
0.132917670234607 706 0 0 0 
0.133132137234968 705 0 0 0 
0.133759317105702 704 0 0 0 
0.133895642457768 705 0 0 0 
0.134260678115214 704 0 0 0 
0.134632328840912 703 0 0 0 
0.134728059335903 702 0 0 0 
0.134982088931549 703 0 0 0 
0.135140012485393 702 0 0 0 
0.135414264814431 701 0 0 0 
0.135485320703177 700 0 0 0 
0.135708985164633 699 0 0 0 
0.136363727403188 698 0 0 0 
0.136417883578559 697 0 0 0 
0.136481208967058 696 0 0 0 
0.136609105585019 695 0 0 0 
0.136649416089924 694 0 0 0 
0.137019477714036 695 0 0 0 
0.137023996323843 694 0 0 0 
0.13754398614275 693 0 0 0 
0.138282870218973 692 0 0 0 
0.138753548328522 691 0 0 0 
0.139256190562761 690 0 0 0 
0.139528357023852 689 0 0 0 
0.139688964730695 690 0 0 0 
0.139713799080544 689 0 0 0 
0.140592043815313 688 0 0 0 
0.1419866033591 687 0 0 0 
0.142130395348755 688 0 0 0 
0.142391326428426 687 0 0 0 
0.142764542197426 686 0 0 0 
0.142832202758416 685 0 0 0 
0.143122058203415 686 0 0 0 
0.143950478201258 685 0 0 0 
0.144295314795789 684 0 0 0 
0.144336615129835 683 0 0 0 
0.145712548154951 682 0 0 0 
0.145780810598401 683 0 0 0 
0.145878379008033 684 0 0 0 
0.145899224110631 683 0 0 0 
0.145947648248769 682 0 0 0 
0.146083393005122 681 0 0 0 
0.146351998814045 680 0 0 0 
0.146492783299681 679 0 0 0 
0.146681387739213 678 0 0 0 
0.146745664751804 679 0 0 0 
0.146780820694523 678 0 0 0 
0.146815448618774 677 0 0 0 
0.147055564577274 676 0 0 0 
0.147247229771245 675 0 0 0 
0.147607810563444 674 0 0 0 
0.147650739186826 673 0 0 0 
0.147733107699337 672 0 0 0 
0.148203877732057 671 0 0 0 
0.148500459910952 670 0 0 0 
0.14865261667654 671 0 0 0 
0.149307992254962 670 0 0 0 
0.149477078892181 669 0 0 0 
0.149722476736509 668 0 0 0 
0.149939336865634 669 0 0 0 
0.149966729840284 668 0 0 0 
0.150329694114755 669 0 0 0 
0.1503443042691 668 0 0 0 
0.150822099634257 667 0 0 0 
0.151130881337696 666 0 0 0 
0.151713305821017 665 0 0 0 
0.151927911488425 666 0 0 0 
0.152677578386446 667 0 0 0 
0.15316373671697 666 0 0 0 
0.153319408399039 665 0 0 0 
0.153482218347507 666 0 0 0 
0.153534843663369 665 0 0 0 
0.153955503460116 664 0 0 0 
0.154708740063917 663 0 0 0 
0.155079788512205 662 0 0 0 
0.155385713446041 661 0 0 0 
0.155537558977755 660 0 0 0 
0.155680167923734 659 0 0 0 
0.156119977256488 658 0 0 0 
0.156138825595054 657 0 0 0 
0.156193654253787 656 0 0 0 
0.157521408832072 655 0 0 0 
0.157738666960083 654 0 0 0 
0.158428033501875 653 0 0 0 
0.160054813170304 652 0 0 0 
0.160467179018232 653 0 0 0 
0.160867508844453 654 0 0 0 
0.161087785244764 653 0 0 0 
0.161459753041081 652 0 0 0 
0.161629105699447 653 0 0 0 
0.162226109000565 652 0 0 0 
0.163368862018956 651 0 0 0 
0.163392234010014 650 0 0 0 
0.163716877032671 649 0 0 0 
0.163946255676339 650 0 0 0 
0.164023194133496 651 0 0 0 
0.16459417222625 650 0 0 0 
0.16513816509809 649 0 0 0 
0.165573997544703 650 0 0 0 
0.165740239339233 649 0 0 0 
0.166421696031593 648 0 0 0 
0.166907125703073 647 0 0 0 
0.167061868021524 648 0 0 0 
0.167430087668234 647 0 0 0 
0.167453292167967 646 0 0 0 
0.168606000749866 647 0 0 0 
0.169442890382747 646 0 0 0 
0.169748644069675 647 0 0 0 
0.170494592706449 646 0 0 0 
0.17067968340966 645 0 0 0 
0.170868437353251 644 0 0 0 
0.170889453384608 643 0 0 0 
0.171157996791552 642 0 0 0 
0.171358557142563 641 0 0 0 
0.171461971039563 640 0 0 0 
0.172010406022133 639 0 0 0 
0.172209719492555 638 0 0 0 
0.172973298802166 637 0 0 0 
0.173036202995584 636 0 0 0 
0.174095964684062 635 0 0 0 
0.174891948703519 634 0 0 0 
0.174910216583145 633 0 0 0 
0.175920477793401 632 0 0 0 
0.176529544906363 631 0 0 0 
0.177217150179261 630 0 0 0 
0.177251484082215 629 0 0 0 
0.177481739360307 630 0 0 0 
0.177629013195918 629 0 0 0 
0.17768500711258 628 0 0 0 
0.178347254691947 627 0 0 0 
0.178648947414848 628 0 0 0 
0.178661235295734 629 0 0 0 
0.179153450015246 628 0 0 0 
0.179202575943103 629 0 0 0 
0.179330979193162 628 0 0 0 
0.179460917911186 627 0 0 0 
0.180010701078445 626 0 0 0 
0.180253587879887 625 0 0 0 
0.18056169553439 624 0 0 0 
0.180976955680499 623 0 0 0 
0.181037233505599 624 0 0 0 
0.18138413279771 623 0 0 0 
0.181554087224058 622 0 0 0 
0.181710408886762 621 0 0 0 
0.182948699684341 620 0 0 0 
0.183404188993771 619 0 0 0 
0.184099551129393 618 0 0 0 
0.18446771748731 617 0 0 0 
0.184543718310092 618 0 0 0 
0.184544071075816 617 0 0 0 
0.18458059414315 616 0 0 0 
0.184613500377548 615 0 0 0 
0.185303163424742 616 0 0 0 
0.185437364454664 615 0 0 0 
0.185779986101064 614 0 0 0 
0.186503458193979 613 0 0 0 
0.187614147029893 614 0 0 0 
0.187823734951129 613 0 0 0 
0.188056674398265 612 0 0 0 
0.18817889616172 611 0 0 0 
0.188294072911073 610 0 0 0 
0.18845597006605 609 0 0 0 
0.188468309179709 608 0 0 0 
0.188633675616016 607 0 0 0 
0.188853411853084 606 0 0 0 
0.189445709057154 605 0 0 0 
0.189883664873729 604 0 0 0 
0.190744090662709 603 0 0 0 
0.190947336901876 602 0 0 0 
0.191039335754081 601 0 0 0 
0.191255932800573 600 0 0 0 
0.191411056561648 599 0 0 0 
0.191676305767377 598 0 0 0 
0.191724865114764 597 0 0 0 
0.193067757916142 596 0 0 0 
0.193295824351026 595 0 0 0 
0.193949946856735 596 0 0 0 
0.195149872121047 597 0 0 0 
0.19586691843253 596 0 0 0 
0.196362047210224 597 0 0 0 
0.19648060893786 596 0 0 0 
0.197359559175454 595 0 0 0 
0.198843302991147 594 0 0 0 
0.198884889128837 595 0 0 0 
0.199084443960281 594 0 0 0 
0.199827039187621 595 0 0 0 
0.199887468015707 594 0 0 0 
0.19991991742407 593 0 0 0 
0.200046541832416 592 0 0 0 
0.200091188917013 591 0 0 0 
0.200740493735927 590 0 0 0 
0.201376530322522 591 0 0 0 
0.201413628369126 590 0 0 0 
0.202658355284466 589 0 0 0 
0.202692782552018 588 0 0 0 
0.203680871882207 589 0 0 0 
0.203695362685541 588 0 0 0 
0.203835934548262 587 0 0 0 
0.204019223243158 586 0 0 0 
0.204166788726964 585 0 0 0 
0.204408195956633 584 0 0 0 
0.20471063916915 583 0 0 0 
0.204814825068272 582 0 0 0 
0.205579320242196 581 0 0 0 
0.205726773221062 582 0 0 0 
0.206088987399226 581 0 0 0 
0.206621364272545 580 0 0 0 
0.206622663270336 579 0 0 0 
0.206719113259106 578 0 0 0 
0.206850971674447 577 0 0 0 
0.207401433241956 576 0 0 0 
0.207661259975684 575 0 0 0 
0.207922260576109 574 0 0 0 
0.208088925527998 573 0 0 0 
0.208255487722571 572 0 0 0 
0.20829545165245 571 0 0 0 
0.209170338909231 570 0 0 0 
0.209535817621521 569 0 0 0 
0.209644609123863 568 0 0 0 
0.209812720667152 567 0 0 0 
0.210059043916062 568 0 0 0 
0.210470668686625 567 0 0 0 
0.211218026618461 568 0 0 0 
0.211337605402015 567 0 0 0 
0.211432883685855 566 0 0 0 
0.211951085942381 565 0 0 0 
0.212085361081097 564 0 0 0 
0.212581144398316 563 0 0 0 
0.212600568403858 564 0 0 0 
0.213112950990967 563 0 0 0 
0.214072400477583 562 0 0 0 
0.214828398554943 561 0 0 0 
0.215015164621344 560 0 0 0 
0.215216989822607 559 0 0 0 
0.215830152252734 558 0 0 0 
0.21624788398302 559 0 0 0 
0.216466230545938 558 0 0 0 
0.216582553032433 559 0 0 0 
0.216705169449622 560 0 0 0 
0.216761816808374 559 0 0 0 
0.217341879230219 558 0 0 0 
0.217394054534677 557 0 0 0 
0.217643687480262 556 0 0 0 
0.218227292005368 555 0 0 0 
0.218352656820813 554 0 0 0 
0.219300461160407 553 0 0 0 
0.220029578096006 552 0 0 0 
0.220571382384734 551 0 0 0 
0.221258370107786 550 0 0 0 
0.222272134394719 549 0 0 0 
0.22411157391815 548 0 0 0 
0.224296117031084 549 0 0 0 
0.224478182110876 548 0 0 0 
0.22496036255806 547 0 0 0 
0.225530294910867 546 0 0 0 
0.225645896263413 545 0 0 0 
0.225712876917897 544 0 0 0 
0.225835194370321 543 0 0 0 
0.22583664220223 542 0 0 0 
0.226011025771565 541 0 0 0 
0.226136624450388 540 0 0 0 
0.226296301938219 539 0 0 0 
0.226439917920615 538 0 0 0 
0.226478150658533 539 0 0 0 
0.226574825229875 538 0 0 0 
0.226976901773938 537 0 0 0 
0.227356601754468 536 0 0 0 
0.22933850701076 535 0 0 0 
0.229796017352314 536 0 0 0 
0.229808560116628 535 0 0 0 
0.230984389936309 534 0 0 0 
0.231143676279818 533 0 0 0 
0.231446995887613 534 0 0 0 
0.231606789391614 533 0 0 0 
0.232286580471471 532 0 0 0 
0.23236439900277 533 0 0 0 
0.232608284710472 532 0 0 0 
0.232879217256469 531 0 0 0 
0.233887638463829 532 0 0 0 
0.234634740358178 531 0 0 0 
0.234761345215778 530 0 0 0 
0.235239647624992 529 0 0 0 
0.235536519031027 528 0 0 0 
0.236299873634104 527 0 0 0 
0.236347079988123 526 0 0 0 
0.237107695583935 527 0 0 0 
0.237522959290414 526 0 0 0 
0.238210317043709 527 0 0 0 
0.239137797228894 528 0 0 0 
0.239392578611585 527 0 0 0 
0.240389970860268 526 0 0 0 
0.240412512374909 525 0 0 0 
0.240735648724368 524 0 0 0 
0.241336422387441 523 0 0 0 
0.241416100050969 522 0 0 0 
0.241529619124813 521 0 0 0 
0.241699645479515 522 0 0 0 
0.242067878951087 521 0 0 0 
0.242350964585607 520 0 0 0 
0.242996971255782 519 0 0 0 
0.243341629572856 518 0 0 0 
0.243619442991083 517 0 0 0 
0.243746478812182 516 0 0 0 
0.244073645110284 515 0 0 0 
0.24410633865112 514 0 0 0 
0.244813295395312 515 0 0 0 
0.244950661744843 516 0 0 0 
0.245059809394839 515 0 0 0 
0.245614121886707 514 0 0 0 
0.245843042399983 513 0 0 0 
0.246586313605404 512 0 0 0 
0.246607813042394 513 0 0 0 
0.246653847806357 514 0 0 0 
0.247005381174445 515 0 0 0 
0.247518047466907 514 0 0 0 
0.248073673731423 513 0 0 0 
0.248097158241073 514 0 0 0 
0.248233164429263 513 0 0 0 
0.248282127976446 512 0 0 0 
0.248409383505681 511 0 0 0 
0.248556130040087 510 0 0 0 
0.249695797465631 509 0 0 0 
0.249939609966227 508 0 0 0 
0.250449384089476 507 0 0 0 
0.25200361351402 506 0 0 0 
0.252063977191417 505 0 0 0 
0.252138880615842 504 0 0 0 
0.252342737248325 505 0 0 0 
0.252527571081739 504 0 0 0 
0.252699151381459 503 0 0 0 
0.252776261144025 502 0 0 0 
0.253920495383932 501 0 0 0 
0.254306315301712 500 0 0 0 
0.255057535485448 499 0 0 0 
0.255111200910569 498 0 0 0 
0.255394190674051 497 0 0 0 
0.255870241051294 496 0 0 0 
0.256149267384545 495 0 0 0 
0.256424030154464 494 0 0 0 
0.257229936083189 495 0 0 0 
0.257774578535774 496 0 0 0 
0.257819786350465 495 0 0 0 
0.257833561283266 494 0 0 0 
0.258015246281662 493 0 0 0 
0.258528014689898 492 0 0 0 
0.260023408432071 491 0 0 0 
0.26036474352576 490 0 0 0 
0.260575124146362 489 0 0 0 
0.260729739100006 488 0 0 0 
0.260734388704871 489 0 0 0 
0.260793963615469 488 0 0 0 
0.261311330300165 487 0 0 0 
0.261321414973268 488 0 0 0 
0.261410780683558 487 0 0 0 
0.261555765199461 488 0 0 0 
0.261594258455486 487 0 0 0 
0.26178126412404 486 0 0 0 
0.262952866339228 485 0 0 0 
0.263789098345067 486 0 0 0 
0.263807118843878 485 0 0 0 
0.264167535259505 484 0 0 0 
0.264464940127386 483 0 0 0 
0.264694557603304 482 0 0 0 
0.264935518820497 481 0 0 0 
0.265172270683115 480 0 0 0 
0.265239699133204 479 0 0 0 
0.265273094748435 478 0 0 0 
0.266344150468191 477 0 0 0 
0.266489602840439 476 0 0 0 
0.267122266829879 475 0 0 0 
0.267230976972335 474 0 0 0 
0.267358080914809 473 0 0 0 
0.267624729392041 472 0 0 0 
0.267904934229781 471 0 0 0 
0.270142422036158 470 0 0 0 
0.270433905241877 469 0 0 0 
0.270840054035496 470 0 0 0 
0.270923195908892 469 0 0 0 
0.271160629067548 468 0 0 0 
0.272324834228329 467 0 0 0 
0.273116054137822 466 0 0 0 
0.273122378192804 465 0 0 0 
0.273255588681191 464 0 0 0 
0.273387104361627 463 0 0 0 
0.273536276664431 462 0 0 0 
0.273722861082389 461 0 0 0 
0.274278466803666 460 0 0 0 
0.274280632976348 461 0 0 0 
0.275194375912903 460 0 0 0 
0.2756326159389 461 0 0 0 
0.275772049689933 460 0 0 0 
0.275983418780476 459 0 0 0 
0.276928898569795 458 0 0 0 
0.276931620135531 457 0 0 0 
0.277109811525789 456 0 0 0 
0.27718148908088 455 0 0 0 
0.277302229478548 454 0 0 0 
0.277658786458671 455 0 0 0 
0.278072361298706 454 0 0 0 
0.278308313458725 453 0 0 0 
0.279435180068084 452 0 0 0 
0.279805656056917 453 0 0 0 
0.280021424052643 452 0 0 0 
0.280027668955149 451 0 0 0 
0.280039341390245 450 0 0 0 
0.281403657581859 449 0 0 0 
0.281510089434929 448 0 0 0 
0.282618249106491 447 0 0 0 
0.283170218765356 448 0 0 0 
0.283659415218251 447 0 0 0 
0.283756454287921 446 0 0 0 
0.284688854176455 445 0 0 0 
0.286360400948721 444 0 0 0 
0.286457882086032 443 0 0 0 
0.286512740288356 444 0 0 0 
0.286850274684229 443 0 0 0 
0.286893154796863 442 0 0 0 
0.286989873371908 441 0 0 0 
0.286992426446066 442 0 0 0 
0.287399138850508 443 0 0 0 
0.288612492261293 442 0 0 0 
0.290487012413956 441 0 0 0 
0.290565058591955 440 0 0 0 
0.290574414702985 439 0 0 0 
0.290758450582939 438 0 0 0 
0.291025669371412 437 0 0 0 
0.291040906219906 436 0 0 0 
0.291993363801152 435 0 0 0 
0.292100070182485 434 0 0 0 
0.292224889811645 433 0 0 0 
0.293184947059154 432 0 0 0 
0.293613022822783 433 0 0 0 
0.293986484069934 432 0 0 0 
0.29511487779519 431 0 0 0 
0.295415739913145 432 0 0 0 
0.29553516427862 431 0 0 0 
0.295661529147288 430 0 0 0 
0.295810965583332 429 0 0 0 
0.296056031873634 428 0 0 0 
0.297432793954669 427 0 0 0 
0.297934639075628 426 0 0 0 
0.299357124008754 425 0 0 0 
0.299396286578769 424 0 0 0 
0.301419736498673 423 0 0 0 
0.302063692385299 422 0 0 0 
0.302531550270966 421 0 0 0 
0.302829123639065 420 0 0 0 
0.303338183822647 419 0 0 0 
0.303476811258101 420 0 0 0 
0.305110483016099 421 0 0 0 
0.305226864363903 420 0 0 0 
0.305515271656003 419 0 0 0 
0.307365544603951 418 0 0 0 
0.307881201314791 419 0 0 0 
0.309061908965711 418 0 0 0 
0.309321625804118 417 0 0 0 
0.309419820513457 416 0 0 0 
0.310071252734218 415 0 0 0 
0.310088088123654 416 0 0 0 
0.310354056852376 415 0 0 0 
0.310943047536479 416 0 0 0 
0.311314929903323 415 0 0 0 
0.31135909613713 414 0 0 0 
0.311685874994687 413 0 0 0 
0.311703079107479 412 0 0 0 
0.312407717121931 411 0 0 0 
0.312628650126733 412 0 0 0 
0.313489761150933 411 0 0 0 
0.314220698119845 410 0 0 0 
0.314316305196685 409 0 0 0 
0.314355260257134 408 0 0 0 
0.314540580550265 407 0 0 0 
0.314740048104697 408 0 0 0 
0.31500446369494 407 0 0 0 
0.316324268671631 406 0 0 0 
0.317559915837675 407 0 0 0 
0.317926899863885 406 0 0 0 
0.318399974570154 405 0 0 0 
0.318519489253122 404 0 0 0 
0.3187857403776 403 0 0 0 
0.319260727727129 402 0 0 0 
0.319446102286663 401 0 0 0 
0.319666254222056 400 0 0 0 
0.32049078218874 401 0 0 0 
0.320946746449686 400 0 0 0 
0.321111353620771 399 0 0 0 
0.322199262544235 400 0 0 0 
0.322520726016495 401 0 0 0 
0.323528151853344 400 0 0 0 
0.323884069937494 399 0 0 0 
0.324823678287578 398 0 0 0 
0.325287686655875 397 0 0 0 
0.325333695059617 396 0 0 0 
0.32716609526167 395 0 0 0 
0.327233225825274 396 0 0 0 
0.327448400415984 395 0 0 0 
0.328271977900861 394 0 0 0 
0.328575215346145 393 0 0 0 
0.329070955424878 392 0 0 0 
0.329225710406485 391 0 0 0 
0.329228109168868 390 0 0 0 
0.329825767946131 389 0 0 0 
0.331444396198618 388 0 0 0 
0.331463886203603 387 0 0 0 
0.332218882315247 386 0 0 0 
0.333243762203403 385 0 0 0 
0.333332407953626 386 0 0 0 
0.333788745986271 385 0 0 0 
0.333895331622636 386 0 0 0 
0.33401950677584 387 0 0 0 
0.334151873515147 386 0 0 0 
0.334563728119839 385 0 0 0 
0.334974001747061 384 0 0 0 
0.335893838974078 383 0 0 0 
0.336193493292916 382 0 0 0 
0.336488550381855 383 0 0 0 
0.338137072560952 382 0 0 0 
0.338467455785391 381 0 0 0 
0.340066454809251 380 0 0 0 
0.340522082505801 381 0 0 0 
0.340922875550604 380 0 0 0 
0.342399260472105 379 0 0 0 
0.343084105317051 380 0 0 0 
0.343109985177082 379 0 0 0 
0.343677515941904 378 0 0 0 
0.3441378965487 377 0 0 0 
0.344638173293934 376 0 0 0 
0.34516633948317 375 0 0 0 
0.34524539256588 374 0 0 0 
0.345609919569353 373 0 0 0 
0.34565745531949 372 0 0 0 
0.347458887588873 371 0 0 0 
0.347791261789625 370 0 0 0 
0.347793677336855 369 0 0 0 
0.347834746596748 368 0 0 0 
0.34847063610642 367 0 0 0 
0.34890755851027 366 0 0 0 
0.349601683191015 365 0 0 0 
0.350432871725074 364 0 0 0 
0.35102771287754 363 0 0 0 
0.351253115580556 362 0 0 0 
0.351360009452617 361 0 0 0 
0.351716006118326 360 0 0 0 
0.35192783434885 359 0 0 0 
0.351978421662739 358 0 0 0 
0.352366338564902 359 0 0 0 
0.35239813079057 360 0 0 0 
0.352753237290923 361 0 0 0 
0.353071095468342 362 0 0 0 
0.353438911511958 363 0 0 0 
0.354471330580862 362 0 0 0 
0.354473179008507 361 0 0 0 
0.355037831055166 360 0 0 0 
0.355277469627587 359 0 0 0 
0.355319542663419 358 0 0 0 
0.355574922295142 357 0 0 0 
0.35645210455492 356 0 0 0 
0.357156238392364 357 0 0 0 
0.357417859419979 356 0 0 0 
0.357820224136997 355 0 0 0 
0.358705503342763 354 0 0 0 
0.359155634457741 353 0 0 0 
0.36004912821096 352 0 0 0 
0.360284061632768 351 0 0 0 
0.361958768603262 352 0 0 0 
0.361971332493275 351 0 0 0 
0.363800516619386 350 0 0 0 
0.364336112860024 349 0 0 0 
0.365044565434786 348 0 0 0 
0.365206174123936 349 0 0 0 
0.365728291943404 348 0 0 0 
0.366142371417977 347 0 0 0 
0.366345030535331 346 0 0 0 
0.367046628253767 345 0 0 0 
0.367558056867764 344 0 0 0 
0.368299663531017 345 0 0 0 
0.368356876704243 344 0 0 0 
0.368791117428895 345 0 0 0 
0.368800782909213 344 0 0 0 
0.369502213278555 343 0 0 0 
0.369535876598175 344 0 0 0 
0.370717841891073 343 0 0 0 
0.370797366399979 344 0 0 0 
0.372244503871539 343 0 0 0 
0.372968577904763 344 0 0 0 
0.373275475810817 345 0 0 0 
0.374422754005754 346 0 0 0 
0.374603632045996 345 0 0 0 
0.374970640923051 344 0 0 0 
0.375375557065138 343 0 0 0 
0.375742591071184 344 0 0 0 
0.375880132404919 343 0 0 0 
0.375961108687467 342 0 0 0 
0.376999577644215 341 0 0 0 
0.378354894167998 340 0 0 0 
0.3788372631805 339 0 0 0 
0.379194458916799 338 0 0 0 
0.380114825629741 337 0 0 0 
0.380487065681225 336 0 0 0 
0.381865723014324 337 0 0 0 
0.384032635646062 336 0 0 0 
0.384142787291232 335 0 0 0 
0.384252568391019 336 0 0 0 
0.384640348876338 335 0 0 0 
0.38515901677991 336 0 0 0 
0.385301209504091 335 0 0 0 
0.385339936286245 334 0 0 0 
0.385756725105908 333 0 0 0 
0.387193643272964 334 0 0 0 
0.387760136251123 333 0 0 0 
0.387953063609976 332 0 0 0 
0.388365489830873 333 0 0 0 
0.389165417176718 332 0 0 0 
0.389451244295791 333 0 0 0 
0.390157007857686 334 0 0 0 
0.392805653388879 333 0 0 0 
0.393027881651296 334 0 0 0 
0.393583497636019 333 0 0 0 
0.394088455479627 332 0 0 0 
0.394090314068108 331 0 0 0 
0.394167329090254 332 0 0 0 
0.39453545706304 331 0 0 0 
0.394825076888733 332 0 0 0 
0.394874720193817 331 0 0 0 
0.395181053821152 332 0 0 0 
0.395651243210692 331 0 0 0 
0.395818535969722 330 0 0 0 
0.398666215240699 331 0 0 0 
0.399701414567193 332 0 0 0 
0.40031207965437 331 0 0 0 
0.400952975254934 330 0 0 0 
0.401370883493385 329 0 0 0 
0.402315217135347 330 0 0 0 
0.405400253703005 329 0 0 0 
0.405749937106558 328 0 0 0 
0.405772276065274 329 0 0 0 
0.406350609882415 328 0 0 0 
0.408361341987419 327 0 0 0 
0.409450832773759 326 0 0 0 
0.409693317563624 325 0 0 0 
0.409702725164461 324 0 0 0 
0.411165375553966 323 0 0 0 
0.411449294002479 324 0 0 0 
0.411806561160725 323 0 0 0 
0.412459294685872 324 0 0 0 
0.412563953437744 323 0 0 0 
0.412774626546507 324 0 0 0 
0.412912458687656 323 0 0 0 
0.413316795213338 322 0 0 0 
0.414046494184349 321 0 0 0 
0.415005951767426 320 0 0 0 
0.415440947600757 319 0 0 0 
0.415605687068578 318 0 0 0 
0.41570620198316 317 0 0 0 
0.416815820574296 318 0 0 0 
0.417084675238656 317 0 0 0 
0.418519775680967 318 0 0 0 
0.419428435074382 317 0 0 0 
0.419542925031468 316 0 0 0 
0.420866561817935 317 0 0 0 
0.422133929612167 318 0 0 0 
0.422384282955736 317 0 0 0 
0.423165400781121 316 0 0 0 
0.423692549423455 315 0 0 0 
0.425145901963934 314 0 0 0 
0.425478809658141 313 0 0 0 
0.425653797444593 312 0 0 0 
0.4263218823847 311 0 0 0 
0.428809189248077 310 0 0 0 
0.429403294667447 311 0 0 0 
0.429554315399209 312 0 0 0 
0.430516214172164 313 0 0 0 
0.430539201153681 312 0 0 0 
0.431616714807707 311 0 0 0 
0.43268449068494 310 0 0 0 
0.433947337473736 309 0 0 0 
0.434343741619417 308 0 0 0 
0.436531871393498 307 0 0 0 
0.437444822467052 306 0 0 0 
0.438159546748696 305 0 0 0 
0.438529453143574 306 0 0 0 
0.439052859191359 305 0 0 0 
0.439484488846989 304 0 0 0 
0.440519723137578 303 0 0 0 
0.442178462519155 302 0 0 0 
0.442622117882289 301 0 0 0 
0.442686548495003 300 0 0 0 
0.444652114932633 301 0 0 0 
0.444906262431861 302 0 0 0 
0.445551121208986 301 0 0 0 
0.446290654194372 300 0 0 0 
0.446445026241425 301 0 0 0 
0.4472911241773 300 0 0 0 
0.447816703949255 299 0 0 0 
0.447993105373744 298 0 0 0 
0.448251061084074 297 0 0 0 
0.448607640398477 296 0 0 0 
0.44923745986246 297 0 0 0 
0.450135138698187 296 0 0 0 
0.450956395502254 295 0 0 0 
0.451848365466942 294 0 0 0 
0.452178875069847 293 0 0 0 
0.452587869024464 292 0 0 0 
0.452666541629616 291 0 0 0 
0.453165013484299 290 0 0 0 
0.453457282532245 289 0 0 0 
0.453673809377892 288 0 0 0 
0.454158107586892 287 0 0 0 
0.454739709881103 286 0 0 0 
0.455659153494148 285 0 0 0 
0.456812842324389 284 0 0 0 
0.457161299765994 283 0 0 0 
0.458108060824088 282 0 0 0 
0.458795392813061 283 0 0 0 
0.45884850938255 282 0 0 0 
0.459380802765661 281 0 0 0 
0.46013240760215 280 0 0 0 
0.461043914174042 279 0 0 0 
0.46192629847753 278 0 0 0 
0.462200604967993 277 0 0 0 
0.462234676720001 276 0 0 0 
0.46370345070107 275 0 0 0 
0.46402345369088 274 0 0 0 
0.464062596375187 273 0 0 0 
0.464076396027268 272 0 0 0 
0.464604710956883 271 0 0 0 
0.464911885462164 270 0 0 0 
0.465127864155165 271 0 0 0 
0.466619133220211 270 0 0 0 
0.467391373763119 271 0 0 0 
0.46800246696831 270 0 0 0 
0.468093213878161 271 0 0 0 
0.469126736126314 272 0 0 0 
0.469329187866076 271 0 0 0 
0.469434170471356 270 0 0 0 
0.470168648838807 269 0 0 0 
0.470181213965038 268 0 0 0 
0.470825698601216 267 0 0 0 
0.47154556170238 266 0 0 0 
0.47202948410889 265 0 0 0 
0.472118275474499 264 0 0 0 
0.473061629433735 263 0 0 0 
0.473252674457804 262 0 0 0 
0.473404224637212 261 0 0 0 
0.474199822104491 260 0 0 0 
0.474498211553863 261 0 0 0 
0.475371046790966 260 0 0 0 
0.475402413975526 259 0 0 0 
0.475693289388482 260 0 0 0 
0.476215362833448 259 0 0 0 
0.476258773160906 258 0 0 0 
0.476347299578893 259 0 0 0 
0.477944596479475 260 0 0 0 
0.478238763906426 261 0 0 0 
0.479192797723589 260 0 0 0 
0.479576336531419 259 0 0 0 
0.480044078037466 258 0 0 0 
0.480268064171003 259 0 0 0 
0.481112181681926 258 0 0 0 
0.482811492573647 257 0 0 0 
0.482883813931582 256 0 0 0 
0.484143771362644 255 0 0 0 
0.484528505965252 254 0 0 0 
0.484977842938187 253 0 0 0 
0.485177490539689 254 0 0 0 
0.486446926573563 253 0 0 0 
0.487736731117691 252 0 0 0 
0.487831327629103 251 0 0 0 
0.487931784610672 252 0 0 0 
0.487958960698751 253 0 0 0 
0.491413439381803 252 0 0 0 
0.492311009753542 251 0 0 0 
0.493502007289821 250 0 0 0 
0.493930356453788 249 0 0 0 
0.494450507693909 248 0 0 0 
0.495422687823805 247 0 0 0 
0.497226035246775 248 0 0 0 
0.497593621428217 247 0 0 0 
0.499207098420733 246 0 0 0 
0.500873380900079 245 0 0 0 
0.50097191421763 244 0 0 0 
0.502392787242025 243 0 0 0 
0.503423368264678 242 0 0 0 
0.504785383168734 241 0 0 0 
0.506455125533743 240 0 0 0 
0.508136650163516 239 0 0 0 
0.50961149604333 238 0 0 0 
0.509619040387783 239 0 0 0 
0.50972951616225 238 0 0 0 
0.509877259386928 237 0 0 0 
0.510493108255861 236 0 0 0 
0.511780487977513 235 0 0 0 
0.511951455032545 234 0 0 0 
0.51209989220374 233 0 0 0 
0.512527168553641 234 0 0 0 
0.512916104099954 235 0 0 0 
0.51465831715324 234 0 0 0 
0.514711325838047 235 0 0 0 
0.515275208846188 234 0 0 0 
0.516080256229626 233 0 0 0 
0.516471905540765 232 0 0 0 
0.517373119828079 231 0 0 0 
0.51862031564986 232 0 0 0 
0.522813457740246 231 0 0 0 
0.523160126434459 232 0 0 0 
0.524176690785766 231 0 0 0 
0.5242404261111 230 0 0 0 
0.525075959182572 229 0 0 0 
0.525592261302811 230 0 0 0 
0.526726874532588 229 0 0 0 
0.527059937427953 228 0 0 0 
0.527223747447671 229 0 0 0 
0.527260196493431 228 0 0 0 
0.529041561743555 227 0 0 0 
0.53038617279736 226 0 0 0 
0.531163480012386 225 0 0 0 
0.532098189364794 224 0 0 0 
0.534445786148716 223 0 0 0 
0.534515259647175 222 0 0 0 
0.535963888417383 221 0 0 0 
0.538453074516388 220 0 0 0 
0.538970376905885 219 0 0 0 
0.538993763388032 218 0 0 0 
0.542432556787341 219 0 0 0 
0.542432800447428 218 0 0 0 
0.544283981784669 217 0 0 0 
0.546447260005548 216 0 0 0 
0.547917808814251 215 0 0 0 
0.552200142351308 214 0 0 0 
0.553288046752777 213 0 0 0 
0.553476324936013 212 0 0 0 
0.553677314350931 211 0 0 0 
0.555180664270872 210 0 0 0 
0.55555363798128 209 0 0 0 
0.556013712441457 210 0 0 0 
0.556578914549095 209 0 0 0 
0.556770166376268 210 0 0 0 
0.559379848496055 209 0 0 0 
0.561272699217316 210 0 0 0 
0.561443160833214 209 0 0 0 
0.56202125632581 208 0 0 0 
0.563572151799457 209 0 0 0 
0.563949742618962 208 0 0 0 
0.565424672692372 207 0 0 0 
0.567736864652304 206 0 0 0 
0.567803971002588 205 0 0 0 
0.568278382856815 204 0 0 0 
0.568366773441649 203 0 0 0 
0.569171910725066 202 0 0 0 
0.571033137764646 201 0 0 0 
0.571234755999591 202 0 0 0 
0.571244261944563 201 0 0 0 
0.5716772682461 200 0 0 0 
0.572127340563464 199 0 0 0 
0.57233129454194 198 0 0 0 
0.573909510272531 197 0 0 0 
0.574226614150974 196 0 0 0 
0.574600190378712 195 0 0 0 
0.57485238680508 194 0 0 0 
0.57493651287191 193 0 0 0 
0.575945438677644 192 0 0 0 
0.57708800158576 191 0 0 0 
0.57730363432077 192 0 0 0 
0.577744597655898 191 0 0 0 
0.578573479218633 190 0 0 0 
0.578652317414627 189 0 0 0 
0.578741250253204 190 0 0 0 
0.578866380760707 189 0 0 0 
0.579874368489055 188 0 0 0 
0.580047847364 187 0 0 0 
0.580159541314403 186 0 0 0 
0.580335900745611 187 0 0 0 
0.581987103205858 188 0 0 0 
0.582654913108687 187 0 0 0 
0.582758850882727 186 0 0 0 
0.583156748118809 185 0 0 0 
0.583396147325399 184 0 0 0 
0.584483080429842 183 0 0 0 
0.585959490369181 184 0 0 0 
0.586125638719713 183 0 0 0 
0.587178557078731 182 0 0 0 
0.587809552635362 181 0 0 0 
0.588455921305552 182 0 0 0 
0.588499700323132 181 0 0 0 
0.589123419792314 180 0 0 0 
0.589378134181315 179 0 0 0 
0.590227906088946 178 0 0 0 
0.590252674663087 179 0 0 0 
0.590937839021392 178 0 0 0 
0.591243794546974 177 0 0 0 
0.591264704632883 176 0 0 0 
0.592161548727735 175 0 0 0 
0.593653619875518 176 0 0 0 
0.594023681902409 177 0 0 0 
0.595282939135663 176 0 0 0 
0.597487719755026 175 0 0 0 
0.59857416816284 174 0 0 0 
0.599435365097268 175 0 0 0 
0.599770111553058 176 0 0 0 
0.600236804163624 175 0 0 0 
0.600310044510565 176 0 0 0 
0.600816668938101 175 0 0 0 
0.602129579566242 176 0 0 0 
0.603086104159597 175 0 0 0 
0.603284316737831 176 0 0 0 
0.603370641149162 175 0 0 0 
0.607507244672873 174 0 0 0 
0.608216601349829 173 0 0 0 
0.608361034205984 174 0 0 0 
0.610363482727397 173 0 0 0 
0.612093038224093 172 0 0 0 
0.613781042197596 171 0 0 0 
0.615319957743019 170 0 0 0 
0.61556012087284 169 0 0 0 
0.615779154484178 170 0 0 0 
0.616622231379534 171 0 0 0 
0.617030102814377 172 0 0 0 
0.617656780529417 173 0 0 0 
0.619474174358933 172 0 0 0 
0.619734269001073 171 0 0 0 
0.619966096789422 172 0 0 0 
0.620106702842227 171 0 0 0 
0.621316205136114 170 0 0 0 
0.62172206806422 171 0 0 0 
0.622947469224994 170 0 0 0 
0.624473466502996 171 0 0 0 
0.624753318565824 170 0 0 0 
0.62648073350911 169 0 0 0 
0.627774064406434 168 0 0 0 
0.628692136748851 167 0 0 0 
0.631713068711927 166 0 0 0 
0.634518263068148 165 0 0 0 
0.635746161668444 164 0 0 0 
0.635831619041922 163 0 0 0 
0.636202600097235 162 0 0 0 
0.637517400524755 161 0 0 0 
0.637610993705659 160 0 0 0 
0.638511018780849 159 0 0 0 
0.639251294051347 160 0 0 0 
0.643311159660961 159 0 0 0 
0.643467837727578 158 0 0 0 
0.64349465315256 157 0 0 0 
0.643864391226898 156 0 0 0 
0.644361187795372 155 0 0 0 
0.644769273808212 154 0 0 0 
0.645732751473994 153 0 0 0 
0.646990321374349 152 0 0 0 
0.647501900217992 151 0 0 0 
0.647810291585354 150 0 0 0 
0.648420733220164 149 0 0 0 
0.649030584049398 148 0 0 0 
0.650672668383802 147 0 0 0 
0.651798318431021 146 0 0 0 
0.656277564515827 145 0 0 0 
0.656312947361716 144 0 0 0 
0.660320672569265 145 0 0 0 
0.664250446671524 144 0 0 0 
0.66454108783427 143 0 0 0 
0.666101562962004 144 0 0 0 
0.666811833035327 143 0 0 0 
0.668284884271125 142 0 0 0 
0.668509368080133 141 0 0 0 
0.669481975432088 140 0 0 0 
0.670456752394866 141 0 0 0 
0.670681734164872 140 0 0 0 
0.671511115111412 139 0 0 0 
0.671858450483897 138 0 0 0 
0.674160581664878 137 0 0 0 
0.67689936475117 136 0 0 0 
0.678242963763651 135 0 0 0 
0.68030958686136 136 0 0 0 
0.683029455035409 135 0 0 0 
0.684703916897865 134 0 0 0 
0.684748467308204 133 0 0 0 
0.690718684418352 134 0 0 0 
0.694747668335237 133 0 0 0 
0.695184882879148 134 0 0 0 
0.696482224749346 133 0 0 0 
0.699358045716463 132 0 0 0 
0.704303885776482 131 0 0 0 
0.704843028315744 132 0 0 0 
0.707810625855738 131 0 0 0 
0.709371611040125 130 0 0 0 
0.710366662067077 129 0 0 0 
0.710823588345874 130 0 0 0 
0.712944069694592 129 0 0 0 
0.713498619884247 128 0 0 0 
0.715544491686362 127 0 0 0 
0.71819036137156 126 0 0 0 
0.719162479782175 125 0 0 0 
0.719997886435712 124 0 0 0 
0.72043396291801 123 0 0 0 
0.720864048021116 122 0 0 0 
0.722557670278589 121 0 0 0 
0.736345762074917 120 0 0 0 
0.741313004371865 119 0 0 0 
0.745842774929142 118 0 0 0 
0.746656755541848 117 0 0 0 
0.746794276069529 116 0 0 0 
0.747641583470168 115 0 0 0 
0.751741345983041 114 0 0 0 
0.753630390975858 113 0 0 0 
0.755427137498442 112 0 0 0 
0.756950457789247 111 0 0 0 
0.758499221969308 110 0 0 0 
0.761671538142217 111 0 0 0 
0.763213266288822 110 0 0 0 
0.765384846808611 109 0 0 0 
0.765671754515103 108 0 0 0 
0.76653025959219 107 0 0 0 
0.767790083143967 106 0 0 0 
0.771785090325602 105 0 0 0 
0.771850920362753 104 0 0 0 
0.772247580408145 103 0 0 0 
0.775168035109904 102 0 0 0 
0.780522127501599 101 0 0 0 
0.78070128677141 102 0 0 0 
0.784572411574038 101 0 0 0 
0.785272338435876 100 0 0 0 
0.785784738360928 99 0 0 0 
0.785788758719892 98 0 0 0 
0.790017722620616 97 0 0 0 
0.791310833786155 96 0 0 0 
0.791688131405516 95 0 0 0 
0.795736079195443 96 0 0 0 
0.798321875646816 97 0 0 0 
0.798661507472507 96 0 0 0 
0.799384359367848 95 0 0 0 
0.800101045676126 94 0 0 0 
0.800842622516646 95 0 0 0 
0.801298521902152 94 0 0 0 
0.80393756546355 93 0 0 0 
0.804813629484842 92 0 0 0 
0.806627784119673 91 0 0 0 
0.80764011788672 90 0 0 0 
0.809628426981547 91 0 0 0 
0.813449064151121 92 0 0 0 
0.816081304427526 91 0 0 0 
0.817438807837996 92 0 0 0 
0.81819114409172 91 0 0 0 
0.82124077114913 90 0 0 0 
0.822310379780013 89 0 0 0 
0.823049494593368 88 0 0 0 
0.823362333072466 87 0 0 0 
0.823742602389919 86 0 0 0 
0.823793677319007 85 0 0 0 
0.825023976748525 86 0 0 0 
0.825940026032124 87 0 0 0 
0.829619937660977 86 0 0 0 
0.831149944902775 85 0 0 0 
0.833037630721569 84 0 0 0 
0.834845147648516 83 0 0 0 
0.836865677215025 82 0 0 0 
0.837236489927611 81 0 0 0 
0.838268814224689 80 0 0 0 
0.840918576601141 79 0 0 0 
0.843913404385341 78 0 0 0 
0.844946350809611 79 0 0 0 
0.849908672515702 80 0 0 0 
0.852455558573994 79 0 0 0 
0.856484620027743 80 0 0 0 
0.859565619865775 79 0 0 0 
0.864457621495314 78 0 0 0 
0.866450267022252 79 0 0 0 
0.867205054593683 80 0 0 0 
0.869676941388351 79 0 0 0 
0.871161049929702 80 0 0 0 
0.872001432169542 79 0 0 0 
0.874348139771953 78 0 0 0 
0.877349746298989 77 0 0 0 
0.878560463525036 76 0 0 0 
0.880002052228865 75 0 0 0 
0.880997110859687 74 0 0 0 
0.881705275079517 73 0 0 0 
0.889992775509388 72 0 0 0 
0.8902616109647 71 0 0 0 
0.896940357805236 70 0 0 0 
0.897116698360057 69 0 0 0 
0.899214120652461 68 0 0 0 
0.901537170647182 67 0 0 0 
0.905395349247394 66 0 0 0 
0.905409063407285 65 0 0 0 
0.915879317722847 66 0 0 0 
0.923045620808585 65 0 0 0 
0.931487567284295 64 0 0 0 
0.93154815786303 63 0 0 0 
0.932600878460444 62 0 0 0 
0.932904539338542 61 0 0 0 
0.934049877926937 62 0 0 0 
0.938923042719 61 0 0 0 
0.941018047115148 60 0 0 0 
0.943108177241326 59 0 0 0 
0.944395292443199 58 0 0 0 
0.947795442876038 57 0 0 0 
0.950145461489296 56 0 0 0 
0.950395733139521 57 0 0 0 
0.951090678477979 56 0 0 0 
0.951128364070329 55 0 0 0 
0.951392264561051 54 0 0 0 
0.952371256641388 55 0 0 0 
0.952578107260993 56 0 0 0 
0.953919118351664 55 0 0 0 
0.959298920119078 54 0 0 0 
0.962221807847409 53 0 0 0 
0.963965358394724 52 0 0 0 
0.969136828725203 51 0 0 0 
0.970228097664593 50 0 0 0 
0.975790163406467 51 0 0 0 
0.9787220202267 50 0 0 0 
0.981179549836598 49 0 0 0 
0.984873551567372 48 0 0 0 
0.984881577656952 47 0 0 0 
0.990294837108535 46 0 0 0 
1.01571987464788 45 0 0 0 
1.01791452743486 44 0 0 0 
1.01849475996149 45 0 0 0 
1.02736537471902 44 0 0 0 
1.02769684706083 43 0 0 0 
1.04180754135275 42 0 0 0 
1.04892703927227 41 0 0 0 
1.04973520471374 40 0 0 0 
1.05798025697476 39 0 0 0 
1.0584715718072 38 0 0 0 
1.06052425363976 39 0 0 0 
1.0611497385453 38 0 0 0 
1.06328764912382 37 0 0 0 
1.06645729311675 36 0 0 0 
1.08220980335701 37 0 0 0 
1.08302415411379 38 0 0 0 
1.10116185274918 37 0 0 0 
1.10264368917403 36 0 0 0 
1.10356129165106 35 0 0 0 
1.10795041607231 34 0 0 0 
1.12779579174311 33 0 0 0 
1.13561875325927 34 0 0 0 
1.13903874857846 35 0 0 0 
1.1425268648965 36 0 0 0 
1.14267566033527 35 0 0 0 
1.15033731497522 34 0 0 0 
1.15158252322951 33 0 0 0 
1.17020578364349 32 0 0 0 
1.17038708460421 31 0 0 0 
1.17307086749032 30 0 0 0 
1.18074348910885 29 0 0 0 
1.1823131447568 28 0 0 0 
1.21845263392056 27 0 0 0 
1.2221649681592 26 0 0 0 
1.22231214346945 27 0 0 0 
1.22739685861348 28 0 0 0 
1.23545598245821 27 0 0 0 
1.23946329862557 28 0 0 0 
1.25092203799611 29 0 0 0 
1.26890545361353 28 0 0 0 
1.2714516762855 27 0 0 0 
1.2829945545498 26 0 0 0 
1.28680100363912 25 0 0 0 
1.29034121165985 24 0 0 0 
1.29247862534137 25 0 0 0 
1.29502300050821 26 0 0 0 
1.29795959767452 25 0 0 0 
1.300700811001 24 0 0 0 
1.30171009688898 25 0 0 0 
1.30721195322217 24 0 0 0 
1.31467171336049 23 0 0 0 
1.33474752875938 22 0 0 0 
1.34676144376372 21 0 0 0 
1.386172322964 22 0 0 0 
1.40071116363658 23 0 0 0 
1.40776893229037 22 0 0 0 
1.4169718631466 23 0 0 0 
1.42128905365593 22 0 0 0 
1.43532431853881 21 0 0 0 
1.43731314274412 20 0 0 0 
1.45397471439311 19 0 0 0 
1.50665970828749 18 0 0 0 
1.55169931427679 19 0 0 0 
1.58156362130092 18 0 0 0 
1.58832189500571 17 0 0 0 
1.58990369183816 18 0 0 0 
1.59126857691973 17 0 0 0 
1.59509464126915 16 0 0 0 
1.59636600013801 15 0 0 0 
1.62031213763326 14 0 0 0 
1.62322897327843 13 0 0 0 
1.69603649488238 12 0 0 0 
1.74111732125333 11 0 0 0 
1.78935278494901 12 0 0 0 
1.7920253937688 11 0 0 0 
1.79259156422117 12 0 0 0 
1.79770424400105 13 0 0 0 
1.8074254421265 12 0 0 0 
1.82848551562996 11 0 0 0 
1.84445048625018 10 0 0 0 
1.84683854523243 9 0 0 0 
1.88060468590739 8 0 0 0 
1.8820645153716 7 0 0 0 
1.88720172746376 6 0 0 0 
1.95169614933469 5 0 0 0 
1.9559461536191 4 0 0 0 
1.96708611226078 5 0 0 0 
1.99238353067581 4 0 0 0 
2.03877673352474 5 0 0 0 
2.04341906465149 4 0 0 0 
2.05655059445178 3 0 0 0 
2.16391263802141 2 0 0 0 
2.41887480170328 1 0 0 0 
2.52784117957623 0 0 0 0