Time S R1 R2 RB 
0 1000 0 0 0 
0.00137134676044126 1001 0 0 0 
0.00240253259742081 1000 0 0 0 
0.00325364147839662 1001 0 0 0 
0.00445882817360318 1002 0 0 0 
0.00750314067548301 1003 0 0 0 
0.00814498884605728 1002 0 0 0 
0.00846626775817334 1003 0 0 0 
0.00907796396372057 1004 0 0 0 
0.0098609212577503 1005 0 0 0 
0.00990034394828482 1006 0 0 0 
0.0113883310178261 1005 0 0 0 
0.012718532438474 1004 0 0 0 
0.0136068868607641 1003 0 0 0 
0.0136947216974741 1002 0 0 0 
0.0139535376303675 1001 0 0 0 
0.0141428511974717 1000 0 0 0 
0.0145117657439218 999 0 0 0 
0.0147547724132173 998 0 0 0 
0.014768596350535 999 0 0 0 
0.0150837741365026 1000 0 0 0 
0.0181100055840537 1001 0 0 0 
0.0190406412090531 1002 0 0 0 
0.0190656352774161 1001 0 0 0 
0.0193983587150763 1002 0 0 0 
0.0206071224637562 1001 0 0 0 
0.0208590654730686 1002 0 0 0 
0.0210202020401325 1001 0 0 0 
0.021356245854392 1000 0 0 0 
0.0215654699342316 1001 0 0 0 
0.021636566674015 1002 0 0 0 
0.0237964026236537 1003 0 0 0 
0.0239973085768206 1002 0 0 0 
0.0246991483852924 1003 0 0 0 
0.0259959494392746 1002 0 0 0 
0.026309506904868 1003 0 0 0 
0.0273309662774198 1002 0 0 0 
0.028108298668604 1003 0 0 0 
0.0285873907590161 1002 0 0 0 
0.0286828021447888 1001 0 0 0 
0.0297850029961727 1002 0 0 0 
0.0308679441073123 1001 0 0 0 
0.0311533559922511 1000 0 0 0 
0.031838898684712 1001 0 0 0 
0.0338946940302341 1000 0 0 0 
0.0361824381157185 1001 0 0 0 
0.0374290784182437 1002 0 0 0 
0.0380440021156092 1001 0 0 0 
0.0391401387127292 1000 0 0 0 
0.0392935321353244 1001 0 0 0 
0.0422532111442914 1000 0 0 0 
0.0423612234486925 1001 0 0 0 
0.043181351884276 1002 0 0 0 
0.043465446483428 1003 0 0 0 
0.0439884738142885 1004 0 0 0 
0.0444769144414632 1005 0 0 0 
0.044529323294909 1006 0 0 0 
0.0451320742628217 1005 0 0 0 
0.0451898824376231 1004 0 0 0 
0.0453902623030956 1003 0 0 0 
0.0460010199085957 1004 0 0 0 
0.0468037653580935 1005 0 0 0 
0.0480798792858549 1006 0 0 0 
0.0490846997523001 1007 0 0 0 
0.049486118979845 1006 0 0 0 
0.0501353510487119 1005 0 0 0 
0.0510841418948208 1006 0 0 0 
0.0517786332827636 1007 0 0 0 
0.0519424319671474 1006 0 0 0 
0.0526277909554587 1007 0 0 0 
0.0529779095614788 1008 0 0 0 
0.0533805444830425 1007 0 0 0 
0.0553410818885205 1006 0 0 0 
0.0556693065886738 1007 0 0 0 
0.0567024918714496 1006 0 0 0 
0.0568191567781143 1007 0 0 0 
0.0571050727959632 1006 0 0 0 
0.0579672608370616 1007 0 0 0 
0.0590484409675002 1008 0 0 0 
0.0593445989290894 1007 0 0 0 
0.0599326680135065 1008 0 0 0 
0.0604478731577565 1009 0 0 0 
0.0607089228292237 1010 0 0 0 
0.0608562002957957 1011 0 0 0 
0.0612100881154976 1012 0 0 0 
0.0614993678106472 1013 0 0 0 
0.0617688002060229 1014 0 0 0 
0.0622072801231902 1015 0 0 0 
0.062328701000113 1016 0 0 0 
0.0630539709607597 1017 0 0 0 
0.0640835547967332 1016 0 0 0 
0.0665750142703679 1017 0 0 0 
0.0674122337628172 1018 0 0 0 
0.0674642998699934 1019 0 0 0 
0.0675656130111747 1018 0 0 0 
0.0676579759470072 1019 0 0 0 
0.0677338083396396 1020 0 0 0 
0.069405172108339 1021 0 0 0 
0.0706084662572335 1020 0 0 0 
0.0725280503847721 1019 0 0 0 
0.0735056759442755 1020 0 0 0 
0.0745178764468042 1019 0 0 0 
0.0747717554224226 1020 0 0 0 
0.0749425827308261 1021 0 0 0 
0.076469003868264 1022 0 0 0 
0.0772071091352051 1023 0 0 0 
0.0780398352048065 1024 0 0 0 
0.0789677191153953 1025 0 0 0 
0.0798388291872799 1026 0 0 0 
0.0798391830386398 1025 0 0 0 
0.0802768020366655 1026 0 0 0 
0.0840634653275649 1027 0 0 0 
0.0843131231567253 1028 0 0 0 
0.0847134231743947 1029 0 0 0 
0.0852801106072077 1030 0 0 0 
0.0855617549468641 1031 0 0 0 
0.086338210145727 1032 0 0 0 
0.0868647357630561 1033 0 0 0 
0.0877508669413358 1032 0 0 0 
0.0879453863961598 1031 0 0 0 
0.0882577701466822 1030 0 0 0 
0.0910139049716089 1031 0 0 0 
0.0926281668420513 1032 0 0 0 
0.0929699390054794 1031 0 0 0 
0.0933406161102708 1030 0 0 0 
0.093795729659115 1031 0 0 0 
0.0938401115142647 1030 0 0 0 
0.0945598172679896 1031 0 0 0 
0.095007694637556 1030 0 0 0 
0.0958900257186386 1029 0 0 0 
0.0960984285664318 1030 0 0 0 
0.0964556540725075 1031 0 0 0 
0.0976830896102231 1032 0 0 0 
0.0977225381931383 1033 0 0 0 
0.0978294072959965 1034 0 0 0 
0.0981558551217243 1033 0 0 0 
0.0983017333038868 1032 0 0 0 
0.0987791999162143 1033 0 0 0 
0.099647200803308 1034 0 0 0 
0.100054391713446 1035 0 0 0 
0.100873452745206 1036 0 0 0 
0.101140463154016 1035 0 0 0 
0.101745992804219 1036 0 0 0 
0.102106557208918 1037 0 0 0 
0.102178260276889 1038 0 0 0 
0.10221783167386 1039 0 0 0 
0.10256192884859 1038 0 0 0 
0.10271045352187 1039 0 0 0 
0.103978088785243 1038 0 0 0 
0.105493328950908 1037 0 0 0 
0.105609175188589 1038 0 0 0 
0.106028346344363 1039 0 0 0 
0.106347397088058 1040 0 0 0 
0.107046186786726 1039 0 0 0 
0.107141551629479 1040 0 0 0 
0.108433131959557 1041 0 0 0 
0.108434529686806 1042 0 0 0 
0.108497969719092 1043 0 0 0 
0.109023062923715 1044 0 0 0 
0.109244206771285 1043 0 0 0 
0.109339602762257 1044 0 0 0 
0.109793094356338 1045 0 0 0 
0.109810066217851 1044 0 0 0 
0.109924831483602 1045 0 0 0 
0.110372182246934 1046 0 0 0 
0.110880523694167 1045 0 0 0 
0.111900865362893 1046 0 0 0 
0.112028342517853 1045 0 0 0 
0.11254532739788 1046 0 0 0 
0.113618433493487 1047 0 0 0 
0.113691472467649 1048 0 0 0 
0.114430600581101 1049 0 0 0 
0.115293527968628 1050 0 0 0 
0.115385658212929 1049 0 0 0 
0.115576819375471 1050 0 0 0 
0.116362404213432 1049 0 0 0 
0.116794627994444 1050 0 0 0 
0.116927913555534 1049 0 0 0 
0.117670685946454 1050 0 0 0 
0.117832861851085 1051 0 0 0 
0.118117346185346 1052 0 0 0 
0.118433004550604 1053 0 0 0 
0.118673192097848 1052 0 0 0 
0.118819934001845 1053 0 0 0 
0.119880443820267 1052 0 0 0 
0.120054100631203 1053 0 0 0 
0.120137398478473 1054 0 0 0 
0.120701488188374 1055 0 0 0 
0.121152904456871 1056 0 0 0 
0.121153685247806 1057 0 0 0 
0.122609281477012 1058 0 0 0 
0.122629443709632 1059 0 0 0 
0.124260668565955 1058 0 0 0 
0.12430918782749 1059 0 0 0 
0.125835413412385 1058 0 0 0 
0.126054847477905 1059 0 0 0 
0.127611377401356 1060 0 0 0 
0.128394669328026 1061 0 0 0 
0.128884270753458 1062 0 0 0 
0.12928347922375 1061 0 0 0 
0.130693883498585 1060 0 0 0 
0.131052037413699 1059 0 0 0 
0.131137763142618 1058 0 0 0 
0.131951834825326 1059 0 0 0 
0.132493669158673 1060 0 0 0 
0.133150277536421 1061 0 0 0 
0.133987078246356 1062 0 0 0 
0.134553366256782 1063 0 0 0 
0.135453755534884 1062 0 0 0 
0.136235216744304 1063 0 0 0 
0.136353948546952 1064 0 0 0 
0.136902984245859 1065 0 0 0 
0.136928780776923 1064 0 0 0 
0.138927836931977 1063 0 0 0 
0.139198274443782 1064 0 0 0 
0.139267661475611 1063 0 0 0 
0.139907911433732 1064 0 0 0 
0.140124982380702 1065 0 0 0 
0.140282138709411 1066 0 0 0 
0.140318940224822 1067 0 0 0 
0.141956605627651 1068 0 0 0 
0.142313921998759 1069 0 0 0 
0.143741604471085 1068 0 0 0 
0.147132741885629 1067 0 0 0 
0.148931410159204 1066 0 0 0 
0.149636836302768 1067 0 0 0 
0.150900452451646 1066 0 0 0 
0.151416313664064 1065 0 0 0 
0.151914139948572 1064 0 0 0 
0.152392899355749 1065 0 0 0 
0.152789017559992 1066 0 0 0 
0.153502745881483 1067 0 0 0 
0.153595817305026 1066 0 0 0 
0.154322089162372 1067 0 0 0 
0.154851697039774 1068 0 0 0 
0.155180855108746 1069 0 0 0 
0.156362178128556 1070 0 0 0 
0.156662158933166 1071 0 0 0 
0.157780675713426 1072 0 0 0 
0.158388644646242 1071 0 0 0 
0.159027970868431 1070 0 0 0 
0.159194601397573 1071 0 0 0 
0.159944559113251 1070 0 0 0 
0.160688119687687 1069 0 0 0 
0.1615764357276 1070 0 0 0 
0.161606870790253 1071 0 0 0 
0.161709850757804 1072 0 0 0 
0.162417642750475 1071 0 0 0 
0.162786367186746 1070 0 0 0 
0.163896180664423 1069 0 0 0 
0.164062675800714 1068 0 0 0 
0.165292371306206 1067 0 0 0 
0.165918382004468 1066 0 0 0 
0.166472565724248 1065 0 0 0 
0.16706358253605 1064 0 0 0 
0.167493213991893 1065 0 0 0 
0.167520124972054 1066 0 0 0 
0.169548838889892 1067 0 0 0 
0.169676850937934 1066 0 0 0 
0.170085503195908 1067 0 0 0 
0.171098141619322 1068 0 0 0 
0.17170967758792 1067 0 0 0 
0.173048175287171 1068 0 0 0 
0.173955103267643 1069 0 0 0 
0.174841977748296 1068 0 0 0 
0.174936190565485 1067 0 0 0 
0.175552063572947 1066 0 0 0 
0.175917586804891 1065 0 0 0 
0.17595909931945 1066 0 0 0 
0.17652424595195 1067 0 0 0 
0.176939205740811 1068 0 0 0 
0.177031248181459 1069 0 0 0 
0.179491273322687 1070 0 0 0 
0.17996860443946 1071 0 0 0 
0.180286955816979 1072 0 0 0 
0.180535033540909 1073 0 0 0 
0.180669989487651 1074 0 0 0 
0.181638242595736 1075 0 0 0 
0.181808442807947 1076 0 0 0 
0.183857057178063 1075 0 0 0 
0.185239958001488 1074 0 0 0 
0.185283712174327 1073 0 0 0 
0.185315571086627 1074 0 0 0 
0.18672073691774 1073 0 0 0 
0.186856064994855 1072 0 0 0 
0.187149614789369 1071 0 0 0 
0.188233103102056 1072 0 0 0 
0.189103191041652 1071 0 0 0 
0.189843601072156 1070 0 0 0 
0.191786497384779 1069 0 0 0 
0.192448847989193 1070 0 0 0 
0.192724234739413 1071 0 0 0 
0.192861482994039 1070 0 0 0 
0.193092325735757 1071 0 0 0 
0.193288759086053 1072 0 0 0 
0.193385165249086 1071 0 0 0 
0.194119427104296 1072 0 0 0 
0.194687747074035 1073 0 0 0 
0.194918062214286 1074 0 0 0 
0.195769455108224 1075 0 0 0 
0.196017202814933 1076 0 0 0 
0.198266104216709 1075 0 0 0 
0.199864080065676 1074 0 0 0 
0.200606990287211 1075 0 0 0 
0.200811562035284 1076 0 0 0 
0.201152890958137 1077 0 0 0 
0.201667664754457 1078 0 0 0 
0.202299852061737 1077 0 0 0 
0.202588059234206 1078 0 0 0 
0.203037493969839 1077 0 0 0 
0.203554466796018 1078 0 0 0 
0.204395092248264 1079 0 0 0 
0.205125202015329 1080 0 0 0 
0.205715877582072 1079 0 0 0 
0.206037633063254 1078 0 0 0 
0.206319596346291 1079 0 0 0 
0.207619875867902 1080 0 0 0 
0.208010945948283 1081 0 0 0 
0.208149835123962 1080 0 0 0 
0.208862834794368 1081 0 0 0 
0.209336035815374 1082 0 0 0 
0.209947744274508 1083 0 0 0 
0.210066722275645 1084 0 0 0 
0.210704509475354 1085 0 0 0 
0.211234550982727 1086 0 0 0 
0.211550145711628 1087 0 0 0 
0.21167126771761 1086 0 0 0 
0.213852949828726 1087 0 0 0 
0.213904192138996 1086 0 0 0 
0.214131219332237 1087 0 0 0 
0.215985947335147 1086 0 0 0 
0.216096464903116 1087 0 0 0 
0.216566928962099 1088 0 0 0 
0.21932871166129 1087 0 0 0 
0.219844837688119 1088 0 0 0 
0.220087742129688 1089 0 0 0 
0.221184256564202 1088 0 0 0 
0.22262001672668 1089 0 0 0 
0.222867889942007 1088 0 0 0 
0.223117264759922 1089 0 0 0 
0.223696260832905 1090 0 0 0 
0.224562614072872 1091 0 0 0 
0.225175147313912 1092 0 0 0 
0.225446057027452 1091 0 0 0 
0.225623938855821 1090 0 0 0 
0.227748342346694 1091 0 0 0 
0.228368461630562 1092 0 0 0 
0.228423657016769 1091 0 0 0 
0.229061707735402 1092 0 0 0 
0.230870657531754 1091 0 0 0 
0.231135108495709 1090 0 0 0 
0.231356652651989 1089 0 0 0 
0.232709493294241 1090 0 0 0 
0.23273753153046 1089 0 0 0 
0.235116258374215 1090 0 0 0 
0.237596554839019 1089 0 0 0 
0.237636055459835 1088 0 0 0 
0.23804574652069 1089 0 0 0 
0.240701770967457 1090 0 0 0 
0.242462891748486 1091 0 0 0 
0.242834101145147 1090 0 0 0 
0.243637125385566 1091 0 0 0 
0.246453553267949 1092 0 0 0 
0.246785071458455 1093 0 0 0 
0.247279972720346 1092 0 0 0 
0.247380616764453 1091 0 0 0 
0.247806652319293 1090 0 0 0 
0.248561623775819 1091 0 0 0 
0.248856183267487 1090 0 0 0 
0.248868581146096 1091 0 0 0 
0.24894948647644 1092 0 0 0 
0.249686426616511 1091 0 0 0 
0.249974724798782 1092 0 0 0 
0.250898459438497 1093 0 0 0 
0.251049372847964 1092 0 0 0 
0.251688035591598 1093 0 0 0 
0.251817379361464 1092 0 0 0 
0.252398609141524 1093 0 0 0 
0.252599206978907 1094 0 0 0 
0.253696733317228 1095 0 0 0 
0.254090844553471 1094 0 0 0 
0.254207711170651 1095 0 0 0 
0.254556122368516 1096 0 0 0 
0.256488782502072 1097 0 0 0 
0.25679605411146 1096 0 0 0 
0.256886416610309 1095 0 0 0 
0.257208140951035 1096 0 0 0 
0.259638916877619 1095 0 0 0 
0.260115404902165 1096 0 0 0 
0.261363610350378 1097 0 0 0 
0.261791793231808 1098 0 0 0 
0.262101845714657 1099 0 0 0 
0.26302889577117 1100 0 0 0 
0.264792979490495 1099 0 0 0 
0.264963253147791 1100 0 0 0 
0.265300937143306 1101 0 0 0 
0.265431057887394 1102 0 0 0 
0.265831086676936 1103 0 0 0 
0.266741470768222 1104 0 0 0 
0.267252742586823 1105 0 0 0 
0.267854509133434 1106 0 0 0 
0.267942235967445 1107 0 0 0 
0.26806932854552 1108 0 0 0 
0.268938855866739 1109 0 0 0 
0.269412092454677 1108 0 0 0 
0.269575423356931 1109 0 0 0 
0.269919405702894 1108 0 0 0 
0.271180908525993 1109 0 0 0 
0.271508296915961 1108 0 0 0 
0.271687334235346 1109 0 0 0 
0.27204500809126 1108 0 0 0 
0.272809006326728 1107 0 0 0 
0.273497919956395 1106 0 0 0 
0.274672323676683 1107 0 0 0 
0.274889652158865 1108 0 0 0 
0.275447810971265 1107 0 0 0 
0.277020982297527 1108 0 0 0 
0.278003918778294 1109 0 0 0 
0.278701572616516 1110 0 0 0 
0.278762863162605 1109 0 0 0 
0.280387744655056 1108 0 0 0 
0.280667581248773 1107 0 0 0 
0.28067669201272 1106 0 0 0 
0.281475460931278 1105 0 0 0 
0.282025031261973 1106 0 0 0 
0.283378157503568 1105 0 0 0 
0.283915585736835 1104 0 0 0 
0.283927528153912 1105 0 0 0 
0.284040722870549 1106 0 0 0 
0.284533717198911 1107 0 0 0 
0.285014672509867 1108 0 0 0 
0.285064729648364 1109 0 0 0 
0.285416952755237 1110 0 0 0 
0.285549797649024 1111 0 0 0 
0.285642484497969 1112 0 0 0 
0.285765419963831 1111 0 0 0 
0.286255338700916 1112 0 0 0 
0.286711802539256 1113 0 0 0 
0.287505301482977 1114 0 0 0 
0.287763195952846 1115 0 0 0 
0.288100655427963 1116 0 0 0 
0.288226744724515 1117 0 0 0 
0.288425319029478 1116 0 0 0 
0.288448010258333 1117 0 0 0 
0.288918738227138 1118 0 0 0 
0.290022119088162 1117 0 0 0 
0.290395478061142 1118 0 0 0 
0.290913400329495 1119 0 0 0 
0.29128127181792 1118 0 0 0 
0.291491895038336 1119 0 0 0 
0.29174419243688 1118 0 0 0 
0.291745245736067 1119 0 0 0 
0.292187052390061 1120 0 0 0 
0.292413316295627 1119 0 0 0 
0.292748009463948 1118 0 0 0 
0.292953462157139 1117 0 0 0 
0.293403991371938 1116 0 0 0 
0.293409990727247 1117 0 0 0 
0.293688766935236 1118 0 0 0 
0.294077686292638 1119 0 0 0 
0.294564222984163 1120 0 0 0 
0.294635721734954 1121 0 0 0 
0.295330498847377 1122 0 0 0 
0.295491524354332 1121 0 0 0 
0.2960485149819 1122 0 0 0 
0.297312697202029 1123 0 0 0 
0.299377827542416 1122 0 0 0 
0.29985996418452 1121 0 0 0 
0.300320465143463 1122 0 0 0 
0.301223600028261 1123 0 0 0 
0.301674668682698 1124 0 0 0 
0.301822464874557 1125 0 0 0 
0.302629176251257 1124 0 0 0 
0.304385892674265 1123 0 0 0 
0.306356799466564 1122 0 0 0 
0.306415739039155 1123 0 0 0 
0.306708204319509 1124 0 0 0 
0.307007625365616 1125 0 0 0 
0.307019136570346 1124 0 0 0 
0.307430241001329 1125 0 0 0 
0.307707284390309 1126 0 0 0 
0.308351034933383 1125 0 0 0 
0.308410752668401 1126 0 0 0 
0.308710601206742 1125 0 0 0 
0.308713059022939 1126 0 0 0 
0.309703661514934 1127 0 0 0 
0.309950985367492 1128 0 0 0 
0.312167386394815 1129 0 0 0 
0.312448991325371 1130 0 0 0 
0.313405489713861 1129 0 0 0 
0.313623864362856 1130 0 0 0 
0.313718237367456 1131 0 0 0 
0.314134348779254 1132 0 0 0 
0.314640080842089 1131 0 0 0 
0.31467768388255 1132 0 0 0 
0.31472226203351 1131 0 0 0 
0.314830741697766 1132 0 0 0 
0.314880785642479 1133 0 0 0 
0.316829741479862 1134 0 0 0 
0.317980407285927 1135 0 0 0 
0.318979617530252 1134 0 0 0 
0.320137904220554 1135 0 0 0 
0.320280908009868 1136 0 0 0 
0.320804968764248 1137 0 0 0 
0.321636702634868 1138 0 0 0 
0.322069392718184 1139 0 0 0 
0.323275967344614 1140 0 0 0 
0.323441752065881 1141 0 0 0 
0.324435561533536 1140 0 0 0 
0.325168687614616 1141 0 0 0 
0.325252600245964 1142 0 0 0 
0.32528808633179 1141 0 0 0 
0.325848763407812 1142 0 0 0 
0.325911636285104 1141 0 0 0 
0.325914809352308 1140 0 0 0 
0.326050225954954 1141 0 0 0 
0.328321695509558 1140 0 0 0 
0.329479004724308 1141 0 0 0 
0.330705275459866 1142 0 0 0 
0.331119479794307 1143 0 0 0 
0.331885927580831 1144 0 0 0 
0.332370864115293 1143 0 0 0 
0.332432412437926 1142 0 0 0 
0.333901649893338 1143 0 0 0 
0.334494654297839 1142 0 0 0 
0.334924608681591 1141 0 0 0 
0.33499334793845 1142 0 0 0 
0.335878747483162 1143 0 0 0 
0.335923258585722 1142 0 0 0 
0.336530897048698 1143 0 0 0 
0.337339859226901 1142 0 0 0 
0.33750400662607 1141 0 0 0 
0.337970048915598 1142 0 0 0 
0.338159169858656 1143 0 0 0 
0.338542574474192 1144 0 0 0 
0.339585708533258 1145 0 0 0 
0.340464307526336 1146 0 0 0 
0.342526179023478 1147 0 0 0 
0.342573025231886 1146 0 0 0 
0.343189822534462 1147 0 0 0 
0.343241382203412 1148 0 0 0 
0.343805259870855 1149 0 0 0 
0.344489384554245 1150 0 0 0 
0.344546149124601 1151 0 0 0 
0.344764705973929 1152 0 0 0 
0.345529313048864 1151 0 0 0 
0.346721523167381 1152 0 0 0 
0.347614561187122 1153 0 0 0 
0.34796533526141 1152 0 0 0 
0.347981376568702 1153 0 0 0 
0.347988490049338 1154 0 0 0 
0.348105734809377 1153 0 0 0 
0.348465303709121 1154 0 0 0 
0.348773059008909 1155 0 0 0 
0.348809455161131 1154 0 0 0 
0.349250994360646 1155 0 0 0 
0.349254874323865 1156 0 0 0 
0.349492475039445 1155 0 0 0 
0.349845423472349 1156 0 0 0 
0.350074399040324 1155 0 0 0 
0.350074796382983 1156 0 0 0 
0.350953032329465 1155 0 0 0 
0.351560396758681 1154 0 0 0 
0.351910040627133 1155 0 0 0 
0.35239327842161 1156 0 0 0 
0.354209889242535 1157 0 0 0 
0.354492640365292 1158 0 0 0 
0.354898417772472 1159 0 0 0 
0.354950814561424 1158 0 0 0 
0.357058258715607 1159 0 0 0 
0.357469934961433 1160 0 0 0 
0.358616633035018 1159 0 0 0 
0.359448239246208 1160 0 0 0 
0.359709849210204 1161 0 0 0 
0.359962947274572 1160 0 0 0 
0.360080707879991 1159 0 0 0 
0.360936539769635 1160 0 0 0 
0.361802725562944 1161 0 0 0 
0.362105412046813 1162 0 0 0 
0.362171867514148 1163 0 0 0 
0.362386448789667 1162 0 0 0 
0.362531675983797 1163 0 0 0 
0.362867098235464 1164 0 0 0 
0.363056029400716 1163 0 0 0 
0.363715075174287 1164 0 0 0 
0.363872107072743 1163 0 0 0 
0.364235488659215 1164 0 0 0 
0.364303490820395 1165 0 0 0 
0.364448059339209 1164 0 0 0 
0.366188181994715 1163 0 0 0 
0.366995664708346 1162 0 0 0 
0.367493894349458 1163 0 0 0 
0.3676750762438 1164 0 0 0 
0.369481435394201 1163 0 0 0 
0.36948238376137 1164 0 0 0 
0.369629179123661 1163 0 0 0 
0.369638829213189 1164 0 0 0 
0.369666075443448 1163 0 0 0 
0.370402304758494 1164 0 0 0 
0.371969095434524 1165 0 0 0 
0.372403981213048 1166 0 0 0 
0.372699520977225 1165 0 0 0 
0.372987647772995 1164 0 0 0 
0.373586862879052 1165 0 0 0 
0.374573862407158 1164 0 0 0 
0.374810967748383 1163 0 0 0 
0.375300736874621 1162 0 0 0 
0.376029377293378 1163 0 0 0 
0.376132836856187 1162 0 0 0 
0.376177356860409 1163 0 0 0 
0.376829723690367 1164 0 0 0 
0.377636869370569 1163 0 0 0 
0.377661937916969 1162 0 0 0 
0.377864262231066 1163 0 0 0 
0.377956757891498 1162 0 0 0 
0.378281447728017 1163 0 0 0 
0.378559730379868 1162 0 0 0 
0.379002097371985 1163 0 0 0 
0.379456382895756 1162 0 0 0 
0.380053750488582 1163 0 0 0 
0.380622236750034 1164 0 0 0 
0.380993892369191 1165 0 0 0 
0.381152829754832 1164 0 0 0 
0.381287880798865 1163 0 0 0 
0.381429855794462 1164 0 0 0 
0.381992110584013 1163 0 0 0 
0.382808156562944 1162 0 0 0 
0.383116228619785 1163 0 0 0 
0.383394612718576 1162 0 0 0 
0.384487420853065 1163 0 0 0 
0.385013233942303 1164 0 0 0 
0.385197749074261 1165 0 0 0 
0.385620550801745 1166 0 0 0 
0.385791995537328 1167 0 0 0 
0.386200998408589 1166 0 0 0 
0.386735554335097 1167 0 0 0 
0.387186407900188 1168 0 0 0 
0.387479277582267 1169 0 0 0 
0.387694313537599 1170 0 0 0 
0.388133632969276 1169 0 0 0 
0.38840076365846 1170 0 0 0 
0.388404309046612 1171 0 0 0 
0.388449157029108 1172 0 0 0 
0.389197998116029 1171 0 0 0 
0.390020375136745 1170 0 0 0 
0.390053654549008 1169 0 0 0 
0.390145364710115 1168 0 0 0 
0.393103077543808 1169 0 0 0 
0.393186759974785 1170 0 0 0 
0.394818648157758 1169 0 0 0 
0.395844405514454 1170 0 0 0 
0.396011943250886 1171 0 0 0 
0.39688641256563 1172 0 0 0 
0.397225177628064 1171 0 0 0 
0.397391745023985 1172 0 0 0 
0.397573030439218 1171 0 0 0 
0.39859713601633 1172 0 0 0 
0.398717212791764 1173 0 0 0 
0.400894610145857 1174 0 0 0 
0.4022890165606 1175 0 0 0 
0.404459636931586 1176 0 0 0 
0.405460122121688 1177 0 0 0 
0.405493760351917 1178 0 0 0 
0.405742319605792 1177 0 0 0 
0.405971372648204 1178 0 0 0 
0.406238156100242 1179 0 0 0 
0.406270302910789 1180 0 0 0 
0.406632560099619 1179 0 0 0 
0.407057294216922 1180 0 0 0 
0.407590871769994 1181 0 0 0 
0.407637745251653 1182 0 0 0 
0.40806105498089 1183 0 0 0 
0.410345164684039 1184 0 0 0 
0.412614106281334 1185 0 0 0 
0.413426069064147 1186 0 0 0 
0.41375124021305 1185 0 0 0 
0.41526177650092 1184 0 0 0 
0.415834023944067 1183 0 0 0 
0.415962461675836 1182 0 0 0 
0.416016802324839 1183 0 0 0 
0.416325225462134 1182 0 0 0 
0.417130620733728 1183 0 0 0 
0.418140391428951 1184 0 0 0 
0.418539606304338 1185 0 0 0 
0.418724363778595 1186 0 0 0 
0.41877409943475 1185 0 0 0 
0.419964400650294 1186 0 0 0 
0.420860322717912 1185 0 0 0 
0.421008606357881 1184 0 0 0 
0.421158382222752 1185 0 0 0 
0.421199190775 1186 0 0 0 
0.421223542297574 1185 0 0 0 
0.421634326958705 1184 0 0 0 
0.422911978661937 1185 0 0 0 
0.422915741240307 1186 0 0 0 
0.423021088572615 1187 0 0 0 
0.423378328274827 1188 0 0 0 
0.423750822448338 1187 0 0 0 
0.424493374016036 1186 0 0 0 
0.425217628435437 1187 0 0 0 
0.425656757420876 1188 0 0 0 
0.426361596744303 1187 0 0 0 
0.426591528185009 1186 0 0 0 
0.42674508185218 1185 0 0 0 
0.428881941142281 1186 0 0 0 
0.430032203455127 1187 0 0 0 
0.430564615704035 1186 0 0 0 
0.431149464904525 1187 0 0 0 
0.432028664039208 1188 0 0 0 
0.432395357181018 1189 0 0 0 
0.433139209484044 1190 0 0 0 
0.433635755832009 1191 0 0 0 
0.433775697070947 1192 0 0 0 
0.434665817876857 1193 0 0 0 
0.434766554662492 1194 0 0 0 
0.435192063820009 1193 0 0 0 
0.435332101278953 1194 0 0 0 
0.43600134647025 1195 0 0 0 
0.436135314727438 1194 0 0 0 
0.43635090426496 1195 0 0 0 
0.437060808806225 1194 0 0 0 
0.437629138121177 1195 0 0 0 
0.437935022876054 1194 0 0 0 
0.438338927588111 1195 0 0 0 
0.439160833810682 1196 0 0 0 
0.439759514061971 1197 0 0 0 
0.440271016871246 1198 0 0 0 
0.440597468477242 1199 0 0 0 
0.440855341553159 1200 0 0 0 
0.440902577435602 1201 0 0 0 
0.441577383019843 1200 0 0 0 
0.443517554992056 1201 0 0 0 
0.443882813543262 1200 0 0 0 
0.444566485959028 1201 0 0 0 
0.445508509851156 1202 0 0 0 
0.445660177008544 1203 0 0 0 
0.445760221310124 1204 0 0 0 
0.446009817807091 1205 0 0 0 
0.446083133646978 1206 0 0 0 
0.446283751332911 1207 0 0 0 
0.446302207967187 1208 0 0 0 
0.446557584500421 1207 0 0 0 
0.447348998471321 1206 0 0 0 
0.447494148041788 1207 0 0 0 
0.447533278383989 1208 0 0 0 
0.448107775497941 1209 0 0 0 
0.448175085604432 1210 0 0 0 
0.449794928693521 1209 0 0 0 
0.451431981003841 1208 0 0 0 
0.451597947648529 1209 0 0 0 
0.451696139570478 1210 0 0 0 
0.452043067439298 1209 0 0 0 
0.452291619352514 1208 0 0 0 
0.452751265330252 1209 0 0 0 
0.45395034723225 1210 0 0 0 
0.454035022404134 1209 0 0 0 
0.454151562960709 1210 0 0 0 
0.454507219204345 1211 0 0 0 
0.454659134438277 1212 0 0 0 
0.455178758685 1213 0 0 0 
0.455818906223704 1214 0 0 0 
0.45598936102315 1215 0 0 0 
0.456698160684245 1214 0 0 0 
0.457048998332226 1213 0 0 0 
0.457840764151448 1214 0 0 0 
0.458947700602714 1215 0 0 0 
0.460101795013765 1214 0 0 0 
0.460460176981387 1215 0 0 0 
0.460847936717507 1216 0 0 0 
0.461601290416277 1217 0 0 0 
0.461855953027109 1216 0 0 0 
0.462184238352775 1217 0 0 0 
0.462544435057976 1216 0 0 0 
0.462885904006895 1217 0 0 0 
0.463355310792953 1218 0 0 0 
0.463414406114164 1219 0 0 0 
0.463425607255152 1220 0 0 0 
0.464671606983827 1221 0 0 0 
0.464686769659654 1222 0 0 0 
0.464703644554652 1223 0 0 0 
0.465010684665756 1222 0 0 0 
0.465074818826029 1223 0 0 0 
0.465230085419166 1224 0 0 0 
0.465390076405322 1225 0 0 0 
0.465682405599178 1224 0 0 0 
0.466218440969374 1225 0 0 0 
0.466560417420299 1224 0 0 0 
0.466678564974369 1223 0 0 0 
0.466718239481713 1224 0 0 0 
0.467057815113308 1225 0 0 0 
0.468543775693067 1226 0 0 0 
0.469351804980661 1227 0 0 0 
0.46976082801721 1228 0 0 0 
0.470790947052146 1227 0 0 0 
0.471062444417023 1228 0 0 0 
0.471352960461496 1227 0 0 0 
0.474773719144196 1228 0 0 0 
0.474855617247928 1229 0 0 0 
0.474888147884342 1230 0 0 0 
0.47564650515848 1229 0 0 0 
0.475684412062558 1230 0 0 0 
0.476265129190922 1231 0 0 0 
0.477230161553888 1230 0 0 0 
0.477298778946138 1229 0 0 0 
0.478159683745007 1230 0 0 0 
0.478226853166188 1231 0 0 0 
0.478420284619372 1232 0 0 0 
0.479198138528383 1231 0 0 0 
0.479795667085762 1232 0 0 0 
0.479860895986149 1233 0 0 0 
0.482137462011225 1232 0 0 0 
0.4822941839199 1231 0 0 0 
0.482818996458868 1232 0 0 0 
0.483050199313901 1231 0 0 0 
0.484889259448783 1230 0 0 0 
0.485093829817353 1231 0 0 0 
0.485780336760663 1230 0 0 0 
0.488682671455848 1231 0 0 0 
0.488709063765816 1232 0 0 0 
0.489052406674847 1233 0 0 0 
0.490198479437365 1232 0 0 0 
0.490357193544174 1231 0 0 0 
0.490555581631241 1232 0 0 0 
0.490664552793972 1233 0 0 0 
0.490733482852605 1232 0 0 0 
0.490855548362894 1231 0 0 0 
0.491734835062383 1230 0 0 0 
0.491881514676252 1231 0 0 0 
0.492605761610443 1230 0 0 0 
0.492899149393155 1231 0 0 0 
0.49345790273833 1232 0 0 0 
0.493820004417221 1233 0 0 0 
0.494629506314266 1234 0 0 0 
0.495073998232336 1233 0 0 0 
0.495399345433759 1234 0 0 0 
0.495554834798229 1235 0 0 0 
0.4956748236608 1236 0 0 0 
0.496704929844383 1235 0 0 0 
0.497433655154557 1236 0 0 0 
0.497577928596551 1237 0 0 0 
0.497649654637799 1236 0 0 0 
0.498387406201106 1237 0 0 0 
0.499096622763054 1236 0 0 0 
0.50020421982879 1237 0 0 0 
0.501459555354435 1238 0 0 0 
0.502092789803414 1237 0 0 0 
0.502382876763029 1238 0 0 0 
0.502479421619142 1237 0 0 0 
0.502754559540344 1236 0 0 0 
0.503118622843 1237 0 0 0 
0.504752958498357 1236 0 0 0 
0.505024089177207 1237 0 0 0 
0.505260816406295 1236 0 0 0 
0.505266516673174 1237 0 0 0 
0.505663922911908 1238 0 0 0 
0.505720308022088 1239 0 0 0 
0.505941110656201 1238 0 0 0 
0.506327763057879 1239 0 0 0 
0.506385287346476 1240 0 0 0 
0.508493635486221 1241 0 0 0 
0.509588426160821 1242 0 0 0 
0.510844930850887 1243 0 0 0 
0.511163923157907 1244 0 0 0 
0.511213208141296 1245 0 0 0 
0.511348531866597 1244 0 0 0 
0.51141376189339 1245 0 0 0 
0.512213692365664 1246 0 0 0 
0.512410229389214 1245 0 0 0 
0.513258115096716 1246 0 0 0 
0.513665949996662 1245 0 0 0 
0.514082725451772 1244 0 0 0 
0.515234967453944 1245 0 0 0 
0.515770452270894 1244 0 0 0 
0.517163967741737 1245 0 0 0 
0.51779511572457 1246 0 0 0 
0.518856107003936 1247 0 0 0 
0.519001190855539 1246 0 0 0 
0.520653930346016 1247 0 0 0 
0.520727458190291 1248 0 0 0 
0.522061950813102 1247 0 0 0 
0.523670575934918 1248 0 0 0 
0.524464183162506 1249 0 0 0 
0.525246958638829 1248 0 0 0 
0.5259611601955 1247 0 0 0 
0.526665442389068 1248 0 0 0 
0.527171688510557 1249 0 0 0 
0.527972340912411 1250 0 0 0 
0.527988601965893 1251 0 0 0 
0.529001621126389 1252 0 0 0 
0.529014535317115 1251 0 0 0 
0.530230167996598 1252 0 0 0 
0.530271266631825 1253 0 0 0 
0.530874221829441 1254 0 0 0 
0.531880576644521 1253 0 0 0 
0.532028120736636 1252 0 0 0 
0.532734205963301 1253 0 0 0 
0.533108558611959 1252 0 0 0 
0.533210213057956 1253 0 0 0 
0.533360690863457 1254 0 0 0 
0.533822047484711 1253 0 0 0 
0.534294627263782 1254 0 0 0 
0.53467368447419 1255 0 0 0 
0.535090515329215 1256 0 0 0 
0.536029386106814 1257 0 0 0 
0.536192573566384 1258 0 0 0 
0.536397208106044 1257 0 0 0 
0.537591799703323 1256 0 0 0 
0.538804250465659 1257 0 0 0 
0.539544539916537 1258 0 0 0 
0.540682153728281 1259 0 0 0 
0.540796371284389 1260 0 0 0 
0.541709795754751 1259 0 0 0 
0.542463540893774 1260 0 0 0 
0.542747943992176 1261 0 0 0 
0.542874221011739 1262 0 0 0 
0.543653421088862 1261 0 0 0 
0.543801914513422 1262 0 0 0 
0.54409976505 1263 0 0 0 
0.5446891898636 1262 0 0 0 
0.545142094473524 1263 0 0 0 
0.545574557552058 1264 0 0 0 
0.546069551300078 1265 0 0 0 
0.546123399283786 1264 0 0 0 
0.547438949013994 1265 0 0 0 
0.548095191212091 1266 0 0 0 
0.548119939814138 1267 0 0 0 
0.548790246016175 1268 0 0 0 
0.548956872215888 1269 0 0 0 
0.549430668237804 1268 0 0 0 
0.550107819343454 1267 0 0 0 
0.550181680575582 1266 0 0 0 
0.550325580593858 1265 0 0 0 
0.551192930196114 1266 0 0 0 
0.551293137082838 1267 0 0 0 
0.551703897593982 1266 0 0 0 
0.552091772880193 1265 0 0 0 
0.553201527916747 1266 0 0 0 
0.553344980653572 1265 0 0 0 
0.553496120529557 1266 0 0 0 
0.553865616063987 1265 0 0 0 
0.553881385237819 1266 0 0 0 
0.556073916833889 1265 0 0 0 
0.556564579950201 1266 0 0 0 
0.558322529967402 1265 0 0 0 
0.55917165067941 1266 0 0 0 
0.559422398497815 1267 0 0 0 
0.55943116085421 1266 0 0 0 
0.559571176204386 1267 0 0 0 
0.560030261366246 1266 0 0 0 
0.560217188395403 1265 0 0 0 
0.560702614809037 1266 0 0 0 
0.562061384774673 1267 0 0 0 
0.562163349320811 1266 0 0 0 
0.562929516732852 1267 0 0 0 
0.563139303321099 1268 0 0 0 
0.56358002379759 1267 0 0 0 
0.563816580537143 1268 0 0 0 
0.564834725443699 1269 0 0 0 
0.564836597664352 1268 0 0 0 
0.565013521671932 1269 0 0 0 
0.565522703912463 1268 0 0 0 
0.565618334976358 1269 0 0 0 
0.566318580279051 1268 0 0 0 
0.566650029168122 1267 0 0 0 
0.567024957730236 1268 0 0 0 
0.567043688062189 1267 0 0 0 
0.567178030134852 1266 0 0 0 
0.567342553765928 1265 0 0 0 
0.567956150588872 1266 0 0 0 
0.568461318659958 1265 0 0 0 
0.568786794975776 1266 0 0 0 
0.569109057148599 1265 0 0 0 
0.570916322919543 1264 0 0 0 
0.571195699504851 1265 0 0 0 
0.57129938461706 1266 0 0 0 
0.571409236005724 1265 0 0 0 
0.572079653134422 1266 0 0 0 
0.572843671370662 1267 0 0 0 
0.57380286240428 1268 0 0 0 
0.574394099442294 1267 0 0 0 
0.575502313789948 1268 0 0 0 
0.575574765205857 1269 0 0 0 
0.575803332252445 1270 0 0 0 
0.576043901296973 1269 0 0 0 
0.576507122136975 1270 0 0 0 
0.576605518749102 1269 0 0 0 
0.576735786355499 1270 0 0 0 
0.577046286417709 1271 0 0 0 
0.577710392013107 1272 0 0 0 
0.577729397384836 1273 0 0 0 
0.579220391536322 1274 0 0 0 
0.579307243664102 1273 0 0 0 
0.580845360942115 1274 0 0 0 
0.581325118335462 1275 0 0 0 
0.582576063700121 1274 0 0 0 
0.583877784931314 1275 0 0 0 
0.584104020199597 1276 0 0 0 
0.586123853155855 1277 0 0 0 
0.586436438976596 1276 0 0 0 
0.58741112179381 1277 0 0 0 
0.587903172611819 1278 0 0 0 
0.588008971233832 1277 0 0 0 
0.58852173231421 1276 0 0 0 
0.589254235859234 1277 0 0 0 
0.589805318350668 1278 0 0 0 
0.590393789623898 1279 0 0 0 
0.590479234372479 1280 0 0 0 
0.590795401278724 1279 0 0 0 
0.591707074235145 1280 0 0 0 
0.592959187843011 1281 0 0 0 
0.59337325691146 1282 0 0 0 
0.594146086186365 1283 0 0 0 
0.594819284817884 1284 0 0 0 
0.59533037814874 1283 0 0 0 
0.595848594749059 1284 0 0 0 
0.595906392658081 1285 0 0 0 
0.596939166198622 1284 0 0 0 
0.597609777076312 1283 0 0 0 
0.597899573512336 1284 0 0 0 
0.598031881126529 1285 0 0 0 
0.598797034713392 1284 0 0 0 
0.59938467049773 1283 0 0 0 
0.599988620405265 1284 0 0 0 
0.600999182561168 1283 0 0 0 
0.601329823030397 1282 0 0 0 
0.601883340174161 1283 0 0 0 
0.601928670969334 1282 0 0 0 
0.602076858794355 1281 0 0 0 
0.60242885582806 1280 0 0 0 
0.604061172715312 1281 0 0 0 
0.604624281581161 1282 0 0 0 
0.605126805515978 1283 0 0 0 
0.606189734510906 1284 0 0 0 
0.607204494763113 1285 0 0 0 
0.607512089097803 1284 0 0 0 
0.607540377352875 1283 0 0 0 
0.60791816903593 1284 0 0 0 
0.608352958607904 1285 0 0 0 
0.608695587649146 1284 0 0 0 
0.608803204397138 1283 0 0 0 
0.609644644771648 1284 0 0 0 
0.610085903865379 1285 0 0 0 
0.610714030980179 1286 0 0 0 
0.610741489552671 1287 0 0 0 
0.610944025504517 1286 0 0 0 
0.611173492346242 1285 0 0 0 
0.611934495215693 1284 0 0 0 
0.612863919222903 1285 0 0 0 
0.61343778223614 1286 0 0 0 
0.613568107031348 1285 0 0 0 
0.614344025481635 1286 0 0 0 
0.614708919632964 1287 0 0 0 
0.615484316230456 1286 0 0 0 
0.61567059543375 1285 0 0 0 
0.615745630433519 1286 0 0 0 
0.616800825395945 1285 0 0 0 
0.61697833542101 1284 0 0 0 
0.617423735979449 1283 0 0 0 
0.617706912453155 1284 0 0 0 
0.617868026632959 1285 0 0 0 
0.618335596659493 1286 0 0 0 
0.618340724472684 1287 0 0 0 
0.618574533180851 1288 0 0 0 
0.618699710226034 1289 0 0 0 
0.61946682411724 1288 0 0 0 
0.619646336556617 1289 0 0 0 
0.620400088056711 1290 0 0 0 
0.620435602560495 1289 0 0 0 
0.620501693408932 1288 0 0 0 
0.620662648738677 1287 0 0 0 
0.621341375853278 1288 0 0 0 
0.623065632139884 1289 0 0 0 
0.623664570085548 1290 0 0 0 
0.624492426642426 1291 0 0 0 
0.624722588814439 1292 0 0 0 
0.625730417150272 1293 0 0 0 
0.626040330775061 1294 0 0 0 
0.626453988759626 1295 0 0 0 
0.627239562622618 1296 0 0 0 
0.627488816509827 1297 0 0 0 
0.627503863814567 1296 0 0 0 
0.627726115381557 1295 0 0 0 
0.628500560489866 1296 0 0 0 
0.629406132242931 1295 0 0 0 
0.629573383703455 1296 0 0 0 
0.629926212043399 1297 0 0 0 
0.630076010778351 1296 0 0 0 
0.630709153775895 1297 0 0 0 
0.631130154232132 1298 0 0 0 
0.631891603882129 1299 0 0 0 
0.633054000106905 1300 0 0 0 
0.633622000574305 1301 0 0 0 
0.634239672989493 1302 0 0 0 
0.634521874023637 1303 0 0 0 
0.635071945691683 1302 0 0 0 
0.635608230509267 1303 0 0 0 
0.635801862588025 1304 0 0 0 
0.636690639006954 1303 0 0 0 
0.637187303637085 1304 0 0 0 
0.637356665277155 1303 0 0 0 
0.638595310551504 1304 0 0 0 
0.639156965021679 1305 0 0 0 
0.639251709638557 1306 0 0 0 
0.64051495310141 1305 0 0 0 
0.64054687948413 1306 0 0 0 
0.640547803869606 1305 0 0 0 
0.64118781258686 1306 0 0 0 
0.641300569722294 1305 0 0 0 
0.642151714031527 1306 0 0 0 
0.643513830735067 1307 0 0 0 
0.644207250926914 1306 0 0 0 
0.644747331473386 1307 0 0 0 
0.645854637977009 1308 0 0 0 
0.645882323304886 1309 0 0 0 
0.645884739651944 1308 0 0 0 
0.646631205296127 1309 0 0 0 
0.647965840786528 1310 0 0 0 
0.648086708482235 1311 0 0 0 
0.648363843795472 1312 0 0 0 
0.64939598930458 1313 0 0 0 
0.64947466451833 1314 0 0 0 
0.649837883869706 1315 0 0 0 
0.649982951446256 1316 0 0 0 
0.650053614948417 1315 0 0 0 
0.650540803945459 1314 0 0 0 
0.650635543635927 1315 0 0 0 
0.650651708294047 1316 0 0 0 
0.651206631841464 1315 0 0 0 
0.651339587605035 1316 0 0 0 
0.651820523292378 1317 0 0 0 
0.652014350511991 1316 0 0 0 
0.652967301526115 1317 0 0 0 
0.653498512911915 1318 0 0 0 
0.65395526251565 1319 0 0 0 
0.654231158735725 1320 0 0 0 
0.65425197969512 1321 0 0 0 
0.654319674377048 1320 0 0 0 
0.654348821376805 1321 0 0 0 
0.655231693137181 1320 0 0 0 
0.655262996083434 1321 0 0 0 
0.656196097675574 1320 0 0 0 
0.656581746024181 1319 0 0 0 
0.657781088497503 1318 0 0 0 
0.658350265419268 1319 0 0 0 
0.658595598263094 1318 0 0 0 
0.658771665012515 1319 0 0 0 
0.660768171828546 1320 0 0 0 
0.661108019735066 1319 0 0 0 
0.66227959761674 1318 0 0 0 
0.662563741954749 1317 0 0 0 
0.662705525079477 1318 0 0 0 
0.664665021409481 1319 0 0 0 
0.666579254629903 1318 0 0 0 
0.667664976669511 1319 0 0 0 
0.667883310045009 1320 0 0 0 
0.667965603387563 1319 0 0 0 
0.670718045170348 1320 0 0 0 
0.671597799584746 1319 0 0 0 
0.671859396350235 1320 0 0 0 
0.672120276567238 1321 0 0 0 
0.672673588596522 1322 0 0 0 
0.672960721653116 1323 0 0 0 
0.67304985467521 1324 0 0 0 
0.673933788050727 1323 0 0 0 
0.674986353531839 1322 0 0 0 
0.677092180758765 1321 0 0 0 
0.677148024765118 1320 0 0 0 
0.677899472713059 1321 0 0 0 
0.678171318412468 1322 0 0 0 
0.678242516184953 1321 0 0 0 
0.678517636374276 1322 0 0 0 
0.678991182626249 1323 0 0 0 
0.67950842909211 1324 0 0 0 
0.679857231705368 1325 0 0 0 
0.67988611516805 1326 0 0 0 
0.680511734861817 1327 0 0 0 
0.681000598433483 1328 0 0 0 
0.682142698871818 1327 0 0 0 
0.682677425194373 1328 0 0 0 
0.6826967113735 1329 0 0 0 
0.682801131939812 1328 0 0 0 
0.682972299237671 1329 0 0 0 
0.684811235545015 1328 0 0 0 
0.686666132910646 1327 0 0 0 
0.687114562263463 1328 0 0 0 
0.687145465035752 1327 0 0 0 
0.688019753638157 1328 0 0 0 
0.688126235834123 1329 0 0 0 
0.6884537078069 1330 0 0 0 
0.689369299449795 1331 0 0 0 
0.68942087019691 1330 0 0 0 
0.689755360460794 1331 0 0 0 
0.689996134536032 1330 0 0 0 
0.690287461342441 1329 0 0 0 
0.690971077930025 1328 0 0 0 
0.691212948424971 1327 0 0 0 
0.693524657150741 1328 0 0 0 
0.694613966678685 1329 0 0 0 
0.694791579573365 1328 0 0 0 
0.694952200548033 1327 0 0 0 
0.695181472732873 1326 0 0 0 
0.695471321007026 1325 0 0 0 
0.696204089499406 1326 0 0 0 
0.697434876085962 1325 0 0 0 
0.69851434719941 1326 0 0 0 
0.699246140682994 1325 0 0 0 
0.699453937070357 1324 0 0 0 
0.700040548451552 1325 0 0 0 
0.700909244679825 1324 0 0 0 
0.701131263009827 1325 0 0 0 
0.702170036337642 1326 0 0 0 
0.70238261587932 1327 0 0 0 
0.702721931144261 1328 0 0 0 
0.703175189685376 1329 0 0 0 
0.704582599027436 1330 0 0 0 
0.704947383192134 1331 0 0 0 
0.705704380189862 1330 0 0 0 
0.705803597749711 1329 0 0 0 
0.706457848437322 1330 0 0 0 
0.706556842631928 1329 0 0 0 
0.707999470348469 1328 0 0 0 
0.709140478711302 1329 0 0 0 
0.709616368211896 1330 0 0 0 
0.709622778400743 1331 0 0 0 
0.709692799658019 1330 0 0 0 
0.709823212650021 1329 0 0 0 
0.710136764872981 1330 0 0 0 
0.711082801535809 1331 0 0 0 
0.711410099936585 1332 0 0 0 
0.71161850263965 1333 0 0 0 
0.711681741421126 1334 0 0 0 
0.711891556822509 1333 0 0 0 
0.712702603177039 1334 0 0 0 
0.71287908721761 1335 0 0 0 
0.713241231828851 1336 0 0 0 
0.714007207453154 1337 0 0 0 
0.714031358829378 1338 0 0 0 
0.714049832848454 1339 0 0 0 
0.714064637001358 1340 0 0 0 
0.714198509004505 1339 0 0 0 
0.714422267647046 1340 0 0 0 
0.715861094174466 1341 0 0 0 
0.715877487996685 1340 0 0 0 
0.716161084516636 1341 0 0 0 
0.716548106417665 1342 0 0 0 
0.716875412499632 1341 0 0 0 
0.717266135711524 1342 0 0 0 
0.71748730313692 1343 0 0 0 
0.718213901322597 1344 0 0 0 
0.718242439864098 1343 0 0 0 
0.718532388476965 1344 0 0 0 
0.718579495521538 1343 0 0 0 
0.718921509006024 1344 0 0 0 
0.719420666349808 1345 0 0 0 
0.719995740164551 1346 0 0 0 
0.720920547800508 1347 0 0 0 
0.721945009615713 1348 0 0 0 
0.722040840765598 1349 0 0 0 
0.722105826144539 1348 0 0 0 
0.722314399107685 1349 0 0 0 
0.722856649818747 1348 0 0 0 
0.723315848050893 1347 0 0 0 
0.723500545224231 1348 0 0 0 
0.723527938768422 1347 0 0 0 
0.72420345757999 1348 0 0 0 
0.72488748043555 1349 0 0 0 
0.727101545643469 1350 0 0 0 
0.727228751604063 1349 0 0 0 
0.727450414891625 1348 0 0 0 
0.728875988678684 1347 0 0 0 
0.728949276060389 1346 0 0 0 
0.729633486422179 1345 0 0 0 
0.729688580478565 1346 0 0 0 
0.730084696630982 1345 0 0 0 
0.730951333229023 1344 0 0 0 
0.731063731842923 1343 0 0 0 
0.731095516299167 1342 0 0 0 
0.731176802771286 1341 0 0 0 
0.731981820224406 1342 0 0 0 
0.7321325290523 1343 0 0 0 
0.732217249015394 1344 0 0 0 
0.732425407719346 1345 0 0 0 
0.732552537891292 1346 0 0 0 
0.732773096610654 1347 0 0 0 
0.733280676129774 1348 0 0 0 
0.733317042874453 1347 0 0 0 
0.733708237341593 1348 0 0 0 
0.734625256904273 1349 0 0 0 
0.734817067832869 1348 0 0 0 
0.735420848947819 1347 0 0 0 
0.735716863603041 1348 0 0 0 
0.73603869930499 1349 0 0 0 
0.736369077707798 1350 0 0 0 
0.737668667245603 1349 0 0 0 
0.73861651391811 1348 0 0 0 
0.73862787830664 1347 0 0 0 
0.738679847248456 1346 0 0 0 
0.738899597332282 1347 0 0 0 
0.7393932308439 1348 0 0 0 
0.739654293571886 1349 0 0 0 
0.74000628518464 1350 0 0 0 
0.740008474353148 1351 0 0 0 
0.74000855565299 1352 0 0 0 
0.741519540291855 1351 0 0 0 
0.742777907575158 1350 0 0 0 
0.742924447908366 1351 0 0 0 
0.744007721731615 1352 0 0 0 
0.7443302422184 1353 0 0 0 
0.744338080128806 1354 0 0 0 
0.744581777556546 1355 0 0 0 
0.744827257178349 1356 0 0 0 
0.745047771097443 1357 0 0 0 
0.745408235498266 1356 0 0 0 
0.746029688410616 1357 0 0 0 
0.746043593302847 1356 0 0 0 
0.746374114015518 1357 0 0 0 
0.746542655237229 1356 0 0 0 
0.746953232759187 1357 0 0 0 
0.747078809267628 1358 0 0 0 
0.747190088067875 1359 0 0 0 
0.747560952354291 1360 0 0 0 
0.748519535090567 1359 0 0 0 
0.748989882902598 1360 0 0 0 
0.749586727233007 1359 0 0 0 
0.750418242476555 1360 0 0 0 
0.752361765086391 1361 0 0 0 
0.752371701108104 1362 0 0 0 
0.752573564150547 1361 0 0 0 
0.753308776871199 1362 0 0 0 
0.753806114426806 1361 0 0 0 
0.753827485640509 1362 0 0 0 
0.754318670731158 1363 0 0 0 
0.754340940219329 1362 0 0 0 
0.754407220938077 1361 0 0 0 
0.755566514860728 1360 0 0 0 
0.75612538144627 1361 0 0 0 
0.75616953074348 1362 0 0 0 
0.756294814405533 1363 0 0 0 
0.756886498422078 1364 0 0 0 
0.75728876464406 1363 0 0 0 
0.75752149381654 1364 0 0 0 
0.758903825760797 1365 0 0 0 
0.759189685262966 1364 0 0 0 
0.759697150125293 1365 0 0 0 
0.7605676303075 1366 0 0 0 
0.762224728386332 1367 0 0 0 
0.762355736031743 1368 0 0 0 
0.762405738445604 1367 0 0 0 
0.762414887825596 1368 0 0 0 
0.762612780377362 1369 0 0 0 
0.762878155378416 1370 0 0 0 
0.763183554791912 1371 0 0 0 
0.763373328777431 1370 0 0 0 
0.764378382236308 1371 0 0 0 
0.764980425028489 1372 0 0 0 
0.766254994694535 1373 0 0 0 
0.766472077920183 1374 0 0 0 
0.766539670219351 1375 0 0 0 
0.767555108013974 1374 0 0 0 
0.767599626409808 1375 0 0 0 
0.767783345576126 1374 0 0 0 
0.768253758254489 1375 0 0 0 
0.768271938095807 1374 0 0 0 
0.768966760046231 1375 0 0 0 
0.771353898215235 1376 0 0 0 
0.771582617988581 1377 0 0 0 
0.771621608506957 1378 0 0 0 
0.77207888857737 1377 0 0 0 
0.772519553747942 1378 0 0 0 
0.772711053968921 1379 0 0 0 
0.773515266376456 1378 0 0 0 
0.773968342160288 1379 0 0 0 
0.774127507203344 1380 0 0 0 
0.77427657049426 1381 0 0 0 
0.774955327564525 1382 0 0 0 
0.775074150532744 1383 0 0 0 
0.77549411226395 1384 0 0 0 
0.775690609894642 1385 0 0 0 
0.775789964469612 1386 0 0 0 
0.776194896353374 1387 0 0 0 
0.776287357288225 1388 0 0 0 
0.776659891936326 1387 0 0 0 
0.777040789824263 1388 0 0 0 
0.777306401367121 1389 0 0 0 
0.778416593938288 1390 0 0 0 
0.778646971390567 1391 0 0 0 
0.778728579839951 1392 0 0 0 
0.778799636005467 1393 0 0 0 
0.779331260330076 1394 0 0 0 
0.779366601782766 1395 0 0 0 
0.779795289838723 1396 0 0 0 
0.780207809069149 1395 0 0 0 
0.781347675889929 1394 0 0 0 
0.781425195418015 1395 0 0 0 
0.782320861708234 1394 0 0 0 
0.782348705293431 1393 0 0 0 
0.782354762396288 1394 0 0 0 
0.782799674800579 1395 0 0 0 
0.783815762067958 1396 0 0 0 
0.783880241687324 1397 0 0 0 
0.78528890643291 1398 0 0 0 
0.7853494802023 1399 0 0 0 
0.785369607337632 1400 0 0 0 
0.785914553508386 1401 0 0 0 
0.786458915373745 1402 0 0 0 
0.786941832207327 1403 0 0 0 
0.787927459624128 1404 0 0 0 
0.788442707585169 1403 0 0 0 
0.789330137255293 1404 0 0 0 
0.789976557691238 1403 0 0 0 
0.790048465149046 1404 0 0 0 
0.790788007706967 1403 0 0 0 
0.790803748762897 1402 0 0 0 
0.790866552700173 1401 0 0 0 
0.790887048399736 1400 0 0 0 
0.793073934642457 1401 0 0 0 
0.794165599527184 1402 0 0 0 
0.794479750794864 1401 0 0 0 
0.794594641750056 1402 0 0 0 
0.795054844847712 1403 0 0 0 
0.795540259709726 1404 0 0 0 
0.795736314724182 1405 0 0 0 
0.796204120887975 1404 0 0 0 
0.796220383649673 1403 0 0 0 
0.796552311601635 1404 0 0 0 
0.796599057586906 1405 0 0 0 
0.796842730089177 1404 0 0 0 
0.797478072582105 1403 0 0 0 
0.797643812084241 1404 0 0 0 
0.798531464141658 1405 0 0 0 
0.799215278452929 1406 0 0 0 
0.799255269556658 1407 0 0 0 
0.80162929608711 1408 0 0 0 
0.801879166688337 1409 0 0 0 
0.80232320557437 1410 0 0 0 
0.802999462494145 1411 0 0 0 
0.803634791265791 1412 0 0 0 
0.80442373840447 1413 0 0 0 
0.804727048469585 1414 0 0 0 
0.804996592922281 1413 0 0 0 
0.805248380078916 1414 0 0 0 
0.805453474438697 1415 0 0 0 
0.805536212786209 1416 0 0 0 
0.80571357108614 1415 0 0 0 
0.806065456685006 1416 0 0 0 
0.80611826481737 1415 0 0 0 
0.80620655936975 1416 0 0 0 
0.806471455638397 1417 0 0 0 
0.806537291990723 1418 0 0 0 
0.806861171958836 1419 0 0 0 
0.807017223335188 1420 0 0 0 
0.807320942752493 1421 0 0 0 
0.808157771470919 1422 0 0 0 
0.808173306368594 1423 0 0 0 
0.808464027080308 1422 0 0 0 
0.808966892620247 1423 0 0 0 
0.809106793396539 1424 0 0 0 
0.809629674351525 1423 0 0 0 
0.809677982025843 1424 0 0 0 
0.809722896303348 1425 0 0 0 
0.810498676527696 1426 0 0 0 
0.810687953047086 1425 0 0 0 
0.811127367458135 1426 0 0 0 
0.811128455966647 1427 0 0 0 
0.81181525380377 1428 0 0 0 
0.812007799933195 1427 0 0 0 
0.812321320852842 1428 0 0 0 
0.812864959606821 1429 0 0 0 
0.813187920820301 1430 0 0 0 
0.81325176832834 1429 0 0 0 
0.814781004057242 1428 0 0 0 
0.814830755857989 1427 0 0 0 
0.815939631689259 1426 0 0 0 
0.816156012553371 1427 0 0 0 
0.81784894163877 1428 0 0 0 
0.81862484221555 1429 0 0 0 
0.818693000140792 1430 0 0 0 
0.818899062754286 1431 0 0 0 
0.819915685092176 1432 0 0 0 
0.820136040908312 1431 0 0 0 
0.820377222931612 1432 0 0 0 
0.820393458596419 1433 0 0 0 
0.820676769183762 1432 0 0 0 
0.82082886714743 1431 0 0 0 
0.821155804506551 1430 0 0 0 
0.821208364838483 1431 0 0 0 
0.821333116202169 1432 0 0 0 
0.821492794177222 1433 0 0 0 
0.82185905365118 1434 0 0 0 
0.822590103531229 1433 0 0 0 
0.823075703853543 1434 0 0 0 
0.823303830922118 1433 0 0 0 
0.823566298645353 1432 0 0 0 
0.823888735178698 1433 0 0 0 
0.823904408902987 1432 0 0 0 
0.824727596579861 1431 0 0 0 
0.824787388164549 1432 0 0 0 
0.824868381678583 1433 0 0 0 
0.824897965366536 1434 0 0 0 
0.825383480890253 1435 0 0 0 
0.825436237200516 1436 0 0 0 
0.826784970373674 1435 0 0 0 
0.826816219153212 1436 0 0 0 
0.826860406698086 1437 0 0 0 
0.827115661109399 1436 0 0 0 
0.827288631057786 1437 0 0 0 
0.827606212147353 1438 0 0 0 
0.827880852180336 1437 0 0 0 
0.828914551469007 1438 0 0 0 
0.829413379733485 1439 0 0 0 
0.829631827157367 1440 0 0 0 
0.829634181643022 1439 0 0 0 
0.829866947425662 1438 0 0 0 
0.830317348348245 1439 0 0 0 
0.83039171857366 1438 0 0 0 
0.830414870300515 1437 0 0 0 
0.830958906173223 1438 0 0 0 
0.831374980062011 1439 0 0 0 
0.831891976819208 1438 0 0 0 
0.83236216421775 1437 0 0 0 
0.832829466627154 1438 0 0 0 
0.83286779751941 1439 0 0 0 
0.83363281346362 1438 0 0 0 
0.83410517816744 1437 0 0 0 
0.834206565178312 1436 0 0 0 
0.836376133470035 1435 0 0 0 
0.83737926272216 1436 0 0 0 
0.837620346485913 1437 0 0 0 
0.83766021300951 1436 0 0 0 
0.838357216243203 1437 0 0 0 
0.839139474254755 1436 0 0 0 
0.839200075599672 1437 0 0 0 
0.839868960981044 1438 0 0 0 
0.839903726354389 1439 0 0 0 
0.839912844787924 1438 0 0 0 
0.840140189362242 1437 0 0 0 
0.840275807243462 1436 0 0 0 
0.840993469883064 1435 0 0 0 
0.842550272174907 1436 0 0 0 
0.843229604912013 1437 0 0 0 
0.843394744298905 1438 0 0 0 
0.845074673846353 1439 0 0 0 
0.845124070586563 1440 0 0 0 
0.845163660744158 1439 0 0 0 
0.845500495153314 1440 0 0 0 
0.845946474031136 1441 0 0 0 
0.846544206385434 1442 0 0 0 
0.846548611856159 1443 0 0 0 
0.849510595866734 1442 0 0 0 
0.849847509125381 1443 0 0 0 
0.850167483784291 1444 0 0 0 
0.850793678350102 1445 0 0 0 
0.850815353018723 1444 0 0 0 
0.850917110324564 1445 0 0 0 
0.85199909438052 1446 0 0 0 
0.853164146368353 1447 0 0 0 
0.853652792307899 1448 0 0 0 
0.85373579495974 1447 0 0 0 
0.853778204526181 1446 0 0 0 
0.854809758719663 1445 0 0 0 
0.854902193205766 1444 0 0 0 
0.855468135157698 1443 0 0 0 
0.855624306050799 1442 0 0 0 
0.856372677091477 1441 0 0 0 
0.856506069272017 1442 0 0 0 
0.856825178101054 1443 0 0 0 
0.857074588633376 1444 0 0 0 
0.857085177575236 1445 0 0 0 
0.857159269944992 1446 0 0 0 
0.8576405763042 1445 0 0 0 
0.857662708031611 1444 0 0 0 
0.858199644947282 1445 0 0 0 
0.860257908472138 1444 0 0 0 
0.860416648973765 1445 0 0 0 
0.861229714448337 1446 0 0 0 
0.861798948354037 1445 0 0 0 
0.861924848465992 1446 0 0 0 
0.862201731841099 1447 0 0 0 
0.86254311378866 1448 0 0 0 
0.862892972108205 1447 0 0 0 
0.86311425855769 1448 0 0 0 
0.863899147292556 1449 0 0 0 
0.864907393078301 1450 0 0 0 
0.86542606019152 1451 0 0 0 
0.865620551525648 1450 0 0 0 
0.865684953577452 1451 0 0 0 
0.865713009511151 1452 0 0 0 
0.866371611351708 1451 0 0 0 
0.866708193395692 1452 0 0 0 
0.866876457725908 1453 0 0 0 
0.868161492814467 1452 0 0 0 
0.868849621450254 1453 0 0 0 
0.869088495308075 1454 0 0 0 
0.870177036951589 1455 0 0 0 
0.870406804035345 1454 0 0 0 
0.870595010389618 1453 0 0 0 
0.870888756886872 1454 0 0 0 
0.871235908686324 1453 0 0 0 
0.871424338104955 1454 0 0 0 
0.871459138144832 1453 0 0 0 
0.871930192897617 1452 0 0 0 
0.872086774109689 1451 0 0 0 
0.872089447977448 1452 0 0 0 
0.872122975984701 1451 0 0 0 
0.87275958931657 1452 0 0 0 
0.872868450452028 1453 0 0 0 
0.87330871648583 1454 0 0 0 
0.87343947156405 1455 0 0 0 
0.873732833914747 1454 0 0 0 
0.874208974277561 1455 0 0 0 
0.874848290365858 1456 0 0 0 
0.875735733771839 1457 0 0 0 
0.875956962605472 1458 0 0 0 
0.875976289686901 1459 0 0 0 
0.87698215967321 1460 0 0 0 
0.877381534616428 1459 0 0 0 
0.877852757964136 1460 0 0 0 
0.877991481800003 1459 0 0 0 
0.878312194453471 1460 0 0 0 
0.879936965958529 1459 0 0 0 
0.880191640786574 1460 0 0 0 
0.880654060349432 1459 0 0 0 
0.88105992188685 1458 0 0 0 
0.882530887487793 1457 0 0 0 
0.882786609571599 1456 0 0 0 
0.883387419953521 1455 0 0 0 
0.883408248916782 1456 0 0 0 
0.884603467711997 1455 0 0 0 
0.885831288430114 1456 0 0 0 
0.885940436939934 1457 0 0 0 
0.886571334183051 1456 0 0 0 
0.886649020852962 1457 0 0 0 
0.886686049746025 1456 0 0 0 
0.886721146108463 1457 0 0 0 
0.88712561710824 1456 0 0 0 
0.887411468695441 1457 0 0 0 
0.888018374684519 1456 0 0 0 
0.888330961075531 1457 0 0 0 
0.888802948884052 1456 1 0 0 
0.890052525170697 1457 1 0 0 
0.890309258974373 1456 1 0 0 
0.890585383926258 1457 1 0 0 
0.89061872753063 1456 1 0 0 
0.890738785386916 1457 1 0 0 
0.891439786526403 1456 1 0 0 
0.892675340498873 1457 1 0 0 
0.892846524120358 1456 1 0 0 
0.893310860880216 1457 1 0 0 
0.893458153877613 1458 1 0 0 
0.89383385530677 1459 1 0 0 
0.894792439828935 1458 1 0 0 
0.895660573622818 1457 1 0 0 
0.896233406984015 1458 1 0 0 
0.896282843701063 1457 1 0 0 
0.896920978827872 1458 1 0 0 
0.896922256659439 1459 1 0 0 
0.897701185662304 1460 1 0 0 
0.898550158672948 1461 1 0 0 
0.89856692396082 1460 1 0 0 
0.89928386659182 1461 1 0 0 
0.900028534946788 1460 1 0 0 
0.900449684432261 1461 1 0 0 
0.900876265503166 1462 1 0 0 
0.901213445623727 1463 1 0 0 
0.901284727614157 1462 1 0 0 
0.901863386342412 1463 1 0 0 
0.901939870501706 1464 1 0 0 
0.902475559205556 1465 1 0 0 
0.903777535826414 1466 1 0 0 
0.904181868535303 1467 1 0 0 
0.904269069590177 1468 1 0 0 
0.90482002881384 1467 1 0 0 
0.905104083945377 1468 1 0 0 
0.90580112970146 1469 1 0 0 
0.905962178363281 1470 1 0 0 
0.906587844132609 1469 1 0 0 
0.907085566695946 1468 1 0 0 
0.907092408583273 1469 1 0 0 
0.907532618472254 1470 1 0 0 
0.90767914086625 1469 1 0 0 
0.907959617692404 1470 1 0 0 
0.908408709124115 1469 1 0 0 
0.908973820670137 1470 1 0 0 
0.909367167918929 1471 1 0 0 
0.909373957600211 1470 1 0 0 
0.909832681008353 1469 1 0 0 
0.91019352191296 1470 1 0 0 
0.910613206672805 1471 1 0 0 
0.910755925637093 1472 1 0 0 
0.911048510837712 1473 1 0 0 
0.911104429961069 1474 1 0 0 
0.911462068671868 1475 1 0 0 
0.912251450189589 1476 1 0 0 
0.913247506806048 1477 1 0 0 
0.91349995785652 1478 1 0 0 
0.913936577207311 1479 1 0 0 
0.914424729469464 1478 1 0 0 
0.914884495282371 1477 1 0 0 
0.914985219839538 1478 1 0 0 
0.915367819979845 1479 1 0 0 
0.915525348313106 1480 1 0 0 
0.915568311179255 1479 1 0 0 
0.915602982765273 1478 1 0 0 
0.915981894549559 1479 1 0 0 
0.916707048723757 1480 1 0 0 
0.91687821501019 1481 1 0 0 
0.917341927727551 1482 1 0 0 
0.917505885241516 1483 1 0 0 
0.918302046014879 1484 1 0 0 
0.918514431785596 1485 1 0 0 
0.919020729364461 1486 1 0 0 
0.919179153210194 1487 1 0 0 
0.919511016262471 1486 1 0 0 
0.920481451329528 1485 1 0 0 
0.9206781935624 1484 1 0 0 
0.921000049247574 1485 1 0 0 
0.92103349810075 1486 1 0 0 
0.921263758419236 1487 1 0 0 
0.921551069200015 1486 1 0 0 
0.921852227155194 1487 1 0 0 
0.922062148435071 1486 1 0 0 
0.922342377864773 1487 1 0 0 
0.922416684295856 1488 1 0 0 
0.922830484630919 1487 1 0 0 
0.923573978096199 1486 1 0 0 
0.926594225433143 1487 1 0 0 
0.926736150266603 1486 1 0 0 
0.926945546275389 1487 1 0 0 
0.927176810672847 1488 1 0 0 
0.927180114938149 1489 1 0 0 
0.927764297298433 1490 1 0 0 
0.928516026424977 1491 1 0 0 
0.929553815135377 1490 1 0 0 
0.929716793611191 1491 1 0 0 
0.931109022899674 1490 1 0 0 
0.93140973693177 1491 1 0 0 
0.931776750430057 1492 1 0 0 
0.931812564469226 1493 1 0 0 
0.931905371490345 1494 1 0 0 
0.93199260154175 1493 1 0 0 
0.932017631271305 1494 1 0 0 
0.932291456351614 1495 1 0 0 
0.933210821510095 1496 1 0 0 
0.933648252443515 1497 1 0 0 
0.933720546508046 1496 1 0 0 
0.933833280148816 1495 1 0 0 
0.934430620206514 1496 1 0 0 
0.93564668618887 1497 1 0 0 
0.935810935849238 1498 1 0 0 
0.936151464853158 1499 1 0 0 
0.937275074712233 1500 1 0 0 
0.937655678529976 1501 1 0 0 
0.937991448758351 1500 1 0 0 
0.939327139796726 1501 1 0 0 
0.939363288186291 1502 1 0 0 
0.93969045514885 1503 1 0 0 
0.939977706120311 1502 1 0 0 
0.940388852042312 1503 1 0 0 
0.940551341609055 1504 1 0 0 
0.940679188455979 1505 1 0 0 
0.940747623948087 1506 1 0 0 
0.941493780391138 1505 1 0 0 
0.941515483177376 1506 1 0 0 
0.941591486812828 1507 1 0 0 
0.941754661256523 1506 1 0 0 
0.942069234313761 1507 1 0 0 
0.94220084766659 1508 1 0 0 
0.943292818639553 1509 1 0 0 
0.943775048879119 1510 1 0 0 
0.943801838142118 1509 1 0 0 
0.943974787312084 1508 1 0 0 
0.944322161228798 1509 1 0 0 
0.944684984657833 1508 1 0 0 
0.944764785143298 1509 1 0 0 
0.94496026053113 1510 1 0 0 
0.945137082331386 1509 1 0 0 
0.945312181369566 1510 1 0 0 
0.945831297000796 1511 1 0 0 
0.946066965618147 1512 1 0 0 
0.946417962241717 1513 1 0 0 
0.946972545719348 1514 1 0 0 
0.94763403597552 1513 1 0 0 
0.947750285297832 1514 1 0 0 
0.947997655331357 1515 1 0 0 
0.948273428674352 1516 1 0 0 
0.948519076413675 1515 1 0 0 
0.94934533074407 1516 1 0 0 
0.949432840540976 1517 1 0 0 
0.949505369532095 1518 1 0 0 
0.950029561533747 1517 1 0 0 
0.951518932815579 1516 1 0 0 
0.951612258798671 1517 1 0 0 
0.951666532145735 1518 1 0 0 
0.951835015593003 1517 1 0 0 
0.952017378499679 1516 1 0 0 
0.952135722605494 1517 1 0 0 
0.952205969751807 1518 1 0 0 
0.952695309374467 1519 1 0 0 
0.953355810627844 1520 1 0 0 
0.954580345061473 1521 1 0 0 
0.954619566608474 1522 1 0 0 
0.955105111707296 1523 1 0 0 
0.955292214476986 1524 1 0 0 
0.955410536744124 1525 1 0 0 
0.958170916231436 1526 1 0 0 
0.959235836365528 1525 1 0 0 
0.960856873068128 1526 1 0 0 
0.96119068363235 1527 1 0 0 
0.962000072286822 1528 1 0 0 
0.962127340573726 1529 1 0 0 
0.962692086824977 1528 1 0 0 
0.96296147275086 1527 1 0 0 
0.963237457320028 1528 1 0 0 
0.963616687337427 1529 1 0 0 
0.964017748108526 1528 1 0 0 
0.96402801929795 1527 1 0 0 
0.964983426653898 1528 1 0 0 
0.965233873502969 1527 1 0 0 
0.96543159366535 1526 1 0 0 
0.966361295652973 1527 1 0 0 
0.966652501854162 1528 1 0 0 
0.966810779334272 1527 1 0 0 
0.966869999696105 1528 1 0 0 
0.968515352230287 1527 1 0 0 
0.968856993937373 1528 1 0 0 
0.970026005922213 1529 1 0 0 
0.970547465148475 1528 1 0 0 
0.970595435962491 1527 1 0 0 
0.972220211974776 1528 1 0 0 
0.973347526285856 1529 1 0 0 
0.974259353116301 1530 1 0 0 
0.974706612711722 1531 1 0 0 
0.974811022458056 1530 1 0 0 
0.975220217648569 1529 1 0 0 
0.975715535322405 1530 1 0 0 
0.97692677499051 1531 1 0 0 
0.97710151967248 1532 1 0 0 
0.978502728115039 1533 1 0 0 
0.978651350034326 1534 1 0 0 
0.978801108457359 1535 1 0 0 
0.979471864590792 1536 1 0 0 
0.980195157771078 1537 1 0 0 
0.980399479956004 1538 1 0 0 
0.980889582077677 1539 1 0 0 
0.98093892527123 1540 1 0 0 
0.982023195629661 1541 1 0 0 
0.982095837081044 1542 1 0 0 
0.982420534279452 1543 1 0 0 
0.982428879773095 1544 1 0 0 
0.983209860539431 1543 1 0 0 
0.983322010572102 1542 1 0 0 
0.983379151800957 1543 1 0 0 
0.983420305042595 1544 1 0 0 
0.983432377330213 1545 1 0 0 
0.983562774011228 1546 1 0 0 
0.983871780970177 1547 1 0 0 
0.983917100442963 1546 1 0 0 
0.983946316541973 1547 1 0 0 
0.984112334713729 1546 1 0 0 
0.984153140017784 1547 1 0 0 
0.985573865349079 1546 1 0 0 
0.986915569295078 1547 1 0 0 
0.987018651630647 1548 1 0 0 
0.987080785109808 1549 1 0 0 
0.987475832716393 1550 1 0 0 
0.9876613322234 1551 1 0 0 
0.987948593219502 1550 1 0 0 
0.988389984189535 1551 1 0 0 
0.988741832132667 1552 1 0 0 
0.989499654406176 1553 1 0 0 
0.990040882766376 1552 1 0 0 
0.990559907961421 1553 1 0 0 
0.991649080932965 1554 1 0 0 
0.992051226103629 1555 1 0 0 
0.99309827291943 1556 1 0 0 
0.993745020270306 1557 1 0 0 
0.993909340610431 1558 1 0 0 
0.994646685917258 1557 1 0 0 
0.994669129015893 1558 1 0 0 
0.995927349383943 1559 1 0 0 
0.996346283723803 1558 1 0 0 
0.996615904881534 1559 1 0 0 
0.996630408565982 1558 1 0 0 
0.996693019069921 1559 1 0 0 
0.996722335032615 1560 1 0 0 
0.997078885072578 1559 1 0 0 
0.997327982027688 1560 1 0 0 
0.997394351970534 1561 1 0 0 
0.99778130135059 1562 1 0 0 
0.998507588832506 1561 1 0 0 
0.999298934831956 1562 1 0 0 
0.99957430319251 1563 1 0 0 
0.999700649246481 1564 1 0 0 
1.00233682097968 1565 1 0 0 
1.0024277012064 1566 1 0 0 
1.00264708689987 1567 1 0 0 
1.00267262457021 1566 1 0 0 
1.00403397796011 1565 1 0 0 
1.00414688500434 1564 1 0 0 
1.00428814918688 1563 1 0 0 
1.00446960084379 1564 1 0 0 
1.00449346531621 1563 1 0 0 
1.00540576965057 1562 1 0 0 
1.00559023139457 1563 1 0 0 
1.00604329845025 1564 1 0 0 
1.00634676171755 1565 1 0 0 
1.0064438534006 1566 1 0 0 
1.00747384518463 1567 1 0 0 
1.00776359863124 1566 1 0 0 
1.00844889117297 1565 1 0 0 
1.00857624342859 1566 1 0 0 
1.00914441440336 1567 1 0 0 
1.01022855047076 1566 1 0 0 
1.01133275757059 1567 1 0 0 
1.01140489988694 1566 1 0 0 
1.01152322712258 1567 1 0 0 
1.01282058341474 1566 1 0 0 
1.0130322957503 1565 1 0 0 
1.01322479566757 1566 1 0 0 
1.01333177634014 1565 1 0 0 
1.01481370731812 1566 1 0 0 
1.01533405614851 1565 1 0 0 
1.01547442436456 1566 1 0 0 
1.01567598003856 1567 1 0 0 
1.01590170134174 1568 1 0 0 
1.01595242432822 1567 1 0 0 
1.01702391947172 1568 1 0 0 
1.01706194296287 1569 1 0 0 
1.01760247238921 1570 1 0 0 
1.01764157514697 1571 1 0 0 
1.01853438733426 1572 1 0 0 
1.0188014268627 1573 1 0 0 
1.01882284067071 1572 1 0 0 
1.01961278644749 1571 1 0 0 
1.02026717790869 1570 1 0 0 
1.02041154354001 1569 1 0 0 
1.02113810833738 1570 1 0 0 
1.02211570320263 1569 1 0 0 
1.02261716489789 1570 1 0 0 
1.02299141446448 1571 1 0 0 
1.02335228318741 1572 1 0 0 
1.02346085711098 1571 1 0 0 
1.0236860749781 1570 1 0 0 
1.02446543539516 1571 1 0 0 
1.02465394436476 1572 1 0 0 
1.0247440512189 1571 1 0 0 
1.02487183404809 1570 1 0 0 
1.02546127953309 1569 1 0 0 
1.02566173476546 1568 1 0 0 
1.02571537401429 1569 1 0 0 
1.02585248628264 1570 1 0 0 
1.02609476414169 1571 1 0 0 
1.02617917918649 1570 1 0 0 
1.02622914761026 1569 1 0 0 
1.02623818090426 1570 1 0 0 
1.0264606833115 1571 1 0 0 
1.02671339480704 1570 1 0 0 
1.02684900823781 1571 1 0 0 
1.02740467740617 1572 1 0 0 
1.02761836160106 1573 1 0 0 
1.02791094111312 1572 1 0 0 
1.02822367515818 1573 1 0 0 
1.0286863269086 1572 1 0 0 
1.02915042081218 1573 1 0 0 
1.02950675677731 1574 1 0 0 
1.03004979989444 1573 1 0 0 
1.03062710383335 1572 1 0 0 
1.03160879481873 1573 1 0 0 
1.03230071851414 1574 1 0 0 
1.03235737244167 1575 1 0 0 
1.03248507527223 1576 1 0 0 
1.03284704961682 1577 1 0 0 
1.03313037932898 1578 1 0 0 
1.03341054437403 1577 1 0 0 
1.03423960024124 1578 1 0 0 
1.03439686879869 1579 1 0 0 
1.03459652451224 1578 1 0 0 
1.03676489165699 1577 1 0 0 
1.03690169565266 1578 1 0 0 
1.03700878707393 1577 1 0 0 
1.03765125478148 1578 1 0 0 
1.03854344474145 1579 1 0 0 
1.03881134302211 1578 1 0 0 
1.0392438847218 1577 1 0 0 
1.03989522646385 1576 1 0 0 
1.040132130103 1575 1 0 0 
1.04075343618649 1574 1 0 0 
1.0407697085026 1575 1 0 0 
1.04090016584366 1574 1 0 0 
1.04093036652279 1575 1 0 0 
1.0412256886979 1574 1 0 0 
1.04232003737665 1575 1 0 0 
1.04233097199345 1576 1 0 0 
1.04242650869322 1575 1 0 0 
1.04244624021174 1576 1 0 0 
1.04271692635807 1577 1 0 0 
1.04355532942476 1576 1 0 0 
1.04371985361698 1577 1 0 0 
1.0438879708933 1576 1 0 0 
1.04409315620996 1577 1 0 0 
1.04455634114416 1578 1 0 0 
1.04520306122682 1579 1 0 0 
1.04532297860728 1580 1 0 0 
1.04587223207571 1579 1 0 0 
1.04589020561527 1580 1 0 0 
1.04610549693309 1579 1 0 0 
1.04626284240918 1578 1 0 0 
1.04627102333508 1577 1 0 0 
1.04640114321768 1576 1 0 0 
1.04657557514171 1575 1 0 0 
1.047421206351 1576 1 0 0 
1.04764102345945 1577 1 0 0 
1.04805387955825 1576 1 0 0 
1.0483598742034 1575 1 0 0 
1.04882691084023 1576 1 0 0 
1.04904718189345 1577 1 0 0 
1.04930494024676 1576 1 0 0 
1.05060333922911 1577 1 0 0 
1.05087701359115 1578 1 0 0 
1.05098230479353 1579 1 0 0 
1.05139414700122 1580 1 0 0 
1.05148309265531 1579 1 0 0 
1.05200095118719 1580 1 0 0 
1.05217886703796 1581 1 0 0 
1.05247531504346 1580 1 0 0 
1.05320506256463 1581 1 0 0 
1.05384445592637 1582 1 0 0 
1.05409026233417 1583 1 0 0 
1.05514531093005 1584 1 0 0 
1.05533660279923 1585 1 0 0 
1.05535289385847 1586 1 0 0 
1.05640095357722 1585 1 0 0 
1.05760131583029 1586 1 0 0 
1.05914694301335 1587 1 0 0 
1.05921212660431 1588 1 0 0 
1.05950801941027 1589 1 0 0 
1.05994150714455 1590 1 0 0 
1.06159959954176 1589 1 0 0 
1.06187231517984 1590 1 0 0 
1.06206393865976 1591 1 0 0 
1.06290191851608 1592 1 0 0 
1.06330984028199 1591 1 0 0 
1.063423510175 1592 1 0 0 
1.06367657756134 1593 1 0 0 
1.06379461500043 1594 1 0 0 
1.06391442158398 1593 1 0 0 
1.06523462411694 1594 1 0 0 
1.06584123430128 1593 1 0 0 
1.06591409066165 1594 1 0 0 
1.06606754989777 1595 1 0 0 
1.06614915174169 1596 1 0 0 
1.06700508004336 1597 1 0 0 
1.06717609391027 1598 1 0 0 
1.06730747883463 1599 1 0 0 
1.06734090513325 1598 1 0 0 
1.06864376178609 1599 1 0 0 
1.06869466761125 1600 1 0 0 
1.06887348466731 1599 1 0 0 
1.06975589513654 1600 1 0 0 
1.07008508263637 1599 1 0 0 
1.07105480335825 1598 1 0 0 
1.07177319221772 1599 1 0 0 
1.07187714365763 1598 1 0 0 
1.07190190399695 1599 1 0 0 
1.07261743638617 1600 1 0 0 
1.07309380471083 1601 1 0 0 
1.07313401541813 1602 1 0 0 
1.07316535934368 1601 1 0 0 
1.07357054035811 1600 1 0 0 
1.07365000640792 1601 1 0 0 
1.07385776918909 1600 1 0 0 
1.07418185756426 1599 1 0 0 
1.07484931943823 1600 1 0 0 
1.07490036724024 1601 1 0 0 
1.07503183383153 1602 1 0 0 
1.07508152894026 1603 1 0 0 
1.07508688286673 1602 1 0 0 
1.07508867066983 1601 1 0 0 
1.07594201433109 1600 1 0 0 
1.07650426934135 1599 1 0 0 
1.07730730754883 1600 1 0 0 
1.07747945647618 1601 1 0 0 
1.07766763046906 1602 1 0 0 
1.07807007771129 1603 1 0 0 
1.07854243370674 1602 1 0 0 
1.07920766203488 1603 1 0 0 
1.07926746132588 1604 1 0 0 
1.07990432644479 1605 1 0 0 
1.08037782392931 1606 1 0 0 
1.08081601365544 1607 1 0 0 
1.08108469303655 1608 1 0 0 
1.08119121854938 1609 1 0 0 
1.08211915368126 1610 1 0 0 
1.08231062791814 1611 1 0 0 
1.08254092256014 1612 1 0 0 
1.08387625910006 1613 1 0 0 
1.08412712524261 1612 1 0 0 
1.08413892661155 1613 1 0 0 
1.08491812282754 1614 1 0 0 
1.08510507046168 1613 1 0 0 
1.08515369078035 1612 1 0 0 
1.08590140984099 1613 1 0 0 
1.08596884099537 1614 1 0 0 
1.08718967319863 1615 1 0 0 
1.0873574473232 1616 1 0 0 
1.08737910358406 1615 1 0 0 
1.08755773734789 1614 1 0 0 
1.08762449031441 1613 1 0 0 
1.08775816743428 1614 1 0 0 
1.08830925887962 1615 1 0 0 
1.08863706156175 1616 1 0 0 
1.0887013345654 1617 1 0 0 
1.08939690559151 1618 1 0 0 
1.0905724389287 1619 1 0 0 
1.09070095953943 1618 1 0 0 
1.09117550355893 1619 1 0 0 
1.09120424133926 1618 1 0 0 
1.09131107704262 1617 1 0 0 
1.09200735317559 1616 1 0 0 
1.09221668967086 1615 1 0 0 
1.09311551936141 1614 1 0 0 
1.09351784116918 1613 1 0 0 
1.09390362358112 1614 1 0 0 
1.09403506515109 1613 1 0 0 
1.09464825060372 1614 1 0 0 
1.09478257080606 1615 1 0 0 
1.09501886544808 1616 1 0 0 
1.09595045657357 1615 1 0 0 
1.09625110270128 1614 1 0 0 
1.09626371995479 1615 1 0 0 
1.09650992882637 1616 1 0 0 
1.09683103171716 1617 1 0 0 
1.09738548350109 1616 1 0 0 
1.09753784878855 1617 1 0 0 
1.09756206721196 1618 1 0 0 
1.09797684328281 1619 1 0 0 
1.09804707337645 1620 1 0 0 
1.09971420312854 1621 1 0 0 
1.09974005795998 1622 1 0 0 
1.10022601655105 1621 1 0 0 
1.10029991741498 1620 1 0 0 
1.10042243118859 1621 1 0 0 
1.10084346217763 1620 1 0 0 
1.10090061740566 1621 1 0 0 
1.10094224616087 1620 1 0 0 
1.10144500659569 1621 1 0 0 
1.1025727142596 1622 1 0 0 
1.10365937296193 1623 1 0 0 
1.10381450734142 1624 1 0 0 
1.10452010031592 1623 1 0 0 
1.10489574219487 1622 1 0 0 
1.10497750972101 1621 1 0 0 
1.10606659690348 1620 1 0 0 
1.10624223154603 1619 1 0 0 
1.1070878550323 1618 1 0 0 
1.10719045330592 1617 1 0 0 
1.10803187210137 1616 1 0 0 
1.10805855209016 1617 1 0 0 
1.1081901612611 1618 1 0 0 
1.10891229219722 1617 1 0 0 
1.10916795939735 1618 1 0 0 
1.1100415589371 1619 1 0 0 
1.11013619891707 1620 1 0 0 
1.11023302090185 1619 1 0 0 
1.11060404423883 1618 1 0 0 
1.11093536991407 1619 1 0 0 
1.11117177897953 1618 1 0 0 
1.11137679468901 1617 1 0 0 
1.11263517855501 1618 1 0 0 
1.11297294218627 1619 1 0 0 
1.11326862844043 1620 1 0 0 
1.11380626980167 1619 1 0 0 
1.11437403813985 1618 1 0 0 
1.11440315408061 1619 1 0 0 
1.11446270215374 1620 1 0 0 
1.11495092623453 1621 1 0 0 
1.11530546867045 1622 1 0 0 
1.11544180484043 1623 1 0 0 
1.11554225369038 1622 1 0 0 
1.11571911951148 1621 1 0 0 
1.1164906551906 1620 1 0 0 
1.11652262413436 1621 1 0 0 
1.11665022697915 1620 1 0 0 
1.1172177748635 1621 1 0 0 
1.11785544579692 1620 1 0 0 
1.11811506670668 1619 1 0 0 
1.11823730424147 1618 1 0 0 
1.11868746152438 1619 1 0 0 
1.11917444267016 1620 1 0 0 
1.11918015758081 1621 1 0 0 
1.1195398476736 1620 1 0 0 
1.11972711339668 1621 1 0 0 
1.11986479224978 1620 1 0 0 
1.12018324308127 1621 1 0 0 
1.12065936413456 1622 1 0 0 
1.12070919616859 1621 1 0 0 
1.12131560938553 1622 1 0 0 
1.12177924592139 1621 1 0 0 
1.12191045528442 1622 1 0 0 
1.12202114856083 1623 1 0 0 
1.12246636618621 1624 1 0 0 
1.12250326945279 1623 1 0 0 
1.1234225693168 1624 1 0 0 
1.12357939506397 1625 1 0 0 
1.12522999065944 1624 1 0 0 
1.12530823406899 1625 1 0 0 
1.12536720932568 1626 1 0 0 
1.12547615424823 1627 1 0 0 
1.12557732849834 1628 1 0 0 
1.12586607913737 1629 1 0 0 
1.12614618631018 1628 1 0 0 
1.12675906030045 1627 1 0 0 
1.12738468942558 1628 1 0 0 
1.12742708978034 1629 1 0 0 
1.12783331333532 1628 1 0 0 
1.12801467900641 1629 1 0 0 
1.12802419208882 1628 1 0 0 
1.12827659238525 1629 1 0 0 
1.12849036842966 1630 1 0 0 
1.12877263770493 1631 1 0 0 
1.12924424581225 1632 1 0 0 
1.12938052465088 1633 1 0 0 
1.129690506292 1634 1 0 0 
1.13003267553566 1633 1 0 0 
1.13020308373926 1632 1 0 0 
1.13022075322526 1633 1 0 0 
1.13037064666113 1634 1 0 0 
1.13059234014487 1635 1 0 0 
1.1312303654636 1636 1 0 0 
1.131285466865 1637 1 0 0 
1.13163420947076 1638 1 0 0 
1.13164408259437 1637 1 0 0 
1.13203529743868 1638 1 0 0 
1.1324475486751 1639 1 0 0 
1.13284671151099 1640 1 0 0 
1.13333015587071 1639 1 0 0 
1.1336071283762 1640 1 0 0 
1.13369170379231 1641 1 0 0 
1.13430418783506 1642 1 0 0 
1.13472595277686 1641 1 0 0 
1.13483481018929 1640 1 0 0 
1.13486288719048 1641 1 0 0 
1.13489867383946 1642 1 0 0 
1.13497953544587 1643 1 0 0 
1.13586464704263 1644 1 0 0 
1.13596436291583 1643 1 0 0 
1.13739509288052 1644 1 0 0 
1.13746007100408 1645 1 0 0 
1.13763952049805 1646 1 0 0 
1.13850553059332 1645 1 0 0 
1.13861244877869 1646 1 0 0 
1.13865035362106 1645 1 0 0 
1.13884344606683 1644 1 0 0 
1.13894480852005 1645 1 0 0 
1.13915302204867 1644 1 0 0 
1.1392257582526 1645 1 0 0 
1.13968790553245 1646 1 0 0 
1.13971495352982 1645 1 0 0 
1.14038712389435 1646 1 0 0 
1.14068637068555 1647 1 0 0 
1.14075009865984 1648 1 0 0 
1.14104081701995 1649 1 0 0 
1.14196480485571 1650 1 0 0 
1.14339411491095 1651 1 0 0 
1.14343092464535 1652 1 0 0 
1.14403679453055 1653 1 0 0 
1.14428055559592 1652 1 0 0 
1.14435445944652 1651 1 0 0 
1.14446662794398 1650 1 0 0 
1.14486005547061 1649 1 0 0 
1.14513080911802 1650 1 0 0 
1.14540701225534 1651 1 0 0 
1.14576643519921 1652 1 0 0 
1.1463759561638 1651 1 0 0 
1.14639577643724 1652 1 0 0 
1.14640673918836 1653 1 0 0 
1.14698692424531 1652 1 0 0 
1.14717090553376 1653 1 0 0 
1.14719893646178 1654 1 0 0 
1.14874167504916 1655 1 0 0 
1.14927406188857 1654 1 0 0 
1.15036699052815 1653 1 0 0 
1.15112731307415 1654 1 0 0 
1.15126023151516 1653 1 0 0 
1.15128375553683 1652 1 0 0 
1.15136242610151 1653 1 0 0 
1.15146147442861 1652 1 0 0 
1.15148157889915 1653 1 0 0 
1.15176031418981 1652 1 0 0 
1.15239724844757 1653 1 0 0 
1.15281785236847 1654 1 0 0 
1.15283097292221 1655 1 0 0 
1.1530922713066 1656 1 0 0 
1.15330647014509 1657 1 0 0 
1.15358159169913 1658 1 0 0 
1.15382955825426 1657 1 0 0 
1.15419371610488 1658 1 0 0 
1.15422437409761 1657 1 0 0 
1.15443905784614 1658 1 0 0 
1.15510335860518 1657 1 0 0 
1.15565032816221 1658 1 0 0 
1.15569363619745 1657 1 0 0 
1.15596090024148 1658 1 0 0 
1.15630510224083 1657 1 0 0 
1.15643336374032 1658 1 0 0 
1.15665535053538 1659 1 0 0 
1.15676795231085 1658 1 0 0 
1.15728339395302 1657 1 0 0 
1.15745524528043 1658 1 0 0 
1.15779739021396 1659 1 0 0 
1.15786640620103 1660 1 0 0 
1.15792582723835 1661 1 0 0 
1.15894598142926 1660 1 0 0 
1.15951290812505 1661 1 0 0 
1.15980239337551 1662 1 0 0 
1.16066825853556 1663 1 0 0 
1.16116489485225 1664 1 0 0 
1.16150238453069 1663 1 0 0 
1.1616736152985 1662 1 0 0 
1.16177456027274 1663 1 0 0 
1.16205807709621 1664 1 0 0 
1.16259215376339 1665 1 0 0 
1.16262717184115 1664 1 0 0 
1.16291255317944 1663 1 0 0 
1.16337423029582 1662 1 0 0 
1.16359197113741 1663 1 0 0 
1.16399732491872 1664 1 0 0 
1.16453460433374 1665 1 0 0 
1.16462149898048 1666 1 0 0 
1.16470647754077 1667 1 0 0 
1.16478097342022 1668 1 0 0 
1.16489049664166 1669 1 0 0 
1.16587850830456 1670 1 0 0 
1.16684075403573 1671 1 0 0 
1.16690403263318 1672 1 0 0 
1.16708451243613 1673 1 0 0 
1.16753670665304 1674 1 0 0 
1.16767436735372 1673 1 0 0 
1.16874538889719 1674 1 0 0 
1.16893865506389 1675 1 0 0 
1.16909858774865 1676 1 0 0 
1.16922951723677 1677 1 0 0 
1.1693257525462 1678 1 0 0 
1.16973634687542 1679 1 0 0 
1.17009169798845 1680 1 0 0 
1.17016946752566 1681 1 0 0 
1.17059526314336 1682 1 0 0 
1.1706122857997 1683 1 0 0 
1.17202164130982 1684 1 0 0 
1.17235345572844 1685 1 0 0 
1.17275754551485 1684 1 0 0 
1.17308121826243 1685 1 0 0 
1.17318813345613 1686 1 0 0 
1.17327207537153 1685 1 0 0 
1.17332929118564 1684 1 0 0 
1.17348867952606 1685 1 0 0 
1.17395464024939 1686 1 0 0 
1.17399143206106 1685 1 0 0 
1.17542714061634 1684 1 0 0 
1.17576186705368 1685 1 0 0 
1.17591773199089 1686 1 0 0 
1.1763072719095 1687 1 0 0 
1.17642103960062 1688 1 0 0 
1.17716925898407 1689 1 0 0 
1.17719234749543 1688 1 0 0 
1.17794880821868 1689 1 0 0 
1.17808987810706 1688 1 0 0 
1.17866306564167 1689 1 0 0 
1.18079874009565 1688 1 0 0 
1.18106443072163 1687 1 0 0 
1.18268769330575 1688 1 0 0 
1.18312216244753 1687 1 0 0 
1.18315835522706 1688 1 0 0 
1.18436874762891 1689 1 0 0 
1.18477930057191 1690 1 0 0 
1.18496844321978 1691 1 0 0 
1.18577629186118 1692 1 0 0 
1.18598553460729 1693 1 0 0 
1.18639227729768 1694 1 0 0 
1.18726673235862 1695 1 0 0 
1.1872724946849 1694 1 0 0 
1.18742339764741 1695 1 0 0 
1.18750801985567 1696 1 0 0 
1.18754562365683 1697 1 0 0 
1.18804674501821 1696 1 0 0 
1.18818675654758 1697 1 0 0 
1.18831419557066 1698 1 0 0 
1.18832919194286 1697 1 0 0 
1.18855429950195 1698 1 0 0 
1.18866438451695 1697 1 0 0 
1.18910045144462 1698 1 0 0 
1.18995996744758 1699 1 0 0 
1.19068967691973 1700 1 0 0 
1.1907423117047 1701 1 0 0 
1.19154696168245 1702 1 0 0 
1.19159487986326 1703 1 0 0 
1.19206658424217 1702 1 0 0 
1.19228749585307 1701 1 0 0 
1.19284541879208 1702 1 0 0 
1.1931178255473 1703 1 0 0 
1.19436267498147 1702 1 0 0 
1.19460545557568 1703 1 0 0 
1.19494682528173 1702 1 0 0 
1.19515260509718 1703 1 0 0 
1.19533989694494 1704 1 0 0 
1.19546851828742 1703 1 0 0 
1.19564921417764 1702 1 0 0 
1.19565248443634 1703 1 0 0 
1.19645438529383 1704 1 0 0 
1.19716852464974 1703 1 0 0 
1.19728156648717 1702 1 0 0 
1.19771353140859 1703 1 0 0 
1.19866128403109 1704 1 0 0 
1.19903958336732 1705 1 0 0 
1.19952007300639 1706 1 0 0 
1.19958938320322 1707 1 0 0 
1.20009300968306 1708 1 0 0 
1.20067067437321 1709 1 0 0 
1.20075675130058 1710 1 0 0 
1.20095743846848 1709 1 0 0 
1.20198492828647 1708 1 0 0 
1.20229192740699 1709 1 0 0 
1.20248050199764 1710 1 0 0 
1.2028890428738 1711 1 0 0 
1.20296249548365 1712 1 0 0 
1.20367362696004 1711 1 0 0 
1.20421232237403 1710 1 0 0 
1.20437721907524 1711 1 0 0 
1.20480315533785 1712 1 0 0 
1.20641349324962 1713 1 0 0 
1.20798310738244 1714 1 0 0 
1.20832160537126 1715 1 0 0 
1.2091319447746 1716 1 0 0 
1.21037883859706 1715 1 0 0 
1.21091375294472 1716 1 0 0 
1.21092131432665 1715 1 0 0 
1.21111445217198 1716 1 0 0 
1.21175773739562 1717 1 0 0 
1.21188933348251 1718 1 0 0 
1.21191965646339 1719 1 0 0 
1.21205049497884 1718 1 0 0 
1.21308261818288 1717 1 0 0 
1.2132011140599 1716 1 0 0 
1.2133578671386 1717 1 0 0 
1.2135528750092 1718 1 0 0 
1.21365230052015 1719 1 0 0 
1.2138777625929 1720 1 0 0 
1.21406685911319 1719 1 0 0 
1.21421502604737 1718 1 0 0 
1.21508196804865 1717 1 0 0 
1.21542787419231 1716 1 0 0 
1.21600854241317 1715 1 0 0 
1.21624617874745 1716 1 0 0 
1.21672212071261 1717 1 0 0 
1.21707172179725 1716 1 0 0 
1.21722198019541 1717 1 0 0 
1.21827809338394 1718 1 0 0 
1.21843249244301 1719 1 0 0 
1.21896771484781 1718 1 0 0 
1.21913897164302 1719 1 0 0 
1.21919860445557 1720 1 0 0 
1.2195626709156 1721 1 0 0 
1.22038081879624 1720 1 0 0 
1.22061076712628 1721 1 0 0 
1.22086128459116 1722 1 0 0 
1.22089230316624 1723 1 0 0 
1.22128771277078 1722 1 0 0 
1.22149049338231 1723 1 0 0 
1.22153204350221 1722 1 0 0 
1.22197801556617 1723 1 0 0 
1.2219919130589 1724 1 0 0 
1.22244304426591 1723 1 0 0 
1.22253839475091 1724 1 0 0 
1.22267928208185 1723 1 0 0 
1.22272674672444 1724 1 0 0 
1.2234844895719 1725 1 0 0 
1.22427730731332 1726 1 0 0 
1.22463142288273 1725 1 0 0 
1.22530407370737 1724 1 0 0 
1.22546160257417 1723 1 0 0 
1.22571118071457 1724 1 0 0 
1.22648178845739 1725 1 0 0 
1.22786479669401 1726 1 0 0 
1.22786619019142 1727 1 0 0 
1.22807994762084 1728 1 0 0 
1.22830289547134 1729 1 0 0 
1.2292014995092 1728 1 0 0 
1.23041014375177 1727 1 0 0 
1.23052364599265 1728 1 0 0 
1.23122323165704 1727 1 0 0 
1.23217197649213 1726 1 0 0 
1.23220590094501 1727 1 0 0 
1.23292168888669 1726 1 0 0 
1.23361617522619 1727 1 0 0 
1.23400233778976 1728 1 0 0 
1.23404801226773 1727 1 0 0 
1.2343950446657 1726 1 0 0 
1.2355200204787 1727 1 0 0 
1.23562764503134 1728 1 0 0 
1.23598319531886 1727 1 0 0 
1.2363500789196 1728 1 0 0 
1.23662236452056 1729 1 0 0 
1.23819628833262 1730 1 0 0 
1.23835104266378 1731 1 0 0 
1.23867811207591 1730 1 0 0 
1.23878011136355 1729 1 0 0 
1.23893538564803 1730 1 0 0 
1.23914508813154 1731 1 0 0 
1.23928979292687 1732 1 0 0 
1.24003626912891 1733 1 0 0 
1.24020187615718 1734 1 0 0 
1.24034956830838 1735 1 0 0 
1.24037914391941 1736 1 0 0 
1.24084735284664 1737 1 0 0 
1.2408670415882 1738 1 0 0 
1.24097111207672 1739 1 0 0 
1.24121395200439 1740 1 0 0 
1.24128756974878 1741 1 0 0 
1.24152088095092 1742 1 0 0 
1.24213779177875 1741 1 0 0 
1.24246466049409 1740 1 0 0 
1.24275087018366 1741 1 0 0 
1.24350179826732 1742 1 0 0 
1.24352114808159 1743 1 0 0 
1.24376270360387 1742 1 0 0 
1.24406002806569 1743 1 0 0 
1.24439400476087 1744 1 0 0 
1.24484315499739 1743 1 0 0 
1.2451186803993 1744 1 0 0 
1.24530168836509 1745 1 0 0 
1.24668848943507 1746 1 0 0 
1.24671337640734 1747 1 0 0 
1.24673837521215 1748 1 0 0 
1.24712201881698 1747 1 0 0 
1.24761450854748 1746 1 0 0 
1.24770089541127 1745 1 0 0 
1.24821720681979 1746 1 0 0 
1.24833219039774 1745 1 0 0 
1.24861105964065 1746 1 0 0 
1.24916870755069 1747 1 0 0 
1.24936363667993 1746 2 0 0 
1.24943534960077 1747 2 0 0 
1.24977601081662 1746 2 0 0 
1.24990130075725 1747 2 0 0 
1.25019462701306 1746 2 0 0 
1.25049630563136 1747 2 0 0 
1.25138667627273 1748 2 0 0 
1.25151755317169 1747 2 0 0 
1.251556010825 1748 2 0 0 
1.25158350237265 1749 2 0 0 
1.25180902928968 1750 2 0 0 
1.2529194175469 1751 2 0 0 
1.25308411154186 1752 2 0 0 
1.25442458657799 1753 2 0 0 
1.2545472918035 1754 2 0 0 
1.25499041390664 1755 2 0 0 
1.25530183487033 1756 2 0 0 
1.25543094866646 1755 2 0 0 
1.25573235762655 1756 2 0 0 
1.25596060619581 1757 2 0 0 
1.25607978945265 1758 2 0 0 
1.25661708907581 1759 2 0 0 
1.25780381004358 1758 2 0 0 
1.25832691572121 1757 2 0 0 
1.25848578124389 1756 2 0 0 
1.25882280652636 1755 2 0 0 
1.25980567804091 1754 2 0 0 
1.26013283728292 1753 2 0 0 
1.26111203957946 1754 2 0 0 
1.26154781765397 1753 2 0 0 
1.26172875727457 1752 2 0 0 
1.26182717064902 1753 2 0 0 
1.26201903922791 1752 2 0 0 
1.2620518230326 1753 2 0 0 
1.26233435620857 1754 2 0 0 
1.26259371994827 1753 2 0 0 
1.26270045863907 1754 2 0 0 
1.2632044299632 1753 2 0 0 
1.26354664247928 1754 2 0 0 
1.26409241273413 1753 2 0 0 
1.26417612945073 1752 2 0 0 
1.26435552012793 1753 2 0 0 
1.26526583912834 1752 2 0 0 
1.26545781244718 1751 2 0 0 
1.2657296054057 1752 2 0 0 
1.26598110048588 1753 2 0 0 
1.26602351202791 1754 2 0 0 
1.2660660996356 1753 2 0 0 
1.26615494654069 1754 2 0 0 
1.26655486551094 1753 2 0 0 
1.26703251923905 1754 2 0 0 
1.26773774146033 1755 2 0 0 
1.26780905582726 1754 2 0 0 
1.26821931685398 1753 2 0 0 
1.26826899093613 1752 2 0 0 
1.26883841404011 1753 2 0 0 
1.26941830083995 1754 2 0 0 
1.2700759416769 1755 2 0 0 
1.270811766198 1754 2 0 0 
1.27090808016271 1753 2 0 0 
1.27099534020575 1754 2 0 0 
1.27121180179028 1755 2 0 0 
1.27218212188989 1756 2 0 0 
1.2722668063472 1755 2 0 0 
1.27302669393008 1756 2 0 0 
1.27346017246847 1755 2 0 0 
1.27351076480392 1756 2 0 0 
1.27354665254529 1757 2 0 0 
1.27357761725183 1756 2 0 0 
1.2737753206556 1757 2 0 0 
1.27418791976657 1758 2 0 0 
1.27428118157844 1759 2 0 0 
1.27485693965744 1760 2 0 0 
1.27544121175552 1761 2 0 0 
1.27608237708593 1762 2 0 0 
1.27716550576701 1763 2 0 0 
1.27747645352497 1764 2 0 0 
1.27817832628059 1765 2 0 0 
1.27875489877796 1766 2 0 0 
1.27895827812717 1767 2 0 0 
1.27899185791863 1768 2 0 0 
1.27986835286663 1769 2 0 0 
1.27998176977721 1768 2 0 0 
1.28049503377732 1767 2 0 0 
1.28062856466637 1768 2 0 0 
1.28074470179871 1767 2 0 0 
1.28080154374808 1766 2 0 0 
1.28090693258685 1765 2 0 0 
1.28115870527723 1764 2 0 0 
1.28116958978553 1765 2 0 0 
1.28118345878415 1766 2 0 0 
1.28186634883 1765 2 0 0 
1.28220278341934 1766 2 0 0 
1.282247256795 1767 2 0 0 
1.28287212669578 1766 2 0 0 
1.28300524007089 1767 2 0 0 
1.28324065485912 1768 2 0 0 
1.28335614097341 1769 2 0 0 
1.28336818154696 1770 2 0 0 
1.28340228907366 1771 2 0 0 
1.28350629893831 1770 2 0 0 
1.28435455962256 1771 2 0 0 
1.28437508750708 1772 2 0 0 
1.28440334531888 1773 2 0 0 
1.28453703432828 1774 2 0 0 
1.28484658020738 1775 2 0 0 
1.28513623025705 1776 2 0 0 
1.28543901309902 1777 2 0 0 
1.28598293136783 1776 2 0 0 
1.28737329475392 1775 2 0 0 
1.28833618831346 1776 2 0 0 
1.28861005923501 1777 2 0 0 
1.28898658401294 1778 2 0 0 
1.28934557072859 1777 2 0 0 
1.28971244984659 1776 2 0 0 
1.28987439382895 1777 2 0 0 
1.290427348597 1778 2 0 0 
1.29047986594688 1777 2 0 0 
1.29092737404717 1776 2 0 0 
1.2912613841289 1775 2 0 0 
1.29147087641903 1776 2 0 0 
1.29191492940808 1775 2 0 0 
1.29245656154012 1774 2 0 0 
1.29309474394577 1773 2 0 0 
1.29316700926753 1772 2 0 0 
1.29331179403717 1771 2 0 0 
1.29345780411842 1770 2 0 0 
1.29358861610462 1771 2 0 0 
1.29370364590071 1772 2 0 0 
1.29400673372966 1773 2 0 0 
1.29430530566458 1772 2 0 0 
1.29485539441833 1771 2 0 0 
1.29491360841137 1770 2 0 0 
1.2954673832441 1771 2 0 0 
1.29582554272478 1770 2 0 0 
1.29589581256627 1769 2 0 0 
1.29750951146832 1770 2 0 0 
1.29774470401259 1769 2 0 0 
1.29801368333411 1770 2 0 0 
1.29813401936243 1771 2 0 0 
1.2983708279695 1772 2 0 0 
1.2985574761765 1773 2 0 0 
1.29918809100778 1774 2 0 0 
1.3000188828239 1775 2 0 0 
1.30018653017297 1774 2 0 0 
1.30095102681179 1775 2 0 0 
1.30143340235069 1774 2 0 0 
1.30147560646312 1775 2 0 0 
1.30167726537876 1776 2 0 0 
1.3019304492777 1777 2 0 0 
1.30195268790511 1776 2 0 0 
1.30243826189665 1777 2 0 0 
1.30265103279307 1778 2 0 0 
1.30267409431289 1779 2 0 0 
1.30268240281305 1780 2 0 0 
1.30272867846275 1779 2 0 0 
1.30311260319224 1780 2 0 0 
1.30346655872212 1781 2 0 0 
1.30365210541998 1782 2 0 0 
1.3050021162175 1781 2 0 0 
1.30569209911953 1782 2 0 0 
1.30608822192401 1781 2 0 0 
1.30636375021413 1780 2 0 0 
1.3063798662741 1781 2 0 0 
1.30653955520898 1782 2 0 0 
1.3072794427857 1783 2 0 0 
1.30733260057277 1782 2 0 0 
1.30779298881856 1781 2 0 0 
1.30804759775052 1780 2 0 0 
1.30816621332287 1779 2 0 0 
1.30844019284084 1780 2 0 0 
1.308489453033 1781 2 0 0 
1.30880909330761 1782 2 0 0 
1.30889557901074 1783 2 0 0 
1.3095617769552 1782 2 0 0 
1.31018025891964 1783 2 0 0 
1.31027370407116 1784 2 0 0 
1.3104328459868 1785 2 0 0 
1.31106323749273 1784 2 0 0 
1.31134319695133 1785 2 0 0 
1.31182724119381 1784 2 0 0 
1.31220070682028 1785 2 0 0 
1.3122921233808 1784 2 0 0 
1.31244137364481 1785 2 0 0 
1.31265683762852 1784 2 0 0 
1.31293320984419 1785 2 0 0 
1.31304587903675 1786 2 0 0 
1.313135610517 1785 2 0 0 
1.31325547547151 1786 2 0 0 
1.31328425841704 1787 2 0 0 
1.31407733696623 1786 2 0 0 
1.31416452721155 1787 2 0 0 
1.31451045228441 1788 2 0 0 
1.31481576760992 1789 2 0 0 
1.31483785174364 1790 2 0 0 
1.31489441046925 1791 2 0 0 
1.31509828277876 1790 2 0 0 
1.31511577561398 1791 2 0 0 
1.31541630920975 1792 2 0 0 
1.3154713473304 1791 2 0 0 
1.31571943717975 1792 2 0 0 
1.31615066011095 1793 2 0 0 
1.31623326914131 1794 2 0 0 
1.31645705398345 1795 2 0 0 
1.31647569526509 1796 2 0 0 
1.3171380274834 1797 2 0 0 
1.31750926159728 1796 2 0 0 
1.3178723282218 1795 2 0 0 
1.31824416563718 1796 2 0 0 
1.31837392669483 1795 2 0 0 
1.31863084842767 1796 2 0 0 
1.31863810224939 1795 2 0 0 
1.31882292044283 1794 2 0 0 
1.32069045898366 1795 2 0 0 
1.32121227529649 1796 2 0 0 
1.3212685629098 1795 2 0 0 
1.32175164504177 1794 2 0 0 
1.3223567591655 1795 2 0 0 
1.32265347075839 1796 2 0 0 
1.32266653254651 1797 2 0 0 
1.32295126382279 1798 2 0 0 
1.32305080490021 1797 2 0 0 
1.32309857078199 1798 2 0 0 
1.32322295596491 1799 2 0 0 
1.32366432779487 1798 2 0 0 
1.32385340897496 1797 2 0 0 
1.32401009892119 1796 2 0 0 
1.3247276187528 1795 2 0 0 
1.32486093490688 1794 2 0 0 
1.32541113136734 1793 2 0 0 
1.32606687896914 1792 2 0 0 
1.32643609959245 1791 2 0 0 
1.3269942927095 1790 2 0 0 
1.32703511745343 1791 2 0 0 
1.32797524297707 1792 2 0 0 
1.32854935666186 1793 2 0 0 
1.32875894918422 1794 2 0 0 
1.32950470659802 1793 2 0 0 
1.32956775190936 1794 2 0 0 
1.33002688926551 1793 2 0 0 
1.3305764065359 1792 2 0 0 
1.33062245091403 1791 2 0 0 
1.33079715347354 1790 2 0 0 
1.33080266680996 1789 2 0 0 
1.3309198429121 1790 2 0 0 
1.33135401640814 1791 2 0 0 
1.33163867622304 1790 2 0 0 
1.33165193134328 1791 2 0 0 
1.33177255439244 1790 2 0 0 
1.33217047489932 1789 2 0 0 
1.33261017468148 1790 2 0 0 
1.33282469078135 1791 2 0 0 
1.3328423858729 1790 2 0 0 
1.33301114261124 1789 2 0 0 
1.33398311713657 1790 2 0 0 
1.33432166216579 1791 2 0 0 
1.33459156387304 1792 2 0 0 
1.33508889236289 1793 2 0 0 
1.33612436263024 1792 2 0 0 
1.33614843458458 1791 2 0 0 
1.33626428973596 1792 2 0 0 
1.33634583139413 1793 2 0 0 
1.33761342197118 1794 2 0 0 
1.33793791059191 1795 2 0 0 
1.33835666031125 1796 2 0 0 
1.33842598142031 1797 2 0 0 
1.33877530598642 1798 2 0 0 
1.3388166001021 1797 2 0 0 
1.33971214085959 1798 2 0 0 
1.34014000229373 1799 2 0 0 
1.34049020398303 1800 2 0 0 
1.34162122599553 1801 2 0 0 
1.34306029485583 1802 2 0 0 
1.34353232936013 1803 2 0 0 
1.34368930481362 1802 2 0 0 
1.34437647569683 1803 2 0 0 
1.3444388553975 1804 2 0 0 
1.3453248773179 1805 2 0 0 
1.34649692603012 1804 2 0 0 
1.34677988249817 1803 2 0 0 
1.34681813403071 1804 2 0 0 
1.34712244910343 1803 2 0 0 
1.34739223872674 1802 2 0 0 
1.34821701373418 1803 2 0 0 
1.34887291767806 1804 2 0 0 
1.34887385996442 1805 2 0 0 
1.34887581331431 1804 2 0 0 
1.349100054884 1805 2 0 0 
1.35113574544101 1806 2 0 0 
1.35136576255452 1805 2 0 0 
1.3519944173959 1806 2 0 0 
1.3526237923136 1805 2 0 0 
1.35272544912722 1806 2 0 0 
1.35336912106028 1805 2 0 0 
1.35352093844108 1804 2 0 0 
1.35391467461935 1805 2 0 0 
1.35452703595438 1806 2 0 0 
1.35602668012313 1807 2 0 0 
1.35689055186694 1808 2 0 0 
1.3573505056694 1809 2 0 0 
1.35798748730639 1808 2 0 0 
1.35803372086889 1809 2 0 0 
1.35813418655591 1810 2 0 0 
1.35823747209398 1811 2 0 0 
1.35828751747131 1810 2 0 0 
1.35968449835089 1811 2 0 0 
1.35989015898339 1812 2 0 0 
1.36005539625613 1811 2 0 0 
1.36021171986416 1812 2 0 0 
1.36045052539649 1813 2 0 0 
1.36107492329394 1814 2 0 0 
1.36114535473015 1815 2 0 0 
1.36134612716679 1816 2 0 0 
1.36185918203179 1815 2 0 0 
1.36188019905724 1814 2 0 0 
Max Susceptible Population: 16471 
 Max Resistant1 Population: 140 
 Max Resistant2 Population: 74 
 Max ResistantB Population: 1 
