Time S R1 R2 RB 
0 1000 0 0 0 
6.83920040634098e-05 999 0 0 0 
0.000166245387718101 998 0 0 0 
0.000329736725318314 999 0 0 0 
0.000438115649347054 998 0 0 0 
0.000849834884472105 999 0 0 0 
0.00131399407700717 1000 0 0 0 
0.00168693898866064 1001 0 0 0 
0.00170662322200281 1000 0 0 0 
0.00181345623493877 999 0 0 0 
0.00202819175754296 998 0 0 0 
0.00215615093756103 999 0 0 0 
0.00238597806141123 1000 0 0 0 
0.00309203535234634 999 0 0 0 
0.00316920123785109 998 0 0 0 
0.00341766105246447 997 0 0 0 
0.00357108666712745 996 0 0 0 
0.0036533731976153 997 0 0 0 
0.00402695607500374 996 0 0 0 
0.00422408443374279 997 0 0 0 
0.00439618375665702 996 0 0 0 
0.00500427439654299 997 0 0 0 
0.00501424426107385 996 0 0 0 
0.00515018798561794 997 0 0 0 
0.00541937265665846 996 0 0 0 
0.00555315247966699 997 0 0 0 
0.00664201568821589 998 0 0 0 
0.00716828504876012 997 0 0 0 
0.00860989596471856 996 0 0 0 
0.00861987222029923 997 0 0 0 
0.00867632018661837 998 0 0 0 
0.00906650068692707 997 0 0 0 
0.00925729608182715 996 0 0 0 
0.00975779328531186 997 0 0 0 
0.00987360728916626 998 0 0 0 
0.0105835976204036 997 0 0 0 
0.0106634467907528 996 0 0 0 
0.0108323809039785 995 0 0 0 
0.0109198841751782 996 0 0 0 
0.0114931740627015 995 0 0 0 
0.0116594227400293 994 0 0 0 
0.0116842345696255 995 0 0 0 
0.0117597413813027 994 0 0 0 
0.0119342522830577 993 0 0 0 
0.0119591090346807 992 0 0 0 
0.0142715076883613 991 0 0 0 
0.0143495431733479 990 0 0 0 
0.0147396634025315 989 0 0 0 
0.0147909000392889 988 0 0 0 
0.0149442277597669 987 0 0 0 
0.0150007788457173 986 0 0 0 
0.0151470670042078 985 0 0 0 
0.0152877640885464 986 0 0 0 
0.0154727733622849 985 0 0 0 
0.0160237508573872 986 0 0 0 
0.0164439753861656 985 0 0 0 
0.0170557710140902 984 0 0 0 
0.0173598229295761 985 0 0 0 
0.0175134225033778 986 0 0 0 
0.0177084350924034 985 0 0 0 
0.0178334782346519 984 0 0 0 
0.0184955355353549 985 0 0 0 
0.0190108531399833 984 0 0 0 
0.0191445696463241 985 0 0 0 
0.019169240824735 986 0 0 0 
0.0194398127369549 987 0 0 0 
0.0196003340636122 986 0 0 0 
0.0200722323316149 985 0 0 0 
0.0203480086623908 984 0 0 0 
0.0205543424005733 983 0 0 0 
0.0206314148713312 984 0 0 0 
0.0208012119360494 983 0 0 0 
0.0208336310082 984 0 0 0 
0.0215147718519223 983 0 0 0 
0.0220119380409176 984 0 0 0 
0.0227953314114767 985 0 0 0 
0.0228176485383238 986 0 0 0 
0.0229877455654786 985 0 0 0 
0.0231132257230816 984 0 0 0 
0.0236912097308237 983 0 0 0 
0.0237525949539293 982 0 0 0 
0.0238578522315549 983 0 0 0 
0.0249401876458819 982 0 0 0 
0.0249734948150902 981 0 0 0 
0.0252589577473184 982 0 0 0 
0.0254840539957236 983 0 0 0 
0.0261400062216276 984 0 0 0 
0.0266644386146344 985 0 0 0 
0.0266854479267285 984 0 0 0 
0.0274429579656726 983 0 0 0 
0.0282185540824147 984 0 0 0 
0.0282533314958253 983 0 0 0 
0.0288363648551891 984 0 0 0 
0.0291250387775435 983 0 0 0 
0.0304715678855877 982 0 0 0 
0.0313331456654745 981 0 0 0 
0.0314841904779447 982 0 0 0 
0.0318133377690441 981 0 0 0 
0.0318133554093066 982 0 0 0 
0.0318632639564299 981 0 0 0 
0.0323823194462762 980 0 0 0 
0.0326593203807762 981 0 0 0 
0.0330003670401081 980 0 0 0 
0.033333990294848 981 0 0 0 
0.0339966315314134 980 0 0 0 
0.0343506932692413 981 0 0 0 
0.0345988919079548 980 0 0 0 
0.0347619514432908 981 0 0 0 
0.0351974547044519 982 0 0 0 
0.0360809047641876 981 0 0 0 
0.036153292895371 982 0 0 0 
0.03714112497378 981 0 0 0 
0.0373994831874194 980 0 0 0 
0.0374382249868984 981 0 0 0 
0.0377619655969683 982 0 0 0 
0.0377846197322396 981 0 0 0 
0.038094132477021 980 0 0 0 
0.0381990882332022 979 0 0 0 
0.038735020579642 980 0 0 0 
0.0387806379072788 979 0 0 0 
0.0391775058446109 978 0 0 0 
0.0393343419029698 977 0 0 0 
0.0393349236902971 976 0 0 0 
0.039458806941664 975 0 0 0 
0.03948273534538 976 0 0 0 
0.0397051474356727 977 0 0 0 
0.0401744502083667 978 0 0 0 
0.0403850112675459 977 0 0 0 
0.0414679150115811 978 0 0 0 
0.0415591569660533 977 0 0 0 
0.0418218223403787 978 0 0 0 
0.0419909858520325 977 0 0 0 
0.0421219433597203 976 0 0 0 
0.0424353028717978 975 0 0 0 
0.0425370635140731 974 0 0 0 
0.0426191077156931 973 0 0 0 
0.0430632508782389 974 0 0 0 
0.0439593837738836 975 0 0 0 
0.0441420682036377 976 0 0 0 
0.0442906534584443 975 0 0 0 
0.0449973640405113 976 0 0 0 
0.0461192705938457 975 0 0 0 
0.0465271233473666 976 0 0 0 
0.046597583957155 975 0 0 0 
0.0475329537286081 974 0 0 0 
0.0481476198435389 975 0 0 0 
0.0482762695787066 976 0 0 0 
0.0484325909689175 975 0 0 0 
0.048567727219725 976 0 0 0 
0.0499521734547907 975 0 0 0 
0.0500446411128872 974 0 0 0 
0.0500711407713163 975 0 0 0 
0.0509298081145997 974 0 0 0 
0.051701808256986 975 0 0 0 
0.0519600002504296 974 0 0 0 
0.0522201324870184 973 0 0 0 
0.0522379093741162 972 0 0 0 
0.0526113909138794 971 0 0 0 
0.0526214462227051 970 0 0 0 
0.0526538062326707 969 0 0 0 
0.0535155545645905 968 0 0 0 
0.0547689101582312 967 0 0 0 
0.0552878845737028 966 0 0 0 
0.0553776027218655 967 0 0 0 
0.0556600548626971 966 0 0 0 
0.0567479636593791 965 0 0 0 
0.0572205561264891 966 0 0 0 
0.0574752775374971 965 0 0 0 
0.0575725935333376 966 0 0 0 
0.0578070641958522 967 0 0 0 
0.0586278184302499 968 0 0 0 
0.059079679980984 967 0 0 0 
0.0594665119200507 968 0 0 0 
0.0595877284735398 967 0 0 0 
0.0596565314167368 966 0 0 0 
0.060288466803746 965 0 0 0 
0.0609267636414292 966 0 0 0 
0.0610381406061223 967 0 0 0 
0.0619005897876905 968 0 0 0 
0.0620033800193329 967 0 0 0 
0.0626640072351348 966 0 0 0 
0.0629901728632912 967 0 0 0 
0.0639966562269786 968 0 0 0 
0.0646390706087532 967 0 0 0 
0.0648609589838018 968 0 0 0 
0.0648971502925274 967 0 0 0 
0.0651486059350305 968 0 0 0 
0.0653399333501434 969 0 0 0 
0.065665453613685 968 0 0 0 
0.0660329179367159 969 0 0 0 
0.0663028818010476 968 0 0 0 
0.066358779762568 967 0 0 0 
0.0663901714164821 966 0 0 0 
0.0665260689374141 967 0 0 0 
0.0665919456223226 966 0 0 0 
0.067246834082384 965 0 0 0 
0.068176093982286 966 0 0 0 
0.0681983212036488 965 0 0 0 
0.0688712652133027 964 0 0 0 
0.0695088809449859 963 0 0 0 
0.0696945494161291 962 0 0 0 
0.0702709293873634 961 0 0 0 
0.0709813536587836 960 0 0 0 
0.07151527479035 961 0 0 0 
0.0724357211193014 960 0 0 0 
0.0727235763362439 959 0 0 0 
0.0729198041953917 958 0 0 0 
0.0736510989567089 959 0 0 0 
0.0747350939659264 960 0 0 0 
0.0751260373964065 959 0 0 0 
0.0753776649917829 958 0 0 0 
0.0755644368027922 957 0 0 0 
0.0762915004874757 956 0 0 0 
0.0792794086548927 957 0 0 0 
0.0793759950351974 958 0 0 0 
0.0807658175939904 959 0 0 0 
0.0809266863697248 960 0 0 0 
0.0814212803909593 959 0 0 0 
0.0815757867273922 960 0 0 0 
0.0818155048025595 959 0 0 0 
0.0819005038500343 960 0 0 0 
0.0822198804326733 959 0 0 0 
0.0825465706732296 958 0 0 0 
0.0828369651749517 957 0 0 0 
0.0828538337439265 956 0 0 0 
0.0828716113285183 955 0 0 0 
0.0832689087717538 954 0 0 0 
0.0832955437078897 953 0 0 0 
0.0836531929736605 952 0 0 0 
0.0837155578694016 953 0 0 0 
0.0838849175828812 954 0 0 0 
0.0840277306869716 955 0 0 0 
0.0843967597198702 956 0 0 0 
0.0849508623555364 955 0 0 0 
0.0851043688288351 956 0 0 0 
0.0851181300996046 955 0 0 0 
0.0852731269886465 956 0 0 0 
0.0861669388447572 955 0 0 0 
0.0863070442996214 954 0 0 0 
0.0867081824386376 953 0 0 0 
0.0867594951201036 952 0 0 0 
0.0869024571828563 951 0 0 0 
0.0871789794914722 950 0 0 0 
0.0875208545451557 949 0 0 0 
0.0876052857915261 950 0 0 0 
0.0877984790680217 949 0 0 0 
0.0881227051629085 948 0 0 0 
0.0883270151682557 949 0 0 0 
0.0887889233044207 950 0 0 0 
0.0893163135944216 951 0 0 0 
0.0896026275814247 952 0 0 0 
0.0900344930808052 951 0 0 0 
0.0902226724817247 952 0 0 0 
0.0904575049914121 953 0 0 0 
0.0912407527030027 952 0 0 0 
0.0914887596688391 953 0 0 0 
0.0916385721149061 952 0 0 0 
0.0917530535054815 951 0 0 0 
0.0917567117813478 952 0 0 0 
0.0919140130869883 951 0 0 0 
0.0920636755441125 952 0 0 0 
0.0923841429393476 953 0 0 0 
0.0924361574379115 952 0 0 0 
0.0925330324734864 951 0 0 0 
0.0926955920012161 950 0 0 0 
0.0930171006440346 951 0 0 0 
0.093143060950246 952 0 0 0 
0.0932336925780896 953 0 0 0 
0.0936626325003425 954 0 0 0 
0.0938904824966113 953 0 0 0 
0.0942514040924423 952 0 0 0 
0.0944810123657099 953 0 0 0 
0.094816872927259 952 0 0 0 
0.0949609774090974 951 0 0 0 
0.0950641003221205 952 0 0 0 
0.0952656863078126 951 0 0 0 
0.0957019080751857 952 0 0 0 
0.096600783791579 951 0 0 0 
0.0972704185728236 952 0 0 0 
0.0975322987648596 951 0 0 0 
0.098101880175685 950 0 0 0 
0.0982795599818275 951 0 0 0 
0.099841857010674 950 0 0 0 
0.0999734128667528 949 0 0 0 
0.100455529082507 948 0 0 0 
0.100482678858328 947 0 0 0 
0.101444611669056 946 0 0 0 
0.102162807696325 945 0 0 0 
0.103829671527637 944 0 0 0 
0.104020619666466 943 0 0 0 
0.104134672777314 942 0 0 0 
0.104914060619142 941 0 0 0 
0.10542934710815 942 0 0 0 
0.105526148404613 941 0 0 0 
0.106334625116775 940 0 0 0 
0.10678726928726 939 0 0 0 
0.108190926607005 938 0 0 0 
0.108484328498487 937 0 0 0 
0.109055784648785 936 0 0 0 
0.109611919861829 935 0 0 0 
0.109661090558137 934 0 0 0 
0.110277268734712 933 0 0 0 
0.110861747281309 934 0 0 0 
0.110989451949028 933 0 0 0 
0.111075801663193 932 0 0 0 
0.111951004045362 933 0 0 0 
0.111981701069215 934 0 0 0 
0.112088647478392 933 0 0 0 
0.113297911881722 934 0 0 0 
0.11330082756535 935 0 0 0 
0.114383423546655 936 0 0 0 
0.114803479490509 935 0 0 0 
0.114881512858218 936 0 0 0 
0.115010564344426 935 0 0 0 
0.117256798641136 936 0 0 0 
0.117306164470522 935 0 0 0 
0.117854825950373 936 0 0 0 
0.118260264061095 935 0 0 0 
0.118908844236613 934 0 0 0 
0.119104238789096 935 0 0 0 
0.119369310076608 934 0 0 0 
0.119480532610351 933 0 0 0 
0.119611191802922 934 0 0 0 
0.120368897450768 935 0 0 0 
0.120384506339677 934 0 0 0 
0.120770787620558 933 0 0 0 
0.120775696363733 932 0 0 0 
0.120903014913563 933 0 0 0 
0.121306457811714 932 0 0 0 
0.121495374434615 931 0 0 0 
0.121713471883011 930 0 0 0 
0.122344560069498 931 0 0 0 
0.123323012675008 930 0 0 0 
0.123549830589619 931 0 0 0 
0.123901788185979 930 0 0 0 
0.123919854156013 929 0 0 0 
0.124063127838442 930 0 0 0 
0.125158230570213 929 0 0 0 
0.12687889717922 928 0 0 0 
0.12694187031141 927 0 0 0 
0.127799830713499 926 0 0 0 
0.127995502677012 925 0 0 0 
0.128055447806377 926 0 0 0 
0.128597158370322 925 0 0 0 
0.128629572458328 924 0 0 0 
0.129189877969606 923 0 0 0 
0.129803819083161 922 0 0 0 
0.130297601258963 921 0 0 0 
0.131254139247357 922 0 0 0 
0.131638306174014 923 0 0 0 
0.131856538115023 922 0 0 0 
0.131866919662121 923 0 0 0 
0.132268049254366 922 0 0 0 
0.132729423838492 923 0 0 0 
0.132892639163504 922 0 0 0 
0.133715723749596 921 0 0 0 
0.134219362747272 922 0 0 0 
0.134397063374245 921 0 0 0 
0.134486489618694 920 0 0 0 
0.134713185519072 919 0 0 0 
0.134847854475588 918 0 0 0 
0.134970499763319 919 0 0 0 
0.135207585774833 920 0 0 0 
0.135225986711148 919 0 0 0 
0.135980690996356 918 0 0 0 
0.136391144351434 919 0 0 0 
0.137084407283689 920 0 0 0 
0.137533231693516 919 0 0 0 
0.13805384369648 918 0 0 0 
0.139473925446725 919 0 0 0 
0.139506683623867 918 0 0 0 
0.139694888733841 919 0 0 0 
0.139931703124223 918 0 0 0 
0.140748575634704 919 0 0 0 
0.14101058779776 918 0 0 0 
0.14104015754768 917 0 0 0 
0.142502303388799 916 0 0 0 
0.142667863999337 917 0 0 0 
0.14290242172595 916 0 0 0 
0.142951292792683 917 0 0 0 
0.143682550584266 918 0 0 0 
0.143934304451112 919 0 0 0 
0.144221508536163 918 0 0 0 
0.144555392096125 917 0 0 0 
0.14569634371101 918 0 0 0 
0.146046254146901 919 0 0 0 
0.146492198059092 918 0 0 0 
0.147718270768377 917 0 0 0 
0.147762704391637 918 0 0 0 
0.148337023854023 917 0 0 0 
0.148370431555032 916 0 0 0 
0.148472486114502 915 0 0 0 
0.149397219930903 914 0 0 0 
0.149804675702352 913 0 0 0 
0.149898454259586 912 0 0 0 
0.15064320593567 911 0 0 0 
0.150902789695058 910 0 0 0 
0.152654581663109 909 0 0 0 
0.153425146123084 910 0 0 0 
0.153567689255784 911 0 0 0 
0.153812338848236 910 0 0 0 
0.153833484949723 911 0 0 0 
0.154152129613635 912 0 0 0 
0.15416561204146 911 0 0 0 
0.154313597039382 910 0 0 0 
0.154941859549437 911 0 0 0 
0.155267281471065 910 0 0 0 
0.155279253697787 911 0 0 0 
0.155783347584946 910 0 0 0 
0.156218772285673 909 0 0 0 
0.156372546078395 910 0 0 0 
0.156512670419183 911 0 0 0 
0.156521287656465 910 0 0 0 
0.156808379249922 909 0 0 0 
0.15683303328888 910 0 0 0 
0.156848590497006 909 0 0 0 
0.156945189774542 910 0 0 0 
0.157376349054513 909 0 0 0 
0.157583793996707 908 0 0 0 
0.157673656609867 907 0 0 0 
0.157690408301367 908 0 0 0 
0.157932530351781 907 0 0 0 
0.159176795451826 906 0 0 0 
0.15920398146476 905 0 0 0 
0.159457967654629 904 0 0 0 
0.159481929403446 903 0 0 0 
0.160546605548059 902 0 0 0 
0.160703908924118 903 0 0 0 
0.161043770893221 904 0 0 0 
0.161503278194835 903 0 0 0 
0.161769463499787 902 0 0 0 
0.162081045291619 903 0 0 0 
0.163601440758107 904 0 0 0 
0.16411468186383 905 0 0 0 
0.16411707465137 904 0 0 0 
0.164117867845407 903 0 0 0 
0.164517810300023 904 0 0 0 
0.164534106855514 903 0 0 0 
0.164923773300094 902 0 0 0 
0.16610503496028 903 0 0 0 
0.167147596550369 902 0 0 0 
0.167268203655307 901 0 0 0 
0.168123392551601 900 0 0 0 
0.168147050344595 901 0 0 0 
0.168677561064883 900 0 0 0 
0.168975809708844 901 0 0 0 
0.169148223905888 900 0 0 0 
0.169520520964536 899 0 0 0 
0.169569378629948 898 0 0 0 
0.169961915350767 899 0 0 0 
0.169965901815539 900 0 0 0 
0.170072630650319 899 0 0 0 
0.17019813746928 900 0 0 0 
0.170457400886875 899 0 0 0 
0.170686238340939 898 0 0 0 
0.170959253151158 897 0 0 0 
0.170973188378907 896 0 0 0 
0.171208854624891 895 0 0 0 
0.171559848755849 894 0 0 0 
0.172904925831487 893 0 0 0 
0.17297971527026 894 0 0 0 
0.173016640512918 893 0 0 0 
0.173076174623414 892 0 0 0 
0.174484644372817 891 0 0 0 
0.174502998216831 890 0 0 0 
0.174798510955618 889 0 0 0 
0.175009988100646 888 0 0 0 
0.175303178186007 887 0 0 0 
0.175422651881668 886 0 0 0 
0.176152591166577 885 0 0 0 
0.176336437157975 884 0 0 0 
0.17673572141389 885 0 0 0 
0.176871638380589 886 0 0 0 
0.176983386673511 887 0 0 0 
0.177475892019925 886 0 0 0 
0.1776153936886 885 0 0 0 
0.177784602043176 886 0 0 0 
0.178301548778128 885 0 0 0 
0.178462156375111 884 0 0 0 
0.178738759905603 883 0 0 0 
0.179400146250668 882 0 0 0 
0.18011584245713 881 0 0 0 
0.18050701201783 880 0 0 0 
0.180733495703794 879 0 0 0 
0.181057449616674 880 0 0 0 
0.182593751863863 879 0 0 0 
0.183705292394136 880 0 0 0 
0.186268534361732 879 0 0 0 
0.186501620829369 880 0 0 0 
0.186579309292655 879 0 0 0 
0.186719017079393 878 0 0 0 
0.186955358738377 877 0 0 0 
0.187249346428572 876 0 0 0 
0.187417466868814 875 0 0 0 
0.187435708204103 874 0 0 0 
0.187743789671718 875 0 0 0 
0.188229837233601 876 0 0 0 
0.189275627886411 875 0 0 0 
0.189477552681265 874 0 0 0 
0.189789732261428 873 0 0 0 
0.189932467526633 872 0 0 0 
0.190143414633537 871 0 0 0 
0.190259433693205 872 0 0 0 
0.190419354902192 871 0 0 0 
0.191260392584224 872 0 0 0 
0.191267460329665 871 0 0 0 
0.191476228170106 872 0 0 0 
0.191624710383276 871 0 0 0 
0.191929770085553 872 0 0 0 
0.192120365863645 871 0 0 0 
0.192842486854917 870 0 0 0 
0.193938212246614 871 0 0 0 
0.194115617613894 872 0 0 0 
0.195052393641222 873 0 0 0 
0.195053267312991 872 0 0 0 
0.196062565119814 871 0 0 0 
0.196138483885206 872 0 0 0 
0.196179019465418 871 0 0 0 
0.196505102268168 870 0 0 0 
0.196798832578965 869 0 0 0 
0.19682979868572 870 0 0 0 
0.197012245440681 871 0 0 0 
0.197830487177789 870 0 0 0 
0.198793183688785 869 0 0 0 
0.199156767351797 868 0 0 0 
0.19998267325999 867 0 0 0 
0.201743054188881 868 0 0 0 
0.201795798091369 867 0 0 0 
0.201887979256533 868 0 0 0 
0.202009340057734 869 0 0 0 
0.202665625080785 870 0 0 0 
0.203134277008759 869 0 0 0 
0.203784823619823 868 0 0 0 
0.204080168160612 867 0 0 0 
0.204943634923344 866 0 0 0 
0.205131270371686 867 0 0 0 
0.205633831394648 866 0 0 0 
0.206145363912159 865 0 0 0 
0.20627709037079 864 0 0 0 
0.206626545308076 865 0 0 0 
0.206843850258649 864 0 0 0 
0.207221124529391 863 0 0 0 
0.207318846179623 862 0 0 0 
0.207626364682712 861 0 0 0 
0.208526334360922 860 0 0 0 
0.208600754152866 859 0 0 0 
0.208687750490749 858 0 0 0 
0.208863407104508 857 0 0 0 
0.208918755586568 856 0 0 0 
0.209426731652724 857 0 0 0 
0.209432935945983 858 0 0 0 
0.210145051574758 857 0 0 0 
0.211156659478946 858 0 0 0 
0.211799386119239 857 0 0 0 
0.212485568712386 858 0 0 0 
0.212856146943047 857 0 0 0 
0.213074766130336 858 0 0 0 
0.213108580250525 857 0 0 0 
0.214304046856277 856 0 0 0 
0.216201780381768 855 0 0 0 
0.216397398379649 856 0 0 0 
0.216752476554646 855 0 0 0 
0.217260208047091 854 0 0 0 
0.217352228704913 853 0 0 0 
0.217746328761887 854 0 0 0 
0.218873008056862 853 0 0 0 
0.21934186287362 852 0 0 0 
0.219398000437921 853 0 0 0 
0.221263316635405 852 0 0 0 
0.22135583119886 853 0 0 0 
0.2214881021245 854 0 0 0 
0.221516369517849 855 0 0 0 
0.221581863286741 854 0 0 0 
0.221765404272778 853 0 0 0 
0.222128479799057 852 0 0 0 
0.222318722328053 851 0 0 0 
0.222573508362701 852 0 0 0 
0.222660110632968 853 0 0 0 
0.222707491498017 852 0 0 0 
0.222754146697658 853 0 0 0 
0.223076805974923 852 0 0 0 
0.223334280252574 851 0 0 0 
0.223818519845161 850 0 0 0 
0.223876152871734 849 0 0 0 
0.223986701177569 848 0 0 0 
0.224618335505139 847 0 0 0 
0.225016138140164 846 0 0 0 
0.225220161174221 847 0 0 0 
0.226099209716511 846 0 0 0 
0.226325933573386 845 0 0 0 
0.226654878843767 844 0 0 0 
0.226945479922504 845 0 0 0 
0.226982199028482 844 0 0 0 
0.227468585392493 845 0 0 0 
0.22748816967688 844 0 0 0 
0.228128434206325 843 0 0 0 
0.228542084476425 842 0 0 0 
0.229322067687961 841 0 0 0 
0.229609377415681 842 0 0 0 
0.230613331767612 843 0 0 0 
0.231264599386426 842 0 0 0 
0.231473074994857 841 0 0 0 
0.231691041661485 842 0 0 0 
0.231761517515522 841 0 0 0 
0.232324688344728 840 0 0 0 
0.233332788552106 839 0 0 0 
0.233829227311371 838 0 0 0 
0.234238405372205 837 0 0 0 
0.234441435978901 836 0 0 0 
0.234632055740631 835 0 0 0 
0.235219743809968 834 0 0 0 
0.235244921530663 833 0 0 0 
0.235318138455507 834 0 0 0 
0.237086369823436 835 0 0 0 
0.237374915354137 834 0 0 0 
0.238290177273019 833 0 0 0 
0.240449315318433 832 0 0 0 
0.240996445224057 833 0 0 0 
0.24152778168915 834 0 0 0 
0.241820239458147 833 0 0 0 
0.24231393251092 834 0 0 0 
0.242538091963612 835 0 0 0 
0.243328564767305 834 0 0 0 
0.244841141502952 833 0 0 0 
0.244872066893496 832 0 0 0 
0.245301484253745 831 0 0 0 
0.245604789657341 832 0 0 0 
0.245706559006651 833 0 0 0 
0.246462066762359 832 0 0 0 
0.247181626299194 831 0 0 0 
0.247757923787079 832 0 0 0 
0.247977817971115 833 0 0 0 
0.248876738814476 832 0 0 0 
0.24951685895587 831 0 0 0 
0.249720842836937 832 0 0 0 
0.250206401973851 833 0 0 0 
0.25023691708691 832 0 0 0 
0.251752264501773 833 0 0 0 
0.252852817500509 832 0 0 0 
0.253254760425501 833 0 0 0 
0.254235721327452 832 0 0 0 
0.254479041038114 831 0 0 0 
0.254727090459939 830 0 0 0 
0.254754698906883 829 0 0 0 
0.255107357467827 830 0 0 0 
0.255370012370055 829 0 0 0 
0.255505395919894 828 0 0 0 
0.256223121261068 827 0 0 0 
0.256483865963697 826 0 0 0 
0.257482435419196 825 0 0 0 
0.257564668881527 824 0 0 0 
0.258949579080017 823 0 0 0 
0.259989407619449 824 0 0 0 
0.260013205248008 823 0 0 0 
0.261328796712923 824 0 0 0 
0.262119727554727 823 0 0 0 
0.263012317965145 822 0 0 0 
0.263056870805991 821 0 0 0 
0.263355546978155 822 0 0 0 
0.263546654518928 823 0 0 0 
0.26361911065178 822 0 0 0 
0.264475737535759 821 0 0 0 
0.26486583462759 822 0 0 0 
0.264881729180386 823 0 0 0 
0.265518655068681 822 0 0 0 
0.26558220017147 823 0 0 0 
0.265748353987806 822 0 0 0 
0.265916431611035 821 0 0 0 
0.2666273165559 820 0 0 0 
0.266941257449979 819 0 0 0 
0.267339348210265 818 0 0 0 
0.267875681844046 817 0 0 0 
0.267953504680974 818 0 0 0 
0.268401546130742 817 0 0 0 
0.268620969037672 816 0 0 0 
0.268822714086832 815 0 0 0 
0.270420211380593 814 0 0 0 
0.271007604651697 813 0 0 0 
0.271903989766502 812 0 0 0 
0.272378406546328 811 0 0 0 
0.272476302805776 812 0 0 0 
0.272476757377398 811 0 0 0 
0.272523802548025 810 0 0 0 
0.272566172441729 809 0 0 0 
0.273453833249222 810 0 0 0 
0.273626629786924 809 0 0 0 
0.274067615872151 808 0 0 0 
0.274998428546013 807 0 0 0 
0.276426871300788 808 0 0 0 
0.276696525231168 807 0 0 0 
0.27699610568503 806 0 0 0 
0.277153231817245 805 0 0 0 
0.277301242697446 806 0 0 0 
0.277508694639292 807 0 0 0 
0.277524460265183 806 0 0 0 
0.277735662932667 805 0 0 0 
0.27801619207761 804 0 0 0 
0.278772049273881 803 0 0 0 
0.279330717050291 802 0 0 0 
0.280427850568577 801 0 0 0 
0.280686904870393 800 0 0 0 
0.280804116959758 799 0 0 0 
0.281079961071131 798 0 0 0 
0.281277435187512 797 0 0 0 
0.281614960297397 796 0 0 0 
0.281676725582707 795 0 0 0 
0.283384112866114 794 0 0 0 
0.283673961077869 795 0 0 0 
0.284502842532782 796 0 0 0 
0.286023988476499 797 0 0 0 
0.286933371222771 796 0 0 0 
0.28756104625738 797 0 0 0 
0.287711410310237 798 0 0 0 
0.288822863433255 797 0 0 0 
0.290698294303481 798 0 0 0 
0.29075070448152 799 0 0 0 
0.291002307546697 798 0 0 0 
0.291938185467511 799 0 0 0 
0.292014375446283 798 0 0 0 
0.292055270786991 797 0 0 0 
0.292214784232269 796 0 0 0 
0.292271003506979 795 0 0 0 
0.293088248883935 794 0 0 0 
0.293888446220731 795 0 0 0 
0.2939351395552 794 0 0 0 
0.29550112991438 793 0 0 0 
0.295544423958598 792 0 0 0 
0.296786453279132 793 0 0 0 
0.296804676203136 792 0 0 0 
0.296981375181465 791 0 0 0 
0.297211668209831 790 0 0 0 
0.297396995256507 791 0 0 0 
0.297699277856507 790 0 0 0 
0.298077819002426 789 0 0 0 
0.298208160885129 788 0 0 0 
0.299164154539474 789 0 0 0 
0.299347992915131 790 0 0 0 
0.299799791465897 789 0 0 0 
0.300463537294439 788 1 0 0 
0.300465154468607 787 1 0 0 
0.300585174038148 786 1 0 0 
0.300749179624145 785 1 0 0 
0.301433529349027 786 1 0 0 
0.301755583771284 785 1 0 0 
0.302078942532539 784 1 0 0 
0.302285330555082 783 1 0 0 
0.30249149468842 782 1 0 0 
0.30254093722238 783 1 0 0 
0.303620058499101 784 1 0 0 
0.304069491809916 783 1 0 0 
0.304203209632762 782 1 0 0 
0.304409739266191 781 1 0 0 
0.30471220774505 782 1 0 0 
0.305217900045005 783 1 0 0 
0.306133263908399 784 1 0 0 
0.306279795336791 783 1 0 0 
0.306396492162072 782 1 0 0 
0.307030876181727 781 1 0 0 
0.307195175483098 782 1 0 0 
0.307799969542116 781 1 0 0 
0.3078236526584 782 1 0 0 
0.308448695764663 781 1 0 0 
0.309618524187094 780 1 0 0 
0.310539831529155 779 1 0 0 
0.310767322905101 778 1 0 0 
0.311013034029028 777 1 0 0 
0.311759150712104 778 1 0 0 
0.312265899899619 779 1 0 0 
0.312530909905711 778 1 0 0 
0.312672020387026 779 1 0 0 
0.312820841495231 780 1 0 0 
0.312889629896778 779 1 0 0 
0.313593659050672 778 1 0 0 
0.313656952765813 777 1 0 0 
0.313959627732071 776 1 0 0 
0.314666875483374 775 1 0 0 
0.314818722487698 774 1 0 0 
0.31596615250074 773 1 0 0 
0.31684838074363 772 1 0 0 
0.317503622812179 773 1 0 0 
0.31833186855898 772 1 0 0 
0.319553442989779 773 1 0 0 
0.321763057421582 774 1 0 0 
0.321984049216103 775 1 0 0 
0.322202189854576 774 1 0 0 
0.322779604641895 775 1 0 0 
0.323459979437522 776 1 0 0 
0.323597552590621 775 1 0 0 
0.32367722050882 774 1 0 0 
0.323822627428631 773 1 0 0 
0.323824347619401 774 1 0 0 
0.324030886870095 773 1 0 0 
0.32417956290688 772 1 0 0 
0.324368474107288 771 1 0 0 
0.324538288360372 770 1 0 0 
0.324583470141712 771 1 0 0 
0.324697779982794 772 1 0 0 
0.325171706785376 771 1 0 0 
0.325619005305466 772 1 0 0 
0.327946388723117 771 1 0 0 
0.328483342990256 772 1 0 0 
0.328498072161382 771 1 0 0 
0.329878077773852 770 1 0 0 
0.330064915887528 769 1 0 0 
0.330420495762634 770 1 0 0 
0.330607928760388 771 1 0 0 
0.331402778930042 770 1 0 0 
0.331493715870039 771 1 0 0 
0.331778880830109 770 1 0 0 
0.332095486351538 769 1 0 0 
0.333273216980476 770 1 0 0 
0.334146263014685 769 1 0 0 
0.33429412426302 768 1 0 0 
0.334852404756179 767 1 0 0 
0.335198713397749 766 1 0 0 
0.336088663274704 765 1 0 0 
0.336143665861821 766 1 0 0 
0.337027063565954 767 1 0 0 
0.337509648632412 766 1 0 0 
0.338307962872248 767 1 0 0 
0.339385803482496 768 1 0 0 
0.339682065262716 767 1 0 0 
0.340841151879497 766 1 0 0 
0.340867332150308 765 1 0 0 
0.341242406323948 764 1 0 0 
0.341939324359612 765 1 0 0 
0.342031456322195 764 1 0 0 
0.342162639719392 763 1 0 0 
0.342359003655386 764 1 0 0 
0.342784536705707 763 1 0 0 
0.34311147313574 762 1 0 0 
0.343857092334823 763 1 0 0 
0.344253611225484 762 1 0 0 
0.344573029466816 763 1 0 0 
0.344718617105997 762 1 0 0 
0.345093326859724 763 1 0 0 
0.345130649894502 762 1 0 0 
0.345937202497725 763 1 0 0 
0.346094020294447 764 1 0 0 
0.346218702254916 763 1 0 0 
0.346851506897156 762 1 0 0 
0.347112677665284 761 1 0 0 
0.347960121903177 760 1 0 0 
0.347984618963702 761 1 0 0 
0.348037105721131 762 1 0 0 
0.348438163007139 763 1 0 0 
0.349023424235326 762 1 0 0 
0.349657326965226 761 1 0 0 
0.349684102941796 762 1 0 0 
0.349839269641938 761 1 0 0 
0.349895095665635 760 1 0 0 
0.350040094179008 759 1 0 0 
0.350207194352508 758 1 0 0 
0.351504100146783 759 1 0 0 
0.351780642655345 760 1 0 0 
0.352356955668144 759 1 0 0 
0.354112901979562 758 1 0 0 
0.35418105519108 757 1 0 0 
0.354265568653963 756 1 0 0 
0.354495427758628 757 1 0 0 
0.354703975597926 756 1 0 0 
0.354897441435124 755 1 0 0 
0.35498432905895 754 1 0 0 
0.356272798810518 753 1 0 0 
0.356706962705279 754 1 0 0 
0.357549507157319 753 1 0 0 
0.357609655886247 752 1 0 0 
0.357926618421115 751 1 0 0 
0.358459455525085 750 1 0 0 
0.358771552880041 749 1 0 0 
0.359078670785739 748 1 0 0 
0.359978858244343 749 1 0 0 
0.360587635952624 750 1 0 0 
0.36063820193048 749 1 0 0 
0.360653598952843 748 1 0 0 
0.360856538962518 747 1 0 0 
0.361428900205729 748 1 0 0 
0.363092474956289 749 1 0 0 
0.363470921450594 750 1 0 0 
0.363703390442055 749 1 0 0 
0.363874117519662 748 1 0 0 
0.363879247994093 749 1 0 0 
0.363945031090394 748 1 0 0 
0.364515904664359 747 1 0 0 
0.364527024358071 748 1 0 0 
0.364625632412923 747 1 0 0 
0.364785497129741 748 1 0 0 
0.364827971419816 747 1 0 0 
0.365034170047722 746 1 0 0 
0.366325090997999 747 1 0 0 
0.367243361350809 748 1 0 0 
0.367263164065749 749 1 0 0 
0.36765788335905 748 1 0 0 
0.367983356453329 747 1 0 0 
0.368234460729205 746 1 0 0 
0.36849777680984 745 1 0 0 
0.368756302443956 744 1 0 0 
0.368829877781318 743 1 0 0 
0.368866290768571 742 1 0 0 
0.370033249755227 741 1 0 0 
0.370191607712399 740 1 0 0 
0.370879890061028 739 1 0 0 
0.370998068130266 738 1 0 0 
0.371136137716953 739 1 0 0 
0.371424788981509 738 1 0 0 
0.371727883644548 737 1 0 0 
0.374146296747887 736 1 0 0 
0.374461107340782 737 1 0 0 
0.374898233616935 738 1 0 0 
0.374987786242949 737 1 0 0 
0.375243328729125 736 1 0 0 
0.37649535463583 735 1 0 0 
0.377345595293749 734 1 0 0 
0.377352385765964 735 1 0 0 
0.377494919989678 734 1 0 0 
0.377635529255152 733 1 0 0 
0.377794889156999 732 1 0 0 
0.377994057113982 733 1 0 0 
0.378585043536054 734 1 0 0 
0.378587339522547 735 1 0 0 
0.379556627306934 734 1 0 0 
0.380021130062912 735 1 0 0 
0.380169039749763 734 1 0 0 
0.380393075710109 733 1 0 0 
0.381394400121006 732 1 0 0 
0.381397280080818 731 1 0 0 
0.381585687542347 730 1 0 0 
0.381661412158375 729 1 0 0 
0.381788864476183 728 1 0 0 
0.382164930445747 729 1 0 0 
0.382601495779039 728 1 0 0 
0.382850358044467 727 1 0 0 
0.384037892640571 728 1 0 0 
0.384426917845935 729 1 0 0 
0.384653679161911 728 1 0 0 
0.384660236737985 729 1 0 0 
0.384672449720881 728 1 0 0 
0.386098736271801 727 1 0 0 
0.386209907786517 726 1 0 0 
0.387366427531425 725 1 0 0 
0.387941991218325 726 1 0 0 
0.388452536197925 725 1 0 0 
0.388553723217566 724 1 0 0 
0.389525142038588 723 1 0 0 
0.391265135425944 722 1 0 0 
0.39136652027332 723 1 0 0 
0.391423368163563 724 1 0 0 
0.391773450700496 723 1 0 0 
0.391817886059902 722 1 0 0 
0.391918024691615 721 1 0 0 
0.391920665718276 722 1 0 0 
0.392341759842778 723 1 0 0 
0.393599121159786 722 1 0 0 
0.395539926047774 721 1 0 0 
0.395620660889014 720 1 0 0 
0.395630330765236 721 1 0 0 
0.39581984323365 720 1 0 0 
0.396094768068417 719 1 0 0 
0.396110430255208 720 1 0 0 
0.397085880234459 719 1 0 0 
0.397195063344822 718 1 0 0 
0.397322663796039 717 1 0 0 
0.398303212657454 716 1 0 0 
0.398740024156828 717 1 0 0 
0.399121456619972 716 1 0 0 
0.400272877459206 715 1 0 0 
0.400579596518189 716 1 0 0 
0.400701457974914 715 1 0 0 
0.400830282812917 714 1 0 0 
0.400982487524875 713 1 0 0 
0.401231862009528 712 1 0 0 
0.402631522392698 711 1 0 0 
0.403141237258142 710 1 0 0 
0.404584673359255 709 1 0 0 
0.404624375308816 710 1 0 0 
0.406667988068363 709 1 0 0 
0.407317740934478 708 1 0 0 
0.407789358981794 707 1 0 0 
0.408089035920765 706 1 0 0 
0.408601200584171 705 1 0 0 
0.408740538495391 706 1 0 0 
0.410384173124528 707 1 0 0 
0.410501377181753 708 1 0 0 
0.410790724551137 707 1 0 0 
0.412645225200598 708 1 0 0 
0.413160099207017 709 1 0 0 
0.414340170156862 708 1 0 0 
0.41459949277657 707 1 0 0 
0.414697442070895 706 1 0 0 
0.415346605068815 705 1 0 0 
0.415363365197447 706 1 0 0 
0.415628407440965 705 1 0 0 
0.416214765105349 706 1 0 0 
0.416585352043546 705 1 0 0 
0.416629320836938 704 1 0 0 
0.41695431543301 703 1 0 0 
0.416971408532492 702 1 0 0 
0.41767079832308 701 1 0 0 
0.417889865251646 702 1 0 0 
0.418744562623255 701 1 0 0 
0.419469325846837 700 1 0 0 
0.419564029683075 699 1 0 0 
0.419602577609971 700 1 0 0 
0.419785251642753 699 1 0 0 
0.419981669291689 700 1 0 0 
0.420242309189156 701 1 0 0 
0.421538230313011 700 1 0 0 
0.422750262591525 701 1 0 0 
0.423110605490727 700 1 0 0 
0.423574639099918 701 1 0 0 
0.423691414317497 700 1 0 0 
0.423951290507311 699 1 0 0 
0.424414418386553 700 1 0 0 
0.424594458741372 699 1 0 0 
0.42480804864337 698 1 0 0 
0.42560714705273 699 1 0 0 
0.42604952046015 698 1 0 0 
0.426209050923516 697 1 0 0 
0.427262278583562 698 1 0 0 
0.427573827687692 699 1 0 0 
0.428551225344354 698 1 0 0 
0.428896166433557 697 1 0 0 
0.429805821168962 696 1 0 0 
0.430254554713358 695 1 0 0 
0.430299000546027 694 1 0 0 
0.432067249916648 693 1 0 0 
0.432131959842882 694 1 0 0 
0.432339601347271 693 1 0 0 
0.433133481741428 692 1 0 0 
0.433425465698125 691 1 0 0 
0.433902285022283 690 1 0 0 
0.43405096969667 689 1 0 0 
0.43405327182025 688 1 0 0 
0.434626216397262 689 1 0 0 
0.436171689190687 688 1 0 0 
0.436190277435341 687 1 0 0 
0.436909529897721 686 1 0 0 
0.437884784131203 685 1 0 0 
0.437969041720671 686 1 0 0 
0.438403283433655 687 1 0 0 
0.438504298252518 688 1 0 0 
0.438622117627166 689 1 0 0 
0.438747852133779 688 1 0 0 
0.439138626380632 687 1 0 0 
0.439527456597828 686 1 0 0 
0.440398219213337 685 1 0 0 
0.440681560392039 686 1 0 0 
0.440959421002149 687 1 0 0 
0.442513665168126 688 1 0 0 
0.442823889640427 687 1 0 0 
0.44432357051074 686 1 0 0 
0.444750396918443 687 1 0 0 
0.445126295623368 686 1 0 0 
0.44650935481227 685 1 0 0 
0.447150153748067 686 1 0 0 
0.447174397681815 685 1 0 0 
0.447705427611898 686 1 0 0 
0.448134436598493 685 1 0 0 
0.448600067770456 684 1 0 0 
0.449091068974908 683 1 0 0 
0.44916447113756 682 1 0 0 
0.44950253260797 681 1 0 0 
0.449546563762568 680 1 0 0 
0.451213155500741 679 1 0 0 
0.451520275399205 680 1 0 0 
0.451522498123539 679 1 0 0 
0.451560242302488 678 1 0 0 
0.452143923296767 677 1 0 0 
0.45254447328866 676 1 0 0 
0.453180018047808 675 1 0 0 
0.453940103021435 674 1 0 0 
0.454483372427808 673 1 0 0 
0.45468897222293 672 1 0 0 
0.454786350781731 671 1 0 0 
0.455110243426191 670 1 0 0 
0.455302721491412 669 1 0 0 
0.455348628489105 668 1 0 0 
0.455700199807632 669 1 0 0 
0.455729050630462 670 1 0 0 
0.456051718727939 671 1 0 0 
0.456340912238902 672 1 0 0 
0.456675986603231 673 1 0 0 
0.457617701792115 672 1 0 0 
0.45761938567929 671 1 0 0 
0.458133117020642 670 1 0 0 
0.458350864998132 669 1 0 0 
0.458389045455057 668 1 0 0 
0.45862049748344 667 1 0 0 
0.459414459307099 666 1 0 0 
0.460050958134476 667 1 0 0 
0.460287758532429 666 1 0 0 
0.460651474429807 665 1 0 0 
0.461450669540439 664 1 0 0 
0.461856494996214 663 1 0 0 
0.462660978205508 662 1 0 0 
0.462872226388007 663 1 0 0 
0.46437155456464 664 1 0 0 
0.464382817816046 665 1 0 0 
0.466015526649059 664 1 0 0 
0.466492948786896 663 1 0 0 
0.46712359670772 662 1 0 0 
0.467267261207475 663 1 0 0 
0.467732038285013 664 1 0 0 
0.46809903310664 663 1 0 0 
0.46827840169073 662 1 0 0 
0.468898513183338 663 1 0 0 
0.469348557079795 662 1 0 0 
0.470000241861285 663 1 0 0 
0.470050587967667 662 1 0 0 
0.470432175790135 663 1 0 0 
0.470440681161764 662 1 0 0 
0.471057061137329 661 1 0 0 
0.471086601261585 662 1 0 0 
0.472125249957447 663 1 0 0 
0.472194823781438 664 1 0 0 
0.473462666032054 663 1 0 0 
0.474096138656249 664 1 0 0 
0.474365012995811 665 1 0 0 
0.475371555309004 666 1 0 0 
0.47553046644695 665 1 0 0 
0.475852454579997 664 1 0 0 
0.476207203042381 663 1 0 0 
0.476528311084252 664 1 0 0 
0.476648811532581 663 1 0 0 
0.476719655473738 662 1 0 0 
0.477626901632393 661 1 0 0 
0.478809279711245 660 1 0 0 
0.47922949931646 659 1 0 0 
0.479540228244604 658 1 0 0 
0.480339716435897 657 1 0 0 
0.480662600922156 656 1 0 0 
0.481856727935257 657 1 0 0 
0.483736328126261 656 1 0 0 
0.483831736210545 655 1 0 0 
0.483926684912818 656 1 0 0 
0.484262561813884 655 1 0 0 
0.484711153096453 656 1 0 0 
0.484834313630209 655 1 0 0 
0.484867808081585 654 1 0 0 
0.485227757871947 653 1 0 0 
0.486466895166611 654 1 0 0 
0.486956133406961 653 1 0 0 
0.487122505780139 652 1 0 0 
0.487477639809619 653 1 0 0 
0.488167463231706 652 1 0 0 
0.488413584674495 653 1 0 0 
0.489022205242325 654 1 0 0 
0.491309645208844 653 1 0 0 
0.49150128543875 654 1 0 0 
0.491981130021395 653 1 0 0 
0.492416584252954 652 1 0 0 
0.492418184655603 653 1 0 0 
0.492484200259053 654 1 0 0 
0.492800221519255 653 1 0 0 
0.493048477340412 654 1 0 0 
0.493091093878662 653 1 0 0 
0.493353676407397 654 1 0 0 
0.493757312790397 653 1 0 0 
0.493900712508172 652 1 0 0 
0.496338034743006 653 1 0 0 
0.497225385110839 654 1 0 0 
0.497749613544095 653 1 0 0 
0.498298975326264 652 1 0 0 
0.498656662040522 651 1 0 0 
0.499463702100775 652 1 0 0 
0.502104177907956 651 1 0 0 
0.502403021984385 652 1 0 0 
0.502422025970563 653 1 0 0 
0.50291476577271 652 1 0 0 
0.50462531663662 653 1 0 0 
0.505547918810577 654 1 0 0 
0.505752319096925 653 1 0 0 
0.505760236912872 652 1 0 0 
0.506989354627541 651 1 0 0 
0.507227570046571 652 1 0 0 
0.507527794485864 651 1 0 0 
0.508075455939433 652 1 0 0 
0.508163404451834 651 1 0 0 
0.508340165008062 652 1 0 0 
0.508455990312285 651 1 0 0 
0.50879523982354 650 1 0 0 
0.50940651978282 649 1 0 0 
0.510209009005524 650 1 0 0 
0.510571148280324 649 1 0 0 
0.510708077690774 648 1 0 0 
0.510791490912847 647 1 0 0 
0.511710839389662 648 1 0 0 
0.511933950894227 647 1 0 0 
0.513122969730298 648 1 0 0 
0.513877029046637 647 1 0 0 
0.513971887017203 648 1 0 0 
0.515063410744235 649 1 0 0 
0.516110226680707 650 1 0 0 
0.51631734621845 651 1 0 0 
0.516960551414554 650 1 0 0 
0.517393923293694 649 1 0 0 
0.518586784526305 648 1 0 0 
0.518859575973803 649 1 0 0 
0.519002287966932 648 1 0 0 
0.519546243683885 647 1 0 0 
0.521568037814326 646 1 0 0 
0.5220501446858 647 1 0 0 
0.522172901082908 648 1 0 0 
0.522956080444197 649 1 0 0 
0.522974827569438 648 1 0 0 
0.523852140732806 647 1 0 0 
0.52472007666504 646 1 0 0 
0.525744856265842 645 1 0 0 
0.526065990613229 644 1 0 0 
0.527835638666466 643 1 0 0 
0.528572732967345 644 1 0 0 
0.529147012150296 643 1 0 0 
0.5294437198748 644 1 0 0 
0.529864275332608 643 1 0 0 
0.530210492253224 642 1 0 0 
0.531039434966332 641 1 0 0 
0.532365330270519 640 1 0 0 
0.532719342564316 639 1 0 0 
0.532770664460854 638 1 0 0 
0.53433356830033 639 1 0 0 
0.534536008275852 640 1 0 0 
0.535050569698602 639 1 0 0 
0.53563964116267 638 1 0 0 
0.535762388814659 639 1 0 0 
0.53643634408059 640 1 0 0 
0.536852950120567 639 1 0 0 
0.536992528199299 640 1 0 0 
0.537195636220738 639 1 0 0 
0.537475893263324 638 1 0 0 
0.537970011706603 639 1 0 0 
0.538675551275309 638 1 0 0 
0.539319859933208 637 1 0 0 
0.5400183752313 636 1 0 0 
0.540276730043764 637 1 0 0 
0.540594848000583 636 1 0 0 
0.540655926945435 637 1 0 0 
0.541040994836163 636 1 0 0 
0.541266349196573 637 1 0 0 
0.541432465885968 638 1 0 0 
0.541802148159319 637 1 0 0 
0.542245258293907 636 1 0 0 
0.542944417815244 635 1 0 0 
0.543820008695274 634 1 0 0 
0.54408395730458 635 1 0 0 
0.544797458168585 634 1 0 0 
0.545314430094584 635 1 0 0 
0.545354459960514 636 1 0 0 
0.545753563260522 637 1 0 0 
0.546314223245898 636 1 0 0 
0.546992806250738 635 1 0 0 
0.54764839223268 634 1 0 0 
0.547851783439889 633 1 0 0 
0.547876995609505 632 1 0 0 
0.548961636091324 631 1 0 0 
0.549197464077892 630 1 0 0 
0.549226251165251 631 1 0 0 
0.549236346934074 630 1 0 0 
0.549622054666431 629 1 0 0 
0.549845844344745 628 1 0 0 
0.550002862690405 629 1 0 0 
0.551089315565263 628 1 0 0 
0.551650741004107 629 1 0 0 
0.552095948368189 628 1 0 0 
0.552161922143013 629 1 0 0 
0.552914887013038 630 1 0 0 
0.553062691281057 629 1 0 0 
0.5531391755695 628 1 0 0 
0.553673147585804 627 1 0 0 
0.553682263203223 626 1 0 0 
0.55414882228506 625 1 0 0 
0.554668834919914 624 1 0 0 
0.555017657536088 623 1 0 0 
0.555081522038776 622 1 0 0 
0.55575856823562 621 1 0 0 
0.555895381773181 620 1 0 0 
0.55600367327004 619 1 0 0 
0.556570918240716 618 1 0 0 
0.556783191281155 619 1 0 0 
0.557405505226131 618 1 0 0 
0.557427819713626 617 1 0 0 
0.557634285081957 618 1 0 0 
0.558005686006918 617 1 0 0 
0.558036498955861 616 1 0 0 
0.558099194486569 617 1 0 0 
0.55923296681047 618 1 0 0 
0.559442236321334 619 1 0 0 
0.560122443218537 618 1 0 0 
0.560395291166197 617 1 0 0 
0.560727297303629 618 1 0 0 
0.560885414413823 619 1 0 0 
0.561482641406961 618 1 0 0 
0.56268222516367 617 1 0 0 
0.562733162957786 618 1 0 0 
0.563615701878124 617 1 0 0 
0.563884571580734 616 1 0 0 
0.564197863978802 615 1 0 0 
0.564336741927069 616 1 0 0 
0.565221834147835 615 1 0 0 
0.566119042065213 614 1 0 0 
0.566184691375606 613 1 0 0 
0.566254244290581 614 1 0 0 
0.566273104303651 615 1 0 0 
0.568676092910688 614 1 0 0 
0.569299000405421 613 1 0 0 
0.570123605615357 612 1 0 0 
0.570419480129324 611 1 0 0 
0.570777913059467 610 1 0 0 
0.571446238188226 609 1 0 0 
0.572682975156195 610 1 0 0 
0.572935672238235 609 1 0 0 
0.574042195927566 608 1 0 0 
0.575182176644362 607 1 0 0 
0.575249424263985 606 1 0 0 
0.576216783881049 605 1 0 0 
0.576916702560214 604 1 0 0 
0.577839430965082 603 1 0 0 
0.578967827788576 604 1 0 0 
0.580097600651182 603 1 0 0 
0.581086016922743 602 1 0 0 
0.581091060209763 603 1 0 0 
0.581165099168404 602 1 0 0 
0.581263863413867 601 1 0 0 
0.58167450107907 600 1 0 0 
0.582530705019988 601 1 0 0 
0.582643740967987 600 1 0 0 
0.582741626179186 599 1 0 0 
0.583022652373608 600 1 0 0 
0.583279131514158 601 1 0 0 
0.584431006675477 600 1 0 0 
0.584465962652245 601 1 0 0 
0.584838777463696 600 1 0 0 
0.585369656841947 599 1 0 0 
0.585627250587734 598 1 0 0 
0.586218434704616 597 1 0 0 
0.587034414153752 598 1 0 0 
0.58978505741203 599 1 0 0 
0.590011109556254 600 1 0 0 
0.590675741814684 599 1 0 0 
0.590717301687828 598 1 0 0 
0.591260674850865 597 1 0 0 
0.591595541568086 598 1 0 0 
0.592333415867186 597 1 0 0 
0.592549436049996 596 1 0 0 
0.592655394356389 597 1 0 0 
0.592679034724734 596 1 0 0 
0.593831286859829 595 1 0 0 
0.594698669162317 594 1 0 0 
0.595198725237582 595 1 0 0 
0.595796375519486 596 1 0 0 
0.597288246350265 595 1 0 0 
0.59733227263668 594 1 0 0 
0.5982477079269 593 1 0 0 
0.599816256549369 592 1 0 0 
0.600141304563524 591 1 0 0 
0.600155957430549 592 1 0 0 
0.602297086904549 593 1 0 0 
0.602297239056265 593 0 0 0 
0.603449456000939 592 0 0 0 
0.604792016605552 591 0 0 0 
0.6057019910758 590 0 0 0 
0.60834409826364 589 0 0 0 
0.609013324111541 588 0 0 0 
0.609128798526491 587 0 0 0 
0.609251699250087 586 0 0 0 
0.61016819068857 587 0 0 0 
0.610394104565561 588 0 0 0 
0.610670977548372 589 0 0 0 
0.611012163599063 588 0 0 0 
0.611127259020437 589 0 0 0 
0.612702601935788 590 0 0 0 
0.613837858792393 591 0 0 0 
0.613940410266897 592 0 0 0 
0.614285957688581 593 0 0 0 
0.615206989571657 594 0 0 0 
0.615431928572626 593 0 0 0 
0.616307846805673 592 0 0 0 
0.617676697307955 591 0 0 0 
0.617716300195555 590 0 0 0 
0.617995388010792 589 0 0 0 
0.618047220775498 588 0 0 0 
0.61851784268759 587 0 0 0 
0.619602259184328 586 0 0 0 
0.619719347010767 587 0 0 0 
0.61972488550947 586 0 0 0 
0.619976349702155 585 0 0 0 
0.620236869015831 586 0 0 0 
0.620354134752461 585 0 0 0 
0.621258531904814 584 0 0 0 
0.621439640235294 583 0 0 0 
0.621652282820334 584 0 0 0 
0.62179485808511 583 0 0 0 
0.621842254692254 582 0 0 0 
0.622408724867209 581 0 0 0 
0.623048001325597 582 0 0 0 
0.623167815601708 583 0 0 0 
0.623413693022476 582 0 0 0 
0.623874253170804 581 0 0 0 
0.623917904516903 580 0 0 0 
0.623966970381868 581 0 0 0 
0.624036252980508 580 0 0 0 
0.624592378148184 579 0 0 0 
0.624687747619856 578 0 0 0 
0.624748930076867 577 0 0 0 
0.624845184193968 578 0 0 0 
0.625749661322547 579 0 0 0 
0.626116787738546 578 0 0 0 
0.626173721604427 579 0 0 0 
0.626390137321076 578 0 0 0 
0.626519870210531 577 0 0 0 
0.627106721847344 578 0 0 0 
0.627898154028941 579 0 0 0 
0.627987550173188 578 0 0 0 
0.628551968937732 577 0 0 0 
0.62888894990308 576 0 0 0 
0.629232840169414 577 0 0 0 
0.629256220200305 576 0 0 0 
0.62958806031612 575 0 0 0 
0.629723062761097 576 0 0 0 
0.630170174849158 575 0 0 0 
0.630183156701289 576 0 0 0 
0.630543659636436 577 0 0 0 
0.630703463025098 576 0 0 0 
0.630714342053092 575 0 0 0 
0.631179119740053 574 0 0 0 
0.631949312058768 575 0 0 0 
0.632141091849567 576 0 0 0 
0.632796253896804 575 0 0 0 
0.633938852529505 574 0 0 0 
0.634499666415372 573 0 0 0 
0.634942438870664 574 0 0 0 
0.635115231669017 575 0 0 0 
0.635357088992163 574 0 0 0 
0.635394894932394 575 0 0 0 
0.635657446395842 574 0 0 0 
0.636335157832362 575 0 0 0 
0.636830864154757 574 0 0 0 
0.636933179520519 575 0 0 0 
0.63697791601425 574 0 0 0 
0.639113189700269 573 0 0 0 
0.639477895593867 572 0 0 0 
0.639551856047811 573 0 0 0 
0.640581387172433 572 0 0 0 
0.641467049292977 571 0 0 0 
0.642327942532727 570 0 0 0 
0.643109605497696 569 0 0 0 
0.643231091567911 568 0 0 0 
0.643341431478275 569 0 0 0 
0.643767900349588 570 0 0 0 
0.643975070909424 571 0 0 0 
0.64429468070706 572 0 0 0 
0.645225322641354 571 0 0 0 
0.645357972636631 570 0 0 0 
0.645475725164989 571 0 0 0 
0.645547435185954 570 0 0 0 
0.646161778937297 569 0 0 0 
0.646367083940684 570 0 0 0 
0.646989503219933 569 0 0 0 
0.64776142609003 570 0 0 0 
0.647903571637805 569 0 0 0 
0.648777381257319 568 0 0 0 
0.649428906904048 567 0 0 0 
0.649889467333296 566 0 0 0 
0.651398589778625 565 0 0 0 
0.652794013466133 564 0 0 0 
0.653402219660208 563 0 0 0 
0.653444366836921 562 0 0 0 
0.653626540887724 563 0 0 0 
0.654267086337628 562 0 0 0 
0.654312482303659 561 0 0 0 
0.654747087810493 560 0 0 0 
0.655102953266728 561 0 0 0 
0.657063387480824 560 0 0 0 
0.657138705830471 559 0 0 0 
0.657151538395021 558 0 0 0 
0.657327672364472 559 0 0 0 
0.657562405755126 558 0 0 0 
0.657754331264996 557 0 0 0 
0.658205345938558 558 0 0 0 
0.658789157727115 557 0 0 0 
0.659025523431683 558 0 0 0 
0.659166818972207 559 0 0 0 
0.659444155511617 558 0 0 0 
0.659719869742341 557 0 0 0 
0.660458599293586 556 0 0 0 
0.660962481974422 555 0 0 0 
0.662957506732642 556 0 0 0 
0.662973129913695 555 0 0 0 
0.664733690355289 556 0 0 0 
0.666468869387851 555 0 0 0 
0.666596545639922 554 0 0 0 
0.667278517755841 555 0 0 0 
0.667590533507716 554 0 0 0 
0.668234298890631 553 0 0 0 
0.668331894825853 552 0 0 0 
0.668752525632845 553 0 0 0 
0.669170347971321 554 0 0 0 
0.669267296265353 553 0 0 0 
0.669622796959156 554 0 0 0 
0.669770346391727 553 0 0 0 
0.670743020860523 552 0 0 0 
0.671893881192017 551 0 0 0 
0.672455369192877 550 0 0 0 
0.673314216290254 551 0 0 0 
0.674450845098004 550 0 0 0 
0.675146717853822 549 0 0 0 
0.675165128441711 548 0 0 0 
0.677618394789206 549 0 0 0 
0.67928338422346 548 0 0 0 
0.679463043305772 549 0 0 0 
0.679999173643111 548 0 0 0 
0.681180898640693 547 0 0 0 
0.683201637378447 546 0 0 0 
0.683420648287048 547 0 0 0 
0.684633129732942 546 0 0 0 
0.68526723436882 545 0 0 0 
0.685669095216971 544 0 0 0 
0.685852546367914 545 0 0 0 
0.686708922986001 544 0 0 0 
0.6869315691223 543 0 0 0 
0.687748098943976 544 0 0 0 
0.688793918517759 543 0 0 0 
0.689175839376278 542 0 0 0 
0.689502045530756 541 0 0 0 
0.689671272890997 540 0 0 0 
0.689837135787753 541 0 0 0 
0.690483775857019 542 0 0 0 
0.69569540788216 543 0 0 0 
0.697553983586333 542 0 0 0 
0.699237848988363 541 0 0 0 
0.699538444365628 540 0 0 0 
0.699588892269546 539 0 0 0 
0.699897632851152 538 0 0 0 
0.701381372694053 537 0 0 0 
0.702060351724605 536 0 0 0 
0.702701685276539 537 0 0 0 
0.703239606225822 538 0 0 0 
0.703780621458341 539 0 0 0 
0.704876756040254 540 0 0 0 
0.705413318784303 539 0 0 0 
0.706163667859051 538 0 0 0 
0.706262084815491 537 0 0 0 
0.706554416461466 538 0 0 0 
0.706978639958067 537 0 0 0 
0.708313797883807 536 0 0 0 
0.708335631823367 535 0 0 0 
0.708466183215942 534 0 0 0 
0.709419923081834 533 0 0 0 
0.711154694739729 532 0 0 0 
0.711212282809143 533 0 0 0 
0.712466560303904 532 0 0 0 
0.71269154133194 531 0 0 0 
0.712854921008023 530 0 0 0 
0.712856192482512 529 0 0 0 
0.714182633294552 528 0 0 0 
0.714584847280191 529 0 0 0 
0.714700773885929 528 0 0 0 
0.715933901659317 529 0 0 0 
0.716728400724123 530 0 0 0 
0.716833642395965 529 0 0 0 
0.717055742304308 528 0 0 0 
0.717274066709021 527 0 0 0 
0.71749801971234 528 0 0 0 
0.717636900504118 527 0 0 0 
0.718433880262887 526 0 0 0 
0.718696130894881 525 0 0 0 
0.719234383723548 524 0 0 0 
0.719532041561436 523 0 0 0 
0.720111347811191 524 0 0 0 
0.721234734816809 525 0 0 0 
0.722015710565681 524 0 0 0 
0.72241485909084 525 0 0 0 
0.722638074415985 524 0 0 0 
0.723534760297481 523 0 0 0 
0.723846397439953 522 0 0 0 
0.724059758374216 521 0 0 0 
0.724149222435404 520 0 0 0 
0.724256941032444 519 0 0 0 
0.724271270246155 518 0 0 0 
0.724613079237574 519 0 0 0 
0.724870079417291 520 0 0 0 
0.725912485153695 521 0 0 0 
0.726340085165557 520 0 0 0 
0.7268625159855 519 0 0 0 
0.727357826783022 518 0 0 0 
0.727905973776923 517 0 0 0 
0.728005551322672 516 0 0 0 
0.728279920272279 517 0 0 0 
0.728974128677181 516 0 0 0 
0.729750434310176 517 0 0 0 
0.73001428932356 518 0 0 0 
0.731295633330068 519 0 0 0 
0.731960317964774 520 0 0 0 
0.73299667913672 521 0 0 0 
0.733797669762426 520 0 0 0 
0.73505599768821 519 0 0 0 
0.735563036013841 520 0 0 0 
0.735757183594134 521 0 0 0 
0.736399818535524 522 0 0 0 
0.73678010051604 523 0 0 0 
0.736997745497782 522 0 0 0 
0.737599056378942 521 0 0 0 
0.738359897776601 520 0 0 0 
0.738663436146397 521 0 0 0 
0.739019477737978 520 0 0 0 
0.739262468680154 519 0 0 0 
0.739433423691537 518 0 0 0 
0.741410849320001 517 0 0 0 
0.741474238041512 516 0 0 0 
0.743030157539026 515 0 0 0 
0.743070738890678 514 0 0 0 
0.743547450079758 513 0 0 0 
0.744068805146127 512 0 0 0 
0.744923617251537 513 0 0 0 
0.744926604554524 512 0 0 0 
0.747177130999036 513 0 0 0 
0.748738139386456 512 0 0 0 
0.750552691661323 511 0 0 0 
0.750565540020498 510 0 0 0 
0.750785714504879 509 0 0 0 
0.750848339289453 508 0 0 0 
0.751081193186148 509 0 0 0 
0.752086198826687 508 0 0 0 
0.752512125222757 507 0 0 0 
0.752930918894233 506 0 0 0 
0.753185017574096 505 0 0 0 
0.753846195341432 504 0 0 0 
0.754296181458901 505 0 0 0 
0.754343169982592 506 0 0 0 
0.754475713496204 505 0 0 0 
0.754482788969385 504 0 0 0 
0.75453154808783 503 0 0 0 
0.754709494176937 504 0 0 0 
0.754747712574463 505 0 0 0 
0.754999487521196 504 0 0 0 
0.755993477304509 503 0 0 0 
0.756524754779171 502 0 0 0 
0.756836421326038 501 0 0 0 
0.757745210509586 500 0 0 0 
0.757933668892423 499 0 0 0 
0.75887727136608 500 0 0 0 
0.759383592929084 499 0 0 0 
0.759800511952807 498 0 0 0 
0.760415897547882 497 0 0 0 
0.760417209966387 496 0 0 0 
0.761285687360465 497 0 0 0 
0.765269936981388 496 0 0 0 
0.765607053592402 495 0 0 0 
0.765694377476104 496 0 0 0 
0.767056976426796 495 0 0 0 
0.767106862379234 494 0 0 0 
0.769186431614089 495 0 0 0 
0.770209199194002 494 0 0 0 
0.77032276319304 493 0 0 0 
0.771455398196232 492 0 0 0 
0.771521337274775 491 0 0 0 
0.771790309376971 492 0 0 0 
0.771874255343162 491 0 0 0 
0.772154395350003 490 0 0 0 
0.772559623516221 489 0 0 0 
0.774523105435739 490 0 0 0 
0.774627217400541 491 0 0 0 
0.777003881359661 490 0 0 0 
0.777193329088939 489 0 0 0 
0.777307704248546 488 0 0 0 
0.777840682648625 487 0 0 0 
0.780186492331046 486 0 0 0 
0.781085849826763 487 0 0 0 
0.781490108141983 488 0 0 0 
0.78191367568668 489 0 0 0 
0.781932222391255 488 0 0 0 
0.7828625893711 487 0 0 0 
0.783009778400322 486 0 0 0 
0.785150779453875 485 0 0 0 
0.785171032569373 484 0 0 0 
0.785462068899592 483 0 0 0 
0.786268934869756 482 0 0 0 
0.78642883132684 481 0 0 0 
0.789990704558063 480 0 0 0 
0.790344256389972 481 0 0 0 
0.79035772574269 482 0 0 0 
0.790839969759462 483 0 0 0 
0.791630980215786 484 0 0 0 
0.792009471170693 485 0 0 0 
0.7931295191541 486 0 0 0 
0.794946362172238 487 0 0 0 
0.795194223598948 486 0 0 0 
0.796279961765188 487 0 0 0 
0.796624032635926 486 0 0 0 
0.796932362800921 485 0 0 0 
0.797111440531622 486 0 0 0 
0.797333039830422 487 0 0 0 
0.797598483428985 486 0 0 0 
0.797837226110854 485 0 0 0 
0.797921786543872 486 0 0 0 
0.798400964112269 485 0 0 0 
0.799025961008607 486 0 0 0 
0.80063456171316 485 0 0 0 
0.801557237218861 484 0 0 0 
0.804452403758004 485 0 0 0 
0.805568994991173 486 0 0 0 
0.806134507843502 485 0 0 0 
0.806841298167775 486 0 0 0 
0.807187218647567 485 0 0 0 
0.808265134973659 484 0 0 0 
0.808411236187545 483 0 0 0 
0.809579342374402 482 0 0 0 
0.813095570075365 481 0 0 0 
0.815949251613349 482 0 0 0 
0.817942413154543 481 0 0 0 
0.818370613190409 482 0 0 0 
0.818465070610358 483 0 0 0 
0.818551190795629 482 0 0 0 
0.818779665249232 481 0 0 0 
0.818851267480745 482 0 0 0 
0.820112988060603 483 0 0 0 
0.820256133118252 482 0 0 0 
0.823580860621457 481 0 0 0 
0.825485056112013 480 0 0 0 
0.82735660596417 481 0 0 0 
0.82746949585711 480 0 0 0 
0.827491463433355 481 0 0 0 
0.827707420916064 482 0 0 0 
0.82815133569382 481 0 0 0 
0.829040904502211 482 0 0 0 
0.829657779636849 481 0 0 0 
0.829741838491268 482 0 0 0 
0.83080932007406 481 0 0 0 
0.830850428469898 480 0 0 0 
0.830977271846052 479 0 0 0 
0.832345068022222 480 0 0 0 
0.832420023198359 479 0 0 0 
0.832577527184913 480 0 0 0 
0.833023684959402 479 0 0 0 
0.833679622259779 480 0 0 0 
0.833761496706016 479 0 0 0 
0.833947158821974 478 0 0 0 
0.835088006392152 477 0 0 0 
0.836897974184645 476 0 0 0 
0.837285561054651 477 0 0 0 
0.837730790240603 478 0 0 0 
0.837916060127606 479 0 0 0 
0.838373275666097 480 0 0 0 
0.838845564656313 479 0 0 0 
0.83911223344913 480 0 0 0 
0.839526126114692 479 0 0 0 
0.840627598411554 478 0 0 0 
0.840819130318303 477 0 0 0 
0.841870737935724 476 0 0 0 
0.842433585549395 475 0 0 0 
0.845064038936303 474 0 0 0 
0.845420921424733 473 0 0 0 
0.845888633901636 472 0 0 0 
0.84593265240386 471 0 0 0 
0.846205818116507 472 0 0 0 
0.846461115857352 473 0 0 0 
0.847328567485149 472 0 0 0 
0.847443539265244 471 0 0 0 
0.847988825844615 470 0 0 0 
0.848213144039022 471 0 0 0 
0.851511857449037 472 0 0 0 
0.851586880206734 471 0 0 0 
0.851855210214241 470 0 0 0 
0.851926227339826 471 0 0 0 
0.852354561987797 472 0 0 0 
0.852770686935651 471 0 0 0 
0.853157836916145 470 0 0 0 
0.853312588700021 471 0 0 0 
0.853459263236404 470 0 0 0 
0.854198851636013 469 0 0 0 
0.854882770126393 468 0 0 0 
0.855427901188176 467 0 0 0 
0.855639707653819 466 0 0 0 
0.856271914150678 465 0 0 0 
0.856273268022627 464 0 0 0 
0.856568047856461 463 0 0 0 
0.857595936871659 464 0 0 0 
0.85887297117156 463 0 0 0 
0.859908139858846 464 0 0 0 
0.860617970381913 465 0 0 0 
0.86062524693137 464 0 0 0 
0.861097224319851 463 0 0 0 
0.861119750638672 462 0 0 0 
0.861822738931693 463 0 0 0 
0.863366461780035 462 0 0 0 
0.86374636302528 461 0 0 0 
0.86376493936167 460 0 0 0 
0.864874769026988 459 0 0 0 
0.865585830864291 458 0 0 0 
0.866082335451345 457 0 0 0 
0.867339549998081 458 0 0 0 
0.867962925131398 459 0 0 0 
0.868388493897029 458 0 0 0 
0.868612156473852 459 0 0 0 
0.86920571227283 458 0 0 0 
0.86926557133277 457 0 0 0 
0.86967991519585 456 0 0 0 
0.872414272149049 455 0 0 0 
0.872604614566972 456 0 0 0 
0.873040853892723 455 0 0 0 
0.874351894826042 454 0 0 0 
0.876967912155042 453 0 0 0 
0.878370608649048 452 0 0 0 
0.878453599806897 453 0 0 0 
0.878616310873675 454 0 0 0 
0.879258252858791 453 0 0 0 
0.87959879096068 452 0 0 0 
0.879610955192851 451 0 0 0 
0.879645408869796 450 0 0 0 
0.880322710790001 451 0 0 0 
0.881151507409754 450 0 0 0 
0.881847222971631 449 0 0 0 
0.882590717284828 448 0 0 0 
0.882611620972703 447 0 0 0 
0.883672317054903 448 0 0 0 
0.884338429077683 447 0 0 0 
0.884565302172675 446 0 0 0 
0.884807754143226 447 0 0 0 
0.884912032615896 446 0 0 0 
0.886048372384409 445 0 0 0 
0.886290651815189 444 0 0 0 
0.886546754799545 445 0 0 0 
0.887513282140363 446 0 0 0 
0.887838138586841 447 0 0 0 
0.888174188769406 446 0 0 0 
0.888603902540496 445 0 0 0 
0.888670546842006 444 0 0 0 
0.889411898394775 443 0 0 0 
0.890236945123208 442 0 0 0 
0.891155638625095 441 0 0 0 
0.891545664212474 440 0 0 0 
0.892064336543492 439 0 0 0 
0.892250423367905 438 0 0 0 
0.893225966466173 437 0 0 0 
0.894995276997828 436 0 0 0 
0.897514052536177 437 0 0 0 
0.897783405104335 436 0 0 0 
0.900312332153029 435 0 0 0 
0.901122379447293 434 0 0 0 
0.901139094887537 433 0 0 0 
0.901571079399245 434 0 0 0 
0.901786903805579 433 0 0 0 
0.902386009614211 434 0 0 0 
0.90291213804009 435 0 0 0 
0.903015678500991 434 0 0 0 
0.903641290670741 433 0 0 0 
0.903788651039299 432 0 0 0 
0.904043416168424 431 0 0 0 
0.904559991480556 430 0 0 0 
0.904955078708079 429 0 0 0 
0.9060631416068 428 0 0 0 
0.907084812092735 429 0 0 0 
0.907283281150576 430 0 0 0 
0.907573654083418 429 0 0 0 
0.907697879643216 428 0 0 0 
0.909977387319343 429 0 0 0 
0.911110874185552 428 0 0 0 
0.911506075332167 427 0 0 0 
0.911734619780087 428 0 0 0 
0.912625179329765 427 0 0 0 
0.913791563323879 426 0 0 0 
0.913854987425887 425 0 0 0 
0.914383371269911 424 0 0 0 
0.915391838479706 425 0 0 0 
0.915465993302939 424 0 0 0 
0.915562517386319 423 0 0 0 
0.916281520412749 424 0 0 0 
0.916293102687703 425 0 0 0 
0.917614021219191 424 0 0 0 
0.917976921987302 425 0 0 0 
0.919690634586789 426 0 0 0 
0.920168044618817 425 0 0 0 
0.920399532045202 424 0 0 0 
0.9224694408474 425 0 0 0 
0.922697299568627 424 0 0 0 
0.923208148568176 423 0 0 0 
0.924565486825959 422 0 0 0 
0.924889647424216 421 0 0 0 
0.926911428207139 422 0 0 0 
0.928291263155667 421 0 0 0 
0.929198265703912 420 0 0 0 
0.93049254478645 421 0 0 0 
0.930914049216036 420 0 0 0 
0.931876345478715 421 0 0 0 
0.932255563552738 420 0 0 0 
0.932937847258255 419 0 0 0 
0.93330330916507 420 0 0 0 
0.933887951777816 419 0 0 0 
0.937164926856083 418 0 0 0 
0.938342753818625 419 0 0 0 
0.939715088992629 418 0 0 0 
0.939841862967332 417 0 0 0 
0.941009513843499 416 0 0 0 
0.941952558603384 417 0 0 0 
0.943013059374235 416 0 0 0 
0.943334670115564 417 0 0 0 
0.943747694873098 416 0 0 0 
0.944210742628324 415 0 0 0 
0.944373263812157 414 0 0 0 
0.944872231862415 413 0 0 0 
0.946605807954482 412 0 0 0 
0.946753063641812 413 0 0 0 
0.94832188255591 412 0 0 0 
0.948656467938091 411 0 0 0 
0.949585218164402 412 0 0 0 
0.951535931411392 411 0 0 0 
0.952409942985774 412 0 0 0 
0.952954010590973 411 0 0 0 
0.954917108127361 410 0 0 0 
0.95612268455281 409 0 0 0 
0.956898697239445 408 0 0 0 
0.957344293404638 407 0 0 0 
0.957958545580301 406 0 0 0 
0.959719999256991 407 0 0 0 
0.96291977642609 406 0 0 0 
0.964706744016402 405 0 0 0 
0.964761442846232 404 0 0 0 
0.965872740916933 405 0 0 0 
0.966031460580615 406 0 0 0 
0.966207949539798 407 0 0 0 
0.966607624023939 408 0 0 0 
0.96707128035486 407 0 0 0 
0.969138499202105 408 0 0 0 
0.969798316868233 407 0 0 0 
0.970756099078597 406 0 0 0 
0.971182019253223 405 0 0 0 
0.971829682275826 404 0 0 0 
0.971901264606895 403 0 0 0 
0.97206833180473 402 0 0 0 
0.972717655309669 403 0 0 0 
0.972919153485158 402 0 0 0 
0.973323731843135 403 0 0 0 
0.97372695245184 404 0 0 0 
0.974462336269476 405 0 0 0 
0.974808633469844 406 0 0 0 
0.975129589214747 405 0 0 0 
0.976198854884006 404 0 0 0 
0.97734686515085 403 0 0 0 
0.977791950940967 402 0 0 0 
0.978610791885219 401 0 0 0 
0.979700432722405 400 0 0 0 
0.980824498136697 401 0 0 0 
0.98095206938169 400 0 0 0 
0.981206006729951 399 0 0 0 
0.98129873006366 400 0 0 0 
0.981524826311516 401 0 0 0 
0.982398058303217 400 0 0 0 
0.98345580978396 399 0 0 0 
0.983708782655493 398 0 0 0 
0.984852968273346 397 0 0 0 
0.985011403858461 398 0 0 0 
0.985462667845257 397 0 0 0 
0.989491748144587 396 0 0 0 
0.990064902974191 395 0 0 0 
0.991545628099549 394 0 0 0 
0.992764434106868 393 0 0 0 
0.995051108948582 392 0 0 0 
0.996652444486351 391 0 0 0 
0.998887180749048 392 0 0 0 
0.999442839061254 391 0 0 0 
1.00034870565416 390 0 0 0 
1.00118002335827 389 0 0 0 
1.00260610741604 390 0 0 0 
1.00278402743427 391 0 0 0 
1.00291615527898 392 0 0 0 
1.00435552048856 391 0 0 0 
1.00490706346984 390 0 0 0 
1.00597735767868 391 0 0 0 
1.0060707848781 390 0 0 0 
1.0066503673078 389 0 0 0 
1.00686034790444 388 0 0 0 
1.00786987883685 389 0 0 0 
1.00801591763963 388 0 0 0 
1.0083525087222 389 0 0 0 
1.00848752303963 390 0 0 0 
1.00899016970689 389 0 0 0 
1.00946938548987 388 0 0 0 
1.00948504549951 387 0 0 0 
1.01141129752588 388 0 0 0 
1.01167241764729 389 0 0 0 
1.01386922860943 388 0 0 0 
1.01505256842102 387 0 0 0 
1.01534472909459 388 0 0 0 
1.01559407607796 387 0 0 0 
1.01663284285013 386 0 0 0 
1.01781108119081 387 0 0 0 
1.01909491515208 388 0 0 0 
1.01993614057814 387 0 0 0 
1.02127038322273 386 0 0 0 
1.02195556551408 385 0 0 0 
1.02253103771362 384 0 0 0 
1.02342243491929 385 0 0 0 
1.023966877541 384 0 0 0 
1.02515565899093 385 0 0 0 
1.02667635480212 384 0 0 0 
1.02716037865574 383 0 0 0 
1.02726052749213 384 0 0 0 
1.02858023546884 385 0 0 0 
1.02875119328435 384 0 0 0 
1.0289919563638 385 0 0 0 
1.029000659205 384 0 0 0 
1.02912894403358 383 0 0 0 
1.03023003993339 384 0 0 0 
1.03061936775105 385 0 0 0 
1.03105329350217 384 0 0 0 
1.03109984091873 383 0 0 0 
1.032948846627 384 0 0 0 
1.03305231769039 385 0 0 0 
1.03317835183731 384 0 0 0 
1.03591237114981 383 0 0 0 
1.03644722417828 382 0 0 0 
1.03709679022445 383 0 0 0 
1.03719706555165 382 0 0 0 
1.03773106358253 381 0 0 0 
1.03878530508089 382 0 0 0 
1.03923827726836 381 0 0 0 
1.03925560258152 382 0 0 0 
1.03979925701882 383 0 0 0 
1.04261140163696 382 0 0 0 
1.04262258010518 381 0 0 0 
1.04333461858192 380 0 0 0 
1.04368540361415 381 0 0 0 
1.04608320503613 380 0 0 0 
1.04624392483392 379 0 0 0 
1.05168400804777 378 0 0 0 
1.05213105980618 377 0 0 0 
1.05278320878079 376 0 0 0 
1.05330166721931 375 0 0 0 
1.0533581066963 374 0 0 0 
1.05444349416475 375 0 0 0 
1.05507564442229 376 0 0 0 
1.05565663281465 377 0 0 0 
1.05754917344911 376 0 0 0 
1.05759514397639 375 0 0 0 
1.06184753011383 376 0 0 0 
1.06300436584159 375 0 0 0 
1.0630210163473 374 0 0 0 
1.06340166312902 373 0 0 0 
1.0642075971268 374 0 0 0 
1.06442221541532 375 0 0 0 
1.06495984687348 376 0 0 0 
1.06579387909922 375 0 0 0 
1.06635855878679 376 0 0 0 
1.06681356782958 375 0 0 0 
1.06741091753718 374 0 0 0 
1.06838225178583 373 0 0 0 
1.07039844990572 374 0 0 0 
1.07050074873954 373 0 0 0 
1.07058874639575 372 0 0 0 
1.07121244643258 371 0 0 0 
1.07148719085787 372 0 0 0 
1.07324958507997 371 0 0 0 
1.07423663479634 370 0 0 0 
1.07555841994139 371 0 0 0 
1.07655220477997 370 0 0 0 
1.07739269094176 369 0 0 0 
1.07771128790245 368 0 0 0 
1.07822675965948 367 0 0 0 
1.07899487951613 368 0 0 0 
1.0805471733082 369 0 0 0 
1.08089455067588 368 0 0 0 
1.08181381626218 367 0 0 0 
1.08275146109245 366 0 0 0 
1.08280636100251 365 0 0 0 
1.08290508933712 364 0 0 0 
1.08312573009581 363 0 0 0 
1.08376352079059 362 0 0 0 
1.08447723184446 361 0 0 0 
1.08464337480334 362 0 0 0 
1.08574103615587 361 0 0 0 
1.08639586349407 360 0 0 0 
1.0866320413836 359 0 0 0 
1.08711840997667 360 0 0 0 
1.08799941536206 359 0 0 0 
1.08868691414156 358 0 0 0 
1.0921978894488 357 0 0 0 
1.09229332153983 358 0 0 0 
1.09324218509338 357 0 0 0 
1.09368340441618 356 0 0 0 
1.09403531586809 357 0 0 0 
1.09541090599632 358 0 0 0 
1.0969594370252 357 0 0 0 
1.097468223261 356 0 0 0 
1.0975017195922 357 0 0 0 
1.09854498833936 358 0 0 0 
1.09883015321802 359 0 0 0 
1.09956060004128 360 0 0 0 
1.09993504454073 359 0 0 0 
1.10134627467698 360 0 0 0 
1.10134854223628 359 0 0 0 
1.10193045586575 360 0 0 0 
1.10202901180645 359 0 0 0 
1.10207701848561 358 0 0 0 
1.10244434424918 359 0 0 0 
1.10273255973032 360 0 0 0 
1.10496717400778 359 0 0 0 
1.10628558557173 358 0 0 0 
1.10831797263138 359 0 0 0 
1.10842254090145 358 0 0 0 
1.11309159811334 357 0 0 0 
1.11341167170399 356 0 0 0 
1.11363374891553 357 0 0 0 
1.1141133106236 358 0 0 0 
1.1141353532526 357 0 0 0 
1.11599104444197 356 0 0 0 
1.11689422402677 355 0 0 0 
1.11751758443055 356 0 0 0 
1.11922684107345 357 0 0 0 
1.12110038124482 356 0 0 0 
1.12208964199034 357 0 0 0 
1.12224521814949 356 0 0 0 
1.1223967883749 355 0 0 0 
1.12258059714372 356 0 0 0 
1.12358762580908 355 0 0 0 
1.12522609938871 354 0 0 0 
1.12634600353003 353 0 0 0 
1.12655959277955 352 0 0 0 
1.12661045332489 351 0 0 0 
1.12714749404176 350 0 0 0 
1.12797368293061 351 0 0 0 
1.12925857668495 352 0 0 0 
1.12951690031294 351 0 0 0 
1.13177510439398 350 0 0 0 
1.13186674384382 351 0 0 0 
1.13226200636027 350 0 0 0 
1.13297096190768 349 0 0 0 
1.13306664812798 348 0 0 0 
1.13473245614138 347 0 0 0 
1.13619467294598 346 0 0 0 
1.13720021984509 345 0 0 0 
1.13746242427429 346 0 0 0 
1.1382142119644 345 0 0 0 
1.13992143531398 346 0 0 0 
1.14243225824421 347 0 0 0 
1.14275144823633 346 0 0 0 
1.14296675639427 345 0 0 0 
1.14530401151602 344 0 0 0 
1.14856574528615 345 0 0 0 
1.14940335847371 344 0 0 0 
1.15184031693896 343 0 0 0 
1.15267560474712 342 0 0 0 
1.15314123546784 341 0 0 0 
1.15347068666266 340 0 0 0 
1.15466646633172 341 0 0 0 
1.15609503049729 340 0 0 0 
1.15612565293165 339 0 0 0 
1.1562288653404 338 0 0 0 
1.15649921328237 339 0 0 0 
1.15756839194213 338 0 0 0 
1.15798235642688 339 0 0 0 
1.15822324592406 338 0 0 0 
1.15900560935981 337 0 0 0 
1.1591344494393 338 0 0 0 
1.15913763945182 339 0 0 0 
1.15970142285598 340 0 0 0 
1.16068308323341 341 0 0 0 
1.16168457449116 340 0 0 0 
1.16179153231441 339 0 0 0 
1.16182731271751 340 0 0 0 
1.1625510573108 341 0 0 0 
1.16404128327852 340 0 0 0 
1.16473457289608 339 0 0 0 
1.16702175530494 338 0 0 0 
1.16762272815885 337 0 0 0 
1.16918947227028 336 0 0 0 
1.16924699459811 335 0 0 0 
1.17053071415281 334 0 0 0 
1.171069974258 335 0 0 0 
1.17119595222405 334 0 0 0 
1.17136303987353 333 0 0 0 
1.17342984513474 334 0 0 0 
1.17374988110995 333 0 0 0 
1.17475275297482 332 0 0 0 
1.17757861155726 331 0 0 0 
1.17799541762604 332 0 0 0 
1.17834243706243 333 0 0 0 
1.17992990436807 332 0 0 0 
1.18452174725473 331 0 0 0 
1.18497116242987 332 0 0 0 
1.18663730130354 331 0 0 0 
1.18843573150406 330 0 0 0 
1.19073183152902 329 0 0 0 
1.19102951823563 330 0 0 0 
1.19121272957055 329 0 0 0 
1.19259346712752 328 0 0 0 
1.19397891741896 329 0 0 0 
1.19418087196366 328 0 0 0 
1.19445841204041 329 0 0 0 
1.19716900072856 330 0 0 0 
1.19961356368316 331 0 0 0 
1.20243793500912 330 0 0 0 
1.20488899165465 331 0 0 0 
1.20490658626234 330 0 0 0 
1.2050625276053 329 0 0 0 
1.2052351639333 330 0 0 0 
1.20589164397737 329 0 0 0 
1.20605664985584 328 0 0 0 
1.21387090599218 329 0 0 0 
1.21388736538362 330 0 0 0 
1.21638012227478 329 0 0 0 
1.21825527910091 330 0 0 0 
1.2218346505256 329 0 0 0 
1.22213644808966 330 0 0 0 
1.22243987843016 329 0 0 0 
1.22316335396282 328 0 0 0 
1.22321451806841 329 0 0 0 
1.22328834343835 328 0 0 0 
1.22390474654539 329 0 0 0 
1.22398199826289 330 0 0 0 
1.22404498290842 331 0 0 0 
1.22477648572515 332 0 0 0 
1.22493120091716 331 0 0 0 
1.22565997352913 332 0 0 0 
1.22966869269449 333 0 0 0 
1.23213250910767 334 0 0 0 
1.23384197320344 335 0 0 0 
1.23459341314385 334 0 0 0 
1.23666395041227 335 0 0 0 
1.23755753100907 334 0 0 0 
1.23807513030247 333 0 0 0 
1.23827692279089 332 0 0 0 
1.23912396475062 331 0 0 0 
1.2413494238409 332 0 0 0 
1.2417669651722 331 0 0 0 
1.2444598141132 332 0 0 0 
1.2466085623079 331 0 0 0 
1.24797395020722 332 0 0 0 
1.24801960899214 331 0 0 0 
1.2484644705266 330 0 0 0 
1.24988143121975 331 0 0 0 
1.25005262789545 332 0 0 0 
1.25009649262236 331 0 0 0 
1.25012904515775 330 0 0 0 
1.25112747489571 329 0 0 0 
1.25240829578016 328 0 0 0 
1.25293650531128 327 0 0 0 
1.2547799315766 328 0 0 0 
1.25602188330977 327 0 0 0 
1.25624544659052 326 0 0 0 
1.25642067155795 325 0 0 0 
1.25646767914019 324 0 0 0 
1.2565904114359 325 0 0 0 
1.25822485653455 326 0 0 0 
1.25861671428522 327 0 0 0 
1.2590336918502 326 0 0 0 
1.26042455619575 325 0 0 0 
1.26119024745457 326 0 0 0 
1.26208229082768 325 0 0 0 
1.26219466321201 326 0 0 0 
1.26279739662911 327 0 0 0 
1.26389347900306 328 0 0 0 
1.26469178643253 327 0 0 0 
1.26490557403585 326 0 0 0 
1.26526013974809 325 0 0 0 
1.26676247392233 326 0 0 0 
1.26878793082509 327 0 0 0 
1.26885184559646 328 0 0 0 
1.27318329474127 329 0 0 0 
1.27451406538964 330 0 0 0 
1.27519205065728 329 0 0 0 
1.27713951626029 330 0 0 0 
1.2780400086749 329 0 0 0 
1.27809299525932 328 0 0 0 
1.27962992221948 327 0 0 0 
1.28014524398203 326 0 0 0 
1.28135466832662 327 0 0 0 
1.28159936249762 326 0 0 0 
1.28285134360756 325 0 0 0 
1.28287944214965 326 0 0 0 
1.28332868172961 325 0 0 0 
1.28620702975092 326 0 0 0 
1.2885751943997 325 0 0 0 
1.28967318590096 324 0 0 0 
1.29139408239674 323 0 0 0 
1.29168379105265 324 0 0 0 
1.29269269244185 325 0 0 0 
1.29416054800304 324 0 0 0 
1.29435398223434 323 0 0 0 
1.2954007825008 324 0 0 0 
1.29664308505496 323 0 0 0 
1.29868416879763 324 0 0 0 
1.30019108654908 323 0 0 0 
1.3010834818544 324 0 0 0 
1.30289888972388 325 0 0 0 
1.30359425647472 324 0 0 0 
1.30380249964585 325 0 0 0 
1.30491379577757 324 0 0 0 
1.30687562721109 323 0 0 0 
1.30703793724161 322 0 0 0 
1.30900901330203 321 0 0 0 
1.31038021896841 320 0 0 0 
1.31046861985278 319 0 0 0 
1.31146447693772 318 0 0 0 
1.31273651019521 317 0 0 0 
1.31329674423148 318 0 0 0 
1.31388381462266 317 0 0 0 
1.31447795906769 318 0 0 0 
1.31477433066339 317 0 0 0 
1.31512664179035 316 0 0 0 
1.31648047318253 315 0 0 0 
1.31663192578662 316 0 0 0 
1.31687646475823 315 0 0 0 
1.3177008497908 316 0 0 0 
1.31796727973276 315 0 0 0 
1.32122656430948 314 0 0 0 
1.32164131886717 313 0 0 0 
1.32189487365843 314 0 0 0 
1.32341648765339 313 0 0 0 
1.32505055149404 312 0 0 0 
1.32623824716767 311 0 0 0 
1.32649735894494 310 0 0 0 
1.32682124199763 309 0 0 0 
1.32688137321693 308 0 0 0 
1.3271849264303 309 0 0 0 
1.32840347522545 308 0 0 0 
1.32939344798363 307 0 0 0 
1.32998048227504 308 0 0 0 
1.33079207354658 307 0 0 0 
1.33156038813375 306 0 0 0 
1.33229204167255 305 0 0 0 
1.33471760659608 306 0 0 0 
1.33592433801313 307 0 0 0 
1.3369223607232 308 0 0 0 
1.33805607546507 307 0 0 0 
1.3382866713331 308 0 0 0 
1.34014056474432 307 0 0 0 
1.34137865625801 308 0 0 0 
1.34224476107995 309 0 0 0 
1.34349492171657 310 0 0 0 
1.34536676363954 309 0 0 0 
1.34818487801932 310 0 0 0 
1.34869639008535 309 0 0 0 
1.35239637929779 308 0 0 0 
1.35252474984343 309 0 0 0 
1.35297391077074 310 0 0 0 
1.35358879850438 309 0 0 0 
1.35385489207362 310 0 0 0 
1.35452128173345 309 0 0 0 
1.3547116345305 308 0 0 0 
1.35554025544038 307 0 0 0 
1.35601159373452 306 0 0 0 
1.35633712776705 307 0 0 0 
1.35755881071072 308 0 0 0 
1.35866051953962 307 0 0 0 
1.3600912742125 306 0 0 0 
1.36052393080785 307 0 0 0 
1.36137112300747 308 0 0 0 
1.36164245960578 307 0 0 0 
1.36290090123638 306 0 0 0 
1.36352433212562 305 0 0 0 
1.36589737941332 306 0 0 0 
1.36694591284012 305 0 0 0 
1.36778405743977 306 0 0 0 
1.36834874822686 305 0 0 0 
1.37237882558477 304 0 0 0 
1.37273927067886 305 0 0 0 
1.37282970508977 306 0 0 0 
1.37522406779991 307 0 0 0 
1.37688305358795 306 0 0 0 
1.3770167830289 307 0 0 0 
1.37758022313238 306 0 0 0 
1.37784855776773 307 0 0 0 
1.37785019340052 306 0 0 0 
1.37793210114138 305 0 0 0 
1.37849895431381 306 0 0 0 
1.37885525303433 305 0 0 0 
1.3816217671245 304 0 0 0 
1.38232223072271 303 0 0 0 
1.38240364092627 302 0 0 0 
1.38264770158896 301 0 0 0 
1.38397915005983 300 0 0 0 
1.38400531373523 301 0 0 0 
1.38622393696036 302 0 0 0 
1.38751254242077 301 0 0 0 
1.39156657839147 300 0 0 0 
1.39280144582911 301 0 0 0 
1.39411824214195 300 0 0 0 
1.39463342521667 299 0 0 0 
1.3979433288139 298 0 0 0 
1.39819200548979 299 0 0 0 
1.40023261365096 298 0 0 0 
1.40393082906351 299 0 0 0 
1.40467114005089 298 0 0 0 
1.40519489607921 299 0 0 0 
1.40643053987165 298 0 0 0 
1.40673327420525 297 0 0 0 
1.4104987679506 298 0 0 0 
1.41123665197873 297 0 0 0 
1.41298939015031 298 0 0 0 
1.41306068494928 299 0 0 0 
1.41589947830149 300 0 0 0 
1.41604646461921 299 0 0 0 
1.41645954484206 300 0 0 0 
1.41779504204357 301 0 0 0 
1.41864983858156 300 0 0 0 
1.41904648707742 301 0 0 0 
1.42022194906064 300 0 0 0 
1.42119819864905 301 0 0 0 
1.42240820595194 302 0 0 0 
1.42300290899878 301 0 0 0 
1.42317105587705 300 0 0 0 
1.42322151392307 301 0 0 0 
1.42603918686319 302 0 0 0 
1.4277848167008 301 0 0 0 
1.42787494690321 300 0 0 0 
1.42887957878045 301 0 0 0 
1.43323109378988 302 0 0 0 
1.43532584545438 301 0 0 0 
1.4361366247161 302 0 0 0 
1.43689014915305 301 0 0 0 
1.43805701717071 300 0 0 0 
1.4384941357453 301 0 0 0 
1.43984534211843 300 0 0 0 
1.4408896114426 299 0 0 0 
1.44133394853411 298 0 0 0 
1.44145202383766 297 0 0 0 
1.44183854970129 296 0 0 0 
1.44564006211662 295 0 0 0 
1.44591950836591 294 0 0 0 
1.44748883912085 293 0 0 0 
1.45074520543826 294 0 0 0 
1.45164049858763 293 0 0 0 
1.45203872467126 294 0 0 0 
1.45289363669611 295 0 0 0 
1.45355419889044 296 0 0 0 
1.45358372645911 295 0 0 0 
1.4544289405587 296 0 0 0 
1.45690751493124 295 0 0 0 
1.46148935949686 294 0 0 0 
1.46288482409045 293 0 0 0 
1.46460608042345 292 0 0 0 
1.46546025857962 291 0 0 0 
1.46561069181039 290 0 0 0 
1.46683732205049 289 0 0 0 
1.46759569739738 290 0 0 0 
1.46773831878044 289 0 0 0 
1.46947451432875 288 0 0 0 
1.47050351411864 287 0 0 0 
1.47133458054544 286 0 0 0 
1.47346152597954 287 0 0 0 
1.47604196856978 286 0 0 0 
1.47655804986185 287 0 0 0 
1.47673226230343 288 0 0 0 
1.47879176988973 287 0 0 0 
1.47893846693401 286 0 0 0 
1.48081951806927 285 0 0 0 
1.48270667943276 284 0 0 0 
1.48438577746863 283 0 0 0 
1.48459582168445 284 0 0 0 
1.48575516239277 283 0 0 0 
1.48715721268009 284 0 0 0 
1.48798110478148 285 0 0 0 
1.4882008800525 284 0 0 0 
1.48825719619343 283 0 0 0 
1.49002083339628 282 0 0 0 
1.49011078136586 283 0 0 0 
1.49179792658775 284 0 0 0 
1.49195705292881 283 0 0 0 
1.49328928781142 284 0 0 0 
1.49584383195763 285 0 0 0 
1.49621264497097 286 0 0 0 
1.4977501176204 285 0 0 0 
1.49839761906885 284 0 0 0 
1.49988382576379 283 0 0 0 
1.50026745117043 282 0 0 0 
1.50527435081011 283 0 0 0 
1.50599345998563 282 0 0 0 
1.50968115283576 283 0 0 0 
1.51003958148081 282 0 0 0 
1.51009045703453 281 0 0 0 
1.51018174569826 280 0 0 0 
1.51082329961918 279 0 0 0 
1.51114571520228 278 0 0 0 
1.51726724188235 277 0 0 0 
1.52147922169053 276 0 0 0 
1.52511356705013 275 0 0 0 
1.53014877361095 274 0 0 0 
1.53437202482299 275 0 0 0 
1.53468397803306 276 0 0 0 
1.53567578720177 275 0 0 0 
1.53586433928385 274 0 0 0 
1.53717069954732 273 0 0 0 
1.53826768871058 274 0 0 0 
1.54101737411806 275 0 0 0 
1.54136400957484 276 0 0 0 
1.54173020556463 275 0 0 0 
1.54183451712458 276 0 0 0 
1.5421758106875 275 0 0 0 
1.5422077461991 274 0 0 0 
1.54466514756282 273 0 0 0 
1.54910682611844 272 0 0 0 
1.55385686051083 273 0 0 0 
1.55502765125457 274 0 0 0 
1.55587913446741 273 0 0 0 
1.55628606440042 274 0 0 0 
1.55783077830709 273 0 0 0 
1.557966053975 272 0 0 0 
1.55817617747907 271 0 0 0 
1.5588017290093 270 0 0 0 
1.55961328113504 271 0 0 0 
1.56058398170134 270 0 0 0 
1.56357764653984 269 0 0 0 
1.56432396137524 268 0 0 0 
1.5677021326058 269 0 0 0 
1.57007503279187 268 0 0 0 
1.57180798048899 267 0 0 0 
1.57236028060451 268 0 0 0 
1.57294911938665 269 0 0 0 
1.57658232261944 268 0 0 0 
1.57683049906132 267 0 0 0 
1.58070057224981 268 0 0 0 
1.58072956360201 267 0 0 0 
1.58077365050447 266 0 0 0 
1.58088748961786 267 0 0 0 
1.58110655326475 266 0 0 0 
1.5835262268283 265 0 0 0 
1.58647136249019 266 0 0 0 
1.58830929872902 267 0 0 0 
1.588655214496 266 0 0 0 
1.58916198306148 265 0 0 0 
1.58940390617592 264 0 0 0 
1.59130685494826 263 0 0 0 
1.59138499473197 262 0 0 0 
1.59170057005725 261 0 0 0 
1.59336196518096 262 0 0 0 
1.59376812453422 261 0 0 0 
1.59820438440629 260 0 0 0 
1.59877742399788 259 0 0 0 
1.6022347362726 258 0 0 0 
1.60271736218128 259 0 0 0 
1.60300566394526 260 0 0 0 
1.60338652317011 259 0 0 0 
1.60399687651249 258 0 0 0 
1.60503555435285 257 0 0 0 
1.60604080672924 256 0 0 0 
1.60749920685273 257 0 0 0 
1.60820983540198 258 0 0 0 
1.60905435023091 257 0 0 0 
1.60915156928431 256 0 0 0 
1.60932260266207 257 0 0 0 
1.60957965557885 258 0 0 0 
1.61055735806972 259 0 0 0 
1.61060335246261 258 0 0 0 
1.6109616566724 257 0 0 0 
1.61258504904336 256 0 0 0 
1.61346981861482 255 0 0 0 
1.61580265324613 254 0 0 0 
1.61657708842433 253 0 0 0 
1.61678597123072 252 0 0 0 
1.61700013922645 251 0 0 0 
1.61830802921775 250 0 0 0 
1.61906814760744 251 0 0 0 
1.61992156866958 250 0 0 0 
1.62105169226141 249 0 0 0 
1.62281776235884 250 0 0 0 
1.62358389308961 251 0 0 0 
1.62426731398353 250 0 0 0 
1.6283065999781 249 0 0 0 
1.62845780491275 248 0 0 0 
1.63307532572409 249 0 0 0 
1.63319265934275 248 0 0 0 
1.6347909857841 249 0 0 0 
1.63511041685028 248 0 0 0 
1.63662142754509 249 0 0 0 
1.63744093717581 250 0 0 0 
1.63802849746172 249 0 0 0 
1.64206785991035 248 0 0 0 
1.64220961644208 247 0 0 0 
1.64299655530808 246 0 0 0 
1.64501016565482 247 0 0 0 
1.64502446702568 248 0 0 0 
1.64503388546733 247 0 0 0 
1.6465140087126 248 0 0 0 
1.64713334274148 247 0 0 0 
1.64886889113232 248 0 0 0 
1.64954175370617 249 0 0 0 
1.64954542483247 248 0 0 0 
1.65244122258563 247 0 0 0 
1.65356649129468 246 0 0 0 
1.65401346324468 245 0 0 0 
1.65472382731535 244 0 0 0 
1.65572736800121 243 0 0 0 
1.65822592347652 242 0 0 0 
1.65861517048309 243 0 0 0 
1.66062390322012 244 0 0 0 
1.66301634137664 245 0 0 0 
1.66360916679775 246 0 0 0 
1.66385836760926 247 0 0 0 
1.67293243225309 246 0 0 0 
1.67656831177593 247 0 0 0 
1.6769479346936 246 0 0 0 
1.6794059320152 245 0 0 0 
1.68016334897845 244 0 0 0 
1.68041551177814 245 0 0 0 
1.68060253196532 246 0 0 0 
1.68388047860832 247 0 0 0 
1.68885416195032 246 0 0 0 
1.68912062051394 245 0 0 0 
1.69135034350785 244 0 0 0 
1.69252125554563 243 0 0 0 
1.69383300030662 242 0 0 0 
1.69403469321244 241 0 0 0 
1.69488780238245 240 0 0 0 
1.6956617350625 239 0 0 0 
1.69874493778363 240 0 0 0 
1.69989806631565 239 0 0 0 
1.70154392942659 238 0 0 0 
1.70228554755622 237 0 0 0 
1.70655660567743 236 0 0 0 
1.70727853385586 235 0 0 0 
1.70824778727002 234 0 0 0 
1.7085851761617 235 0 0 0 
1.70859319659452 234 0 0 0 
1.70886114337207 233 0 0 0 
1.70991262913189 232 0 0 0 
1.71116721439223 231 0 0 0 
1.71145100311449 230 0 0 0 
1.71207412684928 229 0 0 0 
1.71280574245683 228 0 0 0 
1.71552515145314 227 0 0 0 
1.71705367805154 226 0 0 0 
1.71812190957788 225 0 0 0 
1.71963716171614 224 0 0 0 
1.72781179035724 223 0 0 0 
1.72790565822194 222 0 0 0 
1.73283579125931 221 0 0 0 
1.7339947762955 220 0 0 0 
1.73435295069066 219 0 0 0 
1.73847493396383 220 0 0 0 
1.74006435612698 219 0 0 0 
1.74136152055324 220 0 0 0 
1.74206936803476 219 0 0 0 
1.74289870012293 218 0 0 0 
1.74461481331314 217 0 0 0 
1.74514122461437 218 0 0 0 
1.74829913036649 217 0 0 0 
1.74832773142409 216 0 0 0 
1.74921020553421 215 0 0 0 
1.74952150600714 214 0 0 0 
1.74970268423873 213 0 0 0 
1.74995729465353 212 0 0 0 
1.75087238260556 211 0 0 0 
1.75116735718707 210 0 0 0 
1.75398083670926 209 0 0 0 
1.7558069260921 210 0 0 0 
1.75661614167938 209 0 0 0 
1.75714196984695 208 0 0 0 
1.76185710815435 207 0 0 0 
1.76187612060161 206 0 0 0 
1.76272634014709 205 0 0 0 
1.76543010844247 204 0 0 0 
1.76595158693626 203 0 0 0 
1.76645708871077 202 0 0 0 
1.77522290905305 203 0 0 0 
1.77536622106891 202 0 0 0 
1.77550897529969 201 0 0 0 
1.77769269930041 200 0 0 0 
1.77940273058789 201 0 0 0 
1.77946497478497 200 0 0 0 
1.779470417637 199 0 0 0 
1.78074490559373 198 0 0 0 
1.78142541123258 197 0 0 0 
1.78388850856203 196 0 0 0 
1.79065427573792 197 0 0 0 
1.79174945035904 198 0 0 0 
1.79234528427692 197 0 0 0 
1.79377115493667 198 0 0 0 
1.79959492613416 197 0 0 0 
1.80103817769397 198 0 0 0 
1.80424717461847 197 0 0 0 
1.80854633385319 196 0 0 0 
1.80897234699923 195 0 0 0 
1.81068075564553 194 0 0 0 
1.81129320371099 195 0 0 0 
1.81449256068828 196 0 0 0 
1.81490715970166 195 0 0 0 
1.81576036625475 196 0 0 0 
1.81991340645424 197 0 0 0 
1.82435374251265 196 0 0 0 
1.8261188518756 195 0 0 0 
1.82662339151631 194 0 0 0 
1.82776847019791 193 0 0 0 
1.82917799469834 194 0 0 0 
1.82945871691358 195 0 0 0 
1.8312292567349 194 0 0 0 
1.83580162645511 193 0 0 0 
1.83595699867909 194 0 0 0 
1.83754142613572 195 0 0 0 
1.83866438074029 194 0 0 0 
1.83998248142005 193 0 0 0 
1.8408219486733 194 0 0 0 
1.84463990115444 193 0 0 0 
1.84506790476738 192 0 0 0 
1.84507735552478 191 0 0 0 
1.84589859376769 192 0 0 0 
1.84647627795899 191 0 0 0 
1.84898709245374 192 0 0 0 
1.84991196497807 193 0 0 0 
1.85091625705746 192 0 0 0 
1.85381138144973 191 0 0 0 
1.85667114358408 192 0 0 0 
1.85720254358807 191 0 0 0 
1.85757741997544 192 0 0 0 
1.8578339871252 191 0 0 0 
1.85824886162176 190 0 0 0 
1.86009959033969 191 0 0 0 
1.86294876988538 190 0 0 0 
1.8648023969603 189 0 0 0 
1.8667988898613 188 0 0 0 
1.86918180589162 187 0 0 0 
1.87079249554637 186 0 0 0 
1.87139183699233 185 0 0 0 
1.87153743430806 184 0 0 0 
1.87218605115574 185 0 0 0 
1.87431337816846 184 0 0 0 
1.87734645704642 183 0 0 0 
1.88315015788233 184 0 0 0 
1.88378969884317 183 0 0 0 
1.88734658374911 182 0 0 0 
1.89262284222607 181 0 0 0 
1.89354905600222 182 0 0 0 
1.89587852707009 181 0 0 0 
1.89613605167258 180 0 0 0 
1.89679137605465 179 0 0 0 
1.89821624313553 178 0 0 0 
1.89828917351609 179 0 0 0 
1.89832219900149 178 0 0 0 
1.90001443887561 179 0 0 0 
1.90075588691748 178 0 0 0 
1.9036294249295 177 0 0 0 
1.90675783215735 176 0 0 0 
1.90995606385899 177 0 0 0 
1.91329571550139 178 0 0 0 
1.91400367278557 179 0 0 0 
1.91786630129664 180 0 0 0 
1.91937851370202 181 0 0 0 
1.92102163925187 180 0 0 0 
1.92185727723312 179 0 0 0 
1.92215507801874 180 0 0 0 
1.92280911592051 179 0 0 0 
1.92380889500843 178 0 0 0 
1.92614494456758 177 0 0 0 
1.92837997273596 176 0 0 0 
1.93132524976334 175 0 0 0 
1.93458237552239 174 0 0 0 
1.93576466687809 173 0 0 0 
1.93830470814119 172 0 0 0 
1.94015570190657 173 0 0 0 
1.94087191822319 172 0 0 0 
1.94278854423111 173 0 0 0 
1.94384937289567 174 0 0 0 
1.9465734562092 173 0 0 0 
1.94864285309688 174 0 0 0 
1.95036411808801 173 0 0 0 
1.95513836665494 174 0 0 0 
1.95549130068702 175 0 0 0 
1.95765975575909 174 0 0 0 
1.95779674393107 173 0 0 0 
1.95924332358247 172 0 0 0 
1.96699331120854 171 0 0 0 
1.96769156377138 170 0 0 0 
1.96850149447838 171 0 0 0 
1.97113170702516 172 0 0 0 
1.97286642872087 171 0 0 0 
1.97704592992172 172 0 0 0 
1.97757854185411 171 0 0 0 
1.97766657922212 170 0 0 0 
1.97824134980532 169 0 0 0 
1.98035623288843 170 0 0 0 
1.98054535507033 169 0 0 0 
1.98750393153768 168 0 0 0 
1.98908768973675 167 0 0 0 
1.98953539718823 168 0 0 0 
1.99098562223791 169 0 0 0 
1.99581088402305 168 0 0 0 
1.99620496718243 167 0 0 0 
2.00010940055671 166 0 0 0 
2.00195594834458 165 0 0 0 
2.0020076940097 166 0 0 0 
2.00566751386321 165 0 0 0 
2.01704960471879 164 0 0 0 
2.0172931936225 165 0 0 0 
2.01856695711311 166 0 0 0 
2.02139325309799 167 0 0 0 
2.02203330495662 166 0 0 0 
2.02318290867405 165 0 0 0 
2.02678512202957 164 0 0 0 
2.02708725007519 163 0 0 0 
2.02717245969347 164 0 0 0 
2.02803584162878 165 0 0 0 
2.02962139436563 166 0 0 0 
2.03020220058712 167 0 0 0 
2.03050542378759 166 0 0 0 
2.03221815160295 167 0 0 0 
2.03402604935357 168 0 0 0 
2.03508427666444 167 0 0 0 
2.03693780035799 166 0 0 0 
2.03951639394414 165 0 0 0 
2.04095114130348 164 0 0 0 
2.04158950418124 163 0 0 0 
2.04204789152054 162 0 0 0 
2.04382466875338 161 0 0 0 
2.04924777003619 160 0 0 0 
2.05081724355396 161 0 0 0 
2.05118165680284 162 0 0 0 
2.05142405224482 161 0 0 0 
2.0533787604596 162 0 0 0 
2.05400204221243 163 0 0 0 
2.05433985629463 164 0 0 0 
2.0594308888753 163 0 0 0 
2.06787313192572 162 0 0 0 
2.07034078041538 161 0 0 0 
2.08123128855471 160 0 0 0 
2.08195627984943 161 0 0 0 
2.08267252087576 162 0 0 0 
2.08277646741882 161 0 0 0 
2.08287031555123 160 0 0 0 
2.09399645323155 159 0 0 0 
2.09535463370907 158 0 0 0 
2.1012294444898 157 0 0 0 
2.10142108385999 156 0 0 0 
2.10150661843462 155 0 0 0 
2.10491108304854 154 0 0 0 
2.10680002523871 153 0 0 0 
2.10974042152385 154 0 0 0 
2.10991981185947 153 0 0 0 
2.1117137455949 154 0 0 0 
2.11230517549063 153 0 0 0 
2.11345651418884 152 0 0 0 
2.11435701964385 153 0 0 0 
2.11482371529953 152 0 0 0 
2.1149358174432 153 0 0 0 
2.11561517794202 152 0 0 0 
2.11636575094693 153 0 0 0 
2.11853981861276 152 0 0 0 
2.12155339356236 153 0 0 0 
2.12539068936062 152 0 0 0 
2.13017384306414 151 0 0 0 
2.13340891470454 150 0 0 0 
2.13444137107154 149 0 0 0 
2.13469288233362 148 0 0 0 
2.1470960036682 147 0 0 0 
2.15301527932863 148 0 0 0 
2.16111459218354 147 0 0 0 
2.16285306621457 148 0 0 0 
2.1668703540623 147 0 0 0 
2.16706391100994 146 0 0 0 
2.16736937453307 145 0 0 0 
2.16954842705793 146 0 0 0 
2.17276283696616 147 0 0 0 
2.17546546610554 146 0 0 0 
2.17547628399795 147 0 0 0 
2.1823180041443 146 0 0 0 
2.18241708520821 145 0 0 0 
2.18258574378857 144 0 0 0 
2.18285447904837 143 0 0 0 
2.18369985792939 142 0 0 0 
2.18565331364159 141 0 0 0 
2.18591745099309 140 0 0 0 
2.18993786940954 141 0 0 0 
2.19161219698093 140 0 0 0 
2.19313688193623 139 0 0 0 
2.19674194347716 140 0 0 0 
2.1986449212318 139 0 0 0 
2.20262634214245 138 0 0 0 
2.20401895391264 139 0 0 0 
2.2064312960254 140 0 0 0 
2.20757158317577 139 0 0 0 
2.20889839641933 138 0 0 0 
2.20967423108886 137 0 0 0 
2.21222421885038 138 0 0 0 
2.21238995290015 137 0 0 0 
2.22015469910757 136 0 0 0 
2.22528213785757 135 0 0 0 
2.22601061615002 134 0 0 0 
2.22806833342978 133 0 0 0 
2.23003940319441 134 0 0 0 
2.23176226287903 135 0 0 0 
2.23310395926517 136 0 0 0 
2.23644244351209 137 0 0 0 
2.23956265262073 136 0 0 0 
2.24091310613687 137 0 0 0 
2.25845872488319 138 0 0 0 
2.25905196673981 139 0 0 0 
2.26090397783707 138 0 0 0 
2.26606030581417 139 0 0 0 
2.26705056951878 138 0 0 0 
2.26707700735798 139 0 0 0 
2.26907967026435 140 0 0 0 
2.27070978981936 139 0 0 0 
2.27071958278136 140 0 0 0 
2.27140139173491 139 0 0 0 
2.27174837235238 138 0 0 0 
2.27220423989036 139 0 0 0 
2.27284463827572 138 0 0 0 
2.27711678842774 139 0 0 0 
2.27758143541446 138 0 0 0 
2.27955653371011 137 0 0 0 
2.28666118101779 138 0 0 0 
2.28698903616414 137 0 0 0 
2.29884347343128 136 0 0 0 
2.30231920132809 135 0 0 0 
2.30786534134483 136 0 0 0 
2.31310733683306 135 0 0 0 
2.31611805454063 134 0 0 0 
2.31639488835848 133 0 0 0 
2.31991168930338 132 0 0 0 
2.32338102338163 131 0 0 0 
2.32585106246133 132 0 0 0 
2.32901257216986 131 0 0 0 
2.33039293508136 130 0 0 0 
2.33147918720292 129 0 0 0 
2.33341930684164 130 0 0 0 
2.33557252099521 131 0 0 0 
2.34118537269715 130 0 0 0 
2.34223572394897 131 0 0 0 
2.34299082095753 132 0 0 0 
2.34304788098194 131 0 0 0 
2.35135833753703 132 0 0 0 
2.35194414195454 131 0 0 0 
2.35751584458425 130 0 0 0 
2.36134046261887 129 0 0 0 
2.36396267861665 128 0 0 0 
2.36665123757541 129 0 0 0 
2.37313874380101 130 0 0 0 
2.3734633210699 131 0 0 0 
2.37825195671591 132 0 0 0 
2.38341977441359 131 0 0 0 
2.38973500985801 130 0 0 0 
2.39138378522411 129 0 0 0 
2.39403776148756 130 0 0 0 
2.39587156519226 129 0 0 0 
2.39905862449274 128 0 0 0 
2.39960737901617 127 0 0 0 
2.40002147026242 126 0 0 0 
2.40026681183068 127 0 0 0 
2.40136637949356 126 0 0 0 
2.40420677288555 125 0 0 0 
2.404532702963 124 0 0 0 
2.40539565552874 123 0 0 0 
2.40675875000558 124 0 0 0 
2.40975978693388 123 0 0 0 
2.41104275646117 122 0 0 0 
2.41156129679611 121 0 0 0 
2.41172967418189 120 0 0 0 
2.41708916783262 119 0 0 0 
2.4174051875078 120 0 0 0 
2.42655910474646 119 0 0 0 
2.42728719861568 120 0 0 0 
2.43741499613985 119 0 0 0 
2.44177465942424 118 0 0 0 
2.44367322715891 117 0 0 0 
2.44801311633365 118 0 0 0 
2.44843531103143 119 0 0 0 
2.45180704059349 118 0 0 0 
2.45769403825285 119 0 0 0 
2.45787903769875 118 0 0 0 
2.45945894383321 119 0 0 0 
2.46140408727406 118 0 0 0 
2.46463544027304 117 0 0 0 
2.47237433483741 116 0 0 0 
2.47395481438588 115 0 0 0 
2.47909377107177 114 0 0 0 
2.48479770955191 113 0 0 0 
2.48926570708031 112 0 0 0 
2.48938256349961 111 0 0 0 
2.49042201265262 112 0 0 0 
2.49075217143918 111 0 0 0 
2.49497775958549 110 0 0 0 
2.49521356756937 111 0 0 0 
2.49530609886193 110 0 0 0 
2.50041054885075 111 0 0 0 
2.50333212703216 110 0 0 0 
2.50541928968939 109 0 0 0 
2.50690180723746 108 0 0 0 
2.50877467319104 107 0 0 0 
2.51071696009911 108 0 0 0 
2.5116890638564 109 0 0 0 
2.51322836259946 108 0 0 0 
2.51693171460434 107 0 0 0 
2.52046104213988 108 0 0 0 
2.524178621007 109 0 0 0 
2.52768805702229 108 0 0 0 
2.52837445677335 109 0 0 0 
2.52855421870917 108 0 0 0 
2.53164336897423 109 0 0 0 
2.53258367523194 108 0 0 0 
2.53338358620791 107 0 0 0 
2.54091351855518 106 0 0 0 
2.54571862132642 107 0 0 0 
2.54982843201753 108 0 0 0 
2.55264804608777 107 0 0 0 
2.55516769964726 106 0 0 0 
2.55546250025114 105 0 0 0 
2.55930088760719 106 0 0 0 
2.56529739291685 105 0 0 0 
2.56679292907518 104 0 0 0 
2.56976160289043 105 0 0 0 
2.57174820111174 104 0 0 0 
2.57526160149583 103 0 0 0 
2.57806447722745 104 0 0 0 
2.58198586682561 103 0 0 0 
2.58297242970435 102 0 0 0 
2.59629530067675 103 0 0 0 
2.60184194305842 102 0 0 0 
2.60259736402594 101 0 0 0 
2.60761458252585 100 0 0 0 
2.6099406629232 101 0 0 0 
2.61548392340858 100 0 0 0 
2.6221627137569 99 0 0 0 
2.62680923202088 98 0 0 0 
2.63125608108842 99 0 0 0 
2.63575786479478 98 0 0 0 
2.63689236993564 99 0 0 0 
2.63840047633794 98 0 0 0 
2.64852376000977 97 0 0 0 
2.65086851850955 96 0 0 0 
2.65142056630757 95 0 0 0 
2.6641276523436 96 0 0 0 
2.67675448527056 95 0 0 0 
2.67847507339749 96 0 0 0 
2.68003582222064 95 0 0 0 
2.68237432879105 94 0 0 0 
2.68548644435195 95 0 0 0 
2.6915454968588 96 0 0 0 
2.69230271692585 97 0 0 0 
2.69324134499438 98 0 0 0 
2.70621225566406 97 0 0 0 
2.70852908178357 98 0 0 0 
2.71124834441072 97 0 0 0 
2.71409512467975 96 0 0 0 
2.71580302529601 97 0 0 0 
2.71976617914423 98 0 0 0 
2.72793367142985 97 0 0 0 
2.72874237271054 98 0 0 0 
2.74057437937885 99 0 0 0 
2.74421452618774 100 0 0 0 
2.7444570034296 99 0 0 0 
2.74547897711096 100 0 0 0 
2.7492728260349 101 0 0 0 
2.76099553069916 100 0 0 0 
2.76245524313636 101 0 0 0 
2.76623264127931 102 0 0 0 
2.77917747427566 103 0 0 0 
2.78021296141247 102 0 0 0 
2.78825554852548 101 0 0 0 
2.79702626865291 100 0 0 0 
2.79887968470854 99 0 0 0 
2.80272245494295 98 0 0 0 
2.81461323368904 97 0 0 0 
2.83007252993899 96 0 0 0 
2.83858943414472 95 0 0 0 
2.84403676424316 94 0 0 0 
2.84430436191047 93 0 0 0 
2.85170358647965 94 0 0 0 
2.85316873614861 95 0 0 0 
2.85527253395945 96 0 0 0 
2.85533895859072 97 0 0 0 
2.85766861586226 96 0 0 0 
2.86215996475484 95 0 0 0 
2.86731827821162 96 0 0 0 
2.87722712506765 97 0 0 0 
2.88627615328895 96 0 0 0 
2.8871903301765 95 0 0 0 
2.90584546562553 94 0 0 0 
2.90693217698426 93 0 0 0 
2.91410349954344 92 0 0 0 
2.91412944127199 91 0 0 0 
2.92528575514712 90 0 0 0 
2.92845396712187 89 0 0 0 
2.94463189538444 90 0 0 0 
2.9459285629539 89 0 0 0 
2.94877022414685 88 0 0 0 
2.95253662258202 89 0 0 0 
2.95340191299579 88 0 0 0 
2.96258761831302 87 0 0 0 
2.96489540805838 86 0 0 0 
2.96666957631204 85 0 0 0 
2.97217166174567 86 0 0 0 
2.97954143563495 85 0 0 0 
2.98289374849683 84 0 0 0 
3.00808837877919 83 0 0 0 
3.01612412642621 82 0 0 0 
3.01780524147094 81 0 0 0 
3.01898977797627 80 0 0 0 
3.03205640310521 81 0 0 0 
3.05001083473111 82 0 0 0 
3.06146439182744 83 0 0 0 
3.06305247604549 82 0 0 0 
3.06705288437938 83 0 0 0 
3.06729269614083 84 0 0 0 
3.06854445861945 83 0 0 0 
3.07885116145824 84 0 0 0 
3.07927318390236 83 0 0 0 
3.08166410454465 84 0 0 0 
3.08438011607105 83 0 0 0 
3.0848851383895 82 0 0 0 
3.08546987661124 81 0 0 0 
3.08858055398377 80 0 0 0 
3.08872699256481 79 0 0 0 
3.08929619837711 80 0 0 0 
3.09305001822104 81 0 0 0 
3.10358578370418 82 0 0 0 
3.10382458812939 81 0 0 0 
3.10703187002345 80 0 0 0 
3.10935765457293 81 0 0 0 
3.10991184327273 80 0 0 0 
3.1133361913372 79 0 0 0 
3.11781660151971 78 0 0 0 
3.12112522195146 77 0 0 0 
3.1237181405292 76 0 0 0 
3.1262666535319 77 0 0 0 
3.13451340390508 76 0 0 0 
3.14205993683257 75 0 0 0 
3.14336134568711 76 0 0 0 
3.15014929739618 75 0 0 0 
3.15078895869064 76 0 0 0 
3.15294077679279 75 0 0 0 
3.15878020813412 74 0 0 0 
3.16234533308006 75 0 0 0 
3.16788816648501 74 0 0 0 
3.17175709751522 73 0 0 0 
3.1726112335986 72 0 0 0 
3.17420430741969 73 0 0 0 
3.18085173743311 72 0 0 0 
3.18266051700998 73 0 0 0 
3.1854236881949 74 0 0 0 
3.18633462967982 73 0 0 0 
3.193116705067 72 0 0 0 
3.19464947218087 73 0 0 0 
3.19572905741602 72 0 0 0 
3.19950359642436 73 0 0 0 
3.20241404388174 72 0 0 0 
3.21000230957521 71 0 0 0 
3.22801912144334 72 0 0 0 
3.24139848471386 71 0 0 0 
3.24264798627105 72 0 0 0 
3.24558405022672 73 0 0 0 
3.24667160851417 72 0 0 0 
3.24908254104749 73 0 0 0 
3.2537159785762 74 0 0 0 
3.25669210799618 73 0 0 0 
3.25681009278558 72 0 0 0 
3.25754888285905 71 0 0 0 
3.25941666362355 72 0 0 0 
3.26316979555458 73 0 0 0 
3.26451206056138 72 0 0 0 
3.27181672685366 71 0 0 0 
3.27540380254248 72 0 0 0 
3.27648706822758 71 0 0 0 
3.29482287972545 70 0 0 0 
3.30557513061944 69 0 0 0 
3.31462267640582 68 0 0 0 
3.31532413034872 69 0 0 0 
3.32971329084526 68 0 0 0 
3.33165524601048 67 0 0 0 
3.33267541012017 66 0 0 0 
3.33609692461373 67 0 0 0 
3.33954260592001 68 0 0 0 
3.34432100064692 67 0 0 0 
3.36517301444514 68 0 0 0 
3.367676989203 67 0 0 0 
3.37313239990223 66 0 0 0 
3.37314427487184 65 0 0 0 
3.38439478345966 64 0 0 0 
3.38622343838329 65 0 0 0 
3.39100955418979 64 0 0 0 
3.39472138399677 63 0 0 0 
3.40667290721888 64 0 0 0 
3.40967064736364 65 0 0 0 
3.41312716129957 64 0 0 0 
3.41741364834027 65 0 0 0 
3.41786908878222 64 0 0 0 
3.41897785244341 63 0 0 0 
3.4360396357302 62 0 0 0 
3.43842993836034 63 0 0 0 
3.43892882430778 64 0 0 0 
3.44942300758513 63 0 0 0 
3.45185854785886 62 0 0 0 
3.4587502773998 61 0 0 0 
3.45896742852244 62 0 0 0 
3.46421178493653 61 0 0 0 
3.46717473542936 60 0 0 0 
3.46874142353399 59 0 0 0 
3.47359850945573 58 0 0 0 
3.47489866013821 57 0 0 0 
3.48239086218866 56 0 0 0 
3.4996233118395 57 0 0 0 
3.51017175406253 58 0 0 0 
3.52942160280833 59 0 0 0 
3.53321652089986 58 0 0 0 
3.53511102427901 59 0 0 0 
3.53602598277004 60 0 0 0 
3.53708578865083 59 0 0 0 
3.54571909531291 60 0 0 0 
3.54787976966468 61 0 0 0 
3.55612073401633 62 0 0 0 
3.55894429098497 61 0 0 0 
3.56379182452887 62 0 0 0 
3.56928241160112 63 0 0 0 
3.57631154255178 62 0 0 0 
3.57663397785979 61 0 0 0 
3.57938872970906 60 0 0 0 
3.58494971970173 59 0 0 0 
3.58717486385783 60 0 0 0 
3.59874633781966 61 0 0 0 
3.59991153260562 62 0 0 0 
3.6055380662251 61 0 0 0 
3.60642681434251 60 0 0 0 
3.61966375059851 59 0 0 0 
3.62009329973323 60 0 0 0 
3.62182607426168 59 0 0 0 
3.6225291738503 58 0 0 0 
3.62448553080873 59 0 0 0 
3.62460379716547 58 0 0 0 
3.62795701704678 59 0 0 0 
3.63105770195062 60 0 0 0 
3.6336473650104 61 0 0 0 
3.64426178158766 60 0 0 0 
3.66084465987179 59 0 0 0 
3.67101103248527 60 0 0 0 
3.67218841464294 59 0 0 0 
3.67733674626865 58 0 0 0 
3.67833705032876 57 0 0 0 
3.68118706539164 56 0 0 0 
3.68895356729576 55 0 0 0 
3.70008710954201 54 0 0 0 
3.70456238950865 53 0 0 0 
3.70507942768448 52 0 0 0 
3.72187823583411 51 0 0 0 
3.72378803038196 50 0 0 0 
3.72636704507891 49 0 0 0 
3.74602164586942 50 0 0 0 
3.7512913537036 51 0 0 0 
3.75159316231343 50 0 0 0 
3.75772076688311 51 0 0 0 
3.76228741933532 50 0 0 0 
3.7639478339278 49 0 0 0 
3.76653572801042 48 0 0 0 
3.77258835859574 47 0 0 0 
3.7814212025273 46 0 0 0 
3.78389947584814 45 0 0 0 
3.7843474610312 44 0 0 0 
3.78517523362951 43 0 0 0 
3.79688969739107 42 0 0 0 
3.8124988661545 43 0 0 0 
3.84651007364954 44 0 0 0 
3.85738237198225 43 0 0 0 
3.85835824458134 44 0 0 0 
3.86487169354444 43 0 0 0 
3.87231294536033 42 0 0 0 
3.87321719555376 41 0 0 0 
3.87393923478203 40 0 0 0 
3.8782610568276 41 0 0 0 
3.89067443673477 40 0 0 0 
3.89253628990254 41 0 0 0 
3.91033909543105 40 0 0 0 
3.91307223341862 39 0 0 0 
3.93416872693274 38 0 0 0 
3.93802964999293 37 0 0 0 
3.94304603897058 36 0 0 0 
3.95450937438924 37 0 0 0 
3.97496522288313 38 0 0 0 
3.9861686553739 37 0 0 0 
3.99588693221157 36 0 0 0 
3.99769340817231 35 0 0 0 
4.00281450613743 36 0 0 0 
4.01275121494234 37 0 0 0 
4.01280827195117 36 0 0 0 
4.01749329327676 35 0 0 0 
4.02293329634104 34 0 0 0 
4.04683785611843 33 0 0 0 
4.05506168457785 34 0 0 0 
4.05623458548147 33 0 0 0 
4.07531828124511 32 0 0 0 
4.07846881435711 31 0 0 0 
4.08809134591842 30 0 0 0 
4.10481237714993 29 0 0 0 
4.1265662400863 30 0 0 0 
4.13028755852949 31 0 0 0 
4.14576374737012 30 0 0 0 
4.15986534759055 29 0 0 0 
4.16784724956011 28 0 0 0 
4.17512558766691 27 0 0 0 
4.19525336975728 26 0 0 0 
4.19810118206017 25 0 0 0 
4.20995538708659 24 0 0 0 
4.21074078270739 25 0 0 0 
4.21936354880083 24 0 0 0 
4.2288238426921 23 0 0 0 
4.24024771987969 24 0 0 0 
4.24122284000008 25 0 0 0 
4.25471141060025 24 0 0 0 
4.27212105347428 23 0 0 0 
4.28739980949175 22 0 0 0 
4.33716934722855 23 0 0 0 
4.35627634259128 22 0 0 0 
4.35743725508942 21 0 0 0 
4.38574750410022 20 0 0 0 
4.45394509060603 21 0 0 0 
4.47559944594046 20 0 0 0 
4.50295415853938 21 0 0 0 
4.50449974932376 22 0 0 0 
4.55244768351629 21 0 0 0 
4.57513296369847 20 0 0 0 
4.60425922910441 21 0 0 0 
4.64326682489918 22 0 0 0 
4.67630564955519 21 0 0 0 
4.68407668859273 20 0 0 0 
4.7021362033664 19 0 0 0 
4.79992612438305 18 0 0 0 
4.80498345999688 17 0 0 0 
4.82102966769268 18 0 0 0 
4.82133018776204 17 0 0 0 
4.83052383215245 16 0 0 0 
4.83627593909623 15 0 0 0 
4.86912252225481 16 0 0 0 
4.89216997516237 15 0 0 0 
4.89516909134727 14 0 0 0 
4.91179723960399 15 0 0 0 
4.93119214271437 14 0 0 0 
4.93296988895125 13 0 0 0 
4.96535568383079 14 0 0 0 
4.98143496223209 13 0 0 0 
4.99228987384976 14 0 0 0 
5.01845529558432 15 0 0 0 
5.02980313790143 14 0 0 0 
5.03183020038125 13 0 0 0 
5.04006891980921 12 0 0 0 
5.04170791114727 11 0 0 0 
5.09679981644422 12 0 0 0 
5.09710702935979 11 0 0 0 
5.11340234142864 12 0 0 0 
5.12760905098562 11 0 0 0 
5.18546642051409 10 0 0 0 
5.18559765041622 11 0 0 0 
5.23267108520668 10 0 0 0 
5.24355263775968 9 0 0 0 
5.24632543291743 8 0 0 0 
5.26305267932002 7 0 0 0 
5.29684240980861 6 0 0 0 
5.3224219218048 5 0 0 0 
5.45825697667548 6 0 0 0 
5.58276833627028 5 0 0 0 
5.63090602666094 4 0 0 0 
5.66770980647945 3 0 0 0 
5.79963231843657 2 0 0 0 
5.84018723283527 1 0 0 0 
6.2052683662699 0 0 0 0